-- Catapult University Version: Report                                              
-- ---------------------------- ---------------------------------------------------
-- Version:                     2011a.126 Production Release                        
-- Build Date:                  Wed Aug  8 00:52:07 PDT 2012                        
                                                                                    
-- Generated by:                oh1015@EEWS104A-012                                 
-- Generated date:              Fri Apr 29 16:51:30 +0100 2016                      

Solution Settings: cdt.v8
  Current state: extract
  Project: CDTNEW
  
  Design Input Files Specified
    $PROJECT_HOME/cdt.cpp
      $MGC_HOME/shared/include/ac_fixed.h
        $MGC_HOME/shared/include/ac_int.h
  
  Processes/Blocks in Design
    Process       Real Operation(s) count Latency Throughput Reset Length II Comments 
    ------------- ----------------------- ------- ---------- ------------ -- --------
    /cdt/core                          32       1          1            0  1          
    Design Total:                      32       1          1            0  1          
    
  Bill Of Materials (Datapath)
    Component Name                          Area Score Area(LUTs) Delay Post Alloc Post Assign 
    --------------------------------------- ---------- ---------- ----- ---------- -----------
    [Lib: mgc_Altera-Cyclone-III-6_beh_psr]                                                    
    mgc_add(10,0,9,1,11)                        11.000     11.000 1.141          2           2 
    mgc_add(11,0,9,1,11)                        12.000     12.000 1.372          1           1 
    mgc_add(9,0,9,1,10)                         10.000     10.000 1.071          6           6 
    mgc_and(1,2)                                 0.730      0.730 0.263          0           2 
    mgc_mux(1,1,2)                               0.919      0.919 0.369          0           3 
    mgc_nand(1,2)                                0.730      0.730 0.268          0           1 
    mgc_nor(1,2)                                 0.730      0.730 0.263          0           3 
    mgc_nor(1,3)                                 1.054      1.054 0.416          0           1 
    mgc_not(10)                                  0.000      0.000 0.000          0           1 
    mgc_not(8)                                   0.000      0.000 0.000          0           1 
    mgc_or(1,2)                                  0.730      0.730 0.268          0           3 
    mgc_reg_pos(1,1,0,0,0,0,0)                   0.000      0.000 0.000          0           5 
    [Lib: mgc_ioport]                                                                          
    mgc_in_wire(1,10)                            0.000      0.000 0.000          1           1 
    mgc_in_wire(2,10)                            0.000      0.000 0.000          1           1 
    mgc_in_wire(3,10)                            0.000      0.000 0.000          1           1 
    mgc_out_stdreg(4,10)                         0.000      0.000 0.000          1           1 
    mgc_out_stdreg(5,10)                         0.000      0.000 0.000          1           1 
    mgc_out_stdreg(6,10)                         0.000      0.000 0.000          1           1 
                                                                                               
    TOTAL AREA (After Assignment):             104.381    104.000                              
    
  Area Scores
                      Post-Scheduling Post-DP & FSM Post-Assignment 
    ----------------- --------------- ------------- ---------------
    Total Area Score:     94.0         104.4           104.4        
    Total Reg:             0.0           0.0             0.0        
                                                                    
    DataPath:             94.0 (100%)  104.4 (100%)    104.4 (100%) 
      MUX:                 0.0           2.8   (3%)      2.8   (3%) 
      FUNC:               94.0 (100%)   94.0  (90%)     94.0  (90%) 
      LOGIC:               0.0           7.6   (7%)      7.6   (7%) 
      BUFFER:              0.0           0.0             0.0        
      MEM:                 0.0           0.0             0.0        
      ROM:                 0.0           0.0             0.0        
      REG:                 0.0           0.0             0.0        
                                                                    
    
    FSM:                   0.0           0.0             0.0        
      FSM-REG:             0.0           0.0             0.0        
      FSM-COMB:            0.0           0.0             0.0        
                                                                    
    
  Register-to-Variable Mappings
    Register                            Size(bits) Gated Register CG Opt Done Variables                                             
    ----------------------------------- ---------- -------------- ----------- -----------------------------------------------------
    if#1:slc.svs                                 1                            if#1:slc.svs                                          
    if:slc.svs                                   1                            if:slc.svs                                            
    oelse:slc.svs                                1                            oelse:slc.svs                                         
    reg(B_OUT:rsc:mgc_out_stdreg.d).reg          1                            reg(B_OUT:rsc:mgc_out_stdreg.d).reg                   
    reg(R_OUT:rsc:mgc_out_stdreg.d).reg          1                            reg(R_OUT:rsc:mgc_out_stdreg.d).reg                   
                                                                                                                                    
    Total:                                       5              0           0 (Total Gating Ratio: 0.00, CG Opt Gating Ratio: 0.00) 
    
  Timing Report
    Critical Path
      Max Delay:  2.570458
      Slack:      17.429542
      
      Path                                         Startpoint                      Endpoint                                 Delay  Slack   
      -------------------------------------------- ------------------------------- ---------------------------------------- ------ -------
      1                                            cdt:core/S_IN:rsc:mgc_in_wire.d cdt:core/reg(R_OUT:rsc:mgc_out_stdreg.d) 2.5705 17.4295 
                                                                                                                                           
        Instance                                   Component                                                                Delta  Delay   
        --------                                   ---------                                                                -----  -----   
        cdt:core/S_IN:rsc:mgc_in_wire.d                                                                                     0.0000 0.0000  
        cdt:core/oelse:acc                         mgc_add_10_0_9_1_11                                                      1.1407 1.1407  
        cdt:core/oelse:acc.itm                                                                                              0.0000 1.1407  
        cdt:core/oelse:slc#1                                                                                                0.0000 1.1407  
        cdt:core/oelse:slc#1.itm                                                                                            0.0000 1.1407  
        cdt:core/or                                mgc_or_1_2                                                               0.2679 1.4086  
        cdt:core/or.itm                                                                                                     0.0000 1.4086  
        cdt:core/and#2                             mgc_and_1_2                                                              0.2625 1.6711  
        cdt:core/and#2.itm                                                                                                  0.0000 1.6711  
        cdt:core/mux                               mgc_mux_1_1_2                                                            0.3690 2.0401  
        cdt:core/if:slc.svs:mx0                                                                                             0.0000 2.0401  
        cdt:core/if:if:nand                        mgc_nand_1_2                                                             0.2679 2.3079  
        cdt:core/if:if:nand.itm                                                                                             0.0000 2.3079  
        cdt:core/and                               mgc_and_1_2                                                              0.2625 2.5705  
        cdt:core/and.itm                                                                                                    0.0000 2.5705  
        cdt:core/reg(R_OUT:rsc:mgc_out_stdreg.d)   mgc_reg_pos_1_1_0_0_0_0_0                                                0.0000 2.5705  
                                                                                                                                           
      2                                            cdt:core/V_IN:rsc:mgc_in_wire.d cdt:core/reg(R_OUT:rsc:mgc_out_stdreg.d) 2.5004 17.4996 
                                                                                                                                           
        Instance                                   Component                                                                Delta  Delay   
        --------                                   ---------                                                                -----  -----   
        cdt:core/V_IN:rsc:mgc_in_wire.d                                                                                     0.0000 0.0000  
        cdt:core/V_IN:slc                                                                                                   0.0000 0.0000  
        cdt:core/V_IN:slc.itm                                                                                               0.0000 0.0000  
        cdt:core/if:acc#1                          mgc_add_9_0_9_1_10                                                       1.0706 1.0706  
        cdt:core/if:acc#1.itm                                                                                               0.0000 1.0706  
        cdt:core/slc#3                                                                                                      0.0000 1.0706  
        cdt:core/slc#3.itm                                                                                                  0.0000 1.0706  
        cdt:core/or#1                              mgc_or_1_2                                                               0.2679 1.3385  
        cdt:core/or#1.itm                                                                                                   0.0000 1.3385  
        cdt:core/and#2                             mgc_and_1_2                                                              0.2625 1.6010  
        cdt:core/and#2.itm                                                                                                  0.0000 1.6010  
        cdt:core/mux                               mgc_mux_1_1_2                                                            0.3690 1.9700  
        cdt:core/if:slc.svs:mx0                                                                                             0.0000 1.9700  
        cdt:core/if:if:nand                        mgc_nand_1_2                                                             0.2679 2.2379  
        cdt:core/if:if:nand.itm                                                                                             0.0000 2.2379  
        cdt:core/and                               mgc_and_1_2                                                              0.2625 2.5004  
        cdt:core/and.itm                                                                                                    0.0000 2.5004  
        cdt:core/reg(R_OUT:rsc:mgc_out_stdreg.d)   mgc_reg_pos_1_1_0_0_0_0_0                                                0.0000 2.5004  
                                                                                                                                           
      3                                            cdt:core/S_IN:rsc:mgc_in_wire.d cdt:core/reg(R_OUT:rsc:mgc_out_stdreg.d) 2.5004 17.4996 
                                                                                                                                           
        Instance                                   Component                                                                Delta  Delay   
        --------                                   ---------                                                                -----  -----   
        cdt:core/S_IN:rsc:mgc_in_wire.d                                                                                     0.0000 0.0000  
        cdt:core/slc(S_IN:rsc:mgc_in_wire.d)#1                                                                              0.0000 0.0000  
        cdt:core/slc(S_IN:rsc:mgc_in_wire.d)#1.itm                                                                          0.0000 0.0000  
        cdt:core/if:acc#2                          mgc_add_9_0_9_1_10                                                       1.0706 1.0706  
        cdt:core/if:acc#2.itm                                                                                               0.0000 1.0706  
        cdt:core/aif:slc#1                                                                                                  0.0000 1.0706  
        cdt:core/aif:slc#1.itm                                                                                              0.0000 1.0706  
        cdt:core/or#1                              mgc_or_1_2                                                               0.2679 1.3385  
        cdt:core/or#1.itm                                                                                                   0.0000 1.3385  
        cdt:core/and#2                             mgc_and_1_2                                                              0.2625 1.6010  
        cdt:core/and#2.itm                                                                                                  0.0000 1.6010  
        cdt:core/mux                               mgc_mux_1_1_2                                                            0.3690 1.9700  
        cdt:core/if:slc.svs:mx0                                                                                             0.0000 1.9700  
        cdt:core/if:if:nand                        mgc_nand_1_2                                                             0.2679 2.2379  
        cdt:core/if:if:nand.itm                                                                                             0.0000 2.2379  
        cdt:core/and                               mgc_and_1_2                                                              0.2625 2.5004  
        cdt:core/and.itm                                                                                                    0.0000 2.5004  
        cdt:core/reg(R_OUT:rsc:mgc_out_stdreg.d)   mgc_reg_pos_1_1_0_0_0_0_0                                                0.0000 2.5004  
                                                                                                                                           
      4                                            cdt:core/V_IN:rsc:mgc_in_wire.d cdt:core/reg(R_OUT:rsc:mgc_out_stdreg.d) 2.5004 17.4996 
                                                                                                                                           
        Instance                                   Component                                                                Delta  Delay   
        --------                                   ---------                                                                -----  -----   
        cdt:core/V_IN:rsc:mgc_in_wire.d                                                                                     0.0000 0.0000  
        cdt:core/V_IN:slc#1                                                                                                 0.0000 0.0000  
        cdt:core/V_IN:slc#1.itm                                                                                             0.0000 0.0000  
        cdt:core/oelse:acc#1                       mgc_add_9_0_9_1_10                                                       1.0706 1.0706  
        cdt:core/oelse:acc#1.itm                                                                                            0.0000 1.0706  
        cdt:core/oelse:aif:slc#1                                                                                            0.0000 1.0706  
        cdt:core/oelse:aif:slc#1.itm                                                                                        0.0000 1.0706  
        cdt:core/or                                mgc_or_1_2                                                               0.2679 1.3385  
        cdt:core/or.itm                                                                                                     0.0000 1.3385  
        cdt:core/and#2                             mgc_and_1_2                                                              0.2625 1.6010  
        cdt:core/and#2.itm                                                                                                  0.0000 1.6010  
        cdt:core/mux                               mgc_mux_1_1_2                                                            0.3690 1.9700  
        cdt:core/if:slc.svs:mx0                                                                                             0.0000 1.9700  
        cdt:core/if:if:nand                        mgc_nand_1_2                                                             0.2679 2.2379  
        cdt:core/if:if:nand.itm                                                                                             0.0000 2.2379  
        cdt:core/and                               mgc_and_1_2                                                              0.2625 2.5004  
        cdt:core/and.itm                                                                                                    0.0000 2.5004  
        cdt:core/reg(R_OUT:rsc:mgc_out_stdreg.d)   mgc_reg_pos_1_1_0_0_0_0_0                                                0.0000 2.5004  
                                                                                                                                           
      5                                            cdt:core/V_IN:rsc:mgc_in_wire.d cdt:core/reg(R_OUT:rsc:mgc_out_stdreg.d) 2.4950 17.5050 
                                                                                                                                           
        Instance                                   Component                                                                Delta  Delay   
        --------                                   ---------                                                                -----  -----   
        cdt:core/V_IN:rsc:mgc_in_wire.d                                                                                     0.0000 0.0000  
        cdt:core/V_IN:slc                                                                                                   0.0000 0.0000  
        cdt:core/V_IN:slc.itm                                                                                               0.0000 0.0000  
        cdt:core/if:acc#1                          mgc_add_9_0_9_1_10                                                       1.0706 1.0706  
        cdt:core/if:acc#1.itm                                                                                               0.0000 1.0706  
        cdt:core/slc#4                                                                                                      0.0000 1.0706  
        cdt:core/slc#4.itm                                                                                                  0.0000 1.0706  
        cdt:core/nor                               mgc_nor_1_2                                                              0.2625 1.3331  
        cdt:core/nor.itm                                                                                                    0.0000 1.3331  
        cdt:core/mux#1                             mgc_mux_1_1_2                                                            0.3690 1.7021  
        cdt:core/oelse:slc.svs:mx0                                                                                          0.0000 1.7021  
        cdt:core/oelse:nor                         mgc_nor_1_2                                                              0.2625 1.9646  
        cdt:core/oelse:nor.itm                                                                                              0.0000 1.9646  
        cdt:core/if:or                             mgc_or_1_2                                                               0.2679 2.2325  
        cdt:core/if:or.itm                                                                                                  0.0000 2.2325  
        cdt:core/and                               mgc_and_1_2                                                              0.2625 2.4950  
        cdt:core/and.itm                                                                                                    0.0000 2.4950  
        cdt:core/reg(R_OUT:rsc:mgc_out_stdreg.d)   mgc_reg_pos_1_1_0_0_0_0_0                                                0.0000 2.4950  
                                                                                                                                           
      6                                            cdt:core/S_IN:rsc:mgc_in_wire.d cdt:core/reg(R_OUT:rsc:mgc_out_stdreg.d) 2.4950 17.5050 
                                                                                                                                           
        Instance                                   Component                                                                Delta  Delay   
        --------                                   ---------                                                                -----  -----   
        cdt:core/S_IN:rsc:mgc_in_wire.d                                                                                     0.0000 0.0000  
        cdt:core/slc(S_IN:rsc:mgc_in_wire.d)#1                                                                              0.0000 0.0000  
        cdt:core/slc(S_IN:rsc:mgc_in_wire.d)#1.itm                                                                          0.0000 0.0000  
        cdt:core/if:acc#2                          mgc_add_9_0_9_1_10                                                       1.0706 1.0706  
        cdt:core/if:acc#2.itm                                                                                               0.0000 1.0706  
        cdt:core/aif:slc#2                                                                                                  0.0000 1.0706  
        cdt:core/aif:slc#2.itm                                                                                              0.0000 1.0706  
        cdt:core/nor                               mgc_nor_1_2                                                              0.2625 1.3331  
        cdt:core/nor.itm                                                                                                    0.0000 1.3331  
        cdt:core/mux#1                             mgc_mux_1_1_2                                                            0.3690 1.7021  
        cdt:core/oelse:slc.svs:mx0                                                                                          0.0000 1.7021  
        cdt:core/oelse:nor                         mgc_nor_1_2                                                              0.2625 1.9646  
        cdt:core/oelse:nor.itm                                                                                              0.0000 1.9646  
        cdt:core/if:or                             mgc_or_1_2                                                               0.2679 2.2325  
        cdt:core/if:or.itm                                                                                                  0.0000 2.2325  
        cdt:core/and                               mgc_and_1_2                                                              0.2625 2.4950  
        cdt:core/and.itm                                                                                                    0.0000 2.4950  
        cdt:core/reg(R_OUT:rsc:mgc_out_stdreg.d)   mgc_reg_pos_1_1_0_0_0_0_0                                                0.0000 2.4950  
                                                                                                                                           
      7                                            cdt:core/S_IN:rsc:mgc_in_wire.d cdt:core/reg(R_OUT:rsc:mgc_out_stdreg.d) 2.3026 17.6974 
                                                                                                                                           
        Instance                                   Component                                                                Delta  Delay   
        --------                                   ---------                                                                -----  -----   
        cdt:core/S_IN:rsc:mgc_in_wire.d                                                                                     0.0000 0.0000  
        cdt:core/oelse:acc                         mgc_add_10_0_9_1_11                                                      1.1407 1.1407  
        cdt:core/oelse:acc.itm                                                                                              0.0000 1.1407  
        cdt:core/oelse:slc                                                                                                  0.0000 1.1407  
        cdt:core/oelse:slc.itm                                                                                              0.0000 1.1407  
        cdt:core/mux#1                             mgc_mux_1_1_2                                                            0.3690 1.5097  
        cdt:core/oelse:slc.svs:mx0                                                                                          0.0000 1.5097  
        cdt:core/oelse:nor                         mgc_nor_1_2                                                              0.2625 1.7722  
        cdt:core/oelse:nor.itm                                                                                              0.0000 1.7722  
        cdt:core/if:or                             mgc_or_1_2                                                               0.2679 2.0401  
        cdt:core/if:or.itm                                                                                                  0.0000 2.0401  
        cdt:core/and                               mgc_and_1_2                                                              0.2625 2.3026  
        cdt:core/and.itm                                                                                                    0.0000 2.3026  
        cdt:core/reg(R_OUT:rsc:mgc_out_stdreg.d)   mgc_reg_pos_1_1_0_0_0_0_0                                                0.0000 2.3026  
                                                                                                                                           
      8                                            cdt:core/S_IN:rsc:mgc_in_wire.d cdt:core/reg(if:slc.svs)                 2.0401 17.9599 
                                                                                                                                           
        Instance                                   Component                                                                Delta  Delay   
        --------                                   ---------                                                                -----  -----   
        cdt:core/S_IN:rsc:mgc_in_wire.d                                                                                     0.0000 0.0000  
        cdt:core/oelse:acc                         mgc_add_10_0_9_1_11                                                      1.1407 1.1407  
        cdt:core/oelse:acc.itm                                                                                              0.0000 1.1407  
        cdt:core/oelse:slc#1                                                                                                0.0000 1.1407  
        cdt:core/oelse:slc#1.itm                                                                                            0.0000 1.1407  
        cdt:core/or                                mgc_or_1_2                                                               0.2679 1.4086  
        cdt:core/or.itm                                                                                                     0.0000 1.4086  
        cdt:core/and#2                             mgc_and_1_2                                                              0.2625 1.6711  
        cdt:core/and#2.itm                                                                                                  0.0000 1.6711  
        cdt:core/mux                               mgc_mux_1_1_2                                                            0.3690 2.0401  
        cdt:core/if:slc.svs:mx0                                                                                             0.0000 2.0401  
        cdt:core/reg(if:slc.svs)                   mgc_reg_pos_1_1_0_0_0_0_0                                                0.0000 2.0401  
                                                                                                                                           
      9                                            cdt:core/V_IN:rsc:mgc_in_wire.d cdt:core/reg(if:slc.svs)                 1.9700 18.0300 
                                                                                                                                           
        Instance                                   Component                                                                Delta  Delay   
        --------                                   ---------                                                                -----  -----   
        cdt:core/V_IN:rsc:mgc_in_wire.d                                                                                     0.0000 0.0000  
        cdt:core/V_IN:slc                                                                                                   0.0000 0.0000  
        cdt:core/V_IN:slc.itm                                                                                               0.0000 0.0000  
        cdt:core/if:acc#1                          mgc_add_9_0_9_1_10                                                       1.0706 1.0706  
        cdt:core/if:acc#1.itm                                                                                               0.0000 1.0706  
        cdt:core/slc#3                                                                                                      0.0000 1.0706  
        cdt:core/slc#3.itm                                                                                                  0.0000 1.0706  
        cdt:core/or#1                              mgc_or_1_2                                                               0.2679 1.3385  
        cdt:core/or#1.itm                                                                                                   0.0000 1.3385  
        cdt:core/and#2                             mgc_and_1_2                                                              0.2625 1.6010  
        cdt:core/and#2.itm                                                                                                  0.0000 1.6010  
        cdt:core/mux                               mgc_mux_1_1_2                                                            0.3690 1.9700  
        cdt:core/if:slc.svs:mx0                                                                                             0.0000 1.9700  
        cdt:core/reg(if:slc.svs)                   mgc_reg_pos_1_1_0_0_0_0_0                                                0.0000 1.9700  
                                                                                                                                           
      10                                           cdt:core/S_IN:rsc:mgc_in_wire.d cdt:core/reg(if:slc.svs)                 1.9700 18.0300 
                                                                                                                                           
        Instance                                   Component                                                                Delta  Delay   
        --------                                   ---------                                                                -----  -----   
        cdt:core/S_IN:rsc:mgc_in_wire.d                                                                                     0.0000 0.0000  
        cdt:core/slc(S_IN:rsc:mgc_in_wire.d)#1                                                                              0.0000 0.0000  
        cdt:core/slc(S_IN:rsc:mgc_in_wire.d)#1.itm                                                                          0.0000 0.0000  
        cdt:core/if:acc#2                          mgc_add_9_0_9_1_10                                                       1.0706 1.0706  
        cdt:core/if:acc#2.itm                                                                                               0.0000 1.0706  
        cdt:core/aif:slc#1                                                                                                  0.0000 1.0706  
        cdt:core/aif:slc#1.itm                                                                                              0.0000 1.0706  
        cdt:core/or#1                              mgc_or_1_2                                                               0.2679 1.3385  
        cdt:core/or#1.itm                                                                                                   0.0000 1.3385  
        cdt:core/and#2                             mgc_and_1_2                                                              0.2625 1.6010  
        cdt:core/and#2.itm                                                                                                  0.0000 1.6010  
        cdt:core/mux                               mgc_mux_1_1_2                                                            0.3690 1.9700  
        cdt:core/if:slc.svs:mx0                                                                                             0.0000 1.9700  
        cdt:core/reg(if:slc.svs)                   mgc_reg_pos_1_1_0_0_0_0_0                                                0.0000 1.9700  
                                                                                                                                           
      
    Register Input and Register-to-Output Slack
      Clock period or pin-to-reg delay constraint (clk): 20.0
      Clock uncertainty constraint (clk)               : 0.0
      
      Instance                                 Port                Slack (Delay) Messages 
      ---------------------------------------- ----------------- ------- ------- --------
      cdt:core/reg(if:slc.svs)                 if:slc.svs:mx0    17.4295  2.5705          
      cdt:core/reg(oelse:slc.svs)              oelse:slc.svs:mx0 17.5050  2.4950          
      cdt:core/reg(if#1:slc.svs)               if#1:slc.svs:mx0  18.0743  1.9257          
      cdt:core/reg(B_OUT:rsc:mgc_out_stdreg.d) nor#1.itm         18.0743  1.9257          
      cdt:core/reg(R_OUT:rsc:mgc_out_stdreg.d) and.itm           17.4295  2.5705          
      cdt                                      R_OUT:rsc.z       20.0000  0.0000          
      cdt                                      G_OUT:rsc.z       20.0000  0.0000          
      cdt                                      B_OUT:rsc.z       20.0000  0.0000          
      
  Operator Bitwidth Summary
    Operation  Size (bits) Count 
    ---------- ----------- -----
    add                          
    -                   11     3 
    -                   10     6 
    and                          
    -                    2     2 
    mux                          
    -                    1     3 
    nand                         
    -                    2     1 
    nor                          
    -                    3     1 
    -                    2     3 
    not                          
    -                   10     1 
    -                    8     1 
    or                           
    -                    2     3 
    read_port                    
    -                   10     3 
    reg                          
    -                    1     5 
    write_port                   
    -                   10     3 
    
  End of Report
