-- Catapult University Version: Report                                              
-- ---------------------------- ---------------------------------------------------
-- Version:                     2011a.126 Production Release                        
-- Build Date:                  Wed Aug  8 00:52:07 PDT 2012                        
                                                                                    
-- Generated by:                oh1015@EEWS104A-005                                 
-- Generated date:              Thu Apr 28 18:10:55 +0100 2016                      

Solution Settings: cdt.v6
  Current state: extract
  Project: CDTNEW
  
  Design Input Files Specified
    $PROJECT_HOME/cdt.cpp
      $MGC_HOME/shared/include/ac_fixed.h
        $MGC_HOME/shared/include/ac_int.h
  
  Processes/Blocks in Design
    Process       Real Operation(s) count Latency Throughput Reset Length II Comments 
    ------------- ----------------------- ------- ---------- ------------ -- --------
    /cdt/core                          29       1          1            0  1          
    Design Total:                      29       1          1            0  1          
    
  Bill Of Materials (Datapath)
    Component Name                          Area Score Area(LUTs) Delay Post Alloc Post Assign 
    --------------------------------------- ---------- ---------- ----- ---------- -----------
    [Lib: mgc_Altera-Cyclone-III-6_beh_psr]                                                    
    mgc_add(10,0,8,1,11)                        11.000     11.000 1.143          1           1 
    mgc_add(11,0,10,1,11)                       12.000     12.000 1.370          2           2 
    mgc_add(9,0,9,1,10)                         10.000     10.000 1.071          5           5 
    mgc_and(1,2)                                 0.730      0.730 0.263          0           1 
    mgc_mux(1,1,2)                               0.919      0.919 0.369          0           2 
    mgc_nand(1,2)                                0.730      0.730 0.268          0           1 
    mgc_nor(1,2)                                 0.730      0.730 0.263          0           1 
    mgc_nor(1,4)                                 1.379      1.379 0.525          0           1 
    mgc_not(1)                                   0.000      0.000 0.000          0           2 
    mgc_not(10)                                  0.000      0.000 0.000          0           2 
    mgc_not(8)                                   0.000      0.000 0.000          0           1 
    mgc_or(1,2)                                  0.730      0.730 0.268          0           2 
    mgc_reg_pos(1,1,0,0,0,0,0)                   0.000      0.000 0.000          0           4 
    [Lib: mgc_ioport]                                                                          
    mgc_in_wire(1,10)                            0.000      0.000 0.000          1           1 
    mgc_in_wire(2,10)                            0.000      0.000 0.000          1           1 
    mgc_in_wire(3,10)                            0.000      0.000 0.000          1           1 
    mgc_out_stdreg(4,10)                         0.000      0.000 0.000          1           1 
    mgc_out_stdreg(5,10)                         0.000      0.000 0.000          1           1 
    mgc_out_stdreg(6,10)                         0.000      0.000 0.000          1           1 
                                                                                               
    TOTAL AREA (After Assignment):              91.867     92.000                              
    
  Area Scores
                      Post-Scheduling Post-DP & FSM Post-Assignment 
    ----------------- --------------- ------------- ---------------
    Total Area Score:     85.0          91.9            91.9        
    Total Reg:             0.0           0.0             0.0        
                                                                    
    DataPath:             85.0 (100%)   91.9 (100%)     91.9 (100%) 
      MUX:                 0.0           1.8   (2%)      1.8   (2%) 
      FUNC:               85.0 (100%)   85.0  (93%)     85.0  (93%) 
      LOGIC:               0.0           5.0   (5%)      5.0   (5%) 
      BUFFER:              0.0           0.0             0.0        
      MEM:                 0.0           0.0             0.0        
      ROM:                 0.0           0.0             0.0        
      REG:                 0.0           0.0             0.0        
                                                                    
    
    FSM:                   0.0           0.0             0.0        
      FSM-REG:             0.0           0.0             0.0        
      FSM-COMB:            0.0           0.0             0.0        
                                                                    
    
  Register-to-Variable Mappings
    Register                            Size(bits) Gated Register CG Opt Done Variables                                             
    ----------------------------------- ---------- -------------- ----------- -----------------------------------------------------
    if#1:slc.svs                                 1                            if#1:slc.svs                                          
    if:slc.svs                                   1                            if:slc.svs                                            
    reg(B_OUT:rsc:mgc_out_stdreg.d).reg          1                            reg(B_OUT:rsc:mgc_out_stdreg.d).reg                   
    reg(R_OUT:rsc:mgc_out_stdreg.d).reg          1                            reg(R_OUT:rsc:mgc_out_stdreg.d).reg                   
                                                                                                                                    
    Total:                                       4              0           0 (Total Gating Ratio: 0.00, CG Opt Gating Ratio: 0.00) 
    
  Timing Report
    Critical Path
      Max Delay:  2.531987
      Slack:      17.468013
      
      Path                                         Startpoint                      Endpoint                                 Delay  Slack   
      -------------------------------------------- ------------------------------- ---------------------------------------- ------ -------
      1                                            cdt:core/V_IN:rsc:mgc_in_wire.d cdt:core/reg(B_OUT:rsc:mgc_out_stdreg.d) 2.5320 17.4680 
                                                                                                                                           
        Instance                                   Component                                                                Delta  Delay   
        --------                                   ---------                                                                -----  -----   
        cdt:core/V_IN:rsc:mgc_in_wire.d                                                                                     0.0000 0.0000  
        cdt:core/aif#2:not                         mgc_not_10                                                               0.0000 0.0000  
        cdt:core/aif#2:not.itm                                                                                              0.0000 0.0000  
        cdt:core/conc#6                                                                                                     0.0000 0.0000  
        cdt:core/conc#6.itm                                                                                                 0.0000 0.0000  
        cdt:core/aif#2:acc                         mgc_add_11_0_10_1_11                                                     1.3701 1.3701  
        cdt:core/aif#2:acc.itm                                                                                              0.0000 1.3701  
        cdt:core/aif#2:slc#1                                                                                                0.0000 1.3701  
        cdt:core/aif#2:slc#1.itm                                                                                            0.0000 1.3701  
        cdt:core/not                               mgc_not_1                                                                0.0000 1.3701  
        cdt:core/not.itm                                                                                                    0.0000 1.3701  
        cdt:core/or#1                              mgc_or_1_2                                                               0.2679 1.6380  
        cdt:core/or#1.itm                                                                                                   0.0000 1.6380  
        cdt:core/mux#1                             mgc_mux_1_1_2                                                            0.3690 2.0070  
        cdt:core/if#1:slc.svs:mx0                                                                                           0.0000 2.0070  
        cdt:core/nor                               mgc_nor_1_4                                                              0.5250 2.5320  
        cdt:core/nor.itm                                                                                                    0.0000 2.5320  
        cdt:core/reg(B_OUT:rsc:mgc_out_stdreg.d)   mgc_reg_pos_1_1_0_0_0_0_0                                                0.0000 2.5320  
                                                                                                                                           
      2                                            cdt:core/S_IN:rsc:mgc_in_wire.d cdt:core/reg(R_OUT:rsc:mgc_out_stdreg.d) 2.3098 17.6902 
                                                                                                                                           
        Instance                                   Component                                                                Delta  Delay   
        --------                                   ---------                                                                -----  -----   
        cdt:core/S_IN:rsc:mgc_in_wire.d                                                                                     0.0000 0.0000  
        cdt:core/acc                               mgc_add_10_0_8_1_11                                                      1.1425 1.1425  
        cdt:core/acc.itm                                                                                                    0.0000 1.1425  
        cdt:core/slc#3                                                                                                      0.0000 1.1425  
        cdt:core/slc#3.itm                                                                                                  0.0000 1.1425  
        cdt:core/or                                mgc_or_1_2                                                               0.2679 1.4104  
        cdt:core/or.itm                                                                                                     0.0000 1.4104  
        cdt:core/mux                               mgc_mux_1_1_2                                                            0.3690 1.7794  
        cdt:core/if:slc.svs:mx0                                                                                             0.0000 1.7794  
        cdt:core/if:if:nand                        mgc_nand_1_2                                                             0.2679 2.0473  
        cdt:core/if:if:nand.itm                                                                                             0.0000 2.0473  
        cdt:core/and                               mgc_and_1_2                                                              0.2625 2.3098  
        cdt:core/and.itm                                                                                                    0.0000 2.3098  
        cdt:core/reg(R_OUT:rsc:mgc_out_stdreg.d)   mgc_reg_pos_1_1_0_0_0_0_0                                                0.0000 2.3098  
                                                                                                                                           
      3                                            cdt:core/V_IN:rsc:mgc_in_wire.d cdt:core/reg(R_OUT:rsc:mgc_out_stdreg.d) 2.2379 17.7621 
                                                                                                                                           
        Instance                                   Component                                                                Delta  Delay   
        --------                                   ---------                                                                -----  -----   
        cdt:core/V_IN:rsc:mgc_in_wire.d                                                                                     0.0000 0.0000  
        cdt:core/slc(V_IN:rsc:mgc_in_wire.d)                                                                                0.0000 0.0000  
        cdt:core/slc(V_IN:rsc:mgc_in_wire.d).itm                                                                            0.0000 0.0000  
        cdt:core/if:acc#1                          mgc_add_9_0_9_1_10                                                       1.0706 1.0706  
        cdt:core/if:acc#1.itm                                                                                               0.0000 1.0706  
        cdt:core/aif:slc#1                                                                                                  0.0000 1.0706  
        cdt:core/aif:slc#1.itm                                                                                              0.0000 1.0706  
        cdt:core/or                                mgc_or_1_2                                                               0.2679 1.3385  
        cdt:core/or.itm                                                                                                     0.0000 1.3385  
        cdt:core/mux                               mgc_mux_1_1_2                                                            0.3690 1.7075  
        cdt:core/if:slc.svs:mx0                                                                                             0.0000 1.7075  
        cdt:core/if:if:nand                        mgc_nand_1_2                                                             0.2679 1.9753  
        cdt:core/if:if:nand.itm                                                                                             0.0000 1.9753  
        cdt:core/and                               mgc_and_1_2                                                              0.2625 2.2379  
        cdt:core/and.itm                                                                                                    0.0000 2.2379  
        cdt:core/reg(R_OUT:rsc:mgc_out_stdreg.d)   mgc_reg_pos_1_1_0_0_0_0_0                                                0.0000 2.2379  
                                                                                                                                           
      4                                            cdt:core/S_IN:rsc:mgc_in_wire.d cdt:core/reg(B_OUT:rsc:mgc_out_stdreg.d) 2.2325 17.7675 
                                                                                                                                           
        Instance                                   Component                                                                Delta  Delay   
        --------                                   ---------                                                                -----  -----   
        cdt:core/S_IN:rsc:mgc_in_wire.d                                                                                     0.0000 0.0000  
        cdt:core/slc(S_IN:rsc:mgc_in_wire.d)                                                                                0.0000 0.0000  
        cdt:core/slc(S_IN:rsc:mgc_in_wire.d).itm                                                                            0.0000 0.0000  
        cdt:core/if#1:acc#1                        mgc_add_9_0_9_1_10                                                       1.0706 1.0706  
        cdt:core/if#1:acc#1.itm                                                                                             0.0000 1.0706  
        cdt:core/slc#2                                                                                                      0.0000 1.0706  
        cdt:core/slc#2.itm                                                                                                  0.0000 1.0706  
        cdt:core/or#1                              mgc_or_1_2                                                               0.2679 1.3385  
        cdt:core/or#1.itm                                                                                                   0.0000 1.3385  
        cdt:core/mux#1                             mgc_mux_1_1_2                                                            0.3690 1.7075  
        cdt:core/if#1:slc.svs:mx0                                                                                           0.0000 1.7075  
        cdt:core/nor                               mgc_nor_1_4                                                              0.5250 2.2325  
        cdt:core/nor.itm                                                                                                    0.0000 2.2325  
        cdt:core/reg(B_OUT:rsc:mgc_out_stdreg.d)   mgc_reg_pos_1_1_0_0_0_0_0                                                0.0000 2.2325  
                                                                                                                                           
      5                                            cdt:core/V_IN:rsc:mgc_in_wire.d cdt:core/reg(if#1:slc.svs)               2.0070 17.9930 
                                                                                                                                           
        Instance                                   Component                                                                Delta  Delay   
        --------                                   ---------                                                                -----  -----   
        cdt:core/V_IN:rsc:mgc_in_wire.d                                                                                     0.0000 0.0000  
        cdt:core/aif#2:not                         mgc_not_10                                                               0.0000 0.0000  
        cdt:core/aif#2:not.itm                                                                                              0.0000 0.0000  
        cdt:core/conc#6                                                                                                     0.0000 0.0000  
        cdt:core/conc#6.itm                                                                                                 0.0000 0.0000  
        cdt:core/aif#2:acc                         mgc_add_11_0_10_1_11                                                     1.3701 1.3701  
        cdt:core/aif#2:acc.itm                                                                                              0.0000 1.3701  
        cdt:core/aif#2:slc#1                                                                                                0.0000 1.3701  
        cdt:core/aif#2:slc#1.itm                                                                                            0.0000 1.3701  
        cdt:core/not                               mgc_not_1                                                                0.0000 1.3701  
        cdt:core/not.itm                                                                                                    0.0000 1.3701  
        cdt:core/or#1                              mgc_or_1_2                                                               0.2679 1.6380  
        cdt:core/or#1.itm                                                                                                   0.0000 1.6380  
        cdt:core/mux#1                             mgc_mux_1_1_2                                                            0.3690 2.0070  
        cdt:core/if#1:slc.svs:mx0                                                                                           0.0000 2.0070  
        cdt:core/reg(if#1:slc.svs)                 mgc_reg_pos_1_1_0_0_0_0_0                                                0.0000 2.0070  
                                                                                                                                           
      6                                            cdt:core/H_IN:rsc:mgc_in_wire.d cdt:core/reg(R_OUT:rsc:mgc_out_stdreg.d) 1.9700 18.0300 
                                                                                                                                           
        Instance                                   Component                                                                Delta  Delay   
        --------                                   ---------                                                                -----  -----   
        cdt:core/H_IN:rsc:mgc_in_wire.d                                                                                     0.0000 0.0000  
        cdt:core/slc(H_IN:rsc:mgc_in_wire.d)#1                                                                              0.0000 0.0000  
        cdt:core/slc(H_IN:rsc:mgc_in_wire.d)#1.itm                                                                          0.0000 0.0000  
        cdt:core/if:if:acc                         mgc_add_9_0_9_1_10                                                       1.0706 1.0706  
        cdt:core/if:if:acc.itm                                                                                              0.0000 1.0706  
        cdt:core/if:slc                                                                                                     0.0000 1.0706  
        cdt:core/if:slc.itm                                                                                                 0.0000 1.0706  
        cdt:core/mux                               mgc_mux_1_1_2                                                            0.3690 1.4396  
        cdt:core/if:slc.svs:mx0                                                                                             0.0000 1.4396  
        cdt:core/if:if:nand                        mgc_nand_1_2                                                             0.2679 1.7075  
        cdt:core/if:if:nand.itm                                                                                             0.0000 1.7075  
        cdt:core/and                               mgc_and_1_2                                                              0.2625 1.9700  
        cdt:core/and.itm                                                                                                    0.0000 1.9700  
        cdt:core/reg(R_OUT:rsc:mgc_out_stdreg.d)   mgc_reg_pos_1_1_0_0_0_0_0                                                0.0000 1.9700  
                                                                                                                                           
      7                                            cdt:core/H_IN:rsc:mgc_in_wire.d cdt:core/reg(B_OUT:rsc:mgc_out_stdreg.d) 1.8951 18.1049 
                                                                                                                                           
        Instance                                   Component                                                                Delta  Delay   
        --------                                   ---------                                                                -----  -----   
        cdt:core/H_IN:rsc:mgc_in_wire.d                                                                                     0.0000 0.0000  
        cdt:core/if#1:aif:not#1                    mgc_not_10                                                               0.0000 0.0000  
        cdt:core/if#1:aif:not#1.itm                                                                                         0.0000 0.0000  
        cdt:core/conc                                                                                                       0.0000 0.0000  
        cdt:core/conc.itm                                                                                                   0.0000 0.0000  
        cdt:core/if#1:aif:acc                      mgc_add_11_0_10_1_11                                                     1.3701 1.3701  
        cdt:core/if#1:aif:acc.itm                                                                                           0.0000 1.3701  
        cdt:core/if#1:aif:slc                                                                                               0.0000 1.3701  
        cdt:core/if#1:aif:slc.itm                                                                                           0.0000 1.3701  
        cdt:core/nor                               mgc_nor_1_4                                                              0.5250 1.8951  
        cdt:core/nor.itm                                                                                                    0.0000 1.8951  
        cdt:core/reg(B_OUT:rsc:mgc_out_stdreg.d)   mgc_reg_pos_1_1_0_0_0_0_0                                                0.0000 1.8951  
                                                                                                                                           
      8                                            cdt:core/V_IN:rsc:mgc_in_wire.d cdt:core/reg(B_OUT:rsc:mgc_out_stdreg.d) 1.8951 18.1049 
                                                                                                                                           
        Instance                                   Component                                                                Delta  Delay   
        --------                                   ---------                                                                -----  -----   
        cdt:core/V_IN:rsc:mgc_in_wire.d                                                                                     0.0000 0.0000  
        cdt:core/aif#2:not                         mgc_not_10                                                               0.0000 0.0000  
        cdt:core/aif#2:not.itm                                                                                              0.0000 0.0000  
        cdt:core/conc#6                                                                                                     0.0000 0.0000  
        cdt:core/conc#6.itm                                                                                                 0.0000 0.0000  
        cdt:core/aif#2:acc                         mgc_add_11_0_10_1_11                                                     1.3701 1.3701  
        cdt:core/aif#2:acc.itm                                                                                              0.0000 1.3701  
        cdt:core/aif#2:slc                                                                                                  0.0000 1.3701  
        cdt:core/aif#2:slc.itm                                                                                              0.0000 1.3701  
        cdt:core/not#1                             mgc_not_1                                                                0.0000 1.3701  
        cdt:core/not#1.itm                                                                                                  0.0000 1.3701  
        cdt:core/nor                               mgc_nor_1_4                                                              0.5250 1.8951  
        cdt:core/nor.itm                                                                                                    0.0000 1.8951  
        cdt:core/reg(B_OUT:rsc:mgc_out_stdreg.d)   mgc_reg_pos_1_1_0_0_0_0_0                                                0.0000 1.8951  
                                                                                                                                           
      9                                            cdt:core/S_IN:rsc:mgc_in_wire.d cdt:core/reg(if:slc.svs)                 1.7794 18.2206 
                                                                                                                                           
        Instance                                   Component                                                                Delta  Delay   
        --------                                   ---------                                                                -----  -----   
        cdt:core/S_IN:rsc:mgc_in_wire.d                                                                                     0.0000 0.0000  
        cdt:core/acc                               mgc_add_10_0_8_1_11                                                      1.1425 1.1425  
        cdt:core/acc.itm                                                                                                    0.0000 1.1425  
        cdt:core/slc#3                                                                                                      0.0000 1.1425  
        cdt:core/slc#3.itm                                                                                                  0.0000 1.1425  
        cdt:core/or                                mgc_or_1_2                                                               0.2679 1.4104  
        cdt:core/or.itm                                                                                                     0.0000 1.4104  
        cdt:core/mux                               mgc_mux_1_1_2                                                            0.3690 1.7794  
        cdt:core/if:slc.svs:mx0                                                                                             0.0000 1.7794  
        cdt:core/reg(if:slc.svs)                   mgc_reg_pos_1_1_0_0_0_0_0                                                0.0000 1.7794  
                                                                                                                                           
      10                                           cdt:core/V_IN:rsc:mgc_in_wire.d cdt:core/reg(if:slc.svs)                 1.7075 18.2925 
                                                                                                                                           
        Instance                                   Component                                                                Delta  Delay   
        --------                                   ---------                                                                -----  -----   
        cdt:core/V_IN:rsc:mgc_in_wire.d                                                                                     0.0000 0.0000  
        cdt:core/slc(V_IN:rsc:mgc_in_wire.d)                                                                                0.0000 0.0000  
        cdt:core/slc(V_IN:rsc:mgc_in_wire.d).itm                                                                            0.0000 0.0000  
        cdt:core/if:acc#1                          mgc_add_9_0_9_1_10                                                       1.0706 1.0706  
        cdt:core/if:acc#1.itm                                                                                               0.0000 1.0706  
        cdt:core/aif:slc#1                                                                                                  0.0000 1.0706  
        cdt:core/aif:slc#1.itm                                                                                              0.0000 1.0706  
        cdt:core/or                                mgc_or_1_2                                                               0.2679 1.3385  
        cdt:core/or.itm                                                                                                     0.0000 1.3385  
        cdt:core/mux                               mgc_mux_1_1_2                                                            0.3690 1.7075  
        cdt:core/if:slc.svs:mx0                                                                                             0.0000 1.7075  
        cdt:core/reg(if:slc.svs)                   mgc_reg_pos_1_1_0_0_0_0_0                                                0.0000 1.7075  
                                                                                                                                           
      
    Register Input and Register-to-Output Slack
      Clock period or pin-to-reg delay constraint (clk): 20.0
      Clock uncertainty constraint (clk)               : 0.0
      
      Instance                                 Port               Slack (Delay) Messages 
      ---------------------------------------- ---------------- ------- ------- --------
      cdt:core/reg(if:slc.svs)                 if:slc.svs:mx0   17.6902  2.3098          
      cdt:core/reg(if#1:slc.svs)               if#1:slc.svs:mx0 17.4680  2.5320          
      cdt:core/reg(B_OUT:rsc:mgc_out_stdreg.d) nor.itm          17.4680  2.5320          
      cdt:core/reg(R_OUT:rsc:mgc_out_stdreg.d) and.itm          17.6902  2.3098          
      cdt                                      R_OUT:rsc.z      20.0000  0.0000          
      cdt                                      G_OUT:rsc.z      20.0000  0.0000          
      cdt                                      B_OUT:rsc.z      20.0000  0.0000          
      
  Operator Bitwidth Summary
    Operation  Size (bits) Count 
    ---------- ----------- -----
    add                          
    -                   11     3 
    -                   10     5 
    and                          
    -                    2     1 
    mux                          
    -                    1     2 
    nand                         
    -                    2     1 
    nor                          
    -                    4     1 
    -                    2     1 
    not                          
    -                   10     2 
    -                    8     1 
    -                    1     2 
    or                           
    -                    2     2 
    read_port                    
    -                   10     3 
    reg                          
    -                    1     4 
    write_port                   
    -                   10     3 
    
  End of Report
