//  Catapult University Version 2011a.126 (Production Release) Wed Aug  8 00:52:07 PDT 2012
//  
//  Copyright (c) Calypto Design Systems, Inc., 1996-2012, All Rights Reserved.
//                       UNPUBLISHED, LICENSED SOFTWARE.
//            CONFIDENTIAL AND PROPRIETARY INFORMATION WHICH IS THE
//          PROPERTY OF CALYPTO DESIGN SYSTEMS OR ITS LICENSORS
//  
//  Running on Windows 7 kjr115@EEWS104A-005 Service Pack 1 6.01.7601 i686
//  
//  Package information: SIFLIBS v17.0_1.1, HLS_PKGS v17.0_1.1, 
//                       DesignPad v2.78_0.0
//  
//  This version may only be used for academic purposes.  Some optimizations 
//  are disabled, so results obtained from this version may be sub-optimal.
//  
//  Start time Thu May 05 14:49:15 2016
# -------------------------------------------------
# Logging session transcript to file "C:\Users\kjr115\AppData\Local\Temp\log5644243aa7c.0"
# Loading options from registry.
# Warning: set_working_dir: Directory 'C:/Windows/System32' not writable, using C:/Users/kjr115/AppData/Local/Temp
project new -name MazeRAM+
set_working_dir {//icnas2.cc.ic.ac.uk/kjr115/Project/Musca/Game Engine/catapult_projects/maze_ram++}
solution file add ../../../src/MazeArray.cpp
# /INPUTFILES/1
go analyze
# Creating project directory '\\icnas2.cc.ic.ac.uk\kjr115\Project\Musca\Game Engine\catapult_projects\maze_ram++\MazeRAM+'. (PRJ-1)
# Moving session transcript to file "\\icnas2.cc.ic.ac.uk\kjr115\Project\Musca\Game Engine\catapult_projects\maze_ram++\catapult.log"
# Info: Starting transformation 'analyze' on solution 'solution.v1' (SOL-8)
# Front End called with arguments: -- {\\icnas2.cc.ic.ac.uk\kjr115\Project\Musca\src\MazeArray.cpp} (CIN-69)
# Edison Design Group C++/C Front End - Version 3.10.1 (CIN-1)
# Source file analysis completed (CIN-68)
# Info: Completed transformation 'analyze' on solution 'solution.v1': elapsed time 0.73 seconds, memory usage 148916kB, peak memory usage 179720kB (SOL-9)
directive set -TECHLIBS {{Altera_accel_CycloneIII.lib Altera_accel_CycloneIII} {mgc_Altera-Cyclone-III-6_beh_psr.lib {{mgc_Altera-Cyclone-III-6_beh_psr part EP3C16F484C}}}}
# /TECHLIBS {{Altera_accel_CycloneIII.lib Altera_accel_CycloneIII} {mgc_Altera-Cyclone-III-6_beh_psr.lib {{mgc_Altera-Cyclone-III-6_beh_psr part EP3C16F484C}}}}
directive set -CLOCKS {clk {-CLOCK_PERIOD 20.0 -CLOCK_EDGE rising -CLOCK_HIGH_TIME 10.00 -CLOCK_OFFSET 0.000000 -CLOCK_UNCERTAINTY 0.0 -RESET_KIND sync -RESET_SYNC_NAME rst -RESET_SYNC_ACTIVE high -RESET_ASYNC_NAME arst_n -RESET_ASYNC_ACTIVE low -ENABLE_NAME {} -ENABLE_ACTIVE high}}
# /CLOCKS {clk {-CLOCK_PERIOD 20.0 -CLOCK_EDGE rising -CLOCK_UNCERTAINTY 0.0 -CLOCK_HIGH_TIME 10.0 -RESET_SYNC_NAME rst -RESET_ASYNC_NAME arst_n -RESET_KIND sync -RESET_SYNC_ACTIVE high -RESET_ASYNC_ACTIVE low -ENABLE_NAME {} -ENABLE_ACTIVE high}}
directive set -DESIGN_HIERARCHY MazeMemory
# /DESIGN_HIERARCHY MazeMemory
directive set -TECHLIBS {{Altera_accel_CycloneIII.lib Altera_accel_CycloneIII} {mgc_Altera-Cyclone-III-6_beh_psr.lib {{mgc_Altera-Cyclone-III-6_beh_psr part EP3C16F484C}}} {ram_Altera-Cyclone-III-6_RAMSB.lib ram_Altera-Cyclone-III-6_RAMSB}}
# /TECHLIBS {{Altera_accel_CycloneIII.lib Altera_accel_CycloneIII} {mgc_Altera-Cyclone-III-6_beh_psr.lib {{mgc_Altera-Cyclone-III-6_beh_psr part EP3C16F484C}}} {ram_Altera-Cyclone-III-6_RAMSB.lib ram_Altera-Cyclone-III-6_RAMSB}}
go extract
# Info: Starting transformation 'compile' on solution 'solution.v1' (SOL-8)
# Reading component library '$MGC_HOME\pkgs\siflibs\mgc_busdefs.lib' [mgc_busdefs]... (LIB-49)
# Reading component library '$MGC_HOME\pkgs\siflibs\stdops.lib' [STDOPS]... (LIB-49)
# Reading component library '$MGC_HOME\pkgs\siflibs\mgc_ioport.lib' [mgc_ioport]... (LIB-49)
# Reading component library '$MGC_HOME\pkgs\ccs_altera\Altera_accel_CycloneIII.lib' [Altera_accel_CycloneIII]... (LIB-49)
# Reading component library '$MGC_HOME\pkgs\siflibs\psr2010a_up2\mgc_Altera-Cyclone-III-6_beh_psr.lib' [mgc_Altera-Cyclone-III-6_beh_psr]... (LIB-49)
# Reading component library '$MGC_HOME\pkgs\siflibs\psr2010a_up2\ram_Altera-Cyclone-III-6_RAMSB.lib' [ram_Altera-Cyclone-III-6_RAMSB]... (LIB-49)
# Generating synthesis internal form... (CIN-3)
# $PROJECT_HOME/../../../src/MazeArray.cpp(7): Found top design routine 'MazeMemory' specified by directive (CIN-52)
# $PROJECT_HOME/../../../src/MazeArray.cpp(7): Synthesizing routine 'MazeMemory' (CIN-13)
# $PROJECT_HOME/../../../src/MazeArray.cpp(7): Inlining routine 'MazeMemory' (CIN-14)
# Warning: $PROJECT_HOME/../../../src/MazeArray.cpp(10): Instantiating global variable 'maze' which may be accessed outside this scope (CIN-18)
# $PROJECT_HOME/../../../src/MazeArray.cpp(7): Optimizing block '/MazeMemory' ... (CIN-4)
# $PROJECT_HOME/../../../src/MazeArray.cpp(7): Inout port 'out' is only used as an output. (OPT-11)
# Info: Optimizing partition '/MazeMemory': (Total ops = 24, Real ops = 1, Vars = 15) (SOL-10)
# Info: Optimizing partition '/MazeMemory/core': (Total ops = 24, Real ops = 1, Vars = 9) (SOL-10)
# Info: Optimizing partition '/MazeMemory/core': (Total ops = 24, Real ops = 1, Vars = 9) (SOL-10)
# Info: Optimizing partition '/MazeMemory': (Total ops = 24, Real ops = 1, Vars = 15) (SOL-10)
# Info: Optimizing partition '/MazeMemory': (Total ops = 24, Real ops = 1, Vars = 15) (SOL-10)
# Info: Optimizing partition '/MazeMemory/core': (Total ops = 24, Real ops = 1, Vars = 9) (SOL-10)
# Info: Optimizing partition '/MazeMemory/core': (Total ops = 15, Real ops = 1, Vars = 7) (SOL-10)
# Info: Optimizing partition '/MazeMemory': (Total ops = 15, Real ops = 1, Vars = 13) (SOL-10)
# Info: Optimizing partition '/MazeMemory': (Total ops = 15, Real ops = 1, Vars = 13) (SOL-10)
# Info: Optimizing partition '/MazeMemory/core': (Total ops = 15, Real ops = 1, Vars = 7) (SOL-10)
# Info: Optimizing partition '/MazeMemory/core': (Total ops = 12, Real ops = 1, Vars = 5) (SOL-10)
# Info: Optimizing partition '/MazeMemory': (Total ops = 12, Real ops = 1, Vars = 11) (SOL-10)
# Info: Optimizing partition '/MazeMemory/core': (Total ops = 12, Real ops = 1, Vars = 5) (SOL-10)
# Info: Optimizing partition '/MazeMemory': (Total ops = 12, Real ops = 1, Vars = 11) (SOL-10)
# Info: Optimizing partition '/MazeMemory': (Total ops = 12, Real ops = 1, Vars = 11) (SOL-10)
# Info: Optimizing partition '/MazeMemory/core': (Total ops = 12, Real ops = 1, Vars = 5) (SOL-10)
# Info: Optimizing partition '/MazeMemory/core': (Total ops = 11, Real ops = 0, Vars = 5) (SOL-10)
# Info: Optimizing partition '/MazeMemory': (Total ops = 11, Real ops = 0, Vars = 11) (SOL-10)
# Info: Optimizing partition '/MazeMemory/core': (Total ops = 11, Real ops = 0, Vars = 5) (SOL-10)
# Info: Optimizing partition '/MazeMemory': (Total ops = 11, Real ops = 0, Vars = 11) (SOL-10)
# Info: Optimizing partition '/MazeMemory': (Total ops = 11, Real ops = 0, Vars = 11) (SOL-10)
# Info: Optimizing partition '/MazeMemory/core': (Total ops = 11, Real ops = 0, Vars = 5) (SOL-10)
# Design 'MazeMemory' was read (SOL-1)
# Info: Completed transformation 'compile' on solution 'MazeMemory.v1': elapsed time 0.56 seconds, memory usage 159420kB, peak memory usage 181148kB (SOL-9)
# Info: Starting transformation 'architect' on solution 'MazeMemory.v1' (SOL-8)
# $PROJECT_HOME/../../../src/MazeArray.cpp(7): Loop '/MazeMemory/core/main' is left rolled. (LOOP-4)
# $PROJECT_HOME/../../../src/MazeArray.cpp(7): I/O-Port inferred - resource 'row:rsc' (from var: row) mapped to 'mgc_ioport.mgc_in_wire' (size: 5). (MEM-2)
# $PROJECT_HOME/../../../src/MazeArray.cpp(7): I/O-Port inferred - resource 'col:rsc' (from var: col) mapped to 'mgc_ioport.mgc_in_wire' (size: 5). (MEM-2)
# $PROJECT_HOME/../../../src/MazeArray.cpp(7): I/O-Port inferred - resource 'val:rsc' (from var: val) mapped to 'mgc_ioport.mgc_in_wire' (size: 4). (MEM-2)
# $PROJECT_HOME/../../../src/MazeArray.cpp(7): I/O-Port inferred - resource 'write:rsc' (from var: write) mapped to 'mgc_ioport.mgc_in_wire' (size: 1). (MEM-2)
# $PROJECT_HOME/../../../src/MazeArray.cpp(7): I/O-Port inferred - resource 'out:rsc' (from var: out) mapped to 'mgc_ioport.mgc_out_stdreg' (size: 4). (MEM-2)
# $PROJECT_HOME/../../../src/MazeArray.cpp(7): I/O-Port inferred - resource 'init:rsc' (from var: init) mapped to 'mgc_ioport.mgc_in_wire' (size: 1). (MEM-2)
# $PROJECT_HOME/../../../src/MazeArray.cpp(5): Memory inferred - resource 'maze:rsc' (from var: maze) mapped to 'ram_Altera-Cyclone-III-6_RAMSB.singleport' (size: 4096 x 4). (MEM-4)
# Info: Optimizing partition '/MazeMemory': (Total ops = 24, Real ops = 3, Vars = 15) (SOL-10)
# Info: Optimizing partition '/MazeMemory/core': (Total ops = 24, Real ops = 3, Vars = 7) (SOL-10)
# Info: Optimizing partition '/MazeMemory/core': (Total ops = 35, Real ops = 3, Vars = 10) (SOL-10)
# Info: Optimizing partition '/MazeMemory/core': (Total ops = 33, Real ops = 3, Vars = 8) (SOL-10)
# Info: Optimizing partition '/MazeMemory': (Total ops = 33, Real ops = 3, Vars = 16) (SOL-10)
# Info: Optimizing partition '/MazeMemory/core': (Total ops = 29, Real ops = 3, Vars = 10) (SOL-10)
# Info: Optimizing partition '/MazeMemory/core': (Total ops = 29, Real ops = 3, Vars = 8) (SOL-10)
# Info: Optimizing partition '/MazeMemory': (Total ops = 29, Real ops = 3, Vars = 16) (SOL-10)
# Info: Optimizing partition '/MazeMemory/core': (Total ops = 29, Real ops = 3, Vars = 8) (SOL-10)
# Info: Optimizing partition '/MazeMemory': (Total ops = 29, Real ops = 3, Vars = 16) (SOL-10)
# Info: Optimizing partition '/MazeMemory': (Total ops = 29, Real ops = 3, Vars = 16) (SOL-10)
# Info: Optimizing partition '/MazeMemory/core': (Total ops = 29, Real ops = 3, Vars = 8) (SOL-10)
# Info: Optimizing partition '/MazeMemory/core': (Total ops = 88, Real ops = 6, Vars = 43) (SOL-10)
# Info: Optimizing partition '/MazeMemory/core': (Total ops = 29, Real ops = 4, Vars = 7) (SOL-10)
# Design 'MazeMemory' contains '4' real operations. (SOL-11)
# Info: Completed transformation 'architect' on solution 'MazeMemory.v1': elapsed time 0.69 seconds, memory usage 159780kB, peak memory usage 181148kB (SOL-9)
# Info: Starting transformation 'allocate' on solution 'MazeMemory.v1' (SOL-8)
# Performing concurrent resource allocation and scheduling on '/MazeMemory/core' (CRAAS-1)
# Info: Select qualified components for data operations ... (CRAAS-3)
# Info: Apply resource constraints on data operations ... (CRAAS-4)
# $PROJECT_HOME/../../../src/MazeArray.cpp(7): Prescheduled LOOP 'main' (3 c-steps) (SCHD-7)
# $PROJECT_HOME/../../../src/MazeArray.cpp(10): Prescheduled LOOP 'maze:vinit' (2 c-steps) (SCHD-7)
# $PROJECT_HOME/../../../src/MazeArray.cpp(7): Prescheduled LOOP 'core:rlp' (1 c-steps) (SCHD-7)
# $PROJECT_HOME/../../../src/MazeArray.cpp(7): Prescheduled SEQUENTIAL 'core' (total length 8196 c-steps) (SCHD-8)
# Info: Initial schedule of SEQUENTIAL 'core': Latency = 2, Area (Datapath, Register, Total) = 16.68, 0.00, 16.68 (CRAAS-11)
# At least one feasible schedule exists. (CRAAS-9)
# Info: Final schedule of SEQUENTIAL 'core': Latency = 2, Area (Datapath, Register, Total) = 16.68, 0.00, 16.68 (CRAAS-12)
# Resource allocation and scheduling done. (CRAAS-2)
# Netlist written to file 'schedule.gnt' (NET-4)
# Info: Completed transformation 'allocate' on solution 'MazeMemory.v1': elapsed time 0.16 seconds, memory usage 159780kB, peak memory usage 181148kB (SOL-9)
# Info: Starting transformation 'schedule' on solution 'MazeMemory.v1' (SOL-8)
# Performing concurrent resource allocation and scheduling on '/MazeMemory/core' (CRAAS-1)
# Global signal 'row:rsc.z' added to design 'MazeMemory' for component 'row:rsc:mgc_in_wire' (LIB-3)
# Global signal 'col:rsc.z' added to design 'MazeMemory' for component 'col:rsc:mgc_in_wire' (LIB-3)
# Global signal 'val:rsc.z' added to design 'MazeMemory' for component 'val:rsc:mgc_in_wire' (LIB-3)
# Global signal 'write:rsc.z' added to design 'MazeMemory' for component 'write:rsc:mgc_in_wire' (LIB-3)
# Global signal 'out:rsc.z' added to design 'MazeMemory' for component 'out:rsc:mgc_out_stdreg' (LIB-3)
# Global signal 'init:rsc.z' added to design 'MazeMemory' for component 'init:rsc:mgc_in_wire' (LIB-3)
# Info: Optimizing partition '/MazeMemory': (Total ops = 135, Real ops = 8, Vars = 59) (SOL-10)
# Info: Optimizing partition '/MazeMemory/MazeMemory:core': (Total ops = 98, Real ops = 7, Vars = 37) (SOL-10)
# Info: Optimizing partition '/MazeMemory/MazeMemory:core/core': (Total ops = 85, Real ops = 7, Vars = 24) (SOL-10)
# Info: Optimizing partition '/MazeMemory/MazeMemory:core/core': (Total ops = 63, Real ops = 4, Vars = 9) (SOL-10)
# Info: Optimizing partition '/MazeMemory/MazeMemory:core/core': (Total ops = 62, Real ops = 3, Vars = 8) (SOL-10)
# Info: Optimizing partition '/MazeMemory': (Total ops = 111, Real ops = 3, Vars = 40) (SOL-10)
# Info: Optimizing partition '/MazeMemory/MazeMemory:core': (Total ops = 75, Real ops = 3, Vars = 21) (SOL-10)
# Info: Optimizing partition '/MazeMemory/MazeMemory:core/core': (Total ops = 62, Real ops = 3, Vars = 8) (SOL-10)
# Info: Optimizing partition '/MazeMemory': (Total ops = 109, Real ops = 3, Vars = 40) (SOL-10)
# Info: Optimizing partition '/MazeMemory/MazeMemory:core': (Total ops = 75, Real ops = 3, Vars = 21) (SOL-10)
# Info: Optimizing partition '/MazeMemory/MazeMemory:core/core': (Total ops = 62, Real ops = 3, Vars = 8) (SOL-10)
# Info: Optimizing partition '/MazeMemory': (Total ops = 109, Real ops = 3, Vars = 40) (SOL-10)
# Report written to file 'cycle.rpt'
# Info: Optimizing partition '/MazeMemory/MazeMemory:core/core': (Total ops = 96, Real ops = 5, Vars = 18) (SOL-10)
# Info: Optimizing partition '/MazeMemory/MazeMemory:core/core': (Total ops = 78, Real ops = 5, Vars = 13) (SOL-10)
# Info: Optimizing partition '/MazeMemory': (Total ops = 129, Real ops = 5, Vars = 49) (SOL-10)
# Info: Optimizing partition '/MazeMemory/MazeMemory:core': (Total ops = 95, Real ops = 5, Vars = 30) (SOL-10)
# Info: Optimizing partition '/MazeMemory/MazeMemory:core/core': (Total ops = 100, Real ops = 5, Vars = 13) (SOL-10)
# Info: Optimizing partition '/MazeMemory/MazeMemory:core/core': (Total ops = 97, Real ops = 5, Vars = 13) (SOL-10)
# Info: Optimizing partition '/MazeMemory': (Total ops = 148, Real ops = 5, Vars = 51) (SOL-10)
# Info: Optimizing partition '/MazeMemory/MazeMemory:core': (Total ops = 114, Real ops = 5, Vars = 32) (SOL-10)
# Info: Optimizing partition '/MazeMemory/MazeMemory:core/core': (Total ops = 99, Real ops = 5, Vars = 16) (SOL-10)
# Info: Optimizing partition '/MazeMemory/MazeMemory:core/core': (Total ops = 99, Real ops = 5, Vars = 15) (SOL-10)
# Info: Optimizing partition '/MazeMemory': (Total ops = 150, Real ops = 5, Vars = 53) (SOL-10)
# Info: Optimizing partition '/MazeMemory/MazeMemory:core': (Total ops = 116, Real ops = 5, Vars = 34) (SOL-10)
# Netlist written to file 'cycle.vhdl' (NET-4)
# Info: Completed transformation 'schedule' on solution 'MazeMemory.v1': elapsed time 1.47 seconds, memory usage 163324kB, peak memory usage 181148kB (SOL-9)
# Info: Starting transformation 'dpfsm' on solution 'MazeMemory.v1' (SOL-8)
# Performing FSM extraction... (FSM-1)
# Info: Optimizing partition '/MazeMemory': (Total ops = 165, Real ops = 38, Vars = 124) (SOL-10)
# Info: Optimizing partition '/MazeMemory/MazeMemory:core': (Total ops = 131, Real ops = 38, Vars = 105) (SOL-10)
# Info: Optimizing partition '/MazeMemory/MazeMemory:core/MazeMemory:core:fsm': (Total ops = 8, Real ops = 3, Vars = 10) (SOL-10)
# Info: Optimizing partition '/MazeMemory/MazeMemory:core/MazeMemory:core:fsm/MazeMemory:core:fsm': (Total ops = 1, Real ops = 1, Vars = 1) (SOL-10)
# Info: Optimizing partition '/MazeMemory': (Total ops = 148, Real ops = 35, Vars = 46) (SOL-10)
# Info: Optimizing partition '/MazeMemory/MazeMemory:core': (Total ops = 114, Real ops = 35, Vars = 27) (SOL-10)
# Info: Optimizing partition '/MazeMemory/MazeMemory:core/MazeMemory:core:fsm': (Total ops = 7, Real ops = 3, Vars = 5) (SOL-10)
# Info: Optimizing partition '/MazeMemory/MazeMemory:core/MazeMemory:core:fsm/MazeMemory:core:fsm': (Total ops = 1, Real ops = 1, Vars = 1) (SOL-10)
# Info: Optimizing partition '/MazeMemory': (Total ops = 106, Real ops = 30, Vars = 46) (SOL-10)
# Info: Optimizing partition '/MazeMemory/MazeMemory:core': (Total ops = 72, Real ops = 30, Vars = 27) (SOL-10)
# Info: Optimizing partition '/MazeMemory/MazeMemory:core/MazeMemory:core:fsm': (Total ops = 7, Real ops = 3, Vars = 5) (SOL-10)
# Info: Optimizing partition '/MazeMemory/MazeMemory:core/MazeMemory:core:fsm/MazeMemory:core:fsm': (Total ops = 1, Real ops = 1, Vars = 1) (SOL-10)
# Info: Optimizing partition '/MazeMemory': (Total ops = 106, Real ops = 30, Vars = 46) (SOL-10)
# Info: Optimizing partition '/MazeMemory/MazeMemory:core': (Total ops = 72, Real ops = 30, Vars = 27) (SOL-10)
# Info: Optimizing partition '/MazeMemory': (Total ops = 108, Real ops = 27, Vars = 52) (SOL-10)
# Info: Optimizing partition '/MazeMemory/MazeMemory:core': (Total ops = 74, Real ops = 27, Vars = 33) (SOL-10)
# Info: Optimizing partition '/MazeMemory/MazeMemory:core/MazeMemory:core:fsm': (Total ops = 7, Real ops = 3, Vars = 5) (SOL-10)
# Info: Optimizing partition '/MazeMemory/MazeMemory:core/MazeMemory:core:fsm/MazeMemory:core:fsm': (Total ops = 1, Real ops = 1, Vars = 1) (SOL-10)
# Info: Optimizing partition '/MazeMemory': (Total ops = 104, Real ops = 27, Vars = 48) (SOL-10)
# Info: Optimizing partition '/MazeMemory/MazeMemory:core': (Total ops = 70, Real ops = 27, Vars = 29) (SOL-10)
# Info: Optimizing partition '/MazeMemory/MazeMemory:core/MazeMemory:core:fsm': (Total ops = 7, Real ops = 3, Vars = 5) (SOL-10)
# Info: Optimizing partition '/MazeMemory/MazeMemory:core': (Total ops = 70, Real ops = 27, Vars = 29) (SOL-10)
# Info: Optimizing partition '/MazeMemory': (Total ops = 104, Real ops = 27, Vars = 48) (SOL-10)
# Info: Optimizing partition '/MazeMemory': (Total ops = 104, Real ops = 27, Vars = 48) (SOL-10)
# Info: Optimizing partition '/MazeMemory/MazeMemory:core': (Total ops = 70, Real ops = 27, Vars = 29) (SOL-10)
# Info: Optimizing partition '/MazeMemory/MazeMemory:core/MazeMemory:core:fsm': (Total ops = 7, Real ops = 3, Vars = 5) (SOL-10)
# Info: Optimizing partition '/MazeMemory/MazeMemory:core/MazeMemory:core:fsm/MazeMemory:core:fsm': (Total ops = 1, Real ops = 1, Vars = 1) (SOL-10)
# Info: Optimizing partition '/MazeMemory': (Total ops = 104, Real ops = 27, Vars = 48) (SOL-10)
# Info: Optimizing partition '/MazeMemory/MazeMemory:core': (Total ops = 70, Real ops = 27, Vars = 29) (SOL-10)
# Info: Optimizing partition '/MazeMemory/MazeMemory:core/MazeMemory:core:fsm': (Total ops = 7, Real ops = 3, Vars = 5) (SOL-10)
# Info: Optimizing partition '/MazeMemory/MazeMemory:core/MazeMemory:core:fsm/MazeMemory:core:fsm': (Total ops = 1, Real ops = 1, Vars = 1) (SOL-10)
# Info: Completed transformation 'dpfsm' on solution 'MazeMemory.v1': elapsed time 0.17 seconds, memory usage 163704kB, peak memory usage 181148kB (SOL-9)
# Info: Starting transformation 'extract' on solution 'MazeMemory.v1' (SOL-8)
# Info: Optimizing partition '/MazeMemory': (Total ops = 112, Real ops = 32, Vars = 88) (SOL-10)
# Info: Optimizing partition '/MazeMemory/MazeMemory:core': (Total ops = 78, Real ops = 32, Vars = 69) (SOL-10)
# Info: Optimizing partition '/MazeMemory/MazeMemory:core/MazeMemory:core:fsm': (Total ops = 7, Real ops = 3, Vars = 5) (SOL-10)
# Info: Optimizing partition '/MazeMemory/MazeMemory:core/MazeMemory:core:fsm/MazeMemory:core:fsm': (Total ops = 1, Real ops = 1, Vars = 1) (SOL-10)
# Info: Optimizing partition '/MazeMemory': (Total ops = 100, Real ops = 25, Vars = 47) (SOL-10)
# Info: Optimizing partition '/MazeMemory/MazeMemory:core': (Total ops = 66, Real ops = 25, Vars = 28) (SOL-10)
# Info: Optimizing partition '/MazeMemory/MazeMemory:core/MazeMemory:core:fsm': (Total ops = 7, Real ops = 3, Vars = 5) (SOL-10)
# Info: Optimizing partition '/MazeMemory/MazeMemory:core': (Total ops = 66, Real ops = 25, Vars = 28) (SOL-10)
# Info: Optimizing partition '/MazeMemory': (Total ops = 100, Real ops = 25, Vars = 47) (SOL-10)
# Info: Optimizing partition '/MazeMemory': (Total ops = 100, Real ops = 25, Vars = 47) (SOL-10)
# Info: Optimizing partition '/MazeMemory/MazeMemory:core': (Total ops = 66, Real ops = 25, Vars = 28) (SOL-10)
# Info: Optimizing partition '/MazeMemory/MazeMemory:core/MazeMemory:core:fsm': (Total ops = 7, Real ops = 3, Vars = 5) (SOL-10)
# Info: Optimizing partition '/MazeMemory/MazeMemory:core/MazeMemory:core:fsm/MazeMemory:core:fsm': (Total ops = 1, Real ops = 1, Vars = 1) (SOL-10)
# Info: Optimizing partition '/MazeMemory': (Total ops = 100, Real ops = 25, Vars = 47) (SOL-10)
# Info: Optimizing partition '/MazeMemory/MazeMemory:core': (Total ops = 66, Real ops = 25, Vars = 28) (SOL-10)
# Info: Optimizing partition '/MazeMemory/MazeMemory:core/MazeMemory:core:fsm': (Total ops = 7, Real ops = 3, Vars = 5) (SOL-10)
# Info: Optimizing partition '/MazeMemory/MazeMemory:core/MazeMemory:core:fsm/MazeMemory:core:fsm': (Total ops = 1, Real ops = 1, Vars = 1) (SOL-10)
# Info: Optimizing partition '/MazeMemory': (Total ops = 106, Real ops = 29, Vars = 82) (SOL-10)
# Info: Optimizing partition '/MazeMemory/MazeMemory:core': (Total ops = 72, Real ops = 29, Vars = 63) (SOL-10)
# Info: Optimizing partition '/MazeMemory/MazeMemory:core/MazeMemory:core:fsm': (Total ops = 6, Real ops = 2, Vars = 5) (SOL-10)
# Info: Optimizing partition '/MazeMemory/MazeMemory:core/MazeMemory:core:fsm/MazeMemory:core:fsm': (Total ops = 1, Real ops = 1, Vars = 1) (SOL-10)
# Netlist written to file 'schematic.nlv' (NET-4)
# Info: Optimizing partition '/MazeMemory': (Total ops = 106, Real ops = 29, Vars = 82) (SOL-10)
# Info: Optimizing partition '/MazeMemory/MazeMemory:core': (Total ops = 72, Real ops = 29, Vars = 63) (SOL-10)
# Info: Optimizing partition '/MazeMemory/MazeMemory:core/MazeMemory:core:fsm': (Total ops = 7, Real ops = 3, Vars = 5) (SOL-10)
# Info: Optimizing partition '/MazeMemory/MazeMemory:core/MazeMemory:core:fsm/MazeMemory:core:fsm': (Total ops = 1, Real ops = 1, Vars = 1) (SOL-10)
# Info: Optimizing partition '/MazeMemory': (Total ops = 100, Real ops = 25, Vars = 47) (SOL-10)
# Info: Optimizing partition '/MazeMemory/MazeMemory:core': (Total ops = 66, Real ops = 25, Vars = 28) (SOL-10)
# Info: Optimizing partition '/MazeMemory': (Total ops = 100, Real ops = 25, Vars = 47) (SOL-10)
# Info: Optimizing partition '/MazeMemory/MazeMemory:core': (Total ops = 66, Real ops = 25, Vars = 28) (SOL-10)
# Info: Optimizing partition '/MazeMemory/MazeMemory:core/MazeMemory:core:fsm': (Total ops = 7, Real ops = 3, Vars = 5) (SOL-10)
# Info: Optimizing partition '/MazeMemory/MazeMemory:core/MazeMemory:core:fsm/MazeMemory:core:fsm': (Total ops = 1, Real ops = 1, Vars = 1) (SOL-10)
# Report written to file 'rtl.rpt'
# Netlist written to file 'rtl.vhdl' (NET-4)
# generate concat
# order file name is: rtl.vhdl_order.txt
# Add dependent file: ./rtl_funcs.vhd
# Add dependent file: ./rtl_mux_pkg.vhdl
# Add dependent file: ./rtl_mgc_ioport.vhd
# Add dependent file: C:/PROGRA~1/CALYPT~1/CATAPU~1.126/Mgc_home/pkgs/hls_pkgs/mgc_comps_src/mgc_comps.vhd
# Add dependent file: C:/PROGRA~1/CALYPT~1/CATAPU~1.126/Mgc_home/pkgs/hls_pkgs/mgc_comps_src/mgc_generic_reg_beh.vhd
# Add dependent file: C:/PROGRA~1/CALYPT~1/CATAPU~1.126/Mgc_home/pkgs/siflibs/ram_singleport_be_fpga.vhd
# Add dependent file: ./rtl.vhdl
# Finished writing concatenated file: //icnas2.cc.ic.ac.uk/kjr115/Project/Musca/Game Engine/catapult_projects/maze_ram++/MazeRAM+/MazeMemory.v1/concat_rtl.vhdl
# Synthesis timing script written to file './rtl.vhdl.psr_timing'
# IO timing constraints written to synthesis script file
# Synthesis script written to file 'rtl.vhdl.psr'
# Info: Completed transformation 'extract' on solution 'MazeMemory.v1': elapsed time 2.00 seconds, memory usage 163704kB, peak memory usage 181148kB (SOL-9)
options set Output OutputVHDL false
# false
options set Output OutputVerilog true
# true
# File '$PROJECT_HOME/../../../src/MazeArray.cpp' saved
# Input file has changed
go new
solution file set {$PROJECT_HOME/../../../src/MazeArray.cpp} -updated
# Info: Branching solution 'solution.v1' at state 'new' (PRJ-2)
go extract
# Info: Starting transformation 'analyze' on solution 'solution.v1' (SOL-8)
# Front End called with arguments: -- {\\icnas2.cc.ic.ac.uk\kjr115\Project\Musca\src\MazeArray.cpp} (CIN-69)
# Edison Design Group C++/C Front End - Version 3.10.1 (CIN-1)
# Source file analysis completed (CIN-68)
# Info: Completed transformation 'analyze' on solution 'solution.v1': elapsed time 0.95 seconds, memory usage 166616kB, peak memory usage 190276kB (SOL-9)
# Info: Starting transformation 'compile' on solution 'solution.v1' (SOL-8)
# Generating synthesis internal form... (CIN-3)
# $PROJECT_HOME/../../../src/MazeArray.cpp(7): Found top design routine 'MazeMemory' specified by directive (CIN-52)
# $PROJECT_HOME/../../../src/MazeArray.cpp(7): Synthesizing routine 'MazeMemory' (CIN-13)
# $PROJECT_HOME/../../../src/MazeArray.cpp(7): Inlining routine 'MazeMemory' (CIN-14)
# Warning: $PROJECT_HOME/../../../src/MazeArray.cpp(10): Instantiating global variable 'maze' which may be accessed outside this scope (CIN-18)
# $PROJECT_HOME/../../../src/MazeArray.cpp(7): Optimizing block '/MazeMemory' ... (CIN-4)
# $PROJECT_HOME/../../../src/MazeArray.cpp(7): Inout port 'out' is only used as an output. (OPT-11)
# Info: Optimizing partition '/MazeMemory': (Total ops = 24, Real ops = 1, Vars = 15) (SOL-10)
# Info: Optimizing partition '/MazeMemory/core': (Total ops = 24, Real ops = 1, Vars = 9) (SOL-10)
# Info: Optimizing partition '/MazeMemory/core': (Total ops = 24, Real ops = 1, Vars = 9) (SOL-10)
# Info: Optimizing partition '/MazeMemory': (Total ops = 24, Real ops = 1, Vars = 15) (SOL-10)
# Info: Optimizing partition '/MazeMemory': (Total ops = 24, Real ops = 1, Vars = 15) (SOL-10)
# Info: Optimizing partition '/MazeMemory/core': (Total ops = 24, Real ops = 1, Vars = 9) (SOL-10)
# Info: Optimizing partition '/MazeMemory/core': (Total ops = 15, Real ops = 1, Vars = 7) (SOL-10)
# Info: Optimizing partition '/MazeMemory': (Total ops = 15, Real ops = 1, Vars = 13) (SOL-10)
# Info: Optimizing partition '/MazeMemory': (Total ops = 15, Real ops = 1, Vars = 13) (SOL-10)
# Info: Optimizing partition '/MazeMemory/core': (Total ops = 15, Real ops = 1, Vars = 7) (SOL-10)
# Info: Optimizing partition '/MazeMemory/core': (Total ops = 12, Real ops = 1, Vars = 5) (SOL-10)
# Info: Optimizing partition '/MazeMemory': (Total ops = 12, Real ops = 1, Vars = 11) (SOL-10)
# Info: Optimizing partition '/MazeMemory/core': (Total ops = 12, Real ops = 1, Vars = 5) (SOL-10)
# Info: Optimizing partition '/MazeMemory': (Total ops = 12, Real ops = 1, Vars = 11) (SOL-10)
# Info: Optimizing partition '/MazeMemory': (Total ops = 12, Real ops = 1, Vars = 11) (SOL-10)
# Info: Optimizing partition '/MazeMemory/core': (Total ops = 12, Real ops = 1, Vars = 5) (SOL-10)
# Info: Optimizing partition '/MazeMemory/core': (Total ops = 11, Real ops = 0, Vars = 5) (SOL-10)
# Info: Optimizing partition '/MazeMemory': (Total ops = 11, Real ops = 0, Vars = 11) (SOL-10)
# Info: Optimizing partition '/MazeMemory/core': (Total ops = 11, Real ops = 0, Vars = 5) (SOL-10)
# Info: Optimizing partition '/MazeMemory': (Total ops = 11, Real ops = 0, Vars = 11) (SOL-10)
# Info: Optimizing partition '/MazeMemory': (Total ops = 11, Real ops = 0, Vars = 11) (SOL-10)
# Info: Optimizing partition '/MazeMemory/core': (Total ops = 11, Real ops = 0, Vars = 5) (SOL-10)
# Design 'MazeMemory' was read (SOL-1)
# Info: Completed transformation 'compile' on solution 'MazeMemory.v2': elapsed time 0.58 seconds, memory usage 167656kB, peak memory usage 190276kB (SOL-9)
# Info: Starting transformation 'architect' on solution 'MazeMemory.v2' (SOL-8)
# $PROJECT_HOME/../../../src/MazeArray.cpp(7): Loop '/MazeMemory/core/main' is left rolled. (LOOP-4)
# $PROJECT_HOME/../../../src/MazeArray.cpp(7): I/O-Port inferred - resource 'row:rsc' (from var: row) mapped to 'mgc_ioport.mgc_in_wire' (size: 5). (MEM-2)
# $PROJECT_HOME/../../../src/MazeArray.cpp(7): I/O-Port inferred - resource 'col:rsc' (from var: col) mapped to 'mgc_ioport.mgc_in_wire' (size: 5). (MEM-2)
# $PROJECT_HOME/../../../src/MazeArray.cpp(7): I/O-Port inferred - resource 'val:rsc' (from var: val) mapped to 'mgc_ioport.mgc_in_wire' (size: 4). (MEM-2)
# $PROJECT_HOME/../../../src/MazeArray.cpp(7): I/O-Port inferred - resource 'write:rsc' (from var: write) mapped to 'mgc_ioport.mgc_in_wire' (size: 1). (MEM-2)
# $PROJECT_HOME/../../../src/MazeArray.cpp(7): I/O-Port inferred - resource 'out:rsc' (from var: out) mapped to 'mgc_ioport.mgc_out_stdreg' (size: 4). (MEM-2)
# $PROJECT_HOME/../../../src/MazeArray.cpp(7): I/O-Port inferred - resource 'init:rsc' (from var: init) mapped to 'mgc_ioport.mgc_in_wire' (size: 1). (MEM-2)
# $PROJECT_HOME/../../../src/MazeArray.cpp(5): Memory inferred - resource 'maze:rsc' (from var: maze) mapped to 'ram_Altera-Cyclone-III-6_RAMSB.singleport' (size: 4096 x 4). (MEM-4)
# Info: Optimizing partition '/MazeMemory': (Total ops = 24, Real ops = 3, Vars = 15) (SOL-10)
# Info: Optimizing partition '/MazeMemory/core': (Total ops = 24, Real ops = 3, Vars = 7) (SOL-10)
# Info: Optimizing partition '/MazeMemory/core': (Total ops = 35, Real ops = 3, Vars = 10) (SOL-10)
# Info: Optimizing partition '/MazeMemory/core': (Total ops = 33, Real ops = 3, Vars = 8) (SOL-10)
# Info: Optimizing partition '/MazeMemory': (Total ops = 33, Real ops = 3, Vars = 16) (SOL-10)
# Info: Optimizing partition '/MazeMemory/core': (Total ops = 29, Real ops = 3, Vars = 10) (SOL-10)
# Info: Optimizing partition '/MazeMemory/core': (Total ops = 29, Real ops = 3, Vars = 8) (SOL-10)
# Info: Optimizing partition '/MazeMemory': (Total ops = 29, Real ops = 3, Vars = 16) (SOL-10)
# Info: Optimizing partition '/MazeMemory/core': (Total ops = 29, Real ops = 3, Vars = 8) (SOL-10)
# Info: Optimizing partition '/MazeMemory': (Total ops = 29, Real ops = 3, Vars = 16) (SOL-10)
# Info: Optimizing partition '/MazeMemory': (Total ops = 29, Real ops = 3, Vars = 16) (SOL-10)
# Info: Optimizing partition '/MazeMemory/core': (Total ops = 29, Real ops = 3, Vars = 8) (SOL-10)
# Info: Optimizing partition '/MazeMemory/core': (Total ops = 88, Real ops = 6, Vars = 43) (SOL-10)
# Info: Optimizing partition '/MazeMemory/core': (Total ops = 29, Real ops = 4, Vars = 7) (SOL-10)
# Design 'MazeMemory' contains '4' real operations. (SOL-11)
# Info: Completed transformation 'architect' on solution 'MazeMemory.v2': elapsed time 1.00 seconds, memory usage 167728kB, peak memory usage 190276kB (SOL-9)
# Info: Starting transformation 'allocate' on solution 'MazeMemory.v2' (SOL-8)
# Performing concurrent resource allocation and scheduling on '/MazeMemory/core' (CRAAS-1)
# Info: Select qualified components for data operations ... (CRAAS-3)
# Info: Apply resource constraints on data operations ... (CRAAS-4)
# $PROJECT_HOME/../../../src/MazeArray.cpp(7): Prescheduled LOOP 'main' (3 c-steps) (SCHD-7)
# $PROJECT_HOME/../../../src/MazeArray.cpp(10): Prescheduled LOOP 'maze:vinit' (2 c-steps) (SCHD-7)
# $PROJECT_HOME/../../../src/MazeArray.cpp(7): Prescheduled LOOP 'core:rlp' (1 c-steps) (SCHD-7)
# $PROJECT_HOME/../../../src/MazeArray.cpp(7): Prescheduled SEQUENTIAL 'core' (total length 8196 c-steps) (SCHD-8)
# Info: Initial schedule of SEQUENTIAL 'core': Latency = 2, Area (Datapath, Register, Total) = 16.68, 0.00, 16.68 (CRAAS-11)
# At least one feasible schedule exists. (CRAAS-9)
# Info: Final schedule of SEQUENTIAL 'core': Latency = 2, Area (Datapath, Register, Total) = 16.68, 0.00, 16.68 (CRAAS-12)
# Resource allocation and scheduling done. (CRAAS-2)
# Netlist written to file 'schedule.gnt' (NET-4)
# Info: Completed transformation 'allocate' on solution 'MazeMemory.v2': elapsed time 0.09 seconds, memory usage 167728kB, peak memory usage 190276kB (SOL-9)
# Info: Starting transformation 'schedule' on solution 'MazeMemory.v2' (SOL-8)
# Performing concurrent resource allocation and scheduling on '/MazeMemory/core' (CRAAS-1)
# Global signal 'row:rsc.z' added to design 'MazeMemory' for component 'row:rsc:mgc_in_wire' (LIB-3)
# Global signal 'col:rsc.z' added to design 'MazeMemory' for component 'col:rsc:mgc_in_wire' (LIB-3)
# Global signal 'val:rsc.z' added to design 'MazeMemory' for component 'val:rsc:mgc_in_wire' (LIB-3)
# Global signal 'write:rsc.z' added to design 'MazeMemory' for component 'write:rsc:mgc_in_wire' (LIB-3)
# Global signal 'out:rsc.z' added to design 'MazeMemory' for component 'out:rsc:mgc_out_stdreg' (LIB-3)
# Global signal 'init:rsc.z' added to design 'MazeMemory' for component 'init:rsc:mgc_in_wire' (LIB-3)
# Info: Optimizing partition '/MazeMemory': (Total ops = 135, Real ops = 8, Vars = 59) (SOL-10)
# Info: Optimizing partition '/MazeMemory/MazeMemory:core': (Total ops = 98, Real ops = 7, Vars = 37) (SOL-10)
# Info: Optimizing partition '/MazeMemory/MazeMemory:core/core': (Total ops = 85, Real ops = 7, Vars = 24) (SOL-10)
# Info: Optimizing partition '/MazeMemory/MazeMemory:core/core': (Total ops = 63, Real ops = 4, Vars = 9) (SOL-10)
# Info: Optimizing partition '/MazeMemory/MazeMemory:core/core': (Total ops = 62, Real ops = 3, Vars = 8) (SOL-10)
# Info: Optimizing partition '/MazeMemory': (Total ops = 111, Real ops = 3, Vars = 40) (SOL-10)
# Info: Optimizing partition '/MazeMemory/MazeMemory:core': (Total ops = 75, Real ops = 3, Vars = 21) (SOL-10)
# Info: Optimizing partition '/MazeMemory/MazeMemory:core/core': (Total ops = 62, Real ops = 3, Vars = 8) (SOL-10)
# Info: Optimizing partition '/MazeMemory': (Total ops = 109, Real ops = 3, Vars = 40) (SOL-10)
# Info: Optimizing partition '/MazeMemory/MazeMemory:core': (Total ops = 75, Real ops = 3, Vars = 21) (SOL-10)
# Info: Optimizing partition '/MazeMemory/MazeMemory:core/core': (Total ops = 62, Real ops = 3, Vars = 8) (SOL-10)
# Info: Optimizing partition '/MazeMemory': (Total ops = 109, Real ops = 3, Vars = 40) (SOL-10)
# Report written to file 'cycle.rpt'
# Info: Optimizing partition '/MazeMemory/MazeMemory:core/core': (Total ops = 96, Real ops = 5, Vars = 18) (SOL-10)
# Info: Optimizing partition '/MazeMemory/MazeMemory:core/core': (Total ops = 78, Real ops = 5, Vars = 13) (SOL-10)
# Info: Optimizing partition '/MazeMemory': (Total ops = 129, Real ops = 5, Vars = 49) (SOL-10)
# Info: Optimizing partition '/MazeMemory/MazeMemory:core': (Total ops = 95, Real ops = 5, Vars = 30) (SOL-10)
# Info: Optimizing partition '/MazeMemory/MazeMemory:core/core': (Total ops = 100, Real ops = 5, Vars = 13) (SOL-10)
# Info: Optimizing partition '/MazeMemory/MazeMemory:core/core': (Total ops = 97, Real ops = 5, Vars = 13) (SOL-10)
# Info: Optimizing partition '/MazeMemory': (Total ops = 148, Real ops = 5, Vars = 51) (SOL-10)
# Info: Optimizing partition '/MazeMemory/MazeMemory:core': (Total ops = 114, Real ops = 5, Vars = 32) (SOL-10)
# Info: Optimizing partition '/MazeMemory/MazeMemory:core/core': (Total ops = 99, Real ops = 5, Vars = 16) (SOL-10)
# Info: Optimizing partition '/MazeMemory/MazeMemory:core/core': (Total ops = 99, Real ops = 5, Vars = 15) (SOL-10)
# Info: Optimizing partition '/MazeMemory': (Total ops = 150, Real ops = 5, Vars = 53) (SOL-10)
# Info: Optimizing partition '/MazeMemory/MazeMemory:core': (Total ops = 116, Real ops = 5, Vars = 34) (SOL-10)
# Netlist written to file 'cycle.v' (NET-4)
# Info: Completed transformation 'schedule' on solution 'MazeMemory.v2': elapsed time 0.89 seconds, memory usage 171304kB, peak memory usage 190276kB (SOL-9)
# Info: Starting transformation 'dpfsm' on solution 'MazeMemory.v2' (SOL-8)
# Performing FSM extraction... (FSM-1)
# Info: Optimizing partition '/MazeMemory': (Total ops = 165, Real ops = 38, Vars = 124) (SOL-10)
# Info: Optimizing partition '/MazeMemory/MazeMemory:core': (Total ops = 131, Real ops = 38, Vars = 105) (SOL-10)
# Info: Optimizing partition '/MazeMemory/MazeMemory:core/MazeMemory:core:fsm': (Total ops = 8, Real ops = 3, Vars = 10) (SOL-10)
# Info: Optimizing partition '/MazeMemory/MazeMemory:core/MazeMemory:core:fsm/MazeMemory:core:fsm': (Total ops = 1, Real ops = 1, Vars = 1) (SOL-10)
# Info: Optimizing partition '/MazeMemory': (Total ops = 148, Real ops = 35, Vars = 46) (SOL-10)
# Info: Optimizing partition '/MazeMemory/MazeMemory:core': (Total ops = 114, Real ops = 35, Vars = 27) (SOL-10)
# Info: Optimizing partition '/MazeMemory/MazeMemory:core/MazeMemory:core:fsm': (Total ops = 7, Real ops = 3, Vars = 5) (SOL-10)
# Info: Optimizing partition '/MazeMemory/MazeMemory:core/MazeMemory:core:fsm/MazeMemory:core:fsm': (Total ops = 1, Real ops = 1, Vars = 1) (SOL-10)
# Info: Optimizing partition '/MazeMemory': (Total ops = 106, Real ops = 30, Vars = 46) (SOL-10)
# Info: Optimizing partition '/MazeMemory/MazeMemory:core': (Total ops = 72, Real ops = 30, Vars = 27) (SOL-10)
# Info: Optimizing partition '/MazeMemory/MazeMemory:core/MazeMemory:core:fsm': (Total ops = 7, Real ops = 3, Vars = 5) (SOL-10)
# Info: Optimizing partition '/MazeMemory/MazeMemory:core/MazeMemory:core:fsm/MazeMemory:core:fsm': (Total ops = 1, Real ops = 1, Vars = 1) (SOL-10)
# Info: Optimizing partition '/MazeMemory': (Total ops = 106, Real ops = 30, Vars = 46) (SOL-10)
# Info: Optimizing partition '/MazeMemory/MazeMemory:core': (Total ops = 72, Real ops = 30, Vars = 27) (SOL-10)
# Info: Optimizing partition '/MazeMemory': (Total ops = 108, Real ops = 27, Vars = 52) (SOL-10)
# Info: Optimizing partition '/MazeMemory/MazeMemory:core': (Total ops = 74, Real ops = 27, Vars = 33) (SOL-10)
# Info: Optimizing partition '/MazeMemory/MazeMemory:core/MazeMemory:core:fsm': (Total ops = 7, Real ops = 3, Vars = 5) (SOL-10)
# Info: Optimizing partition '/MazeMemory/MazeMemory:core/MazeMemory:core:fsm/MazeMemory:core:fsm': (Total ops = 1, Real ops = 1, Vars = 1) (SOL-10)
# Info: Optimizing partition '/MazeMemory': (Total ops = 104, Real ops = 27, Vars = 48) (SOL-10)
# Info: Optimizing partition '/MazeMemory/MazeMemory:core': (Total ops = 70, Real ops = 27, Vars = 29) (SOL-10)
# Info: Optimizing partition '/MazeMemory/MazeMemory:core/MazeMemory:core:fsm': (Total ops = 7, Real ops = 3, Vars = 5) (SOL-10)
# Info: Optimizing partition '/MazeMemory/MazeMemory:core': (Total ops = 70, Real ops = 27, Vars = 29) (SOL-10)
# Info: Optimizing partition '/MazeMemory': (Total ops = 104, Real ops = 27, Vars = 48) (SOL-10)
# Info: Optimizing partition '/MazeMemory': (Total ops = 104, Real ops = 27, Vars = 48) (SOL-10)
# Info: Optimizing partition '/MazeMemory/MazeMemory:core': (Total ops = 70, Real ops = 27, Vars = 29) (SOL-10)
# Info: Optimizing partition '/MazeMemory/MazeMemory:core/MazeMemory:core:fsm': (Total ops = 7, Real ops = 3, Vars = 5) (SOL-10)
# Info: Optimizing partition '/MazeMemory/MazeMemory:core/MazeMemory:core:fsm/MazeMemory:core:fsm': (Total ops = 1, Real ops = 1, Vars = 1) (SOL-10)
# Info: Optimizing partition '/MazeMemory': (Total ops = 104, Real ops = 27, Vars = 48) (SOL-10)
# Info: Optimizing partition '/MazeMemory/MazeMemory:core': (Total ops = 70, Real ops = 27, Vars = 29) (SOL-10)
# Info: Optimizing partition '/MazeMemory/MazeMemory:core/MazeMemory:core:fsm': (Total ops = 7, Real ops = 3, Vars = 5) (SOL-10)
# Info: Optimizing partition '/MazeMemory/MazeMemory:core/MazeMemory:core:fsm/MazeMemory:core:fsm': (Total ops = 1, Real ops = 1, Vars = 1) (SOL-10)
# Info: Completed transformation 'dpfsm' on solution 'MazeMemory.v2': elapsed time 0.17 seconds, memory usage 171304kB, peak memory usage 190276kB (SOL-9)
# Info: Starting transformation 'extract' on solution 'MazeMemory.v2' (SOL-8)
# Info: Optimizing partition '/MazeMemory': (Total ops = 112, Real ops = 32, Vars = 88) (SOL-10)
# Info: Optimizing partition '/MazeMemory/MazeMemory:core': (Total ops = 78, Real ops = 32, Vars = 69) (SOL-10)
# Info: Optimizing partition '/MazeMemory/MazeMemory:core/MazeMemory:core:fsm': (Total ops = 7, Real ops = 3, Vars = 5) (SOL-10)
# Info: Optimizing partition '/MazeMemory/MazeMemory:core/MazeMemory:core:fsm/MazeMemory:core:fsm': (Total ops = 1, Real ops = 1, Vars = 1) (SOL-10)
# Info: Optimizing partition '/MazeMemory': (Total ops = 100, Real ops = 25, Vars = 47) (SOL-10)
# Info: Optimizing partition '/MazeMemory/MazeMemory:core': (Total ops = 66, Real ops = 25, Vars = 28) (SOL-10)
# Info: Optimizing partition '/MazeMemory/MazeMemory:core/MazeMemory:core:fsm': (Total ops = 7, Real ops = 3, Vars = 5) (SOL-10)
# Info: Optimizing partition '/MazeMemory/MazeMemory:core': (Total ops = 66, Real ops = 25, Vars = 28) (SOL-10)
# Info: Optimizing partition '/MazeMemory': (Total ops = 100, Real ops = 25, Vars = 47) (SOL-10)
# Info: Optimizing partition '/MazeMemory': (Total ops = 100, Real ops = 25, Vars = 47) (SOL-10)
# Info: Optimizing partition '/MazeMemory/MazeMemory:core': (Total ops = 66, Real ops = 25, Vars = 28) (SOL-10)
# Info: Optimizing partition '/MazeMemory/MazeMemory:core/MazeMemory:core:fsm': (Total ops = 7, Real ops = 3, Vars = 5) (SOL-10)
# Info: Optimizing partition '/MazeMemory/MazeMemory:core/MazeMemory:core:fsm/MazeMemory:core:fsm': (Total ops = 1, Real ops = 1, Vars = 1) (SOL-10)
# Info: Optimizing partition '/MazeMemory': (Total ops = 100, Real ops = 25, Vars = 47) (SOL-10)
# Info: Optimizing partition '/MazeMemory/MazeMemory:core': (Total ops = 66, Real ops = 25, Vars = 28) (SOL-10)
# Info: Optimizing partition '/MazeMemory/MazeMemory:core/MazeMemory:core:fsm': (Total ops = 7, Real ops = 3, Vars = 5) (SOL-10)
# Info: Optimizing partition '/MazeMemory/MazeMemory:core/MazeMemory:core:fsm/MazeMemory:core:fsm': (Total ops = 1, Real ops = 1, Vars = 1) (SOL-10)
# Info: Optimizing partition '/MazeMemory': (Total ops = 106, Real ops = 29, Vars = 82) (SOL-10)
# Info: Optimizing partition '/MazeMemory/MazeMemory:core': (Total ops = 72, Real ops = 29, Vars = 63) (SOL-10)
# Info: Optimizing partition '/MazeMemory/MazeMemory:core/MazeMemory:core:fsm': (Total ops = 6, Real ops = 2, Vars = 5) (SOL-10)
# Info: Optimizing partition '/MazeMemory/MazeMemory:core/MazeMemory:core:fsm/MazeMemory:core:fsm': (Total ops = 1, Real ops = 1, Vars = 1) (SOL-10)
# Netlist written to file 'schematic.nlv' (NET-4)
# Info: Optimizing partition '/MazeMemory': (Total ops = 106, Real ops = 29, Vars = 82) (SOL-10)
# Info: Optimizing partition '/MazeMemory/MazeMemory:core': (Total ops = 72, Real ops = 29, Vars = 63) (SOL-10)
# Info: Optimizing partition '/MazeMemory/MazeMemory:core/MazeMemory:core:fsm': (Total ops = 7, Real ops = 3, Vars = 5) (SOL-10)
# Info: Optimizing partition '/MazeMemory/MazeMemory:core/MazeMemory:core:fsm/MazeMemory:core:fsm': (Total ops = 1, Real ops = 1, Vars = 1) (SOL-10)
# Info: Optimizing partition '/MazeMemory': (Total ops = 100, Real ops = 25, Vars = 47) (SOL-10)
# Info: Optimizing partition '/MazeMemory/MazeMemory:core': (Total ops = 66, Real ops = 25, Vars = 28) (SOL-10)
# Info: Optimizing partition '/MazeMemory': (Total ops = 100, Real ops = 25, Vars = 47) (SOL-10)
# Info: Optimizing partition '/MazeMemory/MazeMemory:core': (Total ops = 66, Real ops = 25, Vars = 28) (SOL-10)
# Info: Optimizing partition '/MazeMemory/MazeMemory:core/MazeMemory:core:fsm': (Total ops = 7, Real ops = 3, Vars = 5) (SOL-10)
# Info: Optimizing partition '/MazeMemory/MazeMemory:core/MazeMemory:core:fsm/MazeMemory:core:fsm': (Total ops = 1, Real ops = 1, Vars = 1) (SOL-10)
# Report written to file 'rtl.rpt'
# Netlist written to file 'rtl.v' (NET-4)
# generate concat
# order file name is: rtl.v_order.txt
# Add dependent file: ./rtl_mgc_ioport.v
# Add dependent file: ./rtl_mgc_ioport_v2001.v
# Add dependent file: C:/PROGRA~1/CALYPT~1/CATAPU~1.126/Mgc_home/pkgs/hls_pkgs/mgc_comps_src/mgc_generic_reg_beh.v
# Add dependent file: C:/PROGRA~1/CALYPT~1/CATAPU~1.126/Mgc_home/pkgs/siflibs/ram_singleport_be_fpga.v
# Add dependent file: ./rtl.v
# Finished writing concatenated file: //icnas2.cc.ic.ac.uk/kjr115/Project/Musca/Game Engine/catapult_projects/maze_ram++/MazeRAM+/MazeMemory.v2/concat_rtl.v
# Synthesis timing script written to file './rtl.v.psr_timing'
# IO timing constraints written to synthesis script file
# Synthesis script written to file 'rtl.v.psr'
# Info: Completed transformation 'extract' on solution 'MazeMemory.v2': elapsed time 1.39 seconds, memory usage 171304kB, peak memory usage 190276kB (SOL-9)
# File '$PROJECT_HOME/../../../src/MazeArray.cpp' saved
# File '$PROJECT_HOME/../../../src/MazeArray.cpp' saved
# Input file has changed
go new
solution file set {$PROJECT_HOME/../../../src/MazeArray.cpp} -updated
# Info: Branching solution 'solution.v1' at state 'new' (PRJ-2)
go extract
# Info: Starting transformation 'analyze' on solution 'solution.v1' (SOL-8)
# Front End called with arguments: -- {\\icnas2.cc.ic.ac.uk\kjr115\Project\Musca\src\MazeArray.cpp} (CIN-69)
# Edison Design Group C++/C Front End - Version 3.10.1 (CIN-1)
# Source file analysis completed (CIN-68)
# Info: Completed transformation 'analyze' on solution 'solution.v1': elapsed time 0.80 seconds, memory usage 176808kB, peak memory usage 198148kB (SOL-9)
# Info: Starting transformation 'compile' on solution 'solution.v1' (SOL-8)
# Generating synthesis internal form... (CIN-3)
# $PROJECT_HOME/../../../src/MazeArray.cpp(7): Found top design routine 'MazeMemory' specified by directive (CIN-52)
# $PROJECT_HOME/../../../src/MazeArray.cpp(7): Synthesizing routine 'MazeMemory' (CIN-13)
# $PROJECT_HOME/../../../src/MazeArray.cpp(7): Inlining routine 'MazeMemory' (CIN-14)
# Warning: $PROJECT_HOME/../../../src/MazeArray.cpp(10): Instantiating global variable 'maze' which may be accessed outside this scope (CIN-18)
# $PROJECT_HOME/../../../src/MazeArray.cpp(7): Optimizing block '/MazeMemory' ... (CIN-4)
# $PROJECT_HOME/../../../src/MazeArray.cpp(7): Inout port 'out' is only used as an output. (OPT-11)
# Info: Optimizing partition '/MazeMemory': (Total ops = 23, Real ops = 0, Vars = 15) (SOL-10)
# Info: Optimizing partition '/MazeMemory/core': (Total ops = 23, Real ops = 0, Vars = 9) (SOL-10)
# Info: Optimizing partition '/MazeMemory/core': (Total ops = 23, Real ops = 0, Vars = 9) (SOL-10)
# Info: Optimizing partition '/MazeMemory': (Total ops = 23, Real ops = 0, Vars = 15) (SOL-10)
# Info: Optimizing partition '/MazeMemory': (Total ops = 23, Real ops = 0, Vars = 15) (SOL-10)
# Info: Optimizing partition '/MazeMemory/core': (Total ops = 23, Real ops = 0, Vars = 9) (SOL-10)
# Info: Optimizing partition '/MazeMemory/core': (Total ops = 14, Real ops = 0, Vars = 7) (SOL-10)
# Info: Optimizing partition '/MazeMemory': (Total ops = 14, Real ops = 0, Vars = 13) (SOL-10)
# Info: Optimizing partition '/MazeMemory': (Total ops = 14, Real ops = 0, Vars = 13) (SOL-10)
# Info: Optimizing partition '/MazeMemory/core': (Total ops = 14, Real ops = 0, Vars = 7) (SOL-10)
# Info: Optimizing partition '/MazeMemory/core': (Total ops = 11, Real ops = 0, Vars = 5) (SOL-10)
# Info: Optimizing partition '/MazeMemory': (Total ops = 11, Real ops = 0, Vars = 11) (SOL-10)
# Info: Optimizing partition '/MazeMemory/core': (Total ops = 11, Real ops = 0, Vars = 5) (SOL-10)
# Info: Optimizing partition '/MazeMemory': (Total ops = 11, Real ops = 0, Vars = 11) (SOL-10)
# Info: Optimizing partition '/MazeMemory': (Total ops = 11, Real ops = 0, Vars = 11) (SOL-10)
# Info: Optimizing partition '/MazeMemory/core': (Total ops = 11, Real ops = 0, Vars = 5) (SOL-10)
# Info: Optimizing partition '/MazeMemory/core': (Total ops = 11, Real ops = 0, Vars = 5) (SOL-10)
# Info: Optimizing partition '/MazeMemory': (Total ops = 11, Real ops = 0, Vars = 11) (SOL-10)
# Info: Optimizing partition '/MazeMemory': (Total ops = 11, Real ops = 0, Vars = 11) (SOL-10)
# Info: Optimizing partition '/MazeMemory/core': (Total ops = 11, Real ops = 0, Vars = 5) (SOL-10)
# Design 'MazeMemory' was read (SOL-1)
# Info: Completed transformation 'compile' on solution 'MazeMemory.v3': elapsed time 0.83 seconds, memory usage 177528kB, peak memory usage 198148kB (SOL-9)
# Info: Starting transformation 'architect' on solution 'MazeMemory.v3' (SOL-8)
# $PROJECT_HOME/../../../src/MazeArray.cpp(7): Loop '/MazeMemory/core/main' is left rolled. (LOOP-4)
# $PROJECT_HOME/../../../src/MazeArray.cpp(7): I/O-Port inferred - resource 'row:rsc' (from var: row) mapped to 'mgc_ioport.mgc_in_wire' (size: 5). (MEM-2)
# $PROJECT_HOME/../../../src/MazeArray.cpp(7): I/O-Port inferred - resource 'col:rsc' (from var: col) mapped to 'mgc_ioport.mgc_in_wire' (size: 5). (MEM-2)
# $PROJECT_HOME/../../../src/MazeArray.cpp(7): I/O-Port inferred - resource 'val:rsc' (from var: val) mapped to 'mgc_ioport.mgc_in_wire' (size: 4). (MEM-2)
# $PROJECT_HOME/../../../src/MazeArray.cpp(7): I/O-Port inferred - resource 'write:rsc' (from var: write) mapped to 'mgc_ioport.mgc_in_wire' (size: 1). (MEM-2)
# $PROJECT_HOME/../../../src/MazeArray.cpp(7): I/O-Port inferred - resource 'out:rsc' (from var: out) mapped to 'mgc_ioport.mgc_out_stdreg' (size: 4). (MEM-2)
# $PROJECT_HOME/../../../src/MazeArray.cpp(7): I/O-Port inferred - resource 'init:rsc' (from var: init) mapped to 'mgc_ioport.mgc_in_wire' (size: 1). (MEM-2)
# $PROJECT_HOME/../../../src/MazeArray.cpp(5): Memory inferred - resource 'maze:rsc' (from var: maze) mapped to 'ram_Altera-Cyclone-III-6_RAMSB.singleport' (size: 4096 x 4). (MEM-4)
# Info: Optimizing partition '/MazeMemory': (Total ops = 24, Real ops = 3, Vars = 15) (SOL-10)
# Info: Optimizing partition '/MazeMemory/core': (Total ops = 24, Real ops = 3, Vars = 7) (SOL-10)
# Info: Optimizing partition '/MazeMemory/core': (Total ops = 34, Real ops = 3, Vars = 8) (SOL-10)
# Info: Optimizing partition '/MazeMemory/core': (Total ops = 32, Real ops = 3, Vars = 7) (SOL-10)
# Info: Optimizing partition '/MazeMemory': (Total ops = 32, Real ops = 3, Vars = 15) (SOL-10)
# Info: Optimizing partition '/MazeMemory/core': (Total ops = 28, Real ops = 3, Vars = 9) (SOL-10)
# Info: Optimizing partition '/MazeMemory/core': (Total ops = 28, Real ops = 3, Vars = 7) (SOL-10)
# Info: Optimizing partition '/MazeMemory': (Total ops = 28, Real ops = 3, Vars = 15) (SOL-10)
# Info: Optimizing partition '/MazeMemory/core': (Total ops = 28, Real ops = 3, Vars = 7) (SOL-10)
# Info: Optimizing partition '/MazeMemory': (Total ops = 28, Real ops = 3, Vars = 15) (SOL-10)
# Info: Optimizing partition '/MazeMemory': (Total ops = 28, Real ops = 3, Vars = 15) (SOL-10)
# Info: Optimizing partition '/MazeMemory/core': (Total ops = 28, Real ops = 3, Vars = 7) (SOL-10)
# Info: Optimizing partition '/MazeMemory/core': (Total ops = 76, Real ops = 5, Vars = 36) (SOL-10)
# Info: Optimizing partition '/MazeMemory/core': (Total ops = 28, Real ops = 4, Vars = 7) (SOL-10)
# Design 'MazeMemory' contains '4' real operations. (SOL-11)
# Info: Completed transformation 'architect' on solution 'MazeMemory.v3': elapsed time 1.34 seconds, memory usage 177748kB, peak memory usage 198148kB (SOL-9)
# Info: Starting transformation 'allocate' on solution 'MazeMemory.v3' (SOL-8)
# Performing concurrent resource allocation and scheduling on '/MazeMemory/core' (CRAAS-1)
# Info: Select qualified components for data operations ... (CRAAS-3)
# Info: Apply resource constraints on data operations ... (CRAAS-4)
# $PROJECT_HOME/../../../src/MazeArray.cpp(7): Prescheduled LOOP 'main' (3 c-steps) (SCHD-7)
# $PROJECT_HOME/../../../src/MazeArray.cpp(10): Prescheduled LOOP 'maze:vinit' (2 c-steps) (SCHD-7)
# $PROJECT_HOME/../../../src/MazeArray.cpp(7): Prescheduled LOOP 'core:rlp' (1 c-steps) (SCHD-7)
# $PROJECT_HOME/../../../src/MazeArray.cpp(7): Prescheduled SEQUENTIAL 'core' (total length 8196 c-steps) (SCHD-8)
# Info: Initial schedule of SEQUENTIAL 'core': Latency = 2, Area (Datapath, Register, Total) = 16.68, 0.00, 16.68 (CRAAS-11)
# At least one feasible schedule exists. (CRAAS-9)
# Info: Final schedule of SEQUENTIAL 'core': Latency = 2, Area (Datapath, Register, Total) = 16.68, 0.00, 16.68 (CRAAS-12)
# Resource allocation and scheduling done. (CRAAS-2)
# Netlist written to file 'schedule.gnt' (NET-4)
# Info: Completed transformation 'allocate' on solution 'MazeMemory.v3': elapsed time 0.11 seconds, memory usage 177748kB, peak memory usage 198148kB (SOL-9)
# Info: Starting transformation 'schedule' on solution 'MazeMemory.v3' (SOL-8)
# Performing concurrent resource allocation and scheduling on '/MazeMemory/core' (CRAAS-1)
# Global signal 'row:rsc.z' added to design 'MazeMemory' for component 'row:rsc:mgc_in_wire' (LIB-3)
# Global signal 'col:rsc.z' added to design 'MazeMemory' for component 'col:rsc:mgc_in_wire' (LIB-3)
# Global signal 'val:rsc.z' added to design 'MazeMemory' for component 'val:rsc:mgc_in_wire' (LIB-3)
# Global signal 'write:rsc.z' added to design 'MazeMemory' for component 'write:rsc:mgc_in_wire' (LIB-3)
# Global signal 'out:rsc.z' added to design 'MazeMemory' for component 'out:rsc:mgc_out_stdreg' (LIB-3)
# Info: Optimizing partition '/MazeMemory': (Total ops = 130, Real ops = 8, Vars = 55) (SOL-10)
# Info: Optimizing partition '/MazeMemory/MazeMemory:core': (Total ops = 96, Real ops = 7, Vars = 35) (SOL-10)
# Info: Optimizing partition '/MazeMemory/MazeMemory:core/core': (Total ops = 84, Real ops = 7, Vars = 23) (SOL-10)
# Info: Optimizing partition '/MazeMemory/MazeMemory:core/core': (Total ops = 61, Real ops = 3, Vars = 7) (SOL-10)
# Info: Optimizing partition '/MazeMemory': (Total ops = 106, Real ops = 3, Vars = 36) (SOL-10)
# Info: Optimizing partition '/MazeMemory/MazeMemory:core': (Total ops = 73, Real ops = 3, Vars = 19) (SOL-10)
# Info: Optimizing partition '/MazeMemory/MazeMemory:core/core': (Total ops = 61, Real ops = 3, Vars = 7) (SOL-10)
# Info: Optimizing partition '/MazeMemory': (Total ops = 104, Real ops = 3, Vars = 36) (SOL-10)
# Info: Optimizing partition '/MazeMemory/MazeMemory:core': (Total ops = 73, Real ops = 3, Vars = 19) (SOL-10)
# Info: Optimizing partition '/MazeMemory/MazeMemory:core/core': (Total ops = 61, Real ops = 3, Vars = 7) (SOL-10)
# Info: Optimizing partition '/MazeMemory': (Total ops = 104, Real ops = 3, Vars = 36) (SOL-10)
# Report written to file 'cycle.rpt'
# Info: Optimizing partition '/MazeMemory/MazeMemory:core/core': (Total ops = 92, Real ops = 5, Vars = 16) (SOL-10)
# Info: Optimizing partition '/MazeMemory/MazeMemory:core/core': (Total ops = 77, Real ops = 5, Vars = 12) (SOL-10)
# Info: Optimizing partition '/MazeMemory': (Total ops = 124, Real ops = 5, Vars = 45) (SOL-10)
# Info: Optimizing partition '/MazeMemory/MazeMemory:core': (Total ops = 93, Real ops = 5, Vars = 28) (SOL-10)
# Info: Optimizing partition '/MazeMemory/MazeMemory:core/core': (Total ops = 99, Real ops = 5, Vars = 12) (SOL-10)
# Info: Optimizing partition '/MazeMemory/MazeMemory:core/core': (Total ops = 94, Real ops = 5, Vars = 10) (SOL-10)
# Info: Optimizing partition '/MazeMemory': (Total ops = 141, Real ops = 5, Vars = 45) (SOL-10)
# Info: Optimizing partition '/MazeMemory/MazeMemory:core': (Total ops = 110, Real ops = 5, Vars = 28) (SOL-10)
# Info: Optimizing partition '/MazeMemory/MazeMemory:core/core': (Total ops = 96, Real ops = 5, Vars = 13) (SOL-10)
# Info: Optimizing partition '/MazeMemory/MazeMemory:core/core': (Total ops = 96, Real ops = 5, Vars = 12) (SOL-10)
# Info: Optimizing partition '/MazeMemory': (Total ops = 143, Real ops = 5, Vars = 47) (SOL-10)
# Info: Optimizing partition '/MazeMemory/MazeMemory:core': (Total ops = 112, Real ops = 5, Vars = 30) (SOL-10)
# Netlist written to file 'cycle.v' (NET-4)
# Info: Completed transformation 'schedule' on solution 'MazeMemory.v3': elapsed time 0.80 seconds, memory usage 180688kB, peak memory usage 198148kB (SOL-9)
# Info: Starting transformation 'dpfsm' on solution 'MazeMemory.v3' (SOL-8)
# Performing FSM extraction... (FSM-1)
# Info: Optimizing partition '/MazeMemory': (Total ops = 151, Real ops = 31, Vars = 109) (SOL-10)
# Info: Optimizing partition '/MazeMemory/MazeMemory:core': (Total ops = 120, Real ops = 31, Vars = 92) (SOL-10)
# Info: Optimizing partition '/MazeMemory/MazeMemory:core/MazeMemory:core:fsm': (Total ops = 8, Real ops = 3, Vars = 8) (SOL-10)
# Info: Optimizing partition '/MazeMemory/MazeMemory:core/MazeMemory:core:fsm/MazeMemory:core:fsm': (Total ops = 1, Real ops = 1, Vars = 1) (SOL-10)
# Info: Optimizing partition '/MazeMemory': (Total ops = 136, Real ops = 29, Vars = 40) (SOL-10)
# Info: Optimizing partition '/MazeMemory/MazeMemory:core': (Total ops = 105, Real ops = 29, Vars = 23) (SOL-10)
# Info: Optimizing partition '/MazeMemory/MazeMemory:core/MazeMemory:core:fsm': (Total ops = 7, Real ops = 3, Vars = 5) (SOL-10)
# Info: Optimizing partition '/MazeMemory/MazeMemory:core/MazeMemory:core:fsm/MazeMemory:core:fsm': (Total ops = 1, Real ops = 1, Vars = 1) (SOL-10)
# Info: Optimizing partition '/MazeMemory': (Total ops = 95, Real ops = 24, Vars = 40) (SOL-10)
# Info: Optimizing partition '/MazeMemory/MazeMemory:core': (Total ops = 64, Real ops = 24, Vars = 23) (SOL-10)
# Info: Optimizing partition '/MazeMemory/MazeMemory:core/MazeMemory:core:fsm': (Total ops = 7, Real ops = 3, Vars = 5) (SOL-10)
# Info: Optimizing partition '/MazeMemory/MazeMemory:core/MazeMemory:core:fsm/MazeMemory:core:fsm': (Total ops = 1, Real ops = 1, Vars = 1) (SOL-10)
# Info: Optimizing partition '/MazeMemory': (Total ops = 95, Real ops = 24, Vars = 40) (SOL-10)
# Info: Optimizing partition '/MazeMemory/MazeMemory:core': (Total ops = 64, Real ops = 24, Vars = 23) (SOL-10)
# Info: Optimizing partition '/MazeMemory': (Total ops = 97, Real ops = 21, Vars = 46) (SOL-10)
# Info: Optimizing partition '/MazeMemory/MazeMemory:core': (Total ops = 66, Real ops = 21, Vars = 29) (SOL-10)
# Info: Optimizing partition '/MazeMemory/MazeMemory:core/MazeMemory:core:fsm': (Total ops = 7, Real ops = 3, Vars = 5) (SOL-10)
# Info: Optimizing partition '/MazeMemory/MazeMemory:core/MazeMemory:core:fsm/MazeMemory:core:fsm': (Total ops = 1, Real ops = 1, Vars = 1) (SOL-10)
# Info: Optimizing partition '/MazeMemory': (Total ops = 93, Real ops = 21, Vars = 42) (SOL-10)
# Info: Optimizing partition '/MazeMemory/MazeMemory:core': (Total ops = 62, Real ops = 21, Vars = 25) (SOL-10)
# Info: Optimizing partition '/MazeMemory/MazeMemory:core/MazeMemory:core:fsm': (Total ops = 7, Real ops = 3, Vars = 5) (SOL-10)
# Info: Optimizing partition '/MazeMemory/MazeMemory:core': (Total ops = 62, Real ops = 21, Vars = 25) (SOL-10)
# Info: Optimizing partition '/MazeMemory': (Total ops = 93, Real ops = 21, Vars = 42) (SOL-10)
# Info: Optimizing partition '/MazeMemory': (Total ops = 93, Real ops = 21, Vars = 42) (SOL-10)
# Info: Optimizing partition '/MazeMemory/MazeMemory:core': (Total ops = 62, Real ops = 21, Vars = 25) (SOL-10)
# Info: Optimizing partition '/MazeMemory/MazeMemory:core/MazeMemory:core:fsm': (Total ops = 7, Real ops = 3, Vars = 5) (SOL-10)
# Info: Optimizing partition '/MazeMemory/MazeMemory:core/MazeMemory:core:fsm/MazeMemory:core:fsm': (Total ops = 1, Real ops = 1, Vars = 1) (SOL-10)
# Info: Optimizing partition '/MazeMemory': (Total ops = 93, Real ops = 21, Vars = 42) (SOL-10)
# Info: Optimizing partition '/MazeMemory/MazeMemory:core': (Total ops = 62, Real ops = 21, Vars = 25) (SOL-10)
# Info: Optimizing partition '/MazeMemory/MazeMemory:core/MazeMemory:core:fsm': (Total ops = 7, Real ops = 3, Vars = 5) (SOL-10)
# Info: Optimizing partition '/MazeMemory/MazeMemory:core/MazeMemory:core:fsm/MazeMemory:core:fsm': (Total ops = 1, Real ops = 1, Vars = 1) (SOL-10)
# Info: Completed transformation 'dpfsm' on solution 'MazeMemory.v3': elapsed time 0.17 seconds, memory usage 180688kB, peak memory usage 198148kB (SOL-9)
# Info: Starting transformation 'extract' on solution 'MazeMemory.v3' (SOL-8)
# Info: Optimizing partition '/MazeMemory': (Total ops = 102, Real ops = 25, Vars = 79) (SOL-10)
# Info: Optimizing partition '/MazeMemory/MazeMemory:core': (Total ops = 71, Real ops = 25, Vars = 62) (SOL-10)
# Info: Optimizing partition '/MazeMemory/MazeMemory:core/MazeMemory:core:fsm': (Total ops = 7, Real ops = 3, Vars = 5) (SOL-10)
# Info: Optimizing partition '/MazeMemory/MazeMemory:core/MazeMemory:core:fsm/MazeMemory:core:fsm': (Total ops = 1, Real ops = 1, Vars = 1) (SOL-10)
# Info: Optimizing partition '/MazeMemory': (Total ops = 91, Real ops = 20, Vars = 41) (SOL-10)
# Info: Optimizing partition '/MazeMemory/MazeMemory:core': (Total ops = 60, Real ops = 20, Vars = 24) (SOL-10)
# Info: Optimizing partition '/MazeMemory/MazeMemory:core/MazeMemory:core:fsm': (Total ops = 7, Real ops = 3, Vars = 5) (SOL-10)
# Info: Optimizing partition '/MazeMemory/MazeMemory:core': (Total ops = 60, Real ops = 20, Vars = 24) (SOL-10)
# Info: Optimizing partition '/MazeMemory': (Total ops = 91, Real ops = 20, Vars = 41) (SOL-10)
# Info: Optimizing partition '/MazeMemory': (Total ops = 91, Real ops = 20, Vars = 41) (SOL-10)
# Info: Optimizing partition '/MazeMemory/MazeMemory:core': (Total ops = 60, Real ops = 20, Vars = 24) (SOL-10)
# Info: Optimizing partition '/MazeMemory/MazeMemory:core/MazeMemory:core:fsm': (Total ops = 7, Real ops = 3, Vars = 5) (SOL-10)
# Info: Optimizing partition '/MazeMemory/MazeMemory:core/MazeMemory:core:fsm/MazeMemory:core:fsm': (Total ops = 1, Real ops = 1, Vars = 1) (SOL-10)
# Info: Optimizing partition '/MazeMemory': (Total ops = 91, Real ops = 20, Vars = 41) (SOL-10)
# Info: Optimizing partition '/MazeMemory/MazeMemory:core': (Total ops = 60, Real ops = 20, Vars = 24) (SOL-10)
# Info: Optimizing partition '/MazeMemory/MazeMemory:core/MazeMemory:core:fsm': (Total ops = 7, Real ops = 3, Vars = 5) (SOL-10)
# Info: Optimizing partition '/MazeMemory/MazeMemory:core/MazeMemory:core:fsm/MazeMemory:core:fsm': (Total ops = 1, Real ops = 1, Vars = 1) (SOL-10)
# Info: Optimizing partition '/MazeMemory': (Total ops = 98, Real ops = 23, Vars = 75) (SOL-10)
# Info: Optimizing partition '/MazeMemory/MazeMemory:core': (Total ops = 67, Real ops = 23, Vars = 58) (SOL-10)
# Info: Optimizing partition '/MazeMemory/MazeMemory:core/MazeMemory:core:fsm': (Total ops = 6, Real ops = 2, Vars = 5) (SOL-10)
# Info: Optimizing partition '/MazeMemory/MazeMemory:core/MazeMemory:core:fsm/MazeMemory:core:fsm': (Total ops = 1, Real ops = 1, Vars = 1) (SOL-10)
# Netlist written to file 'schematic.nlv' (NET-4)
# Info: Optimizing partition '/MazeMemory': (Total ops = 98, Real ops = 23, Vars = 75) (SOL-10)
# Info: Optimizing partition '/MazeMemory/MazeMemory:core': (Total ops = 67, Real ops = 23, Vars = 58) (SOL-10)
# Info: Optimizing partition '/MazeMemory/MazeMemory:core/MazeMemory:core:fsm': (Total ops = 7, Real ops = 3, Vars = 5) (SOL-10)
# Info: Optimizing partition '/MazeMemory/MazeMemory:core/MazeMemory:core:fsm/MazeMemory:core:fsm': (Total ops = 1, Real ops = 1, Vars = 1) (SOL-10)
# Info: Optimizing partition '/MazeMemory': (Total ops = 91, Real ops = 20, Vars = 41) (SOL-10)
# Info: Optimizing partition '/MazeMemory/MazeMemory:core': (Total ops = 60, Real ops = 20, Vars = 24) (SOL-10)
# Info: Optimizing partition '/MazeMemory': (Total ops = 91, Real ops = 20, Vars = 41) (SOL-10)
# Info: Optimizing partition '/MazeMemory/MazeMemory:core': (Total ops = 60, Real ops = 20, Vars = 24) (SOL-10)
# Info: Optimizing partition '/MazeMemory/MazeMemory:core/MazeMemory:core:fsm': (Total ops = 7, Real ops = 3, Vars = 5) (SOL-10)
# Info: Optimizing partition '/MazeMemory/MazeMemory:core/MazeMemory:core:fsm/MazeMemory:core:fsm': (Total ops = 1, Real ops = 1, Vars = 1) (SOL-10)
# Report written to file 'rtl.rpt'
# Netlist written to file 'rtl.v' (NET-4)
# generate concat
# order file name is: rtl.v_order.txt
# Add dependent file: ./rtl_mgc_ioport.v
# Add dependent file: ./rtl_mgc_ioport_v2001.v
# Add dependent file: C:/PROGRA~1/CALYPT~1/CATAPU~1.126/Mgc_home/pkgs/hls_pkgs/mgc_comps_src/mgc_generic_reg_beh.v
# Add dependent file: C:/PROGRA~1/CALYPT~1/CATAPU~1.126/Mgc_home/pkgs/siflibs/ram_singleport_be_fpga.v
# Add dependent file: ./rtl.v
# Finished writing concatenated file: //icnas2.cc.ic.ac.uk/kjr115/Project/Musca/Game Engine/catapult_projects/maze_ram++/MazeRAM+/MazeMemory.v3/concat_rtl.v
# Synthesis timing script written to file './rtl.v.psr_timing'
# IO timing constraints written to synthesis script file
# Synthesis script written to file 'rtl.v.psr'
# Info: Completed transformation 'extract' on solution 'MazeMemory.v3': elapsed time 1.53 seconds, memory usage 180688kB, peak memory usage 198148kB (SOL-9)
project save
# Saving project file '//icnas2.cc.ic.ac.uk/kjr115/Project/Musca/Game Engine/catapult_projects/maze_ram++/MazeRAM+.ccs'. (PRJ-5)
project new -name FrameBuffer
set_working_dir {//icnas2.cc.ic.ac.uk/kjr115/Project/Musca/Render Engine/FrameBuffer}
solution file add ../../src/Frame_Buffer.cpp
# /INPUTFILES/1
# File '//icnas2.cc.ic.ac.uk/kjr115/Project/Musca/src/Frame_Buffer.cpp' saved
# File '//icnas2.cc.ic.ac.uk/kjr115/Project/Musca/src/Frame_Buffer.cpp' saved
# File '//icnas2.cc.ic.ac.uk/kjr115/Project/Musca/src/Frame_Buffer.cpp' saved
# File '//icnas2.cc.ic.ac.uk/kjr115/Project/Musca/src/Frame_Buffer.cpp' saved
# File '//icnas2.cc.ic.ac.uk/kjr115/Project/Musca/src/Frame_Buffer.cpp' saved
# File '//icnas2.cc.ic.ac.uk/kjr115/Project/Musca/src/Frame_Buffer.cpp' saved
# File '//icnas2.cc.ic.ac.uk/kjr115/Project/Musca/src/Frame_Buffer.cpp' saved
# File '//icnas2.cc.ic.ac.uk/kjr115/Project/Musca/src/Frame_Buffer.cpp' saved
go analyze
# Creating project directory '\\icnas2.cc.ic.ac.uk\kjr115\Project\Musca\Render Engine\FrameBuffer\FrameBuffer'. (PRJ-1)
# Moving session transcript to file "\\icnas2.cc.ic.ac.uk\kjr115\Project\Musca\Render Engine\FrameBuffer\catapult.log"
# Info: Starting transformation 'analyze' on solution 'solution.v1' (SOL-8)
# Front End called with arguments: -- {\\icnas2.cc.ic.ac.uk\kjr115\Project\Musca\src\Frame_Buffer.cpp} (CIN-69)
# Edison Design Group C++/C Front End - Version 3.10.1 (CIN-1)
# Error: $PROJECT_HOME/../../src/Frame_Buffer.cpp(3): $PROJECT_HOME/../../src/Frame_Buffer.cpp(3): could not open source file "includes/defintions.h" (CRD-5)
# Error: Compilation aborted (CIN-5)
# Error: go analyze: Failed analyze
# File '$PROJECT_HOME/../../src/Frame_Buffer.cpp' saved
go analyze
# Info: Starting transformation 'analyze' on solution 'solution.v1' (SOL-8)
# Front End called with arguments: -- {\\icnas2.cc.ic.ac.uk\kjr115\Project\Musca\src\Frame_Buffer.cpp} (CIN-69)
# Edison Design Group C++/C Front End - Version 3.10.1 (CIN-1)
# Warning: $PROJECT_HOME/../../src/Frame_Buffer.cpp(14): $PROJECT_HOME/../../src/Frame_Buffer.cpp(14): last line of file ends without a newline (CRD-1)
# Warning: $PROJECT_HOME/../../src/Frame_Buffer.cpp(7): $PROJECT_HOME/../../src/Frame_Buffer.cpp(7): parameter "out" was set but never used (CRD-550)
# Source file analysis completed (CIN-68)
# Info: Completed transformation 'analyze' on solution 'solution.v1': elapsed time 1.00 seconds, memory usage 185064kB, peak memory usage 208904kB (SOL-9)
# File '$PROJECT_HOME/../../src/Frame_Buffer.cpp' saved
# Input file has changed
go new
solution file set {$PROJECT_HOME/../../src/Frame_Buffer.cpp} -updated
# Info: Branching solution 'solution.v2' at state 'new' (PRJ-2)
go analyze
# Info: Starting transformation 'analyze' on solution 'solution.v2' (SOL-8)
# Front End called with arguments: -- {\\icnas2.cc.ic.ac.uk\kjr115\Project\Musca\src\Frame_Buffer.cpp} (CIN-69)
# Edison Design Group C++/C Front End - Version 3.10.1 (CIN-1)
# Warning: $PROJECT_HOME/../../src/Frame_Buffer.cpp(14): $PROJECT_HOME/../../src/Frame_Buffer.cpp(14): last line of file ends without a newline (CRD-1)
# Source file analysis completed (CIN-68)
# Info: Completed transformation 'analyze' on solution 'solution.v2': elapsed time 0.87 seconds, memory usage 184612kB, peak memory usage 208920kB (SOL-9)
# File '$PROJECT_HOME/../../src/Frame_Buffer.cpp' saved
# Input file has changed
go new
solution file set {$PROJECT_HOME/../../src/Frame_Buffer.cpp} -updated
# Info: Branching solution 'solution.v3' at state 'new' (PRJ-2)
go analyze
# Info: Starting transformation 'analyze' on solution 'solution.v3' (SOL-8)
# Front End called with arguments: -- {\\icnas2.cc.ic.ac.uk\kjr115\Project\Musca\src\Frame_Buffer.cpp} (CIN-69)
# Edison Design Group C++/C Front End - Version 3.10.1 (CIN-1)
# Source file analysis completed (CIN-68)
# Info: Completed transformation 'analyze' on solution 'solution.v3': elapsed time 0.75 seconds, memory usage 184936kB, peak memory usage 209456kB (SOL-9)
directive set -TECHLIBS {{Altera_accel_CycloneIII.lib Altera_accel_CycloneIII} {mgc_Altera-Cyclone-III-6_beh_psr.lib {{mgc_Altera-Cyclone-III-6_beh_psr part EP3C16F484C}}} {ram_Altera-Cyclone-III-6_RAMSB.lib ram_Altera-Cyclone-III-6_RAMSB}}
# /TECHLIBS {{Altera_accel_CycloneIII.lib Altera_accel_CycloneIII} {mgc_Altera-Cyclone-III-6_beh_psr.lib {{mgc_Altera-Cyclone-III-6_beh_psr part EP3C16F484C}}} {ram_Altera-Cyclone-III-6_RAMSB.lib ram_Altera-Cyclone-III-6_RAMSB}}
directive set -CLOCKS {clk {-CLOCK_PERIOD 20.0 -CLOCK_EDGE rising -CLOCK_HIGH_TIME 10.00 -CLOCK_OFFSET 0.000000 -CLOCK_UNCERTAINTY 0.0 -RESET_KIND sync -RESET_SYNC_NAME rst -RESET_SYNC_ACTIVE high -RESET_ASYNC_NAME arst_n -RESET_ASYNC_ACTIVE low -ENABLE_NAME {} -ENABLE_ACTIVE high}}
# /CLOCKS {clk {-CLOCK_PERIOD 20.0 -CLOCK_EDGE rising -CLOCK_UNCERTAINTY 0.0 -CLOCK_HIGH_TIME 10.0 -RESET_SYNC_NAME rst -RESET_ASYNC_NAME arst_n -RESET_KIND sync -RESET_SYNC_ACTIVE high -RESET_ASYNC_ACTIVE low -ENABLE_NAME {} -ENABLE_ACTIVE high}}
directive set -DESIGN_HIERARCHY FrameBuffer
# /DESIGN_HIERARCHY FrameBuffer
go extract
# Info: Starting transformation 'compile' on solution 'solution.v3' (SOL-8)
# Reading component library '$MGC_HOME\pkgs\siflibs\mgc_busdefs.lib' [mgc_busdefs]... (LIB-49)
# Reading component library '$MGC_HOME\pkgs\siflibs\stdops.lib' [STDOPS]... (LIB-49)
# Reading component library '$MGC_HOME\pkgs\siflibs\mgc_ioport.lib' [mgc_ioport]... (LIB-49)
# Reading component library '$MGC_HOME\pkgs\ccs_altera\Altera_accel_CycloneIII.lib' [Altera_accel_CycloneIII]... (LIB-49)
# Reading component library '$MGC_HOME\pkgs\siflibs\psr2010a_up2\mgc_Altera-Cyclone-III-6_beh_psr.lib' [mgc_Altera-Cyclone-III-6_beh_psr]... (LIB-49)
# Reading component library '$MGC_HOME\pkgs\siflibs\psr2010a_up2\ram_Altera-Cyclone-III-6_RAMSB.lib' [ram_Altera-Cyclone-III-6_RAMSB]... (LIB-49)
# Generating synthesis internal form... (CIN-3)
# $PROJECT_HOME/../../src/Frame_Buffer.cpp(7): Found top design routine 'FrameBuffer' specified by directive (CIN-52)
# $PROJECT_HOME/../../src/Frame_Buffer.cpp(7): Synthesizing routine 'FrameBuffer' (CIN-13)
# $PROJECT_HOME/../../src/Frame_Buffer.cpp(7): Inlining routine 'FrameBuffer' (CIN-14)
# Warning: $PROJECT_HOME/../../src/Frame_Buffer.cpp(9): Instantiating global variable 'data' which may be accessed outside this scope (CIN-18)
# $PROJECT_HOME/../../src/Frame_Buffer.cpp(7): Optimizing block '/FrameBuffer' ... (CIN-4)
# $PROJECT_HOME/../../src/Frame_Buffer.cpp(7): Inout port 'out' is only used as an output. (OPT-11)
# Info: Optimizing partition '/FrameBuffer': (Total ops = 27, Real ops = 2, Vars = 13) (SOL-10)
# Info: Optimizing partition '/FrameBuffer/core': (Total ops = 27, Real ops = 2, Vars = 8) (SOL-10)
# Info: Optimizing partition '/FrameBuffer/core': (Total ops = 27, Real ops = 2, Vars = 8) (SOL-10)
# Info: Optimizing partition '/FrameBuffer': (Total ops = 27, Real ops = 2, Vars = 13) (SOL-10)
# Info: Optimizing partition '/FrameBuffer': (Total ops = 27, Real ops = 2, Vars = 13) (SOL-10)
# Info: Optimizing partition '/FrameBuffer/core': (Total ops = 27, Real ops = 2, Vars = 8) (SOL-10)
# Info: Optimizing partition '/FrameBuffer/core': (Total ops = 19, Real ops = 2, Vars = 6) (SOL-10)
# Info: Optimizing partition '/FrameBuffer': (Total ops = 19, Real ops = 2, Vars = 11) (SOL-10)
# Info: Optimizing partition '/FrameBuffer': (Total ops = 19, Real ops = 2, Vars = 11) (SOL-10)
# Info: Optimizing partition '/FrameBuffer/core': (Total ops = 19, Real ops = 2, Vars = 6) (SOL-10)
# Info: Optimizing partition '/FrameBuffer/core': (Total ops = 16, Real ops = 2, Vars = 4) (SOL-10)
# Info: Optimizing partition '/FrameBuffer': (Total ops = 16, Real ops = 2, Vars = 9) (SOL-10)
# Info: Optimizing partition '/FrameBuffer/core': (Total ops = 16, Real ops = 2, Vars = 4) (SOL-10)
# Info: Optimizing partition '/FrameBuffer': (Total ops = 16, Real ops = 2, Vars = 9) (SOL-10)
# Info: Optimizing partition '/FrameBuffer': (Total ops = 16, Real ops = 2, Vars = 9) (SOL-10)
# Info: Optimizing partition '/FrameBuffer/core': (Total ops = 16, Real ops = 2, Vars = 4) (SOL-10)
# Info: Optimizing partition '/FrameBuffer/core': (Total ops = 15, Real ops = 1, Vars = 5) (SOL-10)
# Info: Optimizing partition '/FrameBuffer/core': (Total ops = 13, Real ops = 1, Vars = 4) (SOL-10)
# Info: Optimizing partition '/FrameBuffer': (Total ops = 13, Real ops = 1, Vars = 9) (SOL-10)
# Info: Optimizing partition '/FrameBuffer': (Total ops = 13, Real ops = 1, Vars = 9) (SOL-10)
# Info: Optimizing partition '/FrameBuffer/core': (Total ops = 13, Real ops = 1, Vars = 4) (SOL-10)
# Design 'FrameBuffer' was read (SOL-1)
# Info: Completed transformation 'compile' on solution 'FrameBuffer.v1': elapsed time 1.06 seconds, memory usage 187256kB, peak memory usage 209456kB (SOL-9)
# Info: Starting transformation 'architect' on solution 'FrameBuffer.v1' (SOL-8)
# $PROJECT_HOME/../../src/Frame_Buffer.cpp(7): Loop '/FrameBuffer/core/main' is left rolled. (LOOP-4)
# $PROJECT_HOME/../../src/Frame_Buffer.cpp(7): I/O-Port inferred - resource 'row:rsc' (from var: row) mapped to 'mgc_ioport.mgc_in_wire' (size: 11). (MEM-2)
# $PROJECT_HOME/../../src/Frame_Buffer.cpp(7): I/O-Port inferred - resource 'col:rsc' (from var: col) mapped to 'mgc_ioport.mgc_in_wire' (size: 10). (MEM-2)
# $PROJECT_HOME/../../src/Frame_Buffer.cpp(7): I/O-Port inferred - resource 'data_in:rsc' (from var: data_in) mapped to 'mgc_ioport.mgc_in_wire' (size: 4). (MEM-2)
# $PROJECT_HOME/../../src/Frame_Buffer.cpp(7): I/O-Port inferred - resource 'write:rsc' (from var: write) mapped to 'mgc_ioport.mgc_in_wire' (size: 1). (MEM-2)
# $PROJECT_HOME/../../src/Frame_Buffer.cpp(7): I/O-Port inferred - resource 'out:rsc' (from var: out) mapped to 'mgc_ioport.mgc_out_stdreg' (size: 4). (MEM-2)
# $PROJECT_HOME/../../src/Frame_Buffer.cpp(5): Memory inferred - resource 'data:rsc' (from var: data) mapped to 'ram_Altera-Cyclone-III-6_RAMSB.singleport' (size: 1310720 x 4). (MEM-4)
# Info: Optimizing partition '/FrameBuffer': (Total ops = 25, Real ops = 4, Vars = 13) (SOL-10)
# Info: Optimizing partition '/FrameBuffer/core': (Total ops = 25, Real ops = 4, Vars = 6) (SOL-10)
# Info: Optimizing partition '/FrameBuffer/core': (Total ops = 44, Real ops = 4, Vars = 8) (SOL-10)
# Info: Optimizing partition '/FrameBuffer/core': (Total ops = 41, Real ops = 4, Vars = 7) (SOL-10)
# Info: Optimizing partition '/FrameBuffer': (Total ops = 41, Real ops = 4, Vars = 14) (SOL-10)
# Info: Optimizing partition '/FrameBuffer/core': (Total ops = 41, Real ops = 4, Vars = 7) (SOL-10)
# Info: Optimizing partition '/FrameBuffer': (Total ops = 41, Real ops = 4, Vars = 14) (SOL-10)
# Info: Optimizing partition '/FrameBuffer': (Total ops = 41, Real ops = 4, Vars = 14) (SOL-10)
# Info: Optimizing partition '/FrameBuffer/core': (Total ops = 41, Real ops = 4, Vars = 7) (SOL-10)
# Info: Optimizing partition '/FrameBuffer/core': (Total ops = 89, Real ops = 6, Vars = 36) (SOL-10)
# Info: Optimizing partition '/FrameBuffer/core': (Total ops = 41, Real ops = 5, Vars = 7) (SOL-10)
# Design 'FrameBuffer' contains '5' real operations. (SOL-11)
# Info: Completed transformation 'architect' on solution 'FrameBuffer.v1': elapsed time 2.26 seconds, memory usage 187708kB, peak memory usage 209456kB (SOL-9)
# Info: Starting transformation 'allocate' on solution 'FrameBuffer.v1' (SOL-8)
# Performing concurrent resource allocation and scheduling on '/FrameBuffer/core' (CRAAS-1)
# Info: Select qualified components for data operations ... (CRAAS-3)
# Info: Apply resource constraints on data operations ... (CRAAS-4)
# $PROJECT_HOME/../../src/Frame_Buffer.cpp(7): Prescheduled LOOP 'main' (3 c-steps) (SCHD-7)
# $PROJECT_HOME/../../src/Frame_Buffer.cpp(9): Prescheduled LOOP 'data:vinit' (2 c-steps) (SCHD-7)
# $PROJECT_HOME/../../src/Frame_Buffer.cpp(7): Prescheduled LOOP 'core:rlp' (1 c-steps) (SCHD-7)
# $PROJECT_HOME/../../src/Frame_Buffer.cpp(7): Prescheduled SEQUENTIAL 'core' (total length 2621444 c-steps) (SCHD-8)
# Info: Initial schedule of SEQUENTIAL 'core': Latency = 2621444, Area (Datapath, Register, Total) = 37.94, 0.00, 37.94 (CRAAS-11)
# At least one feasible schedule exists. (CRAAS-9)
# Info: Final schedule of SEQUENTIAL 'core': Latency = 2621444, Area (Datapath, Register, Total) = 37.94, 0.00, 37.94 (CRAAS-12)
# Resource allocation and scheduling done. (CRAAS-2)
# Netlist written to file 'schedule.gnt' (NET-4)
# Info: Completed transformation 'allocate' on solution 'FrameBuffer.v1': elapsed time 0.14 seconds, memory usage 187868kB, peak memory usage 209456kB (SOL-9)
# Info: Starting transformation 'schedule' on solution 'FrameBuffer.v1' (SOL-8)
# Performing concurrent resource allocation and scheduling on '/FrameBuffer/core' (CRAAS-1)
# Global signal 'row:rsc.z' added to design 'FrameBuffer' for component 'row:rsc:mgc_in_wire' (LIB-3)
# Global signal 'col:rsc.z' added to design 'FrameBuffer' for component 'col:rsc:mgc_in_wire' (LIB-3)
# Global signal 'data_in:rsc.z' added to design 'FrameBuffer' for component 'data_in:rsc:mgc_in_wire' (LIB-3)
# Global signal 'write:rsc.z' added to design 'FrameBuffer' for component 'write:rsc:mgc_in_wire' (LIB-3)
# Global signal 'out:rsc.z' added to design 'FrameBuffer' for component 'out:rsc:mgc_out_stdreg' (LIB-3)
# Info: Optimizing partition '/FrameBuffer': (Total ops = 152, Real ops = 9, Vars = 64) (SOL-10)
# Info: Optimizing partition '/FrameBuffer/FrameBuffer:core': (Total ops = 118, Real ops = 8, Vars = 44) (SOL-10)
# Info: Optimizing partition '/FrameBuffer/FrameBuffer:core/core': (Total ops = 106, Real ops = 8, Vars = 32) (SOL-10)
# Info: Optimizing partition '/FrameBuffer/FrameBuffer:core/core': (Total ops = 73, Real ops = 4, Vars = 7) (SOL-10)
# Info: Optimizing partition '/FrameBuffer': (Total ops = 118, Real ops = 4, Vars = 36) (SOL-10)
# Info: Optimizing partition '/FrameBuffer/FrameBuffer:core': (Total ops = 85, Real ops = 4, Vars = 19) (SOL-10)
# Info: Optimizing partition '/FrameBuffer/FrameBuffer:core/core': (Total ops = 73, Real ops = 4, Vars = 7) (SOL-10)
# Info: Optimizing partition '/FrameBuffer': (Total ops = 116, Real ops = 4, Vars = 36) (SOL-10)
# Info: Optimizing partition '/FrameBuffer/FrameBuffer:core': (Total ops = 85, Real ops = 4, Vars = 19) (SOL-10)
# Info: Optimizing partition '/FrameBuffer/FrameBuffer:core/core': (Total ops = 73, Real ops = 4, Vars = 7) (SOL-10)
# Info: Optimizing partition '/FrameBuffer': (Total ops = 116, Real ops = 4, Vars = 36) (SOL-10)
# Report written to file 'cycle.rpt'
# Info: Optimizing partition '/FrameBuffer/FrameBuffer:core/core': (Total ops = 104, Real ops = 6, Vars = 16) (SOL-10)
# Info: Optimizing partition '/FrameBuffer/FrameBuffer:core/core': (Total ops = 89, Real ops = 6, Vars = 12) (SOL-10)
# Info: Optimizing partition '/FrameBuffer': (Total ops = 136, Real ops = 6, Vars = 45) (SOL-10)
# Info: Optimizing partition '/FrameBuffer/FrameBuffer:core': (Total ops = 105, Real ops = 6, Vars = 28) (SOL-10)
# Info: Optimizing partition '/FrameBuffer/FrameBuffer:core/core': (Total ops = 97, Real ops = 6, Vars = 12) (SOL-10)
# Info: Optimizing partition '/FrameBuffer/FrameBuffer:core/core': (Total ops = 96, Real ops = 6, Vars = 11) (SOL-10)
# Info: Optimizing partition '/FrameBuffer': (Total ops = 143, Real ops = 6, Vars = 45) (SOL-10)
# Info: Optimizing partition '/FrameBuffer/FrameBuffer:core': (Total ops = 112, Real ops = 6, Vars = 28) (SOL-10)
# Info: Optimizing partition '/FrameBuffer/FrameBuffer:core/core': (Total ops = 97, Real ops = 6, Vars = 13) (SOL-10)
# Info: Optimizing partition '/FrameBuffer/FrameBuffer:core/core': (Total ops = 97, Real ops = 6, Vars = 12) (SOL-10)
# Info: Optimizing partition '/FrameBuffer': (Total ops = 144, Real ops = 6, Vars = 46) (SOL-10)
# Info: Optimizing partition '/FrameBuffer/FrameBuffer:core': (Total ops = 113, Real ops = 6, Vars = 29) (SOL-10)
# Netlist written to file 'cycle.v' (NET-4)
# Info: Completed transformation 'schedule' on solution 'FrameBuffer.v1': elapsed time 0.81 seconds, memory usage 191028kB, peak memory usage 209456kB (SOL-9)
# Info: Starting transformation 'dpfsm' on solution 'FrameBuffer.v1' (SOL-8)
# Performing FSM extraction... (FSM-1)
# Info: Optimizing partition '/FrameBuffer': (Total ops = 185, Real ops = 32, Vars = 124) (SOL-10)
# Info: Optimizing partition '/FrameBuffer/FrameBuffer:core': (Total ops = 154, Real ops = 32, Vars = 107) (SOL-10)
# Info: Optimizing partition '/FrameBuffer/FrameBuffer:core/FrameBuffer:core:fsm': (Total ops = 8, Real ops = 3, Vars = 8) (SOL-10)
# Info: Optimizing partition '/FrameBuffer/FrameBuffer:core/FrameBuffer:core:fsm/FrameBuffer:core:fsm': (Total ops = 1, Real ops = 1, Vars = 1) (SOL-10)
# Info: Optimizing partition '/FrameBuffer': (Total ops = 163, Real ops = 29, Vars = 40) (SOL-10)
# Info: Optimizing partition '/FrameBuffer/FrameBuffer:core': (Total ops = 132, Real ops = 29, Vars = 23) (SOL-10)
# Info: Optimizing partition '/FrameBuffer/FrameBuffer:core/FrameBuffer:core:fsm': (Total ops = 7, Real ops = 3, Vars = 5) (SOL-10)
# Info: Optimizing partition '/FrameBuffer/FrameBuffer:core/FrameBuffer:core:fsm/FrameBuffer:core:fsm': (Total ops = 1, Real ops = 1, Vars = 1) (SOL-10)
# Info: Optimizing partition '/FrameBuffer': (Total ops = 104, Real ops = 24, Vars = 40) (SOL-10)
# Info: Optimizing partition '/FrameBuffer/FrameBuffer:core': (Total ops = 73, Real ops = 24, Vars = 23) (SOL-10)
# Info: Optimizing partition '/FrameBuffer/FrameBuffer:core/FrameBuffer:core:fsm': (Total ops = 7, Real ops = 3, Vars = 5) (SOL-10)
# Info: Optimizing partition '/FrameBuffer/FrameBuffer:core/FrameBuffer:core:fsm/FrameBuffer:core:fsm': (Total ops = 1, Real ops = 1, Vars = 1) (SOL-10)
# Info: Optimizing partition '/FrameBuffer': (Total ops = 104, Real ops = 24, Vars = 40) (SOL-10)
# Info: Optimizing partition '/FrameBuffer/FrameBuffer:core': (Total ops = 73, Real ops = 24, Vars = 23) (SOL-10)
# Info: Optimizing partition '/FrameBuffer': (Total ops = 106, Real ops = 21, Vars = 46) (SOL-10)
# Info: Optimizing partition '/FrameBuffer/FrameBuffer:core': (Total ops = 75, Real ops = 21, Vars = 29) (SOL-10)
# Info: Optimizing partition '/FrameBuffer/FrameBuffer:core/FrameBuffer:core:fsm': (Total ops = 7, Real ops = 3, Vars = 5) (SOL-10)
# Info: Optimizing partition '/FrameBuffer/FrameBuffer:core/FrameBuffer:core:fsm/FrameBuffer:core:fsm': (Total ops = 1, Real ops = 1, Vars = 1) (SOL-10)
# Info: Optimizing partition '/FrameBuffer': (Total ops = 102, Real ops = 21, Vars = 42) (SOL-10)
# Info: Optimizing partition '/FrameBuffer/FrameBuffer:core': (Total ops = 71, Real ops = 21, Vars = 25) (SOL-10)
# Info: Optimizing partition '/FrameBuffer/FrameBuffer:core/FrameBuffer:core:fsm': (Total ops = 7, Real ops = 3, Vars = 5) (SOL-10)
# Info: Optimizing partition '/FrameBuffer/FrameBuffer:core': (Total ops = 71, Real ops = 21, Vars = 25) (SOL-10)
# Info: Optimizing partition '/FrameBuffer': (Total ops = 102, Real ops = 21, Vars = 42) (SOL-10)
# Info: Optimizing partition '/FrameBuffer': (Total ops = 102, Real ops = 21, Vars = 42) (SOL-10)
# Info: Optimizing partition '/FrameBuffer/FrameBuffer:core': (Total ops = 71, Real ops = 21, Vars = 25) (SOL-10)
# Info: Optimizing partition '/FrameBuffer/FrameBuffer:core/FrameBuffer:core:fsm': (Total ops = 7, Real ops = 3, Vars = 5) (SOL-10)
# Info: Optimizing partition '/FrameBuffer/FrameBuffer:core/FrameBuffer:core:fsm/FrameBuffer:core:fsm': (Total ops = 1, Real ops = 1, Vars = 1) (SOL-10)
# Info: Optimizing partition '/FrameBuffer': (Total ops = 102, Real ops = 21, Vars = 42) (SOL-10)
# Info: Optimizing partition '/FrameBuffer/FrameBuffer:core': (Total ops = 71, Real ops = 21, Vars = 25) (SOL-10)
# Info: Optimizing partition '/FrameBuffer/FrameBuffer:core/FrameBuffer:core:fsm': (Total ops = 7, Real ops = 3, Vars = 5) (SOL-10)
# Info: Optimizing partition '/FrameBuffer/FrameBuffer:core/FrameBuffer:core:fsm/FrameBuffer:core:fsm': (Total ops = 1, Real ops = 1, Vars = 1) (SOL-10)
# Info: Completed transformation 'dpfsm' on solution 'FrameBuffer.v1': elapsed time 0.19 seconds, memory usage 191036kB, peak memory usage 209456kB (SOL-9)
# Info: Starting transformation 'extract' on solution 'FrameBuffer.v1' (SOL-8)
# Info: Optimizing partition '/FrameBuffer': (Total ops = 114, Real ops = 26, Vars = 91) (SOL-10)
# Info: Optimizing partition '/FrameBuffer/FrameBuffer:core': (Total ops = 83, Real ops = 26, Vars = 74) (SOL-10)
# Info: Optimizing partition '/FrameBuffer/FrameBuffer:core/FrameBuffer:core:fsm': (Total ops = 7, Real ops = 3, Vars = 5) (SOL-10)
# Info: Optimizing partition '/FrameBuffer/FrameBuffer:core/FrameBuffer:core:fsm/FrameBuffer:core:fsm': (Total ops = 1, Real ops = 1, Vars = 1) (SOL-10)
# Info: Optimizing partition '/FrameBuffer': (Total ops = 100, Real ops = 20, Vars = 41) (SOL-10)
# Info: Optimizing partition '/FrameBuffer/FrameBuffer:core': (Total ops = 69, Real ops = 20, Vars = 24) (SOL-10)
# Info: Optimizing partition '/FrameBuffer/FrameBuffer:core/FrameBuffer:core:fsm': (Total ops = 7, Real ops = 3, Vars = 5) (SOL-10)
# Info: Optimizing partition '/FrameBuffer/FrameBuffer:core/FrameBuffer:core:fsm/FrameBuffer:core:fsm': (Total ops = 1, Real ops = 1, Vars = 1) (SOL-10)
# Info: Optimizing partition '/FrameBuffer': (Total ops = 100, Real ops = 20, Vars = 41) (SOL-10)
# Info: Optimizing partition '/FrameBuffer/FrameBuffer:core': (Total ops = 69, Real ops = 20, Vars = 24) (SOL-10)
# Info: Optimizing partition '/FrameBuffer/FrameBuffer:core/FrameBuffer:core:fsm': (Total ops = 7, Real ops = 3, Vars = 5) (SOL-10)
# Info: Optimizing partition '/FrameBuffer/FrameBuffer:core': (Total ops = 69, Real ops = 20, Vars = 24) (SOL-10)
# Info: Optimizing partition '/FrameBuffer': (Total ops = 100, Real ops = 20, Vars = 41) (SOL-10)
# Info: Optimizing partition '/FrameBuffer': (Total ops = 100, Real ops = 20, Vars = 41) (SOL-10)
# Info: Optimizing partition '/FrameBuffer/FrameBuffer:core': (Total ops = 69, Real ops = 20, Vars = 24) (SOL-10)
# Info: Optimizing partition '/FrameBuffer/FrameBuffer:core/FrameBuffer:core:fsm': (Total ops = 7, Real ops = 3, Vars = 5) (SOL-10)
# Info: Optimizing partition '/FrameBuffer/FrameBuffer:core/FrameBuffer:core:fsm/FrameBuffer:core:fsm': (Total ops = 1, Real ops = 1, Vars = 1) (SOL-10)
# Info: Optimizing partition '/FrameBuffer': (Total ops = 100, Real ops = 20, Vars = 41) (SOL-10)
# Info: Optimizing partition '/FrameBuffer/FrameBuffer:core': (Total ops = 69, Real ops = 20, Vars = 24) (SOL-10)
# Info: Optimizing partition '/FrameBuffer/FrameBuffer:core/FrameBuffer:core:fsm': (Total ops = 7, Real ops = 3, Vars = 5) (SOL-10)
# Info: Optimizing partition '/FrameBuffer/FrameBuffer:core/FrameBuffer:core:fsm/FrameBuffer:core:fsm': (Total ops = 1, Real ops = 1, Vars = 1) (SOL-10)
# Info: Optimizing partition '/FrameBuffer': (Total ops = 110, Real ops = 24, Vars = 87) (SOL-10)
# Info: Optimizing partition '/FrameBuffer/FrameBuffer:core': (Total ops = 79, Real ops = 24, Vars = 70) (SOL-10)
# Info: Optimizing partition '/FrameBuffer/FrameBuffer:core/FrameBuffer:core:fsm': (Total ops = 6, Real ops = 2, Vars = 5) (SOL-10)
# Info: Optimizing partition '/FrameBuffer/FrameBuffer:core/FrameBuffer:core:fsm/FrameBuffer:core:fsm': (Total ops = 1, Real ops = 1, Vars = 1) (SOL-10)
# Netlist written to file 'schematic.nlv' (NET-4)
# Info: Optimizing partition '/FrameBuffer': (Total ops = 110, Real ops = 24, Vars = 87) (SOL-10)
# Info: Optimizing partition '/FrameBuffer/FrameBuffer:core': (Total ops = 79, Real ops = 24, Vars = 70) (SOL-10)
# Info: Optimizing partition '/FrameBuffer/FrameBuffer:core/FrameBuffer:core:fsm': (Total ops = 7, Real ops = 3, Vars = 5) (SOL-10)
# Info: Optimizing partition '/FrameBuffer/FrameBuffer:core/FrameBuffer:core:fsm/FrameBuffer:core:fsm': (Total ops = 1, Real ops = 1, Vars = 1) (SOL-10)
# Info: Optimizing partition '/FrameBuffer': (Total ops = 100, Real ops = 20, Vars = 41) (SOL-10)
# Info: Optimizing partition '/FrameBuffer/FrameBuffer:core': (Total ops = 69, Real ops = 20, Vars = 24) (SOL-10)
# Info: Optimizing partition '/FrameBuffer': (Total ops = 100, Real ops = 20, Vars = 41) (SOL-10)
# Info: Optimizing partition '/FrameBuffer/FrameBuffer:core': (Total ops = 69, Real ops = 20, Vars = 24) (SOL-10)
# Info: Optimizing partition '/FrameBuffer/FrameBuffer:core/FrameBuffer:core:fsm': (Total ops = 7, Real ops = 3, Vars = 5) (SOL-10)
# Info: Optimizing partition '/FrameBuffer/FrameBuffer:core/FrameBuffer:core:fsm/FrameBuffer:core:fsm': (Total ops = 1, Real ops = 1, Vars = 1) (SOL-10)
# Report written to file 'rtl.rpt'
# Netlist written to file 'rtl.v' (NET-4)
# generate concat
# order file name is: rtl.v_order.txt
# Add dependent file: ./rtl_mgc_ioport.v
# Add dependent file: ./rtl_mgc_ioport_v2001.v
# Add dependent file: C:/PROGRA~1/CALYPT~1/CATAPU~1.126/Mgc_home/pkgs/hls_pkgs/mgc_comps_src/mgc_generic_reg_beh.v
# Add dependent file: C:/PROGRA~1/CALYPT~1/CATAPU~1.126/Mgc_home/pkgs/siflibs/ram_singleport_be_fpga.v
# Add dependent file: ./rtl.v
# Finished writing concatenated file: //icnas2.cc.ic.ac.uk/kjr115/Project/Musca/Render Engine/FrameBuffer/FrameBuffer/FrameBuffer.v1/concat_rtl.v
# Synthesis timing script written to file './rtl.v.psr_timing'
# IO timing constraints written to synthesis script file
# Synthesis script written to file 'rtl.v.psr'
# Info: Completed transformation 'extract' on solution 'FrameBuffer.v1': elapsed time 1.28 seconds, memory usage 191308kB, peak memory usage 209456kB (SOL-9)
project save
# Saving project file '//icnas2.cc.ic.ac.uk/kjr115/Project/Musca/Render Engine/FrameBuffer/FrameBuffer.ccs'. (PRJ-5)
quit -f
