//  Catapult University Version 2011a.126 (Production Release) Wed Aug  8 00:52:07 PDT 2012
//  
//  Copyright (c) Calypto Design Systems, Inc., 1996-2012, All Rights Reserved.
//                       UNPUBLISHED, LICENSED SOFTWARE.
//            CONFIDENTIAL AND PROPRIETARY INFORMATION WHICH IS THE
//          PROPERTY OF CALYPTO DESIGN SYSTEMS OR ITS LICENSORS
//  
//  Running on Windows 7 cm2715@EEWS104A-004 Service Pack 1 6.01.7601 i686
//  
//  Package information: SIFLIBS v17.0_1.1, HLS_PKGS v17.0_1.1, 
//                       DesignPad v2.78_0.0
//  
//  This version may only be used for academic purposes.  Some optimizations 
//  are disabled, so results obtained from this version may be sub-optimal.
//  
//  Start time Thu May 05 15:10:57 2016
# -------------------------------------------------
# Logging session transcript to file "C:\Users\cm2715\AppData\Local\Temp\log831224f9c08.0"
# Loading options from registry.
# Warning: set_working_dir: Directory 'C:/Windows/System32' not writable, using C:/Users/cm2715/AppData/Local/Temp
project new -name MemoryAccessCounter
set_working_dir {//icnas2.cc.ic.ac.uk/cm2715/Project/Musca/Render Engine/MemoryAccessCounter}
solution file add ../../src/AccessCount.cpp
# /INPUTFILES/1
go analyze
# Creating project directory '\\icnas2.cc.ic.ac.uk\cm2715\Project\Musca\Render Engine\MemoryAccessCounter\MemoryAccessCounter'. (PRJ-1)
# Moving session transcript to file "\\icnas2.cc.ic.ac.uk\cm2715\Project\Musca\Render Engine\MemoryAccessCounter\catapult.log"
# Info: Starting transformation 'analyze' on solution 'solution.v1' (SOL-8)
# Front End called with arguments: -- {\\icnas2.cc.ic.ac.uk\cm2715\Project\Musca\src\AccessCount.cpp} (CIN-69)
# Edison Design Group C++/C Front End - Version 3.10.1 (CIN-1)
# Source file analysis completed (CIN-68)
# Info: Completed transformation 'analyze' on solution 'solution.v1': elapsed time 0.03 seconds, memory usage 149620kB, peak memory usage 150592kB (SOL-9)
directive set -CLOCKS {clk {-CLOCK_PERIOD 20.0 -CLOCK_EDGE rising -CLOCK_HIGH_TIME 10.00 -CLOCK_OFFSET 0.000000 -CLOCK_UNCERTAINTY 0.0 -RESET_KIND sync -RESET_SYNC_NAME rst -RESET_SYNC_ACTIVE high -RESET_ASYNC_NAME arst_n -RESET_ASYNC_ACTIVE low -ENABLE_NAME {} -ENABLE_ACTIVE high}}
# /CLOCKS {clk {-CLOCK_PERIOD 20.0 -CLOCK_EDGE rising -CLOCK_UNCERTAINTY 0.0 -CLOCK_HIGH_TIME 10.0 -RESET_SYNC_NAME rst -RESET_ASYNC_NAME arst_n -RESET_KIND sync -RESET_SYNC_ACTIVE high -RESET_ASYNC_ACTIVE low -ENABLE_NAME {} -ENABLE_ACTIVE high}}
directive set -TECHLIBS {{Altera_accel_CycloneIII.lib Altera_accel_CycloneIII} {mgc_Altera-Cyclone-III-6_beh_psr.lib {{mgc_Altera-Cyclone-III-6_beh_psr part EP3C16F484C}}}}
# /TECHLIBS {{Altera_accel_CycloneIII.lib Altera_accel_CycloneIII} {mgc_Altera-Cyclone-III-6_beh_psr.lib {{mgc_Altera-Cyclone-III-6_beh_psr part EP3C16F484C}}}}
project save
# Saving project file '//icnas2.cc.ic.ac.uk/cm2715/Project/Musca/Render Engine/MemoryAccessCounter/MemoryAccessCounter.ccs'. (PRJ-5)
# File '$PROJECT_HOME/../../src/AccessCount.cpp' saved
# Input file has changed
go new
solution file set {$PROJECT_HOME/../../src/AccessCount.cpp} -updated
# Info: Branching solution 'solution.v2' at state 'new' (PRJ-2)
go analyze
# Info: Starting transformation 'analyze' on solution 'solution.v2' (SOL-8)
# Front End called with arguments: -- {\\icnas2.cc.ic.ac.uk\cm2715\Project\Musca\src\AccessCount.cpp} (CIN-69)
# Edison Design Group C++/C Front End - Version 3.10.1 (CIN-1)
# Warning: $PROJECT_HOME/../../src/AccessCount.cpp(8): $PROJECT_HOME/../../src/AccessCount.cpp(8): parameter "row_count" was set but never used (CRD-550)
# Warning: $PROJECT_HOME/../../src/AccessCount.cpp(8): $PROJECT_HOME/../../src/AccessCount.cpp(8): parameter "col_count" was set but never used (CRD-550)
# Warning: $PROJECT_HOME/../../src/AccessCount.cpp(26): $PROJECT_HOME/../../src/AccessCount.cpp(26): last line of file ends without a newline (CRD-1)
# Source file analysis completed (CIN-68)
# Info: Completed transformation 'analyze' on solution 'solution.v2': elapsed time 0.86 seconds, memory usage 153136kB, peak memory usage 177772kB (SOL-9)
directive set -DESIGN_HIERARCHY Counter
# /DESIGN_HIERARCHY Counter
go extract
# Info: Starting transformation 'compile' on solution 'solution.v2' (SOL-8)
# Reading component library '$MGC_HOME\pkgs\siflibs\mgc_busdefs.lib' [mgc_busdefs]... (LIB-49)
# Reading component library '$MGC_HOME\pkgs\siflibs\stdops.lib' [STDOPS]... (LIB-49)
# Reading component library '$MGC_HOME\pkgs\siflibs\mgc_ioport.lib' [mgc_ioport]... (LIB-49)
# Reading component library '$MGC_HOME\pkgs\ccs_altera\Altera_accel_CycloneIII.lib' [Altera_accel_CycloneIII]... (LIB-49)
# Reading component library '$MGC_HOME\pkgs\siflibs\psr2010a_up2\mgc_Altera-Cyclone-III-6_beh_psr.lib' [mgc_Altera-Cyclone-III-6_beh_psr]... (LIB-49)
# Generating synthesis internal form... (CIN-3)
# $PROJECT_HOME/../../src/AccessCount.cpp(8): Found top design routine 'Counter' specified by directive (CIN-52)
# $PROJECT_HOME/../../src/AccessCount.cpp(8): Synthesizing routine 'Counter' (CIN-13)
# $PROJECT_HOME/../../src/AccessCount.cpp(8): Inlining routine 'Counter' (CIN-14)
# $PROJECT_HOME/../../src/AccessCount.cpp(8): Optimizing block '/Counter' ... (CIN-4)
# Info: Optimizing partition '/Counter': (Total ops = 20, Real ops = 6, Vars = 8) (SOL-10)
# Info: Optimizing partition '/Counter/core': (Total ops = 20, Real ops = 6, Vars = 6) (SOL-10)
# Info: Optimizing partition '/Counter/core': (Total ops = 20, Real ops = 6, Vars = 6) (SOL-10)
# Info: Optimizing partition '/Counter': (Total ops = 20, Real ops = 6, Vars = 8) (SOL-10)
# Info: Optimizing partition '/Counter': (Total ops = 20, Real ops = 6, Vars = 8) (SOL-10)
# Info: Optimizing partition '/Counter/core': (Total ops = 20, Real ops = 6, Vars = 6) (SOL-10)
# Info: Optimizing partition '/Counter/core': (Total ops = 2, Real ops = 0, Vars = 2) (SOL-10)
# Info: Optimizing partition '/Counter': (Total ops = 2, Real ops = 0, Vars = 4) (SOL-10)
# Info: Optimizing partition '/Counter': (Total ops = 2, Real ops = 0, Vars = 4) (SOL-10)
# Info: Optimizing partition '/Counter/core': (Total ops = 2, Real ops = 0, Vars = 2) (SOL-10)
# Info: Optimizing partition '/Counter': (Total ops = 2, Real ops = 0, Vars = 4) (SOL-10)
# Info: Optimizing partition '/Counter': (Total ops = 2, Real ops = 0, Vars = 4) (SOL-10)
# Info: Optimizing partition '/Counter/core': (Total ops = 2, Real ops = 0, Vars = 2) (SOL-10)
# Design 'Counter' was read (SOL-1)
# Info: Completed transformation 'compile' on solution 'Counter.v1': elapsed time 0.31 seconds, memory usage 155756kB, peak memory usage 177772kB (SOL-9)
# Info: Starting transformation 'architect' on solution 'Counter.v1' (SOL-8)
# $PROJECT_HOME/../../src/AccessCount.cpp(8): Loop '/Counter/core/main' is left rolled. (LOOP-4)
# $PROJECT_HOME/../../src/AccessCount.cpp(8): I/O-Port inferred - resource 'row_count:rsc' (from var: row_count) mapped to 'mgc_ioport.mgc_in_wire' (size: 5). (MEM-2)
# $PROJECT_HOME/../../src/AccessCount.cpp(8): I/O-Port inferred - resource 'col_count:rsc' (from var: col_count) mapped to 'mgc_ioport.mgc_in_wire' (size: 5). (MEM-2)
# Info: Optimizing partition '/Counter': (Total ops = 5, Real ops = 1, Vars = 6) (SOL-10)
# Info: Optimizing partition '/Counter/core': (Total ops = 5, Real ops = 1, Vars = 2) (SOL-10)
# Info: Optimizing partition '/Counter/core': (Total ops = 1, Real ops = 1, Vars = 0) (SOL-10)
# Info: Optimizing partition '/Counter/core': (Total ops = 1, Real ops = 1, Vars = 0) (SOL-10)
# Info: Optimizing partition '/Counter': (Total ops = 1, Real ops = 1, Vars = 4) (SOL-10)
# Info: Optimizing partition '/Counter/core': (Total ops = 1, Real ops = 1, Vars = 0) (SOL-10)
# Info: Optimizing partition '/Counter': (Total ops = 1, Real ops = 1, Vars = 4) (SOL-10)
# Info: $PROJECT_HOME/../../src/AccessCount.cpp(8): Partition '/Counter/core' is found empty and is optimized away. (OPT-12)
# Error: Design has been completely optimized away.  (SOL-12)
# Error: go: error transforming design
# File '$PROJECT_HOME/../../src/AccessCount.cpp' saved
# Input file has changed
go new
solution file set {$PROJECT_HOME/../../src/AccessCount.cpp} -updated
# Info: Branching solution 'solution.v2' at state 'new' (PRJ-2)
go extract
# Info: Starting transformation 'analyze' on solution 'solution.v2' (SOL-8)
# Front End called with arguments: -- {\\icnas2.cc.ic.ac.uk\cm2715\Project\Musca\src\AccessCount.cpp} (CIN-69)
# Edison Design Group C++/C Front End - Version 3.10.1 (CIN-1)
# Error: $PROJECT_HOME/../../src/AccessCount.cpp(14): $PROJECT_HOME/../../src/AccessCount.cpp(14): expected an expression (CRD-29)
# Error: $PROJECT_HOME/../../src/AccessCount.cpp(16): $PROJECT_HOME/../../src/AccessCount.cpp(16): expected an expression (CRD-29)
# Warning: $PROJECT_HOME/../../src/AccessCount.cpp(26): $PROJECT_HOME/../../src/AccessCount.cpp(26): last line of file ends without a newline (CRD-1)
# Error: Compilation aborted (CIN-5)
# Error: go analyze: Failed analyze
go extract
# Info: Starting transformation 'analyze' on solution 'solution.v2' (SOL-8)
# Front End called with arguments: -- {\\icnas2.cc.ic.ac.uk\cm2715\Project\Musca\src\AccessCount.cpp} (CIN-69)
# Edison Design Group C++/C Front End - Version 3.10.1 (CIN-1)
# Error: $PROJECT_HOME/../../src/AccessCount.cpp(14): $PROJECT_HOME/../../src/AccessCount.cpp(14): expected an expression (CRD-29)
# Error: $PROJECT_HOME/../../src/AccessCount.cpp(16): $PROJECT_HOME/../../src/AccessCount.cpp(16): expected an expression (CRD-29)
# Warning: $PROJECT_HOME/../../src/AccessCount.cpp(26): $PROJECT_HOME/../../src/AccessCount.cpp(26): last line of file ends without a newline (CRD-1)
# Error: Compilation aborted (CIN-5)
# Error: go analyze: Failed analyze
# File '$PROJECT_HOME/../../src/AccessCount.cpp' saved
go extract
# Info: Starting transformation 'analyze' on solution 'solution.v2' (SOL-8)
# Front End called with arguments: -- {\\icnas2.cc.ic.ac.uk\cm2715\Project\Musca\src\AccessCount.cpp} (CIN-69)
# Edison Design Group C++/C Front End - Version 3.10.1 (CIN-1)
# Warning: $PROJECT_HOME/../../src/AccessCount.cpp(26): $PROJECT_HOME/../../src/AccessCount.cpp(26): last line of file ends without a newline (CRD-1)
# Source file analysis completed (CIN-68)
# Info: Completed transformation 'analyze' on solution 'solution.v2': elapsed time 0.89 seconds, memory usage 159160kB, peak memory usage 180488kB (SOL-9)
# Info: Starting transformation 'compile' on solution 'solution.v2' (SOL-8)
# Generating synthesis internal form... (CIN-3)
# $PROJECT_HOME/../../src/AccessCount.cpp(8): Found top design routine 'Counter' specified by directive (CIN-52)
# $PROJECT_HOME/../../src/AccessCount.cpp(8): Synthesizing routine 'Counter' (CIN-13)
# $PROJECT_HOME/../../src/AccessCount.cpp(8): Inlining routine 'Counter' (CIN-14)
# $PROJECT_HOME/../../src/AccessCount.cpp(8): Optimizing block '/Counter' ... (CIN-4)
# $PROJECT_HOME/../../src/AccessCount.cpp(8): Inout port 'row_count' is only used as an output. (OPT-11)
# $PROJECT_HOME/../../src/AccessCount.cpp(8): Inout port 'col_count' is only used as an output. (OPT-11)
# Info: Optimizing partition '/Counter': (Total ops = 26, Real ops = 6, Vars = 10) (SOL-10)
# Info: Optimizing partition '/Counter/core': (Total ops = 26, Real ops = 6, Vars = 8) (SOL-10)
# Info: Optimizing partition '/Counter/core': (Total ops = 26, Real ops = 6, Vars = 8) (SOL-10)
# Info: Optimizing partition '/Counter': (Total ops = 26, Real ops = 6, Vars = 10) (SOL-10)
# Info: Optimizing partition '/Counter': (Total ops = 26, Real ops = 6, Vars = 10) (SOL-10)
# Info: Optimizing partition '/Counter/core': (Total ops = 26, Real ops = 6, Vars = 8) (SOL-10)
# Info: Optimizing partition '/Counter/core': (Total ops = 16, Real ops = 6, Vars = 4) (SOL-10)
# Info: Optimizing partition '/Counter': (Total ops = 16, Real ops = 6, Vars = 6) (SOL-10)
# Info: Optimizing partition '/Counter': (Total ops = 16, Real ops = 6, Vars = 6) (SOL-10)
# Info: Optimizing partition '/Counter/core': (Total ops = 16, Real ops = 6, Vars = 4) (SOL-10)
# Info: Optimizing partition '/Counter/core': (Total ops = 16, Real ops = 6, Vars = 2) (SOL-10)
# Info: Optimizing partition '/Counter': (Total ops = 16, Real ops = 6, Vars = 4) (SOL-10)
# Info: Optimizing partition '/Counter/core': (Total ops = 16, Real ops = 6, Vars = 2) (SOL-10)
# Info: Optimizing partition '/Counter': (Total ops = 16, Real ops = 6, Vars = 4) (SOL-10)
# Info: Optimizing partition '/Counter': (Total ops = 16, Real ops = 6, Vars = 4) (SOL-10)
# Info: Optimizing partition '/Counter/core': (Total ops = 16, Real ops = 6, Vars = 2) (SOL-10)
# $PROJECT_HOME/../../src/AccessCount.cpp(12): Loop '/Counter/core/for:for' iterated at most 64 times. (LOOP-2)
# $PROJECT_HOME/../../src/AccessCount.cpp(10): Loop '/Counter/core/for' iterated at most 64 times. (LOOP-2)
# Info: Optimizing partition '/Counter/core': (Total ops = 22, Real ops = 6, Vars = 2) (SOL-10)
# Info: Optimizing partition '/Counter/core': (Total ops = 14, Real ops = 2, Vars = 2) (SOL-10)
# Info: Optimizing partition '/Counter': (Total ops = 14, Real ops = 2, Vars = 4) (SOL-10)
# Info: Optimizing partition '/Counter/core': (Total ops = 12, Real ops = 2, Vars = 4) (SOL-10)
# Info: Optimizing partition '/Counter/core': (Total ops = 12, Real ops = 2, Vars = 2) (SOL-10)
# Info: Optimizing partition '/Counter': (Total ops = 12, Real ops = 2, Vars = 4) (SOL-10)
# Info: Optimizing partition '/Counter/core': (Total ops = 12, Real ops = 2, Vars = 2) (SOL-10)
# Info: Optimizing partition '/Counter': (Total ops = 12, Real ops = 2, Vars = 4) (SOL-10)
# Info: Optimizing partition '/Counter': (Total ops = 12, Real ops = 2, Vars = 4) (SOL-10)
# Info: Optimizing partition '/Counter/core': (Total ops = 12, Real ops = 2, Vars = 2) (SOL-10)
# Design 'Counter' was read (SOL-1)
# Info: Completed transformation 'compile' on solution 'Counter.v2': elapsed time 0.34 seconds, memory usage 158072kB, peak memory usage 183396kB (SOL-9)
# Info: Starting transformation 'architect' on solution 'Counter.v2' (SOL-8)
# $PROJECT_HOME/../../src/AccessCount.cpp(12): Loop '/Counter/core/for:for' is left rolled. (LOOP-4)
# $PROJECT_HOME/../../src/AccessCount.cpp(10): Loop '/Counter/core/for' is left rolled. (LOOP-4)
# $PROJECT_HOME/../../src/AccessCount.cpp(8): Loop '/Counter/core/main' is left rolled. (LOOP-4)
# $PROJECT_HOME/../../src/AccessCount.cpp(8): I/O-Port inferred - resource 'row_count:rsc' (from var: row_count) mapped to 'mgc_ioport.mgc_out_stdreg' (size: 5). (MEM-2)
# $PROJECT_HOME/../../src/AccessCount.cpp(8): I/O-Port inferred - resource 'col_count:rsc' (from var: col_count) mapped to 'mgc_ioport.mgc_out_stdreg' (size: 5). (MEM-2)
# Info: Optimizing partition '/Counter': (Total ops = 13, Real ops = 3, Vars = 6) (SOL-10)
# Info: Optimizing partition '/Counter/core': (Total ops = 13, Real ops = 3, Vars = 2) (SOL-10)
# Info: Optimizing partition '/Counter': (Total ops = 13, Real ops = 3, Vars = 6) (SOL-10)
# Info: Optimizing partition '/Counter/core': (Total ops = 13, Real ops = 3, Vars = 2) (SOL-10)
# Info: Optimizing partition '/Counter/core': (Total ops = 31, Real ops = 3, Vars = 13) (SOL-10)
# Info: Optimizing partition '/Counter/core': (Total ops = 15, Real ops = 3, Vars = 4) (SOL-10)
# Design 'Counter' contains '3' real operations. (SOL-11)
# Info: Completed transformation 'architect' on solution 'Counter.v2': elapsed time 0.44 seconds, memory usage 158688kB, peak memory usage 183396kB (SOL-9)
# Info: Starting transformation 'allocate' on solution 'Counter.v2' (SOL-8)
# Performing concurrent resource allocation and scheduling on '/Counter/core' (CRAAS-1)
# Info: Select qualified components for data operations ... (CRAAS-3)
# Info: Apply resource constraints on data operations ... (CRAAS-4)
# $PROJECT_HOME/../../src/AccessCount.cpp(12): Prescheduled LOOP 'for:for' (1 c-steps) (SCHD-7)
# $PROJECT_HOME/../../src/AccessCount.cpp(10): Prescheduled LOOP 'for' (1 c-steps) (SCHD-7)
# $PROJECT_HOME/../../src/AccessCount.cpp(8): Prescheduled LOOP 'main' (1 c-steps) (SCHD-7)
# $PROJECT_HOME/../../src/AccessCount.cpp(8): Prescheduled SEQUENTIAL 'core' (total length 4161 c-steps) (SCHD-8)
# Info: Initial schedule of SEQUENTIAL 'core': Latency = 4097, Area (Datapath, Register, Total) = 7.00, 0.00, 7.00 (CRAAS-11)
# At least one feasible schedule exists. (CRAAS-9)
# Info: Final schedule of SEQUENTIAL 'core': Latency = 4097, Area (Datapath, Register, Total) = 7.00, 0.00, 7.00 (CRAAS-12)
# Resource allocation and scheduling done. (CRAAS-2)
# Netlist written to file 'schedule.gnt' (NET-4)
# Info: Completed transformation 'allocate' on solution 'Counter.v2': elapsed time 0.05 seconds, memory usage 158868kB, peak memory usage 183396kB (SOL-9)
# Info: Starting transformation 'schedule' on solution 'Counter.v2' (SOL-8)
# Performing concurrent resource allocation and scheduling on '/Counter/core' (CRAAS-1)
# Global signal 'row_count:rsc.z' added to design 'Counter' for component 'row_count:rsc:mgc_out_stdreg' (LIB-3)
# Global signal 'col_count:rsc.z' added to design 'Counter' for component 'col_count:rsc:mgc_out_stdreg' (LIB-3)
# Info: Optimizing partition '/Counter': (Total ops = 32, Real ops = 4, Vars = 19) (SOL-10)
# Info: Optimizing partition '/Counter/Counter:core': (Total ops = 23, Real ops = 3, Vars = 12) (SOL-10)
# Info: Optimizing partition '/Counter/Counter:core/core': (Total ops = 13, Real ops = 3, Vars = 10) (SOL-10)
# Info: Optimizing partition '/Counter/Counter:core/core': (Total ops = 13, Real ops = 3, Vars = 4) (SOL-10)
# Info: Optimizing partition '/Counter': (Total ops = 25, Real ops = 3, Vars = 14) (SOL-10)
# Info: Optimizing partition '/Counter/Counter:core': (Total ops = 17, Real ops = 3, Vars = 8) (SOL-10)
# Info: Optimizing partition '/Counter/Counter:core/core': (Total ops = 13, Real ops = 3, Vars = 4) (SOL-10)
# Info: Optimizing partition '/Counter': (Total ops = 25, Real ops = 3, Vars = 14) (SOL-10)
# Info: Optimizing partition '/Counter/Counter:core': (Total ops = 17, Real ops = 3, Vars = 8) (SOL-10)
# Report written to file 'cycle.rpt'
# Netlist written to file 'cycle.v' (NET-4)
# Info: Completed transformation 'schedule' on solution 'Counter.v2': elapsed time 0.48 seconds, memory usage 160004kB, peak memory usage 183396kB (SOL-9)
# Info: Starting transformation 'dpfsm' on solution 'Counter.v2' (SOL-8)
# Performing FSM extraction... (FSM-1)
# Info: Optimizing partition '/Counter': (Total ops = 99, Real ops = 28, Vars = 89) (SOL-10)
# Info: Optimizing partition '/Counter/Counter:core': (Total ops = 91, Real ops = 28, Vars = 83) (SOL-10)
# Info: Optimizing partition '/Counter/Counter:core/Counter:core:fsm': (Total ops = 11, Real ops = 2, Vars = 11) (SOL-10)
# Info: Optimizing partition '/Counter/Counter:core/Counter:core:fsm/Counter:core:fsm': (Total ops = 1, Real ops = 1, Vars = 1) (SOL-10)
# Info: Optimizing partition '/Counter': (Total ops = 74, Real ops = 22, Vars = 24) (SOL-10)
# Info: Optimizing partition '/Counter/Counter:core': (Total ops = 66, Real ops = 22, Vars = 18) (SOL-10)
# Info: Optimizing partition '/Counter/Counter:core/Counter:core:fsm': (Total ops = 9, Real ops = 2, Vars = 6) (SOL-10)
# Info: Optimizing partition '/Counter/Counter:core/Counter:core:fsm/Counter:core:fsm': (Total ops = 1, Real ops = 1, Vars = 1) (SOL-10)
# Info: Optimizing partition '/Counter': (Total ops = 62, Real ops = 22, Vars = 24) (SOL-10)
# Info: Optimizing partition '/Counter/Counter:core': (Total ops = 54, Real ops = 22, Vars = 18) (SOL-10)
# Info: Optimizing partition '/Counter/Counter:core/Counter:core:fsm': (Total ops = 9, Real ops = 2, Vars = 6) (SOL-10)
# Info: Optimizing partition '/Counter/Counter:core/Counter:core:fsm/Counter:core:fsm': (Total ops = 1, Real ops = 1, Vars = 1) (SOL-10)
# Info: Optimizing partition '/Counter': (Total ops = 61, Real ops = 22, Vars = 23) (SOL-10)
# Info: Optimizing partition '/Counter/Counter:core': (Total ops = 53, Real ops = 22, Vars = 17) (SOL-10)
# Info: Optimizing partition '/Counter/Counter:core/Counter:core:fsm': (Total ops = 9, Real ops = 2, Vars = 6) (SOL-10)
# Info: Optimizing partition '/Counter/Counter:core': (Total ops = 53, Real ops = 22, Vars = 17) (SOL-10)
# Info: Optimizing partition '/Counter': (Total ops = 61, Real ops = 22, Vars = 23) (SOL-10)
# Info: Optimizing partition '/Counter': (Total ops = 61, Real ops = 22, Vars = 23) (SOL-10)
# Info: Optimizing partition '/Counter/Counter:core': (Total ops = 53, Real ops = 22, Vars = 17) (SOL-10)
# Info: Optimizing partition '/Counter/Counter:core/Counter:core:fsm': (Total ops = 9, Real ops = 2, Vars = 6) (SOL-10)
# Info: Optimizing partition '/Counter/Counter:core/Counter:core:fsm/Counter:core:fsm': (Total ops = 1, Real ops = 1, Vars = 1) (SOL-10)
# Info: Optimizing partition '/Counter': (Total ops = 61, Real ops = 22, Vars = 23) (SOL-10)
# Info: Optimizing partition '/Counter/Counter:core': (Total ops = 53, Real ops = 22, Vars = 17) (SOL-10)
# Info: Optimizing partition '/Counter/Counter:core/Counter:core:fsm': (Total ops = 9, Real ops = 2, Vars = 6) (SOL-10)
# Info: Optimizing partition '/Counter/Counter:core/Counter:core:fsm/Counter:core:fsm': (Total ops = 1, Real ops = 1, Vars = 1) (SOL-10)
# Info: Completed transformation 'dpfsm' on solution 'Counter.v2': elapsed time 0.12 seconds, memory usage 160184kB, peak memory usage 183396kB (SOL-9)
# Info: Starting transformation 'extract' on solution 'Counter.v2' (SOL-8)
# Shared Operations for:for:acc#1,for:acc#1 on resource for:mgc_Altera-Cyclone-III-6_beh_psr.mgc_add(6,0,2,1,7):mgc_Altera-Cyclone-III-6_beh_psr.mgc_add(6,0,2,1,7) (ASG-3)
# Info: Optimizing partition '/Counter': (Total ops = 87, Real ops = 29, Vars = 76) (SOL-10)
# Info: Optimizing partition '/Counter/Counter:core': (Total ops = 79, Real ops = 29, Vars = 70) (SOL-10)
# Info: Optimizing partition '/Counter/Counter:core/Counter:core:fsm': (Total ops = 11, Real ops = 2, Vars = 6) (SOL-10)
# Info: Optimizing partition '/Counter/Counter:core/Counter:core:fsm/Counter:core:fsm': (Total ops = 1, Real ops = 1, Vars = 1) (SOL-10)
# Info: Optimizing partition '/Counter': (Total ops = 69, Real ops = 22, Vars = 23) (SOL-10)
# Info: Optimizing partition '/Counter/Counter:core': (Total ops = 61, Real ops = 22, Vars = 17) (SOL-10)
# Info: Optimizing partition '/Counter/Counter:core/Counter:core:fsm': (Total ops = 9, Real ops = 2, Vars = 6) (SOL-10)
# Info: Optimizing partition '/Counter/Counter:core/Counter:core:fsm/Counter:core:fsm': (Total ops = 1, Real ops = 1, Vars = 1) (SOL-10)
# Info: Optimizing partition '/Counter': (Total ops = 64, Real ops = 21, Vars = 22) (SOL-10)
# Info: Optimizing partition '/Counter/Counter:core': (Total ops = 56, Real ops = 21, Vars = 16) (SOL-10)
# Info: Optimizing partition '/Counter/Counter:core/Counter:core:fsm': (Total ops = 9, Real ops = 2, Vars = 6) (SOL-10)
# Info: Optimizing partition '/Counter/Counter:core/Counter:core:fsm/Counter:core:fsm': (Total ops = 1, Real ops = 1, Vars = 1) (SOL-10)
# Info: Optimizing partition '/Counter': (Total ops = 61, Real ops = 20, Vars = 22) (SOL-10)
# Info: Optimizing partition '/Counter/Counter:core': (Total ops = 53, Real ops = 20, Vars = 16) (SOL-10)
# Info: Optimizing partition '/Counter/Counter:core/Counter:core:fsm': (Total ops = 9, Real ops = 2, Vars = 6) (SOL-10)
# Info: Optimizing partition '/Counter/Counter:core': (Total ops = 54, Real ops = 20, Vars = 18) (SOL-10)
# Info: Optimizing partition '/Counter/Counter:core': (Total ops = 53, Real ops = 20, Vars = 16) (SOL-10)
# Info: Optimizing partition '/Counter': (Total ops = 61, Real ops = 20, Vars = 22) (SOL-10)
# Info: Optimizing partition '/Counter': (Total ops = 61, Real ops = 20, Vars = 22) (SOL-10)
# Info: Optimizing partition '/Counter/Counter:core': (Total ops = 53, Real ops = 20, Vars = 16) (SOL-10)
# Info: Optimizing partition '/Counter/Counter:core/Counter:core:fsm': (Total ops = 9, Real ops = 2, Vars = 6) (SOL-10)
# Info: Optimizing partition '/Counter/Counter:core/Counter:core:fsm/Counter:core:fsm': (Total ops = 1, Real ops = 1, Vars = 1) (SOL-10)
# Info: Optimizing partition '/Counter': (Total ops = 61, Real ops = 20, Vars = 22) (SOL-10)
# Info: Optimizing partition '/Counter/Counter:core': (Total ops = 53, Real ops = 20, Vars = 16) (SOL-10)
# Info: Optimizing partition '/Counter/Counter:core/Counter:core:fsm': (Total ops = 9, Real ops = 2, Vars = 6) (SOL-10)
# Info: Optimizing partition '/Counter/Counter:core/Counter:core:fsm/Counter:core:fsm': (Total ops = 1, Real ops = 1, Vars = 1) (SOL-10)
# Info: Optimizing partition '/Counter': (Total ops = 71, Real ops = 24, Vars = 60) (SOL-10)
# Info: Optimizing partition '/Counter/Counter:core': (Total ops = 63, Real ops = 24, Vars = 54) (SOL-10)
# Info: Optimizing partition '/Counter/Counter:core/Counter:core:fsm': (Total ops = 7, Real ops = 2, Vars = 6) (SOL-10)
# Info: Optimizing partition '/Counter/Counter:core/Counter:core:fsm/Counter:core:fsm': (Total ops = 1, Real ops = 1, Vars = 1) (SOL-10)
# Netlist written to file 'schematic.nlv' (NET-4)
# Info: Optimizing partition '/Counter': (Total ops = 71, Real ops = 24, Vars = 60) (SOL-10)
# Info: Optimizing partition '/Counter/Counter:core': (Total ops = 63, Real ops = 24, Vars = 54) (SOL-10)
# Info: Optimizing partition '/Counter/Counter:core/Counter:core:fsm': (Total ops = 9, Real ops = 2, Vars = 6) (SOL-10)
# Info: Optimizing partition '/Counter/Counter:core/Counter:core:fsm/Counter:core:fsm': (Total ops = 1, Real ops = 1, Vars = 1) (SOL-10)
# Info: Optimizing partition '/Counter': (Total ops = 61, Real ops = 20, Vars = 22) (SOL-10)
# Info: Optimizing partition '/Counter/Counter:core': (Total ops = 53, Real ops = 20, Vars = 16) (SOL-10)
# Info: Optimizing partition '/Counter/Counter:core': (Total ops = 52, Real ops = 21, Vars = 16) (SOL-10)
# Info: Optimizing partition '/Counter/Counter:core/Counter:core:fsm': (Total ops = 9, Real ops = 2, Vars = 6) (SOL-10)
# Info: Optimizing partition '/Counter/Counter:core/Counter:core:fsm/Counter:core:fsm': (Total ops = 1, Real ops = 1, Vars = 1) (SOL-10)
# Info: Optimizing partition '/Counter/Counter:core': (Total ops = 51, Real ops = 21, Vars = 16) (SOL-10)
# Info: Optimizing partition '/Counter/Counter:core/Counter:core:fsm': (Total ops = 9, Real ops = 2, Vars = 6) (SOL-10)
# Info: Optimizing partition '/Counter/Counter:core/Counter:core:fsm/Counter:core:fsm': (Total ops = 1, Real ops = 1, Vars = 1) (SOL-10)
# Info: Optimizing partition '/Counter/Counter:core': (Total ops = 51, Real ops = 21, Vars = 16) (SOL-10)
# Info: Optimizing partition '/Counter': (Total ops = 59, Real ops = 21, Vars = 22) (SOL-10)
# Info: Optimizing partition '/Counter/Counter:core': (Total ops = 51, Real ops = 21, Vars = 16) (SOL-10)
# Info: Optimizing partition '/Counter/Counter:core/Counter:core:fsm': (Total ops = 9, Real ops = 2, Vars = 6) (SOL-10)
# Info: Optimizing partition '/Counter/Counter:core/Counter:core:fsm/Counter:core:fsm': (Total ops = 1, Real ops = 1, Vars = 1) (SOL-10)
# Report written to file 'rtl.rpt'
# Netlist written to file 'rtl.v' (NET-4)
# generate concat
# order file name is: rtl.v_order.txt
# Add dependent file: ./rtl_mgc_ioport.v
# Add dependent file: ./rtl_mgc_ioport_v2001.v
# Add dependent file: ./rtl.v
# Finished writing concatenated file: //icnas2.cc.ic.ac.uk/cm2715/Project/Musca/Render Engine/MemoryAccessCounter/MemoryAccessCounter/Counter.v2/concat_rtl.v
# Synthesis timing script written to file './rtl.v.psr_timing'
# IO timing constraints written to synthesis script file
# Synthesis script written to file 'rtl.v.psr'
# Info: Completed transformation 'extract' on solution 'Counter.v2': elapsed time 1.17 seconds, memory usage 163488kB, peak memory usage 183396kB (SOL-9)
project save
# Saving project file '//icnas2.cc.ic.ac.uk/cm2715/Project/Musca/Render Engine/MemoryAccessCounter/MemoryAccessCounter.ccs'. (PRJ-5)
go analyze
directive set -CLOCKS {clk {-CLOCK_PERIOD 20.0 -CLOCK_EDGE rising -CLOCK_HIGH_TIME 10.0 -CLOCK_OFFSET 0.000000 -CLOCK_UNCERTAINTY 0.0 -RESET_KIND async -RESET_SYNC_NAME rst -RESET_SYNC_ACTIVE high -RESET_ASYNC_NAME asyn_rst -RESET_ASYNC_ACTIVE low -ENABLE_NAME en -ENABLE_ACTIVE high}}
# Info: Branching solution 'solution.v2' at state 'analyze' (PRJ-2)
# /CLOCKS {clk {-CLOCK_PERIOD 20.0 -CLOCK_EDGE rising -CLOCK_UNCERTAINTY 0.0 -CLOCK_HIGH_TIME 10.0 -RESET_SYNC_NAME rst -RESET_ASYNC_NAME asyn_rst -RESET_KIND async -RESET_SYNC_ACTIVE high -RESET_ASYNC_ACTIVE low -ENABLE_NAME en -ENABLE_ACTIVE high}}
project save
# Saving project file '//icnas2.cc.ic.ac.uk/cm2715/Project/Musca/Render Engine/MemoryAccessCounter/MemoryAccessCounter.ccs'. (PRJ-5)
go extract
# Info: Starting transformation 'compile' on solution 'solution.v2' (SOL-8)
# Generating synthesis internal form... (CIN-3)
# $PROJECT_HOME/../../src/AccessCount.cpp(8): Found top design routine 'Counter' specified by directive (CIN-52)
# $PROJECT_HOME/../../src/AccessCount.cpp(8): Synthesizing routine 'Counter' (CIN-13)
# $PROJECT_HOME/../../src/AccessCount.cpp(8): Inlining routine 'Counter' (CIN-14)
# $PROJECT_HOME/../../src/AccessCount.cpp(8): Optimizing block '/Counter' ... (CIN-4)
# $PROJECT_HOME/../../src/AccessCount.cpp(8): Inout port 'row_count' is only used as an output. (OPT-11)
# $PROJECT_HOME/../../src/AccessCount.cpp(8): Inout port 'col_count' is only used as an output. (OPT-11)
# Info: Optimizing partition '/Counter': (Total ops = 26, Real ops = 6, Vars = 10) (SOL-10)
# Info: Optimizing partition '/Counter/core': (Total ops = 26, Real ops = 6, Vars = 8) (SOL-10)
# Info: Optimizing partition '/Counter/core': (Total ops = 26, Real ops = 6, Vars = 8) (SOL-10)
# Info: Optimizing partition '/Counter': (Total ops = 26, Real ops = 6, Vars = 10) (SOL-10)
# Info: Optimizing partition '/Counter': (Total ops = 26, Real ops = 6, Vars = 10) (SOL-10)
# Info: Optimizing partition '/Counter/core': (Total ops = 26, Real ops = 6, Vars = 8) (SOL-10)
# Info: Optimizing partition '/Counter/core': (Total ops = 16, Real ops = 6, Vars = 4) (SOL-10)
# Info: Optimizing partition '/Counter': (Total ops = 16, Real ops = 6, Vars = 6) (SOL-10)
# Info: Optimizing partition '/Counter': (Total ops = 16, Real ops = 6, Vars = 6) (SOL-10)
# Info: Optimizing partition '/Counter/core': (Total ops = 16, Real ops = 6, Vars = 4) (SOL-10)
# Info: Optimizing partition '/Counter/core': (Total ops = 16, Real ops = 6, Vars = 2) (SOL-10)
# Info: Optimizing partition '/Counter': (Total ops = 16, Real ops = 6, Vars = 4) (SOL-10)
# Info: Optimizing partition '/Counter/core': (Total ops = 16, Real ops = 6, Vars = 2) (SOL-10)
# Info: Optimizing partition '/Counter': (Total ops = 16, Real ops = 6, Vars = 4) (SOL-10)
# Info: Optimizing partition '/Counter': (Total ops = 16, Real ops = 6, Vars = 4) (SOL-10)
# Info: Optimizing partition '/Counter/core': (Total ops = 16, Real ops = 6, Vars = 2) (SOL-10)
# $PROJECT_HOME/../../src/AccessCount.cpp(12): Loop '/Counter/core/for:for' iterated at most 64 times. (LOOP-2)
# $PROJECT_HOME/../../src/AccessCount.cpp(10): Loop '/Counter/core/for' iterated at most 64 times. (LOOP-2)
# Info: Optimizing partition '/Counter/core': (Total ops = 22, Real ops = 6, Vars = 2) (SOL-10)
# Info: Optimizing partition '/Counter/core': (Total ops = 14, Real ops = 2, Vars = 2) (SOL-10)
# Info: Optimizing partition '/Counter': (Total ops = 14, Real ops = 2, Vars = 4) (SOL-10)
# Info: Optimizing partition '/Counter/core': (Total ops = 12, Real ops = 2, Vars = 4) (SOL-10)
# Info: Optimizing partition '/Counter/core': (Total ops = 12, Real ops = 2, Vars = 2) (SOL-10)
# Info: Optimizing partition '/Counter': (Total ops = 12, Real ops = 2, Vars = 4) (SOL-10)
# Info: Optimizing partition '/Counter/core': (Total ops = 12, Real ops = 2, Vars = 2) (SOL-10)
# Info: Optimizing partition '/Counter': (Total ops = 12, Real ops = 2, Vars = 4) (SOL-10)
# Info: Optimizing partition '/Counter': (Total ops = 12, Real ops = 2, Vars = 4) (SOL-10)
# Info: Optimizing partition '/Counter/core': (Total ops = 12, Real ops = 2, Vars = 2) (SOL-10)
# Design 'Counter' was read (SOL-1)
# Info: Completed transformation 'compile' on solution 'Counter.v3': elapsed time 0.47 seconds, memory usage 166204kB, peak memory usage 192192kB (SOL-9)
# Info: Starting transformation 'architect' on solution 'Counter.v3' (SOL-8)
# $PROJECT_HOME/../../src/AccessCount.cpp(12): Loop '/Counter/core/for:for' is left rolled. (LOOP-4)
# $PROJECT_HOME/../../src/AccessCount.cpp(10): Loop '/Counter/core/for' is left rolled. (LOOP-4)
# $PROJECT_HOME/../../src/AccessCount.cpp(8): Loop '/Counter/core/main' is left rolled. (LOOP-4)
# $PROJECT_HOME/../../src/AccessCount.cpp(8): I/O-Port inferred - resource 'row_count:rsc' (from var: row_count) mapped to 'mgc_ioport.mgc_out_stdreg' (size: 5). (MEM-2)
# $PROJECT_HOME/../../src/AccessCount.cpp(8): I/O-Port inferred - resource 'col_count:rsc' (from var: col_count) mapped to 'mgc_ioport.mgc_out_stdreg' (size: 5). (MEM-2)
# Info: Optimizing partition '/Counter': (Total ops = 13, Real ops = 3, Vars = 7) (SOL-10)
# Info: Optimizing partition '/Counter/core': (Total ops = 13, Real ops = 3, Vars = 2) (SOL-10)
# Info: Optimizing partition '/Counter': (Total ops = 13, Real ops = 3, Vars = 7) (SOL-10)
# Info: Optimizing partition '/Counter/core': (Total ops = 13, Real ops = 3, Vars = 2) (SOL-10)
# Info: Optimizing partition '/Counter/core': (Total ops = 31, Real ops = 3, Vars = 13) (SOL-10)
# Info: Optimizing partition '/Counter/core': (Total ops = 15, Real ops = 3, Vars = 4) (SOL-10)
# Design 'Counter' contains '3' real operations. (SOL-11)
# Info: Completed transformation 'architect' on solution 'Counter.v3': elapsed time 0.70 seconds, memory usage 166804kB, peak memory usage 192192kB (SOL-9)
# Info: Starting transformation 'allocate' on solution 'Counter.v3' (SOL-8)
# Performing concurrent resource allocation and scheduling on '/Counter/core' (CRAAS-1)
# Info: Select qualified components for data operations ... (CRAAS-3)
# Info: Apply resource constraints on data operations ... (CRAAS-4)
# $PROJECT_HOME/../../src/AccessCount.cpp(12): Prescheduled LOOP 'for:for' (1 c-steps) (SCHD-7)
# $PROJECT_HOME/../../src/AccessCount.cpp(10): Prescheduled LOOP 'for' (1 c-steps) (SCHD-7)
# $PROJECT_HOME/../../src/AccessCount.cpp(8): Prescheduled LOOP 'main' (1 c-steps) (SCHD-7)
# $PROJECT_HOME/../../src/AccessCount.cpp(8): Prescheduled SEQUENTIAL 'core' (total length 4161 c-steps) (SCHD-8)
# Info: Initial schedule of SEQUENTIAL 'core': Latency = 4097, Area (Datapath, Register, Total) = 7.00, 0.00, 7.00 (CRAAS-11)
# At least one feasible schedule exists. (CRAAS-9)
# Info: Final schedule of SEQUENTIAL 'core': Latency = 4097, Area (Datapath, Register, Total) = 7.00, 0.00, 7.00 (CRAAS-12)
# Resource allocation and scheduling done. (CRAAS-2)
# Netlist written to file 'schedule.gnt' (NET-4)
# Info: Completed transformation 'allocate' on solution 'Counter.v3': elapsed time 0.03 seconds, memory usage 166804kB, peak memory usage 192192kB (SOL-9)
# Info: Starting transformation 'schedule' on solution 'Counter.v3' (SOL-8)
# Performing concurrent resource allocation and scheduling on '/Counter/core' (CRAAS-1)
# Global signal 'row_count:rsc.z' added to design 'Counter' for component 'row_count:rsc:mgc_out_stdreg' (LIB-3)
# Global signal 'col_count:rsc.z' added to design 'Counter' for component 'col_count:rsc:mgc_out_stdreg' (LIB-3)
# Info: Optimizing partition '/Counter': (Total ops = 34, Real ops = 4, Vars = 21) (SOL-10)
# Info: Optimizing partition '/Counter/Counter:core': (Total ops = 24, Real ops = 3, Vars = 13) (SOL-10)
# Info: Optimizing partition '/Counter/Counter:core/core': (Total ops = 13, Real ops = 3, Vars = 10) (SOL-10)
# Info: Optimizing partition '/Counter/Counter:core/core': (Total ops = 13, Real ops = 3, Vars = 4) (SOL-10)
# Info: Optimizing partition '/Counter': (Total ops = 27, Real ops = 3, Vars = 16) (SOL-10)
# Info: Optimizing partition '/Counter/Counter:core': (Total ops = 18, Real ops = 3, Vars = 9) (SOL-10)
# Info: Optimizing partition '/Counter/Counter:core/core': (Total ops = 13, Real ops = 3, Vars = 4) (SOL-10)
# Info: Optimizing partition '/Counter': (Total ops = 27, Real ops = 3, Vars = 16) (SOL-10)
# Info: Optimizing partition '/Counter/Counter:core': (Total ops = 18, Real ops = 3, Vars = 9) (SOL-10)
# Report written to file 'cycle.rpt'
# Netlist written to file 'cycle.v' (NET-4)
# Info: Completed transformation 'schedule' on solution 'Counter.v3': elapsed time 0.48 seconds, memory usage 167352kB, peak memory usage 192192kB (SOL-9)
# Info: Starting transformation 'dpfsm' on solution 'Counter.v3' (SOL-8)
# Performing FSM extraction... (FSM-1)
# Info: Optimizing partition '/Counter': (Total ops = 103, Real ops = 28, Vars = 92) (SOL-10)
# Info: Optimizing partition '/Counter/Counter:core': (Total ops = 94, Real ops = 28, Vars = 85) (SOL-10)
# Info: Optimizing partition '/Counter/Counter:core/Counter:core:fsm': (Total ops = 12, Real ops = 2, Vars = 12) (SOL-10)
# Info: Optimizing partition '/Counter/Counter:core/Counter:core:fsm/Counter:core:fsm': (Total ops = 1, Real ops = 1, Vars = 1) (SOL-10)
# Info: Optimizing partition '/Counter': (Total ops = 78, Real ops = 22, Vars = 27) (SOL-10)
# Info: Optimizing partition '/Counter/Counter:core': (Total ops = 69, Real ops = 22, Vars = 20) (SOL-10)
# Info: Optimizing partition '/Counter/Counter:core/Counter:core:fsm': (Total ops = 10, Real ops = 2, Vars = 7) (SOL-10)
# Info: Optimizing partition '/Counter/Counter:core/Counter:core:fsm/Counter:core:fsm': (Total ops = 1, Real ops = 1, Vars = 1) (SOL-10)
# Info: Optimizing partition '/Counter': (Total ops = 66, Real ops = 22, Vars = 27) (SOL-10)
# Info: Optimizing partition '/Counter/Counter:core': (Total ops = 57, Real ops = 22, Vars = 20) (SOL-10)
# Info: Optimizing partition '/Counter/Counter:core/Counter:core:fsm': (Total ops = 10, Real ops = 2, Vars = 7) (SOL-10)
# Info: Optimizing partition '/Counter/Counter:core/Counter:core:fsm/Counter:core:fsm': (Total ops = 1, Real ops = 1, Vars = 1) (SOL-10)
# Info: Optimizing partition '/Counter': (Total ops = 65, Real ops = 22, Vars = 26) (SOL-10)
# Info: Optimizing partition '/Counter/Counter:core': (Total ops = 56, Real ops = 22, Vars = 19) (SOL-10)
# Info: Optimizing partition '/Counter/Counter:core/Counter:core:fsm': (Total ops = 10, Real ops = 2, Vars = 7) (SOL-10)
# Info: Optimizing partition '/Counter/Counter:core': (Total ops = 56, Real ops = 22, Vars = 19) (SOL-10)
# Info: Optimizing partition '/Counter': (Total ops = 65, Real ops = 22, Vars = 26) (SOL-10)
# Info: Optimizing partition '/Counter': (Total ops = 65, Real ops = 22, Vars = 26) (SOL-10)
# Info: Optimizing partition '/Counter/Counter:core': (Total ops = 56, Real ops = 22, Vars = 19) (SOL-10)
# Info: Optimizing partition '/Counter/Counter:core/Counter:core:fsm': (Total ops = 10, Real ops = 2, Vars = 7) (SOL-10)
# Info: Optimizing partition '/Counter/Counter:core/Counter:core:fsm/Counter:core:fsm': (Total ops = 1, Real ops = 1, Vars = 1) (SOL-10)
# Info: Optimizing partition '/Counter': (Total ops = 65, Real ops = 22, Vars = 26) (SOL-10)
# Info: Optimizing partition '/Counter/Counter:core': (Total ops = 56, Real ops = 22, Vars = 19) (SOL-10)
# Info: Optimizing partition '/Counter/Counter:core/Counter:core:fsm': (Total ops = 10, Real ops = 2, Vars = 7) (SOL-10)
# Info: Optimizing partition '/Counter/Counter:core/Counter:core:fsm/Counter:core:fsm': (Total ops = 1, Real ops = 1, Vars = 1) (SOL-10)
# Info: Completed transformation 'dpfsm' on solution 'Counter.v3': elapsed time 0.11 seconds, memory usage 167352kB, peak memory usage 192192kB (SOL-9)
# Info: Starting transformation 'extract' on solution 'Counter.v3' (SOL-8)
# Shared Operations for:for:acc#1,for:acc#1 on resource for:mgc_Altera-Cyclone-III-6_beh_psr.mgc_add(6,0,2,1,7):mgc_Altera-Cyclone-III-6_beh_psr.mgc_add(6,0,2,1,7) (ASG-3)
# Info: Optimizing partition '/Counter': (Total ops = 91, Real ops = 29, Vars = 79) (SOL-10)
# Info: Optimizing partition '/Counter/Counter:core': (Total ops = 82, Real ops = 29, Vars = 72) (SOL-10)
# Info: Optimizing partition '/Counter/Counter:core/Counter:core:fsm': (Total ops = 12, Real ops = 2, Vars = 7) (SOL-10)
# Info: Optimizing partition '/Counter/Counter:core/Counter:core:fsm/Counter:core:fsm': (Total ops = 1, Real ops = 1, Vars = 1) (SOL-10)
# Info: Optimizing partition '/Counter': (Total ops = 73, Real ops = 22, Vars = 26) (SOL-10)
# Info: Optimizing partition '/Counter/Counter:core': (Total ops = 64, Real ops = 22, Vars = 19) (SOL-10)
# Info: Optimizing partition '/Counter/Counter:core/Counter:core:fsm': (Total ops = 10, Real ops = 2, Vars = 7) (SOL-10)
# Info: Optimizing partition '/Counter/Counter:core/Counter:core:fsm/Counter:core:fsm': (Total ops = 1, Real ops = 1, Vars = 1) (SOL-10)
# Info: Optimizing partition '/Counter': (Total ops = 68, Real ops = 21, Vars = 25) (SOL-10)
# Info: Optimizing partition '/Counter/Counter:core': (Total ops = 59, Real ops = 21, Vars = 18) (SOL-10)
# Info: Optimizing partition '/Counter/Counter:core/Counter:core:fsm': (Total ops = 10, Real ops = 2, Vars = 7) (SOL-10)
# Info: Optimizing partition '/Counter/Counter:core/Counter:core:fsm/Counter:core:fsm': (Total ops = 1, Real ops = 1, Vars = 1) (SOL-10)
# Info: Optimizing partition '/Counter': (Total ops = 65, Real ops = 20, Vars = 25) (SOL-10)
# Info: Optimizing partition '/Counter/Counter:core': (Total ops = 56, Real ops = 20, Vars = 18) (SOL-10)
# Info: Optimizing partition '/Counter/Counter:core/Counter:core:fsm': (Total ops = 10, Real ops = 2, Vars = 7) (SOL-10)
# Info: Optimizing partition '/Counter/Counter:core': (Total ops = 57, Real ops = 20, Vars = 20) (SOL-10)
# Info: Optimizing partition '/Counter/Counter:core': (Total ops = 56, Real ops = 20, Vars = 18) (SOL-10)
# Info: Optimizing partition '/Counter': (Total ops = 65, Real ops = 20, Vars = 25) (SOL-10)
# Info: Optimizing partition '/Counter': (Total ops = 65, Real ops = 20, Vars = 25) (SOL-10)
# Info: Optimizing partition '/Counter/Counter:core': (Total ops = 56, Real ops = 20, Vars = 18) (SOL-10)
# Info: Optimizing partition '/Counter/Counter:core/Counter:core:fsm': (Total ops = 10, Real ops = 2, Vars = 7) (SOL-10)
# Info: Optimizing partition '/Counter/Counter:core/Counter:core:fsm/Counter:core:fsm': (Total ops = 1, Real ops = 1, Vars = 1) (SOL-10)
# Info: Optimizing partition '/Counter': (Total ops = 65, Real ops = 20, Vars = 25) (SOL-10)
# Info: Optimizing partition '/Counter/Counter:core': (Total ops = 56, Real ops = 20, Vars = 18) (SOL-10)
# Info: Optimizing partition '/Counter/Counter:core/Counter:core:fsm': (Total ops = 10, Real ops = 2, Vars = 7) (SOL-10)
# Info: Optimizing partition '/Counter/Counter:core/Counter:core:fsm/Counter:core:fsm': (Total ops = 1, Real ops = 1, Vars = 1) (SOL-10)
# Info: Optimizing partition '/Counter': (Total ops = 75, Real ops = 24, Vars = 63) (SOL-10)
# Info: Optimizing partition '/Counter/Counter:core': (Total ops = 66, Real ops = 24, Vars = 56) (SOL-10)
# Info: Optimizing partition '/Counter/Counter:core/Counter:core:fsm': (Total ops = 8, Real ops = 2, Vars = 7) (SOL-10)
# Info: Optimizing partition '/Counter/Counter:core/Counter:core:fsm/Counter:core:fsm': (Total ops = 1, Real ops = 1, Vars = 1) (SOL-10)
# Netlist written to file 'schematic.nlv' (NET-4)
# Info: Optimizing partition '/Counter': (Total ops = 75, Real ops = 24, Vars = 63) (SOL-10)
# Info: Optimizing partition '/Counter/Counter:core': (Total ops = 66, Real ops = 24, Vars = 56) (SOL-10)
# Info: Optimizing partition '/Counter/Counter:core/Counter:core:fsm': (Total ops = 10, Real ops = 2, Vars = 7) (SOL-10)
# Info: Optimizing partition '/Counter/Counter:core/Counter:core:fsm/Counter:core:fsm': (Total ops = 1, Real ops = 1, Vars = 1) (SOL-10)
# Info: Optimizing partition '/Counter': (Total ops = 65, Real ops = 20, Vars = 25) (SOL-10)
# Info: Optimizing partition '/Counter/Counter:core': (Total ops = 56, Real ops = 20, Vars = 18) (SOL-10)
# Info: Optimizing partition '/Counter/Counter:core': (Total ops = 55, Real ops = 21, Vars = 18) (SOL-10)
# Info: Optimizing partition '/Counter/Counter:core/Counter:core:fsm': (Total ops = 10, Real ops = 2, Vars = 7) (SOL-10)
# Info: Optimizing partition '/Counter/Counter:core/Counter:core:fsm/Counter:core:fsm': (Total ops = 1, Real ops = 1, Vars = 1) (SOL-10)
# Info: Optimizing partition '/Counter/Counter:core': (Total ops = 54, Real ops = 21, Vars = 18) (SOL-10)
# Info: Optimizing partition '/Counter/Counter:core/Counter:core:fsm': (Total ops = 10, Real ops = 2, Vars = 7) (SOL-10)
# Info: Optimizing partition '/Counter/Counter:core/Counter:core:fsm/Counter:core:fsm': (Total ops = 1, Real ops = 1, Vars = 1) (SOL-10)
# Info: Optimizing partition '/Counter/Counter:core': (Total ops = 54, Real ops = 21, Vars = 18) (SOL-10)
# Info: Optimizing partition '/Counter': (Total ops = 63, Real ops = 21, Vars = 25) (SOL-10)
# Info: Optimizing partition '/Counter/Counter:core': (Total ops = 54, Real ops = 21, Vars = 18) (SOL-10)
# Info: Optimizing partition '/Counter/Counter:core/Counter:core:fsm': (Total ops = 10, Real ops = 2, Vars = 7) (SOL-10)
# Info: Optimizing partition '/Counter/Counter:core/Counter:core:fsm/Counter:core:fsm': (Total ops = 1, Real ops = 1, Vars = 1) (SOL-10)
# Report written to file 'rtl.rpt'
# Netlist written to file 'rtl.v' (NET-4)
# generate concat
# order file name is: rtl.v_order.txt
# Add dependent file: ./rtl_mgc_ioport.v
# Add dependent file: ./rtl_mgc_ioport_v2001.v
# Add dependent file: ./rtl.v
# Finished writing concatenated file: //icnas2.cc.ic.ac.uk/cm2715/Project/Musca/Render Engine/MemoryAccessCounter/MemoryAccessCounter/Counter.v3/concat_rtl.v
# Synthesis timing script written to file './rtl.v.psr_timing'
# IO timing constraints written to synthesis script file
# Synthesis script written to file 'rtl.v.psr'
# Info: Completed transformation 'extract' on solution 'Counter.v3': elapsed time 1.22 seconds, memory usage 169584kB, peak memory usage 192192kB (SOL-9)
project save
# Saving project file '//icnas2.cc.ic.ac.uk/cm2715/Project/Musca/Render Engine/MemoryAccessCounter/MemoryAccessCounter.ccs'. (PRJ-5)
quit -f
