-- Catapult University Version: Report                                              
-- ---------------------------- ---------------------------------------------------
-- Version:                     2011a.126 Production Release                        
-- Build Date:                  Wed Aug  8 00:52:07 PDT 2012                        
                                                                                    
-- Generated by:                oh1015@EEWS104A-005                                 
-- Generated date:              Wed Apr 27 16:08:28 +0100 2016                      

Solution Settings: HSVRGB.v2
  Current state: extract
  Project: Catapult
  
  Design Input Files Specified
    $PROJECT_HOME/../RGBHSV/RGBHSV.cpp
      $MGC_HOME/shared/include/ac_fixed.h
        $MGC_HOME/shared/include/ac_int.h
      $MGC_HOME/shared/include/math/mgc_ac_math.h
        $MGC_HOME/shared/include/math/mgc_ac_trig.h
          $MGC_HOME/shared/include/math/mgc_sc_atan_pow2.tab
          $MGC_HOME/shared/include/math/mgc_sc_atan2_pow2.tab
          $MGC_HOME/shared/include/math/mgc_sc_K_cordic.tab
  
  Processes/Blocks in Design
    Process       Real Operation(s) count Latency Throughput Reset Length II Comments 
    ------------- ----------------------- ------- ---------- ------------ -- --------
    /HSVRGB/core                       81       4          1            0  1          
    Design Total:                      81       4          1            0  1          
    
  Bill Of Materials (Datapath)
    Component Name                          Area Score Area(DSP_block_9-bit_elems) Area(LCs) Area(LUTs)  Delay Post Alloc Post Assign 
    --------------------------------------- ---------- --------------------------- --------- ---------- ------ ---------- -----------
    [Lib: mgc_Altera-Cyclone-III-6_beh_psr]                                                                                           
    mgc_add(1,0,1,0,2)                           2.319                       0.000     0.000      2.319  0.506          0           3 
    mgc_add(1,0,1,1,2)                           2.000                       0.000     0.000      2.000  0.343          0           3 
    mgc_add(10,0,1,0,10)                        11.275                       0.000     0.000     11.275  1.325          1           1 
    mgc_add(12,0,11,0,12)                       13.228                       0.000     0.000     13.228  1.436          9           9 
    mgc_add(2,0,2,0,2)                           3.311                       0.000     0.000      3.311  0.653          0           3 
    mgc_add(3,0,2,1,3)                           4.000                       0.000     0.000      4.000  0.764          1           1 
    mgc_add(4,0,2,1,4)                           5.000                       0.000     0.000      5.000  0.860          1           1 
    mgc_add(6,0,6,0,6)                           7.276                       0.000     0.000      7.276  1.016          1           1 
    mgc_add(8,0,8,0,8)                           9.259                       0.000     0.000      9.259  1.163          1           1 
    mgc_and(1,2)                                 0.730                       0.000     0.000      0.730  0.263          0          42 
    mgc_and(1,3)                                 1.054                       0.000     0.000      1.054  0.416          0          15 
    mgc_and(1,4)                                 1.379                       0.000     0.000      1.379  0.525          0          14 
    mgc_and(1,5)                                 1.704                       0.000     0.000      1.704  0.610          0           2 
    mgc_and(10,2)                                7.298                       0.000     0.000      7.298  0.263          3           3 
    mgc_and(14,2)                               10.218                       0.000     0.000     10.218  0.263          2           0 
    mgc_and(14,3)                               14.763                       0.000     0.000     14.763  0.416          0           1 
    mgc_and(4,2)                                 2.919                       0.000     0.000      2.919  0.263          1           1 
    mgc_div(14,7,0)                            186.308                       0.000     0.000    186.308 24.727          2           2 
    mgc_div(18,15,1)                           489.404                       0.000     0.000    489.404 46.332          3           9 
    mgc_equal(7)                                 5.698                       0.000     0.000      5.698  1.149          3           3 
    mgc_mul(5,0,14,0,15)                       330.250                       2.000     0.000     10.250  3.314          1           1 
    mgc_mux(1,1,2)                               0.919                       0.000     0.000      0.919  0.369          6          33 
    mgc_mux(10,1,2)                              9.194                       0.000     0.000      9.194  0.369          0           2 
    mgc_mux(2,1,2)                               1.839                       0.000     0.000      1.839  0.369          0           3 
    mgc_mux(7,1,2)                               6.436                       0.000     0.000      6.436  0.369          0           4 
    mgc_mux1hot(11,3)                           24.086                       0.000     0.000     24.086  0.773          0           9 
    mgc_mux1hot(14,3)                           30.655                       0.000     0.000     30.655  0.773          0           2 
    mgc_mux1hot(2,3)                             4.379                       0.000     0.000      4.379  0.773          1           1 
    mgc_mux1hot(5,4)                            14.147                       0.000     0.000     14.147  0.876          0           6 
    mgc_mux1hot(7,3)                            15.327                       0.000     0.000     15.327  0.773          0          11 
    mgc_mux1hot(7,4)                            19.806                       0.000     0.000     19.806  0.876          2           0 
    mgc_nand(1,2)                                0.730                       0.000     0.000      0.730  0.268          0           5 
    mgc_nor(1,2)                                 0.730                       0.000     0.000      0.730  0.263          0          20 
    mgc_nor(1,3)                                 1.054                       0.000     0.000      1.054  0.416          0           6 
    mgc_not(1)                                   0.000                       0.000     0.000      0.000  0.000          0         109 
    mgc_not(10)                                  0.000                       0.000     0.000      0.000  0.000          0           9 
    mgc_not(2)                                   0.000                       0.000     0.000      0.000  0.000          0           1 
    mgc_not(7)                                   0.000                       0.000     0.000      0.000  0.000          0           1 
    mgc_or(1,2)                                  0.730                       0.000     0.000      0.730  0.268          0          19 
    mgc_or(1,3)                                  1.054                       0.000     0.000      1.054  0.425          0          11 
    mgc_or(1,4)                                  1.379                       0.000     0.000      1.379  0.536          0          14 
    mgc_or(1,5)                                  1.704                       0.000     0.000      1.704  0.622          0           3 
    mgc_or(1,6)                                  2.028                       0.000     0.000      2.028  0.692          0           6 
    mgc_or(1,7)                                  2.353                       0.000     0.000      2.353  0.752          0           3 
    mgc_or(1,8)                                  2.678                       0.000     0.000      2.678  0.804          0           1 
    mgc_reg_pos(1,1,0,0,0,0,0)                   0.000                       0.000     0.000      0.000  0.000          0          16 
    mgc_reg_pos(10,1,0,0,0,0,0)                  0.000                       0.000     0.000      0.000  0.000          0           3 
    mgc_reg_pos(11,1,0,0,0,0,0)                  0.000                       0.000     0.000      0.000  0.000          0          15 
    mgc_reg_pos(14,1,0,0,0,0,0)                  0.000                       0.000     0.000      0.000  0.000          0           1 
    mgc_reg_pos(2,1,0,0,0,0,0)                   0.000                       0.000     0.000      0.000  0.000          0           9 
    mgc_reg_pos(5,1,0,0,0,0,0)                   0.000                       0.000     0.000      0.000  0.000          0           3 
    mgc_reg_pos(7,1,0,0,0,0,0)                   0.000                       0.000     0.000      0.000  0.000          0          17 
    [Lib: mgc_ioport]                                                                                                                 
    mgc_in_wire(1,10)                            0.000                       0.000     0.000      0.000  0.000          1           1 
    mgc_in_wire(2,10)                            0.000                       0.000     0.000      0.000  0.000          1           1 
    mgc_in_wire(3,10)                            0.000                       0.000     0.000      0.000  0.000          1           1 
    mgc_out_stdreg(4,10)                         0.000                       0.000     0.000      0.000  0.000          1           1 
    mgc_out_stdreg(5,10)                         0.000                       0.000     0.000      0.000  0.000          1           1 
    mgc_out_stdreg(6,10)                         0.000                       0.000     0.000      0.000  0.000          1           1 
                                                                                                                                      
    TOTAL AREA (After Assignment):            6124.405                       2.000     0.000   5804.000                               
    
  Area Scores
                      Post-Scheduling   Post-DP & FSM Post-Assignment 
    ----------------- --------------- --------------- ---------------
    Total Area Score:   2438.8          6313.9          6124.4        
    Total Reg:             0.0             0.0             0.0        
                                                                      
    DataPath:           2438.8 (100%)   6313.9 (100%)   6124.4 (100%) 
      MUX:                49.5   (2%)    761.5  (12%)    615.9  (10%) 
      FUNC:             2344.0  (96%)   5303.3  (84%)   5303.3  (87%) 
      LOGIC:              45.2   (2%)    249.1   (4%)    205.1   (3%) 
      BUFFER:              0.0             0.0             0.0        
      MEM:                 0.0             0.0             0.0        
      ROM:                 0.0             0.0             0.0        
      REG:                 0.0             0.0             0.0        
                                                                      
    
    FSM:                   0.0             0.0             0.0        
      FSM-REG:             0.0             0.0             0.0        
      FSM-COMB:            0.0             0.0             0.0        
                                                                      
    
  Register-to-Variable Mappings
    Register                                 Size(bits) Gated Register CG Opt Done Variables                                             
    ---------------------------------------- ---------- -------------- ----------- -----------------------------------------------------
    s.sva#2.duc                                      14                            s.sva#2.duc                                           
    else#7:else#1:else:conc.tmp.mut#3.sg1            11                            else#7:else#1:else:conc.tmp.mut#3.sg1                 
    else#7:else#1:else:conc.tmp.mut#4.sg1            11                            else#7:else#1:else:conc.tmp.mut#4.sg1                 
    else#7:else#1:if:conc.tmp.mut#3.sg1              11                            else#7:else#1:if:conc.tmp.mut#3.sg1                   
    else#7:else#1:if:conc.tmp.mut#4.sg1              11                            else#7:else#1:if:conc.tmp.mut#4.sg1                   
    else#7:if#1:conc#1.tmp.mut#5.sg1                 11                            else#7:if#1:conc#1.tmp.mut#5.sg1                      
    else#7:if#1:conc#1.tmp.mut#6.sg1                 11                            else#7:if#1:conc#1.tmp.mut#6.sg1                      
    reg(div:mgc_div#1.a).tmp                         11                            reg(div:mgc_div#1.a).tmp                              
    reg(div:mgc_div#2.a).tmp                         11                            reg(div:mgc_div#2.a).tmp                              
    reg(div:mgc_div#3.a).tmp                         11                            reg(div:mgc_div#3.a).tmp                              
    reg(div:mgc_div#4.a).tmp                         11                            reg(div:mgc_div#4.a).tmp                              
    reg(div:mgc_div#5.a).tmp                         11                            reg(div:mgc_div#5.a).tmp                              
    reg(div:mgc_div#6.a).tmp                         11                            reg(div:mgc_div#6.a).tmp                              
    reg(div:mgc_div#7.a).tmp                         11                            reg(div:mgc_div#7.a).tmp                              
    reg(div:mgc_div#8.a).tmp                         11                            reg(div:mgc_div#8.a).tmp                              
    reg(div:mgc_div.a).tmp                           11                            reg(div:mgc_div.a).tmp                                
    H_OUT:rsc:mgc_out_stdreg.d                       10                            H_OUT:rsc:mgc_out_stdreg.d                            
    S_OUT:rsc:mgc_out_stdreg.d                       10                            S_OUT:rsc:mgc_out_stdreg.d                            
    acc#3.itm#1                                      10                            acc#3.itm#1                                           
    div:mgc_div#10.b                                  7                            div:mgc_div#10.b                                      
    div:mgc_div#9.b                                   7                            div:mgc_div#9.b                                       
    else#7:if:conc.tmp.mut#3.sg1                      7                            else#7:if:conc.tmp.mut#3.sg1                          
    max.sg1.lpi.dfm#3.mut#3                           7                            max.sg1.lpi.dfm#3.mut#3                               
    max.sg1.lpi.dfm#3.st#2                            7                            max.sg1.lpi.dfm#3.st#2                                
    mut#24.sg1#1                                      7                            mut#24.sg1#1                                          
    reg(div:mgc_div#1.b).tmp                          7                            reg(div:mgc_div#1.b).tmp                              
    reg(div:mgc_div#10.a).tmp                         7                            reg(div:mgc_div#10.a).tmp                             
    reg(div:mgc_div#2.b).tmp                          7                            reg(div:mgc_div#2.b).tmp                              
    reg(div:mgc_div#3.b).tmp                          7                            reg(div:mgc_div#3.b).tmp                              
    reg(div:mgc_div#4.b).tmp                          7                            reg(div:mgc_div#4.b).tmp                              
    reg(div:mgc_div#5.b).tmp                          7                            reg(div:mgc_div#5.b).tmp                              
    reg(div:mgc_div#6.b).tmp                          7                            reg(div:mgc_div#6.b).tmp                              
    reg(div:mgc_div#7.b).tmp                          7                            reg(div:mgc_div#7.b).tmp                              
    reg(div:mgc_div#8.b).tmp                          7                            reg(div:mgc_div#8.b).tmp                              
    reg(div:mgc_div#9.a).tmp                          7                            reg(div:mgc_div#9.a).tmp                              
    reg(div:mgc_div.b).tmp                            7                            reg(div:mgc_div.b).tmp                                
    div.sdt#2.sva.duc                                 5                            div.sdt#2.sva.duc                                     
    div.sdt#3.sva.duc                                 5                            div.sdt#3.sva.duc                                     
    else#7:if#1:ac_fixed:cctor.sg1#1.sva.duc          5                            else#7:if#1:ac_fixed:cctor.sg1#1.sva.duc              
    else#7:else#1:else:div.3cyc                       2                            else#7:else#1:else:div.3cyc                           
    else#7:else#1:else:div.3cyc.st#2                  2                            else#7:else#1:else:div.3cyc.st#2                      
    else#7:else#1:else:div.3cyc.st#3                  2                            else#7:else#1:else:div.3cyc.st#3                      
    else#7:else#1:if:div.3cyc                         2                            else#7:else#1:if:div.3cyc                             
    else#7:else#1:if:div.3cyc.st#2                    2                            else#7:else#1:if:div.3cyc.st#2                        
    else#7:else#1:if:div.3cyc.st#3                    2                            else#7:else#1:if:div.3cyc.st#3                        
    else#7:if#1:div.3cyc                              2                            else#7:if#1:div.3cyc                                  
    else#7:if#1:div.3cyc.st#2                         2                            else#7:if#1:div.3cyc.st#2                             
    else#7:if#1:div.3cyc.st#3                         2                            else#7:if#1:div.3cyc.st#3                             
    else#7:and.svs#3                                  1                            else#7:and.svs#3                                      
    else#7:and.svs.st#1                               1                            else#7:and.svs.st#1                                   
    else#7:and.svs.st#2                               1                            else#7:and.svs.st#2                                   
    else#7:else#1:and.svs#1                           1                            else#7:else#1:and.svs#1                               
    else#7:else#1:and.svs.st#2                        1                            else#7:else#1:and.svs.st#2                            
    else#7:else#1:and.svs.st#3                        1                            else#7:else#1:and.svs.st#3                            
    else#7:if:div.2cyc                                1                            else#7:if:div.2cyc                                    
    else#7:if:div.2cyc.st#2                           1                            else#7:if:div.2cyc.st#2                               
    if#7:equal.svs#3                                  1                            if#7:equal.svs#3                                      
    if#7:equal.svs.st#1                               1                            if#7:equal.svs.st#1                                   
    if#7:equal.svs.st#2                               1                            if#7:equal.svs.st#2                                   
    main.stage_0#2                                    1                            main.stage_0#2                                        
    main.stage_0#3                                    1                            main.stage_0#3                                        
    main.stage_0#4                                    1                            main.stage_0#4                                        
    unequal.tmp#1                                     1                            unequal.tmp#1                                         
    unequal.tmp#2                                     1                            unequal.tmp#2                                         
                                                                                                                                         
    Total:                                          377              0           0 (Total Gating Ratio: 0.00, CG Opt Gating Ratio: 0.00) 
    
  Timing Report
    Critical Path
      Max Delay:  10.555546999999999
      Slack:      9.444453000000001
      
      Path                                                             Startpoint                        Endpoint                                    Delay   Slack   
      ---------------------------------------------------------------- --------------------------------- ------------------------------------------- ------- -------
      1                                                                HSVRGB:core/reg(div:mgc_div#10.a) HSVRGB:core/reg(acc#3.itm#1)                10.5555 9.4445  
                                                                                                                                                                     
        Instance                                                       Component                                                                     Delta   Delay   
        --------                                                       ---------                                                                     -----   -----   
        HSVRGB/div:mgc_div#10.a                                                                                                                      0.0000  0.0000  
        HSVRGB/div:mgc_div#10                                          mgc_div_14_7_0                                                                4.7274  4.7274  
        HSVRGB/div:mgc_div#10.z                                                                                                                      0.0000  4.7274  
        HSVRGB:core/div:mgc_div#10.z                                                                                                                 0.0000  4.7274  
        HSVRGB:core/mux1h#26                                           mgc_mux1hot_14_3                                                              0.7732  5.5005  
        HSVRGB:core/mux1h#26.itm                                                                                                                     0.0000  5.5005  
        HSVRGB:core/and                                                mgc_and_14_3                                                                  0.4161  5.9166  
        HSVRGB:core/and.itm                                                                                                                          0.0000  5.9166  
        HSVRGB:core/mul#1                                              mgc_mul_5_0_14_0_15                                                           3.3138  9.2304  
        HSVRGB:core/mul#1.itm                                                                                                                        0.0000  9.2304  
        HSVRGB:core/slc#3                                                                                                                            0.0000  9.2304  
        HSVRGB:core/mul.rnd.sg1.sva                                                                                                                  0.0000  9.2304  
        HSVRGB:core/slc(mul.rnd.sg1.sva)                                                                                                             0.0000  9.2304  
        HSVRGB:core/slc(mul.rnd.sg1.sva).itm                                                                                                         0.0000  9.2304  
        HSVRGB:core/acc#3                                              mgc_add_10_0_1_0_10                                                           1.3252  10.5555 
        HSVRGB:core/acc#3.itm                                                                                                                        0.0000  10.5555 
        HSVRGB:core/reg(acc#3.itm#1)                                   mgc_reg_pos_10_1_0_0_0_0_0                                                    0.0000  10.5555 
                                                                                                                                                                     
      2                                                                HSVRGB:core/reg(div:mgc_div#10.a) HSVRGB:core/reg(acc#3.itm#1)                10.5555 9.4445  
                                                                                                                                                                     
        Instance                                                       Component                                                                     Delta   Delay   
        --------                                                       ---------                                                                     -----   -----   
        HSVRGB/div:mgc_div#10.a                                                                                                                      0.0000  0.0000  
        HSVRGB/div:mgc_div#10                                          mgc_div_14_7_0                                                                4.7274  4.7274  
        HSVRGB/div:mgc_div#10.z                                                                                                                      0.0000  4.7274  
        HSVRGB:core/div:mgc_div#10.z                                                                                                                 0.0000  4.7274  
        HSVRGB:core/mux1h#26                                           mgc_mux1hot_14_3                                                              0.7732  5.5005  
        HSVRGB:core/mux1h#26.itm                                                                                                                     0.0000  5.5005  
        HSVRGB:core/and                                                mgc_and_14_3                                                                  0.4161  5.9166  
        HSVRGB:core/and.itm                                                                                                                          0.0000  5.9166  
        HSVRGB:core/mul#1                                              mgc_mul_5_0_14_0_15                                                           3.3138  9.2304  
        HSVRGB:core/mul#1.itm                                                                                                                        0.0000  9.2304  
        HSVRGB:core/slc#3                                                                                                                            0.0000  9.2304  
        HSVRGB:core/mul.rnd.sg1.sva                                                                                                                  0.0000  9.2304  
        HSVRGB:core/slc(mul.rnd.sg1.sva)#1                                                                                                           0.0000  9.2304  
        HSVRGB:core/slc(mul.rnd.sg1.sva)#1.itm                                                                                                       0.0000  9.2304  
        HSVRGB:core/acc#3                                              mgc_add_10_0_1_0_10                                                           1.3252  10.5555 
        HSVRGB:core/acc#3.itm                                                                                                                        0.0000  10.5555 
        HSVRGB:core/reg(acc#3.itm#1)                                   mgc_reg_pos_10_1_0_0_0_0_0                                                    0.0000  10.5555 
                                                                                                                                                                     
      3                                                                HSVRGB:core/reg(div:mgc_div#10.b) HSVRGB:core/reg(acc#3.itm#1)                10.5555 9.4445  
                                                                                                                                                                     
        Instance                                                       Component                                                                     Delta   Delay   
        --------                                                       ---------                                                                     -----   -----   
        HSVRGB/div:mgc_div#10.b                                                                                                                      0.0000  0.0000  
        HSVRGB/div:mgc_div#10                                          mgc_div_14_7_0                                                                4.7274  4.7274  
        HSVRGB/div:mgc_div#10.z                                                                                                                      0.0000  4.7274  
        HSVRGB:core/div:mgc_div#10.z                                                                                                                 0.0000  4.7274  
        HSVRGB:core/mux1h#26                                           mgc_mux1hot_14_3                                                              0.7732  5.5005  
        HSVRGB:core/mux1h#26.itm                                                                                                                     0.0000  5.5005  
        HSVRGB:core/and                                                mgc_and_14_3                                                                  0.4161  5.9166  
        HSVRGB:core/and.itm                                                                                                                          0.0000  5.9166  
        HSVRGB:core/mul#1                                              mgc_mul_5_0_14_0_15                                                           3.3138  9.2304  
        HSVRGB:core/mul#1.itm                                                                                                                        0.0000  9.2304  
        HSVRGB:core/slc#3                                                                                                                            0.0000  9.2304  
        HSVRGB:core/mul.rnd.sg1.sva                                                                                                                  0.0000  9.2304  
        HSVRGB:core/slc(mul.rnd.sg1.sva)#1                                                                                                           0.0000  9.2304  
        HSVRGB:core/slc(mul.rnd.sg1.sva)#1.itm                                                                                                       0.0000  9.2304  
        HSVRGB:core/acc#3                                              mgc_add_10_0_1_0_10                                                           1.3252  10.5555 
        HSVRGB:core/acc#3.itm                                                                                                                        0.0000  10.5555 
        HSVRGB:core/reg(acc#3.itm#1)                                   mgc_reg_pos_10_1_0_0_0_0_0                                                    0.0000  10.5555 
                                                                                                                                                                     
      4                                                                HSVRGB:core/reg(div:mgc_div#9.a)  HSVRGB:core/reg(acc#3.itm#1)                10.5555 9.4445  
                                                                                                                                                                     
        Instance                                                       Component                                                                     Delta   Delay   
        --------                                                       ---------                                                                     -----   -----   
        HSVRGB/div:mgc_div#9.a                                                                                                                       0.0000  0.0000  
        HSVRGB/div:mgc_div#9                                           mgc_div_14_7_0                                                                4.7274  4.7274  
        HSVRGB/div:mgc_div#9.z                                                                                                                       0.0000  4.7274  
        HSVRGB:core/div:mgc_div#9.z                                                                                                                  0.0000  4.7274  
        HSVRGB:core/mux1h#26                                           mgc_mux1hot_14_3                                                              0.7732  5.5005  
        HSVRGB:core/mux1h#26.itm                                                                                                                     0.0000  5.5005  
        HSVRGB:core/and                                                mgc_and_14_3                                                                  0.4161  5.9166  
        HSVRGB:core/and.itm                                                                                                                          0.0000  5.9166  
        HSVRGB:core/mul#1                                              mgc_mul_5_0_14_0_15                                                           3.3138  9.2304  
        HSVRGB:core/mul#1.itm                                                                                                                        0.0000  9.2304  
        HSVRGB:core/slc#3                                                                                                                            0.0000  9.2304  
        HSVRGB:core/mul.rnd.sg1.sva                                                                                                                  0.0000  9.2304  
        HSVRGB:core/slc(mul.rnd.sg1.sva)#1                                                                                                           0.0000  9.2304  
        HSVRGB:core/slc(mul.rnd.sg1.sva)#1.itm                                                                                                       0.0000  9.2304  
        HSVRGB:core/acc#3                                              mgc_add_10_0_1_0_10                                                           1.3252  10.5555 
        HSVRGB:core/acc#3.itm                                                                                                                        0.0000  10.5555 
        HSVRGB:core/reg(acc#3.itm#1)                                   mgc_reg_pos_10_1_0_0_0_0_0                                                    0.0000  10.5555 
                                                                                                                                                                     
      5                                                                HSVRGB:core/reg(div:mgc_div#9.b)  HSVRGB:core/reg(acc#3.itm#1)                10.5555 9.4445  
                                                                                                                                                                     
        Instance                                                       Component                                                                     Delta   Delay   
        --------                                                       ---------                                                                     -----   -----   
        HSVRGB/div:mgc_div#9.b                                                                                                                       0.0000  0.0000  
        HSVRGB/div:mgc_div#9                                           mgc_div_14_7_0                                                                4.7274  4.7274  
        HSVRGB/div:mgc_div#9.z                                                                                                                       0.0000  4.7274  
        HSVRGB:core/div:mgc_div#9.z                                                                                                                  0.0000  4.7274  
        HSVRGB:core/mux1h#26                                           mgc_mux1hot_14_3                                                              0.7732  5.5005  
        HSVRGB:core/mux1h#26.itm                                                                                                                     0.0000  5.5005  
        HSVRGB:core/and                                                mgc_and_14_3                                                                  0.4161  5.9166  
        HSVRGB:core/and.itm                                                                                                                          0.0000  5.9166  
        HSVRGB:core/mul#1                                              mgc_mul_5_0_14_0_15                                                           3.3138  9.2304  
        HSVRGB:core/mul#1.itm                                                                                                                        0.0000  9.2304  
        HSVRGB:core/slc#3                                                                                                                            0.0000  9.2304  
        HSVRGB:core/mul.rnd.sg1.sva                                                                                                                  0.0000  9.2304  
        HSVRGB:core/slc(mul.rnd.sg1.sva)#1                                                                                                           0.0000  9.2304  
        HSVRGB:core/slc(mul.rnd.sg1.sva)#1.itm                                                                                                       0.0000  9.2304  
        HSVRGB:core/acc#3                                              mgc_add_10_0_1_0_10                                                           1.3252  10.5555 
        HSVRGB:core/acc#3.itm                                                                                                                        0.0000  10.5555 
        HSVRGB:core/reg(acc#3.itm#1)                                   mgc_reg_pos_10_1_0_0_0_0_0                                                    0.0000  10.5555 
                                                                                                                                                                     
      6                                                                HSVRGB:core/reg(div:mgc_div#4.a)  HSVRGB:core/reg(H_OUT:rsc:mgc_out_stdreg.d) 10.4881 9.5119  
                                                                                                                                                                     
        Instance                                                       Component                                                                     Delta   Delay   
        --------                                                       ---------                                                                     -----   -----   
        HSVRGB/div:mgc_div#4.a                                                                                                                       0.0000  0.0000  
        HSVRGB/div:mgc_div#4                                           mgc_div_18_15_1                                                               6.3317  6.3317  
        HSVRGB/div:mgc_div#4.z                                                                                                                       0.0000  6.3317  
        HSVRGB:core/div:mgc_div#4.z                                                                                                                  0.0000  6.3317  
        HSVRGB:core/else#7:else#1:if:slc(div:mgc_div#4.z)#2                                                                                          0.0000  6.3317  
        HSVRGB:core/else#7:else#1:if:slc(div:mgc_div#4.z)#2.itm                                                                                      0.0000  6.3317  
        HSVRGB:core/mux1h#2                                            mgc_mux1hot_5_4                                                               0.8756  7.2073  
        HSVRGB:core/div.sdt#2.sva.duc:mx0                                                                                                            0.0000  7.2073  
        HSVRGB:core/slc(div.sdt#2.sva.duc:mx0)#1                                                                                                     0.0000  7.2073  
        HSVRGB:core/slc(div.sdt#2.sva.duc:mx0)#1.itm                                                                                                 0.0000  7.2073  
        HSVRGB:core/else#7:else#1:if:acc#1                             mgc_add_4_0_2_1_4                                                             0.8599  8.0672  
        HSVRGB:core/else#7:else#1:if:ac_fixed:cctor.sg2#1.sva                                                                                        0.0000  8.0672  
        HSVRGB:core/slc(else#7:else#1:if:ac_fixed:cctor.sg2#1.sva)                                                                                   0.0000  8.0672  
        HSVRGB:core/slc(else#7:else#1:if:ac_fixed:cctor.sg2#1.sva).itm                                                                               0.0000  8.0672  
        HSVRGB:core/else#7:mux1h                                       mgc_mux1hot_2_3                                                               0.7732  8.8404  
        HSVRGB:core/else#7:mux1h.itm                                                                                                                 0.0000  8.8404  
        HSVRGB:core/else#7:not#2                                       mgc_not_2                                                                     0.0000  8.8404  
        HSVRGB:core/else#7:not#2.itm                                                                                                                 0.0000  8.8404  
        HSVRGB:core/conc#179                                                                                                                         0.0000  8.8404  
        HSVRGB:core/conc#179.itm                                                                                                                     0.0000  8.8404  
        HSVRGB:core/else#7:acc                                         mgc_add_6_0_6_0_6                                                             1.0162  9.8566  
        HSVRGB:core/else#7:acc.itm                                                                                                                   0.0000  9.8566  
        HSVRGB:core/else#7:slc#1                                                                                                                     0.0000  9.8566  
        HSVRGB:core/else#7:acc#3.psp.sva                                                                                                             0.0000  9.8566  
        HSVRGB:core/slc(else#7:acc#3.psp.sva)                                                                                                        0.0000  9.8566  
        HSVRGB:core/slc(else#7:acc#3.psp.sva).itm                                                                                                    0.0000  9.8566  
        HSVRGB:core/and#1                                              mgc_and_4_2                                                                   0.2625  10.1191 
        HSVRGB:core/and#1.itm                                                                                                                        0.0000  10.1191 
        HSVRGB:core/conc#169                                                                                                                         0.0000  10.1191 
        HSVRGB:core/conc#169.itm                                                                                                                     0.0000  10.1191 
        HSVRGB:core/mux#1                                              mgc_mux_10_1_2                                                                0.3690  10.4881 
        HSVRGB:core/mux#1.itm                                                                                                                        0.0000  10.4881 
        HSVRGB:core/reg(H_OUT:rsc:mgc_out_stdreg.d)                    mgc_reg_pos_10_1_0_0_0_0_0                                                    0.0000  10.4881 
                                                                                                                                                                     
      7                                                                HSVRGB:core/reg(div:mgc_div#4.a)  HSVRGB:core/reg(H_OUT:rsc:mgc_out_stdreg.d) 10.4881 9.5119  
                                                                                                                                                                     
        Instance                                                       Component                                                                     Delta   Delay   
        --------                                                       ---------                                                                     -----   -----   
        HSVRGB/div:mgc_div#4.a                                                                                                                       0.0000  0.0000  
        HSVRGB/div:mgc_div#4                                           mgc_div_18_15_1                                                               6.3317  6.3317  
        HSVRGB/div:mgc_div#4.z                                                                                                                       0.0000  6.3317  
        HSVRGB:core/div:mgc_div#4.z                                                                                                                  0.0000  6.3317  
        HSVRGB:core/else#7:else#1:if:slc(div:mgc_div#4.z)#2                                                                                          0.0000  6.3317  
        HSVRGB:core/else#7:else#1:if:slc(div:mgc_div#4.z)#2.itm                                                                                      0.0000  6.3317  
        HSVRGB:core/mux1h#2                                            mgc_mux1hot_5_4                                                               0.8756  7.2073  
        HSVRGB:core/div.sdt#2.sva.duc:mx0                                                                                                            0.0000  7.2073  
        HSVRGB:core/slc(div.sdt#2.sva.duc:mx0)#1                                                                                                     0.0000  7.2073  
        HSVRGB:core/slc(div.sdt#2.sva.duc:mx0)#1.itm                                                                                                 0.0000  7.2073  
        HSVRGB:core/else#7:else#1:if:acc#1                             mgc_add_4_0_2_1_4                                                             0.8599  8.0672  
        HSVRGB:core/else#7:else#1:if:ac_fixed:cctor.sg2#1.sva                                                                                        0.0000  8.0672  
        HSVRGB:core/slc(else#7:else#1:if:ac_fixed:cctor.sg2#1.sva)                                                                                   0.0000  8.0672  
        HSVRGB:core/slc(else#7:else#1:if:ac_fixed:cctor.sg2#1.sva).itm                                                                               0.0000  8.0672  
        HSVRGB:core/else#7:mux1h                                       mgc_mux1hot_2_3                                                               0.7732  8.8404  
        HSVRGB:core/else#7:mux1h.itm                                                                                                                 0.0000  8.8404  
        HSVRGB:core/else#7:not#2                                       mgc_not_2                                                                     0.0000  8.8404  
        HSVRGB:core/else#7:not#2.itm                                                                                                                 0.0000  8.8404  
        HSVRGB:core/conc#179                                                                                                                         0.0000  8.8404  
        HSVRGB:core/conc#179.itm                                                                                                                     0.0000  8.8404  
        HSVRGB:core/else#7:acc                                         mgc_add_6_0_6_0_6                                                             1.0162  9.8566  
        HSVRGB:core/else#7:acc.itm                                                                                                                   0.0000  9.8566  
        HSVRGB:core/else#7:slc#1                                                                                                                     0.0000  9.8566  
        HSVRGB:core/else#7:acc#3.psp.sva                                                                                                             0.0000  9.8566  
        HSVRGB:core/slc(else#7:acc#3.psp.sva)#1                                                                                                      0.0000  9.8566  
        HSVRGB:core/slc(else#7:acc#3.psp.sva)#1.itm                                                                                                  0.0000  9.8566  
        HSVRGB:core/and#2                                              mgc_and_1_2                                                                   0.2625  10.1191 
        HSVRGB:core/and#2.itm                                                                                                                        0.0000  10.1191 
        HSVRGB:core/conc#169                                                                                                                         0.0000  10.1191 
        HSVRGB:core/conc#169.itm                                                                                                                     0.0000  10.1191 
        HSVRGB:core/mux#1                                              mgc_mux_10_1_2                                                                0.3690  10.4881 
        HSVRGB:core/mux#1.itm                                                                                                                        0.0000  10.4881 
        HSVRGB:core/reg(H_OUT:rsc:mgc_out_stdreg.d)                    mgc_reg_pos_10_1_0_0_0_0_0                                                    0.0000  10.4881 
                                                                                                                                                                     
      8                                                                HSVRGB:core/reg(div:mgc_div#6.a)  HSVRGB:core/reg(H_OUT:rsc:mgc_out_stdreg.d) 10.4881 9.5119  
                                                                                                                                                                     
        Instance                                                       Component                                                                     Delta   Delay   
        --------                                                       ---------                                                                     -----   -----   
        HSVRGB/div:mgc_div#6.a                                                                                                                       0.0000  0.0000  
        HSVRGB/div:mgc_div#6                                           mgc_div_18_15_1                                                               6.3317  6.3317  
        HSVRGB/div:mgc_div#6.z                                                                                                                       0.0000  6.3317  
        HSVRGB:core/div:mgc_div#6.z                                                                                                                  0.0000  6.3317  
        HSVRGB:core/else#7:else#1:if:slc(div:mgc_div#6.z)#2                                                                                          0.0000  6.3317  
        HSVRGB:core/else#7:else#1:if:slc(div:mgc_div#6.z)#2.itm                                                                                      0.0000  6.3317  
        HSVRGB:core/mux1h#2                                            mgc_mux1hot_5_4                                                               0.8756  7.2073  
        HSVRGB:core/div.sdt#2.sva.duc:mx0                                                                                                            0.0000  7.2073  
        HSVRGB:core/slc(div.sdt#2.sva.duc:mx0)#1                                                                                                     0.0000  7.2073  
        HSVRGB:core/slc(div.sdt#2.sva.duc:mx0)#1.itm                                                                                                 0.0000  7.2073  
        HSVRGB:core/else#7:else#1:if:acc#1                             mgc_add_4_0_2_1_4                                                             0.8599  8.0672  
        HSVRGB:core/else#7:else#1:if:ac_fixed:cctor.sg2#1.sva                                                                                        0.0000  8.0672  
        HSVRGB:core/slc(else#7:else#1:if:ac_fixed:cctor.sg2#1.sva)                                                                                   0.0000  8.0672  
        HSVRGB:core/slc(else#7:else#1:if:ac_fixed:cctor.sg2#1.sva).itm                                                                               0.0000  8.0672  
        HSVRGB:core/else#7:mux1h                                       mgc_mux1hot_2_3                                                               0.7732  8.8404  
        HSVRGB:core/else#7:mux1h.itm                                                                                                                 0.0000  8.8404  
        HSVRGB:core/else#7:not#2                                       mgc_not_2                                                                     0.0000  8.8404  
        HSVRGB:core/else#7:not#2.itm                                                                                                                 0.0000  8.8404  
        HSVRGB:core/conc#179                                                                                                                         0.0000  8.8404  
        HSVRGB:core/conc#179.itm                                                                                                                     0.0000  8.8404  
        HSVRGB:core/else#7:acc                                         mgc_add_6_0_6_0_6                                                             1.0162  9.8566  
        HSVRGB:core/else#7:acc.itm                                                                                                                   0.0000  9.8566  
        HSVRGB:core/else#7:slc#1                                                                                                                     0.0000  9.8566  
        HSVRGB:core/else#7:acc#3.psp.sva                                                                                                             0.0000  9.8566  
        HSVRGB:core/slc(else#7:acc#3.psp.sva)#1                                                                                                      0.0000  9.8566  
        HSVRGB:core/slc(else#7:acc#3.psp.sva)#1.itm                                                                                                  0.0000  9.8566  
        HSVRGB:core/and#2                                              mgc_and_1_2                                                                   0.2625  10.1191 
        HSVRGB:core/and#2.itm                                                                                                                        0.0000  10.1191 
        HSVRGB:core/conc#169                                                                                                                         0.0000  10.1191 
        HSVRGB:core/conc#169.itm                                                                                                                     0.0000  10.1191 
        HSVRGB:core/mux#1                                              mgc_mux_10_1_2                                                                0.3690  10.4881 
        HSVRGB:core/mux#1.itm                                                                                                                        0.0000  10.4881 
        HSVRGB:core/reg(H_OUT:rsc:mgc_out_stdreg.d)                    mgc_reg_pos_10_1_0_0_0_0_0                                                    0.0000  10.4881 
                                                                                                                                                                     
      9                                                                HSVRGB:core/reg(div:mgc_div#5.a)  HSVRGB:core/reg(H_OUT:rsc:mgc_out_stdreg.d) 10.4881 9.5119  
                                                                                                                                                                     
        Instance                                                       Component                                                                     Delta   Delay   
        --------                                                       ---------                                                                     -----   -----   
        HSVRGB/div:mgc_div#5.a                                                                                                                       0.0000  0.0000  
        HSVRGB/div:mgc_div#5                                           mgc_div_18_15_1                                                               6.3317  6.3317  
        HSVRGB/div:mgc_div#5.z                                                                                                                       0.0000  6.3317  
        HSVRGB:core/div:mgc_div#5.z                                                                                                                  0.0000  6.3317  
        HSVRGB:core/else#7:else#1:if:slc(div:mgc_div#5.z)#2                                                                                          0.0000  6.3317  
        HSVRGB:core/else#7:else#1:if:slc(div:mgc_div#5.z)#2.itm                                                                                      0.0000  6.3317  
        HSVRGB:core/mux1h#2                                            mgc_mux1hot_5_4                                                               0.8756  7.2073  
        HSVRGB:core/div.sdt#2.sva.duc:mx0                                                                                                            0.0000  7.2073  
        HSVRGB:core/slc(div.sdt#2.sva.duc:mx0)#1                                                                                                     0.0000  7.2073  
        HSVRGB:core/slc(div.sdt#2.sva.duc:mx0)#1.itm                                                                                                 0.0000  7.2073  
        HSVRGB:core/else#7:else#1:if:acc#1                             mgc_add_4_0_2_1_4                                                             0.8599  8.0672  
        HSVRGB:core/else#7:else#1:if:ac_fixed:cctor.sg2#1.sva                                                                                        0.0000  8.0672  
        HSVRGB:core/slc(else#7:else#1:if:ac_fixed:cctor.sg2#1.sva)                                                                                   0.0000  8.0672  
        HSVRGB:core/slc(else#7:else#1:if:ac_fixed:cctor.sg2#1.sva).itm                                                                               0.0000  8.0672  
        HSVRGB:core/else#7:mux1h                                       mgc_mux1hot_2_3                                                               0.7732  8.8404  
        HSVRGB:core/else#7:mux1h.itm                                                                                                                 0.0000  8.8404  
        HSVRGB:core/else#7:not#2                                       mgc_not_2                                                                     0.0000  8.8404  
        HSVRGB:core/else#7:not#2.itm                                                                                                                 0.0000  8.8404  
        HSVRGB:core/conc#179                                                                                                                         0.0000  8.8404  
        HSVRGB:core/conc#179.itm                                                                                                                     0.0000  8.8404  
        HSVRGB:core/else#7:acc                                         mgc_add_6_0_6_0_6                                                             1.0162  9.8566  
        HSVRGB:core/else#7:acc.itm                                                                                                                   0.0000  9.8566  
        HSVRGB:core/else#7:slc#1                                                                                                                     0.0000  9.8566  
        HSVRGB:core/else#7:acc#3.psp.sva                                                                                                             0.0000  9.8566  
        HSVRGB:core/slc(else#7:acc#3.psp.sva)#1                                                                                                      0.0000  9.8566  
        HSVRGB:core/slc(else#7:acc#3.psp.sva)#1.itm                                                                                                  0.0000  9.8566  
        HSVRGB:core/and#2                                              mgc_and_1_2                                                                   0.2625  10.1191 
        HSVRGB:core/and#2.itm                                                                                                                        0.0000  10.1191 
        HSVRGB:core/conc#169                                                                                                                         0.0000  10.1191 
        HSVRGB:core/conc#169.itm                                                                                                                     0.0000  10.1191 
        HSVRGB:core/mux#1                                              mgc_mux_10_1_2                                                                0.3690  10.4881 
        HSVRGB:core/mux#1.itm                                                                                                                        0.0000  10.4881 
        HSVRGB:core/reg(H_OUT:rsc:mgc_out_stdreg.d)                    mgc_reg_pos_10_1_0_0_0_0_0                                                    0.0000  10.4881 
                                                                                                                                                                     
      10                                                               HSVRGB:core/reg(div:mgc_div#4.b)  HSVRGB:core/reg(H_OUT:rsc:mgc_out_stdreg.d) 10.4881 9.5119  
                                                                                                                                                                     
        Instance                                                       Component                                                                     Delta   Delay   
        --------                                                       ---------                                                                     -----   -----   
        HSVRGB/div:mgc_div#4.b                                                                                                                       0.0000  0.0000  
        HSVRGB/div:mgc_div#4                                           mgc_div_18_15_1                                                               6.3317  6.3317  
        HSVRGB/div:mgc_div#4.z                                                                                                                       0.0000  6.3317  
        HSVRGB:core/div:mgc_div#4.z                                                                                                                  0.0000  6.3317  
        HSVRGB:core/else#7:else#1:if:slc(div:mgc_div#4.z)#2                                                                                          0.0000  6.3317  
        HSVRGB:core/else#7:else#1:if:slc(div:mgc_div#4.z)#2.itm                                                                                      0.0000  6.3317  
        HSVRGB:core/mux1h#2                                            mgc_mux1hot_5_4                                                               0.8756  7.2073  
        HSVRGB:core/div.sdt#2.sva.duc:mx0                                                                                                            0.0000  7.2073  
        HSVRGB:core/slc(div.sdt#2.sva.duc:mx0)#1                                                                                                     0.0000  7.2073  
        HSVRGB:core/slc(div.sdt#2.sva.duc:mx0)#1.itm                                                                                                 0.0000  7.2073  
        HSVRGB:core/else#7:else#1:if:acc#1                             mgc_add_4_0_2_1_4                                                             0.8599  8.0672  
        HSVRGB:core/else#7:else#1:if:ac_fixed:cctor.sg2#1.sva                                                                                        0.0000  8.0672  
        HSVRGB:core/slc(else#7:else#1:if:ac_fixed:cctor.sg2#1.sva)                                                                                   0.0000  8.0672  
        HSVRGB:core/slc(else#7:else#1:if:ac_fixed:cctor.sg2#1.sva).itm                                                                               0.0000  8.0672  
        HSVRGB:core/else#7:mux1h                                       mgc_mux1hot_2_3                                                               0.7732  8.8404  
        HSVRGB:core/else#7:mux1h.itm                                                                                                                 0.0000  8.8404  
        HSVRGB:core/else#7:not#2                                       mgc_not_2                                                                     0.0000  8.8404  
        HSVRGB:core/else#7:not#2.itm                                                                                                                 0.0000  8.8404  
        HSVRGB:core/conc#179                                                                                                                         0.0000  8.8404  
        HSVRGB:core/conc#179.itm                                                                                                                     0.0000  8.8404  
        HSVRGB:core/else#7:acc                                         mgc_add_6_0_6_0_6                                                             1.0162  9.8566  
        HSVRGB:core/else#7:acc.itm                                                                                                                   0.0000  9.8566  
        HSVRGB:core/else#7:slc#1                                                                                                                     0.0000  9.8566  
        HSVRGB:core/else#7:acc#3.psp.sva                                                                                                             0.0000  9.8566  
        HSVRGB:core/slc(else#7:acc#3.psp.sva)#1                                                                                                      0.0000  9.8566  
        HSVRGB:core/slc(else#7:acc#3.psp.sva)#1.itm                                                                                                  0.0000  9.8566  
        HSVRGB:core/and#2                                              mgc_and_1_2                                                                   0.2625  10.1191 
        HSVRGB:core/and#2.itm                                                                                                                        0.0000  10.1191 
        HSVRGB:core/conc#169                                                                                                                         0.0000  10.1191 
        HSVRGB:core/conc#169.itm                                                                                                                     0.0000  10.1191 
        HSVRGB:core/mux#1                                              mgc_mux_10_1_2                                                                0.3690  10.4881 
        HSVRGB:core/mux#1.itm                                                                                                                        0.0000  10.4881 
        HSVRGB:core/reg(H_OUT:rsc:mgc_out_stdreg.d)                    mgc_reg_pos_10_1_0_0_0_0_0                                                    0.0000  10.4881 
                                                                                                                                                                     
      
    Register Input and Register-to-Output Slack
      Clock period or pin-to-reg delay constraint (clk): 20.0
      Clock uncertainty constraint (clk)               : 0.0
      
      Instance                                                  Port                                    Slack (Delay) Messages 
      --------------------------------------------------------- ------------------------------------- ------- ------- --------
      HSVRGB:core/reg(S_OUT:rsc:mgc_out_stdreg.d)               mux.itm                               19.6310  0.3690          
      HSVRGB:core/reg(H_OUT:rsc:mgc_out_stdreg.d)               mux#1.itm                              9.5119 10.4881          
      HSVRGB:core/reg(else#7:if#1:ac_fixed:cctor.sg1#1.sva.duc) mux1h#1.itm                           12.7927  7.2073          
      HSVRGB:core/reg(else#7:if#1:div.3cyc.st#3)                else#7:if#1:div.3cyc.st#2             20.0000  0.0000          
      HSVRGB:core/reg(div.sdt#2.sva.duc)                        mux1h#3.itm                           12.7927  7.2073          
      HSVRGB:core/reg(div.sdt#3.sva.duc)                        mux1h#5.itm                           12.7927  7.2073          
      HSVRGB:core/reg(else#7:else#1:if:div.3cyc.st#3)           else#7:else#1:if:div.3cyc.st#2        20.0000  0.0000          
      HSVRGB:core/reg(else#7:else#1:else:div.3cyc.st#3)         else#7:else#1:else:div.3cyc.st#2      20.0000  0.0000          
      HSVRGB:core/reg(else#7:else#1:and.svs.st#3)               else#7:else#1:and.svs.st#2            20.0000  0.0000          
      HSVRGB:core/reg(else#7:and.svs#3)                         else#7:and.svs.st#2                   20.0000  0.0000          
      HSVRGB:core/reg(acc#3.itm#1)                              acc#3.itm                              9.4445 10.5555          
      HSVRGB:core/reg(if#7:equal.svs#3)                         if#7:equal.svs.st#2                   14.9450  5.0550          
      HSVRGB:core/reg(else#7:if:div.2cyc.st#2)                  else#7:if:div.2cyc                    19.6310  0.3690          
      HSVRGB:core/reg(mut#24.sg1#1)                             else#7:if:conc.tmp.mut#3.sg1          19.2268  0.7732          
      HSVRGB:core/reg(else#7:if#1:conc#1.tmp.mut#6.sg1)         else#7:if#1:conc#1.tmp.mut#5.sg1      19.2268  0.7732          
      HSVRGB:core/reg(else#7:if#1:div.3cyc.st#2)                else#7:if#1:div.3cyc                  16.6645  3.3355          
      HSVRGB:core/reg(else#7:else#1:if:conc.tmp.mut#4.sg1)      else#7:else#1:if:conc.tmp.mut#3.sg1   19.2268  0.7732          
      HSVRGB:core/reg(else#7:else#1:if:div.3cyc.st#2)           else#7:else#1:if:div.3cyc             16.5800  3.4200          
      HSVRGB:core/reg(else#7:else#1:else:conc.tmp.mut#4.sg1)    else#7:else#1:else:conc.tmp.mut#3.sg1 19.2268  0.7732          
      HSVRGB:core/reg(else#7:else#1:else:div.3cyc.st#2)         else#7:else#1:else:div.3cyc           16.4233  3.5767          
      HSVRGB:core/reg(else#7:else#1:and.svs.st#2)               else#7:else#1:and.svs#1               16.5227  3.4773          
      HSVRGB:core/reg(else#7:and.svs.st#2)                      else#7:and.svs.st#1                   16.5227  3.4773          
      HSVRGB:core/reg(max.sg1.lpi.dfm#3.st#2)                   max.sg1.lpi.dfm#3.mut#3               19.6310  0.3690          
      HSVRGB:core/reg(if#7:equal.svs.st#2)                      if#7:equal.svs.st#1                   16.5227  3.4773          
      HSVRGB:core/reg(div:mgc_div#10.b)                         mux#3.itm                             16.8915  3.1085          
      HSVRGB:core/reg(div:mgc_div#9.b)                          mux#5.itm                             16.8915  3.1085          
      HSVRGB:core/reg(max.sg1.lpi.dfm#3.mut#3)                  mux1h#24.tmp                          12.0055  7.9945          
      HSVRGB:core/reg(else#7:if:conc.tmp.mut#3.sg1)             delta.sg1.sva                         15.3242  4.6758          
      HSVRGB:core/reg(else#7:if#1:conc#1.tmp.mut#5.sg1)         else#7:if#1:conc#1.tmp.sg1            14.0368  5.9632          
      HSVRGB:core/reg(else#7:else#1:if:conc.tmp.mut#3.sg1)      else#7:else#1:if:conc.tmp.sg1         14.0368  5.9632          
      HSVRGB:core/reg(else#7:else#1:else:conc.tmp.mut#3.sg1)    else#7:else#1:else:conc.tmp.sg1       14.0368  5.9632          
      HSVRGB:core/reg(else#7:and.svs.st#1)                      else#7:and.itm                        14.8340  5.1660          
      HSVRGB:core/reg(if#7:equal.svs.st#1)                      if#7:equal.tmp                        13.9248  6.0752          
      HSVRGB:core/reg(else#7:if:div.2cyc)                       mux#7.itm                             15.4742  4.5258          
      HSVRGB:core/reg(else#7:if#1:div.3cyc)                     mux#8.itm                             14.1918  5.8082          
      HSVRGB:core/reg(else#7:else#1:if:div.3cyc)                mux#9.itm                             13.2871  6.7129          
      HSVRGB:core/reg(else#7:else#1:else:div.3cyc)              mux#10.itm                            13.1389  6.8611          
      HSVRGB:core/reg(main.stage_0#2)                           C1_1                                  20.0000  0.0000          
      HSVRGB:core/reg(main.stage_0#3)                           main.stage_0#2                        16.5227  3.4773          
      HSVRGB:core/reg(main.stage_0#4)                           main.stage_0#3                        18.5483  1.4517          
      HSVRGB:core/reg(s.sva#2.duc)                              mux1h#27.itm                          14.4995  5.5005          
      HSVRGB:core/reg(unequal.tmp#2)                            unequal.tmp#1                         20.0000  0.0000          
      HSVRGB:core/reg(unequal.tmp#1)                            unequal.tmp                           12.0055  7.9945          
      HSVRGB:core/reg(else#7:else#1:and.svs#1)                  else#7:else#1:and.itm                 14.8340  5.1660          
      HSVRGB:core/reg(div:mgc_div#7.b)                          mux1h#6.itm                           13.1037  6.8963          
      HSVRGB:core/reg(div:mgc_div#7.a)                          mux1h#7.itm                           13.1037  6.8963          
      HSVRGB:core/reg(div:mgc_div#8.b)                          mux1h#8.itm                           12.9947  7.0053          
      HSVRGB:core/reg(div:mgc_div#8.a)                          mux1h#9.itm                           12.9947  7.0053          
      HSVRGB:core/reg(div:mgc_div.b)                            mux1h#10.itm                          12.9947  7.0053          
      HSVRGB:core/reg(div:mgc_div.a)                            mux1h#11.itm                          12.9947  7.0053          
      HSVRGB:core/reg(div:mgc_div#4.b)                          mux1h#12.itm                          12.0900  7.9100          
      HSVRGB:core/reg(div:mgc_div#4.a)                          mux1h#13.itm                          12.0900  7.9100          
      HSVRGB:core/reg(div:mgc_div#5.b)                          mux1h#14.itm                          12.0900  7.9100          
      HSVRGB:core/reg(div:mgc_div#5.a)                          mux1h#15.itm                          12.0900  7.9100          
      HSVRGB:core/reg(div:mgc_div#6.b)                          mux1h#16.itm                          12.0055  7.9945          
      HSVRGB:core/reg(div:mgc_div#6.a)                          mux1h#17.itm                          12.0055  7.9945          
      HSVRGB:core/reg(div:mgc_div#1.b)                          mux1h#18.itm                          12.2097  7.7903          
      HSVRGB:core/reg(div:mgc_div#1.a)                          mux1h#19.itm                          12.2097  7.7903          
      HSVRGB:core/reg(div:mgc_div#2.b)                          mux1h#20.itm                          12.2097  7.7903          
      HSVRGB:core/reg(div:mgc_div#2.a)                          mux1h#21.itm                          12.2097  7.7903          
      HSVRGB:core/reg(div:mgc_div#3.b)                          mux1h#22.itm                          12.1252  7.8748          
      HSVRGB:core/reg(div:mgc_div#3.a)                          mux1h#23.itm                          12.1252  7.8748          
      HSVRGB:core/reg(div:mgc_div#10.a)                         mux#4.itm                             15.7284  4.2716          
      HSVRGB:core/reg(div:mgc_div#9.a)                          mux#6.itm                             15.7284  4.2716          
      HSVRGB                                                    H_OUT:rsc.z                           20.0000  0.0000          
      HSVRGB                                                    S_OUT:rsc.z                           20.0000  0.0000          
      HSVRGB                                                    V_OUT:rsc.z                           20.0000  0.0000          
      
  Operator Bitwidth Summary
    Operation  Size (bits) Count 
    ---------- ----------- -----
    add                          
    -                   12     9 
    -                   10     1 
    -                    8     1 
    -                    6     1 
    -                    4     1 
    -                    3     1 
    -                    2     9 
    and                          
    -                    5     2 
    -                    4    14 
    -                    3    16 
    -                    2    46 
    div                          
    -           2037046940     9 
    -           1710323385     2 
    equal                        
    -                    1     3 
    mul                          
    -                   15     1 
    mux                          
    -                    1    42 
    mux1h                        
    -                    4     6 
    -                    3    23 
    nand                         
    -                    2     5 
    nor                          
    -                    3     6 
    -                    2    20 
    not                          
    -                   10     9 
    -                    7     1 
    -                    2     1 
    -                    1   109 
    or                           
    -                    8     1 
    -                    7     3 
    -                    6     6 
    -                    5     3 
    -                    4    14 
    -                    3    11 
    -                    2    19 
    read_port                    
    -                   10     3 
    reg                          
    -                   14     1 
    -                   11    15 
    -                   10     3 
    -                    7    17 
    -                    5     3 
    -                    2     9 
    -                    1    16 
    write_port                   
    -                   10     3 
    
  End of Report
