-- Catapult University Version: Report                                              
-- ---------------------------- ---------------------------------------------------
-- Version:                     2011a.126 Production Release                        
-- Build Date:                  Wed Aug  8 00:52:07 PDT 2012                        
                                                                                    
-- Generated by:                oh1015@EEWS104A-005                                 
-- Generated date:              Thu Apr 28 17:13:34 +0100 2016                      

Solution Settings: cdt.v2
  Current state: extract
  Project: CDTNEW
  
  Design Input Files Specified
    $PROJECT_HOME/cdt.cpp
      $MGC_HOME/shared/include/ac_fixed.h
        $MGC_HOME/shared/include/ac_int.h
  
  Processes/Blocks in Design
    Process       Real Operation(s) count Latency Throughput Reset Length II Comments 
    ------------- ----------------------- ------- ---------- ------------ -- --------
    /cdt/core                          17       1          1            0  1          
    Design Total:                      17       1          1            0  1          
    
  Bill Of Materials (Datapath)
    Component Name                          Area Score Area(LUTs) Delay Post Alloc Post Assign 
    --------------------------------------- ---------- ---------- ----- ---------- -----------
    [Lib: mgc_Altera-Cyclone-III-6_beh_psr]                                                    
    mgc_add(10,0,6,1,10)                        11.000     11.000 1.309          1           1 
    mgc_add(8,0,8,1,9)                           9.000      9.000 1.001          3           3 
    mgc_and(1,2)                                 0.730      0.730 0.263          0           2 
    mgc_mux(1,1,2)                               0.919      0.919 0.369          0           1 
    mgc_nor(1,3)                                 1.054      1.054 0.416          0           1 
    mgc_not(9)                                   0.000      0.000 0.000          0           1 
    mgc_reg_pos(1,1,0,0,0,0,0)                   0.000      0.000 0.000          0           2 
    [Lib: mgc_ioport]                                                                          
    mgc_in_wire(1,10)                            0.000      0.000 0.000          1           1 
    mgc_in_wire(2,10)                            0.000      0.000 0.000          1           1 
    mgc_in_wire(3,10)                            0.000      0.000 0.000          1           1 
    mgc_out_stdreg(4,10)                         0.000      0.000 0.000          1           1 
    mgc_out_stdreg(5,10)                         0.000      0.000 0.000          1           1 
    mgc_out_stdreg(6,10)                         0.000      0.000 0.000          1           1 
                                                                                               
    TOTAL AREA (After Assignment):              41.434     41.000                              
    
  Area Scores
                      Post-Scheduling Post-DP & FSM Post-Assignment 
    ----------------- --------------- ------------- ---------------
    Total Area Score:     38.0          41.4            41.4        
    Total Reg:             0.0           0.0             0.0        
                                                                    
    DataPath:             38.0 (100%)   41.4 (100%)     41.4 (100%) 
      MUX:                 0.0           0.9   (2%)      0.9   (2%) 
      FUNC:               38.0 (100%)   38.0  (92%)     38.0  (92%) 
      LOGIC:               0.0           2.5   (6%)      2.5   (6%) 
      BUFFER:              0.0           0.0             0.0        
      MEM:                 0.0           0.0             0.0        
      ROM:                 0.0           0.0             0.0        
      REG:                 0.0           0.0             0.0        
                                                                    
    
    FSM:                   0.0           0.0             0.0        
      FSM-REG:             0.0           0.0             0.0        
      FSM-COMB:            0.0           0.0             0.0        
                                                                    
    
  Register-to-Variable Mappings
    Register                            Size(bits) Gated Register CG Opt Done Variables                                             
    ----------------------------------- ---------- -------------- ----------- -----------------------------------------------------
    if:slc.svs                                   1                            if:slc.svs                                            
    reg(G_OUT:rsc:mgc_out_stdreg.d).reg          1                            reg(G_OUT:rsc:mgc_out_stdreg.d).reg                   
                                                                                                                                    
    Total:                                       2              0           0 (Total Gating Ratio: 0.00, CG Opt Gating Ratio: 0.00) 
    
  Timing Report
    Critical Path
      Max Delay:  2.356547
      Slack:      17.643453
      
      Path                                         Startpoint                      Endpoint                                 Delay  Slack   
      -------------------------------------------- ------------------------------- ---------------------------------------- ------ -------
      1                                            cdt:core/H_IN:rsc:mgc_in_wire.d cdt:core/reg(G_OUT:rsc:mgc_out_stdreg.d) 2.3565 17.6435 
                                                                                                                                           
        Instance                                   Component                                                                Delta  Delay   
        --------                                   ---------                                                                -----  -----   
        cdt:core/H_IN:rsc:mgc_in_wire.d                                                                                     0.0000 0.0000  
        cdt:core/slc(H_IN:rsc:mgc_in_wire.d)                                                                                0.0000 0.0000  
        cdt:core/slc(H_IN:rsc:mgc_in_wire.d).itm                                                                            0.0000 0.0000  
        cdt:core/oelse:not#1                       mgc_not_9                                                                0.0000 0.0000  
        cdt:core/oelse:not#1.itm                                                                                            0.0000 0.0000  
        cdt:core/conc                                                                                                       0.0000 0.0000  
        cdt:core/conc.itm                                                                                                   0.0000 0.0000  
        cdt:core/oelse:acc                         mgc_add_10_0_6_1_10                                                      1.3090 1.3090  
        cdt:core/oelse:acc.itm                                                                                              0.0000 1.3090  
        cdt:core/oelse:slc#1                                                                                                0.0000 1.3090  
        cdt:core/oelse:slc#1.itm                                                                                            0.0000 1.3090  
        cdt:core/and#1                             mgc_and_1_2                                                              0.2625 1.5715  
        cdt:core/and#1.itm                                                                                                  0.0000 1.5715  
        cdt:core/mux                               mgc_mux_1_1_2                                                            0.3690 1.9405  
        cdt:core/if:slc.svs:mx0                                                                                             0.0000 1.9405  
        cdt:core/nor                               mgc_nor_1_3                                                              0.4161 2.3565  
        cdt:core/nor.itm                                                                                                    0.0000 2.3565  
        cdt:core/reg(G_OUT:rsc:mgc_out_stdreg.d)   mgc_reg_pos_1_1_0_0_0_0_0                                                0.0000 2.3565  
                                                                                                                                           
      2                                            cdt:core/H_IN:rsc:mgc_in_wire.d cdt:core/reg(G_OUT:rsc:mgc_out_stdreg.d) 2.0482 17.9518 
                                                                                                                                           
        Instance                                   Component                                                                Delta  Delay   
        --------                                   ---------                                                                -----  -----   
        cdt:core/H_IN:rsc:mgc_in_wire.d                                                                                     0.0000 0.0000  
        cdt:core/slc(H_IN:rsc:mgc_in_wire.d)#1                                                                              0.0000 0.0000  
        cdt:core/slc(H_IN:rsc:mgc_in_wire.d)#1.itm                                                                          0.0000 0.0000  
        cdt:core/if:acc#1                          mgc_add_8_0_8_1_9                                                        1.0006 1.0006  
        cdt:core/if:acc#1.itm                                                                                               0.0000 1.0006  
        cdt:core/slc#1                                                                                                      0.0000 1.0006  
        cdt:core/slc#1.itm                                                                                                  0.0000 1.0006  
        cdt:core/and#1                             mgc_and_1_2                                                              0.2625 1.2631  
        cdt:core/and#1.itm                                                                                                  0.0000 1.2631  
        cdt:core/mux                               mgc_mux_1_1_2                                                            0.3690 1.6321  
        cdt:core/if:slc.svs:mx0                                                                                             0.0000 1.6321  
        cdt:core/nor                               mgc_nor_1_3                                                              0.4161 2.0482  
        cdt:core/nor.itm                                                                                                    0.0000 2.0482  
        cdt:core/reg(G_OUT:rsc:mgc_out_stdreg.d)   mgc_reg_pos_1_1_0_0_0_0_0                                                0.0000 2.0482  
                                                                                                                                           
      3                                            cdt:core/H_IN:rsc:mgc_in_wire.d cdt:core/reg(G_OUT:rsc:mgc_out_stdreg.d) 1.9876 18.0124 
                                                                                                                                           
        Instance                                   Component                                                                Delta  Delay   
        --------                                   ---------                                                                -----  -----   
        cdt:core/H_IN:rsc:mgc_in_wire.d                                                                                     0.0000 0.0000  
        cdt:core/slc(H_IN:rsc:mgc_in_wire.d)                                                                                0.0000 0.0000  
        cdt:core/slc(H_IN:rsc:mgc_in_wire.d).itm                                                                            0.0000 0.0000  
        cdt:core/oelse:not#1                       mgc_not_9                                                                0.0000 0.0000  
        cdt:core/oelse:not#1.itm                                                                                            0.0000 0.0000  
        cdt:core/conc                                                                                                       0.0000 0.0000  
        cdt:core/conc.itm                                                                                                   0.0000 0.0000  
        cdt:core/oelse:acc                         mgc_add_10_0_6_1_10                                                      1.3090 1.3090  
        cdt:core/oelse:acc.itm                                                                                              0.0000 1.3090  
        cdt:core/oelse:slc                                                                                                  0.0000 1.3090  
        cdt:core/oelse:slc.itm                                                                                              0.0000 1.3090  
        cdt:core/and                               mgc_and_1_2                                                              0.2625 1.5715  
        cdt:core/and.itm                                                                                                    0.0000 1.5715  
        cdt:core/nor                               mgc_nor_1_3                                                              0.4161 1.9876  
        cdt:core/nor.itm                                                                                                    0.0000 1.9876  
        cdt:core/reg(G_OUT:rsc:mgc_out_stdreg.d)   mgc_reg_pos_1_1_0_0_0_0_0                                                0.0000 1.9876  
                                                                                                                                           
      4                                            cdt:core/H_IN:rsc:mgc_in_wire.d cdt:core/reg(if:slc.svs)                 1.9405 18.0595 
                                                                                                                                           
        Instance                                   Component                                                                Delta  Delay   
        --------                                   ---------                                                                -----  -----   
        cdt:core/H_IN:rsc:mgc_in_wire.d                                                                                     0.0000 0.0000  
        cdt:core/slc(H_IN:rsc:mgc_in_wire.d)                                                                                0.0000 0.0000  
        cdt:core/slc(H_IN:rsc:mgc_in_wire.d).itm                                                                            0.0000 0.0000  
        cdt:core/oelse:not#1                       mgc_not_9                                                                0.0000 0.0000  
        cdt:core/oelse:not#1.itm                                                                                            0.0000 0.0000  
        cdt:core/conc                                                                                                       0.0000 0.0000  
        cdt:core/conc.itm                                                                                                   0.0000 0.0000  
        cdt:core/oelse:acc                         mgc_add_10_0_6_1_10                                                      1.3090 1.3090  
        cdt:core/oelse:acc.itm                                                                                              0.0000 1.3090  
        cdt:core/oelse:slc#1                                                                                                0.0000 1.3090  
        cdt:core/oelse:slc#1.itm                                                                                            0.0000 1.3090  
        cdt:core/and#1                             mgc_and_1_2                                                              0.2625 1.5715  
        cdt:core/and#1.itm                                                                                                  0.0000 1.5715  
        cdt:core/mux                               mgc_mux_1_1_2                                                            0.3690 1.9405  
        cdt:core/if:slc.svs:mx0                                                                                             0.0000 1.9405  
        cdt:core/reg(if:slc.svs)                   mgc_reg_pos_1_1_0_0_0_0_0                                                0.0000 1.9405  
                                                                                                                                           
      5                                            cdt:core/H_IN:rsc:mgc_in_wire.d cdt:core/reg(G_OUT:rsc:mgc_out_stdreg.d) 1.6792 18.3208 
                                                                                                                                           
        Instance                                   Component                                                                Delta  Delay   
        --------                                   ---------                                                                -----  -----   
        cdt:core/H_IN:rsc:mgc_in_wire.d                                                                                     0.0000 0.0000  
        cdt:core/slc(H_IN:rsc:mgc_in_wire.d)#1                                                                              0.0000 0.0000  
        cdt:core/slc(H_IN:rsc:mgc_in_wire.d)#1.itm                                                                          0.0000 0.0000  
        cdt:core/if:acc#1                          mgc_add_8_0_8_1_9                                                        1.0006 1.0006  
        cdt:core/if:acc#1.itm                                                                                               0.0000 1.0006  
        cdt:core/slc                                                                                                        0.0000 1.0006  
        cdt:core/slc.itm                                                                                                    0.0000 1.0006  
        cdt:core/and                               mgc_and_1_2                                                              0.2625 1.2631  
        cdt:core/and.itm                                                                                                    0.0000 1.2631  
        cdt:core/nor                               mgc_nor_1_3                                                              0.4161 1.6792  
        cdt:core/nor.itm                                                                                                    0.0000 1.6792  
        cdt:core/reg(G_OUT:rsc:mgc_out_stdreg.d)   mgc_reg_pos_1_1_0_0_0_0_0                                                0.0000 1.6792  
                                                                                                                                           
      6                                            cdt:core/H_IN:rsc:mgc_in_wire.d cdt:core/reg(if:slc.svs)                 1.6321 18.3679 
                                                                                                                                           
        Instance                                   Component                                                                Delta  Delay   
        --------                                   ---------                                                                -----  -----   
        cdt:core/H_IN:rsc:mgc_in_wire.d                                                                                     0.0000 0.0000  
        cdt:core/slc(H_IN:rsc:mgc_in_wire.d)#1                                                                              0.0000 0.0000  
        cdt:core/slc(H_IN:rsc:mgc_in_wire.d)#1.itm                                                                          0.0000 0.0000  
        cdt:core/if:acc#1                          mgc_add_8_0_8_1_9                                                        1.0006 1.0006  
        cdt:core/if:acc#1.itm                                                                                               0.0000 1.0006  
        cdt:core/slc#1                                                                                                      0.0000 1.0006  
        cdt:core/slc#1.itm                                                                                                  0.0000 1.0006  
        cdt:core/and#1                             mgc_and_1_2                                                              0.2625 1.2631  
        cdt:core/and#1.itm                                                                                                  0.0000 1.2631  
        cdt:core/mux                               mgc_mux_1_1_2                                                            0.3690 1.6321  
        cdt:core/if:slc.svs:mx0                                                                                             0.0000 1.6321  
        cdt:core/reg(if:slc.svs)                   mgc_reg_pos_1_1_0_0_0_0_0                                                0.0000 1.6321  
                                                                                                                                           
      7                                            cdt:core/V_IN:rsc:mgc_in_wire.d cdt:core/reg(G_OUT:rsc:mgc_out_stdreg.d) 1.4167 18.5833 
                                                                                                                                           
        Instance                                   Component                                                                Delta  Delay   
        --------                                   ---------                                                                -----  -----   
        cdt:core/V_IN:rsc:mgc_in_wire.d                                                                                     0.0000 0.0000  
        cdt:core/V_IN:slc                                                                                                   0.0000 0.0000  
        cdt:core/V_IN:slc.itm                                                                                               0.0000 0.0000  
        cdt:core/if:if:acc#1                       mgc_add_8_0_8_1_9                                                        1.0006 1.0006  
        cdt:core/if:if:acc#1.itm                                                                                            0.0000 1.0006  
        cdt:core/if:aif:slc                                                                                                 0.0000 1.0006  
        cdt:core/if:aif:slc.itm                                                                                             0.0000 1.0006  
        cdt:core/nor                               mgc_nor_1_3                                                              0.4161 1.4167  
        cdt:core/nor.itm                                                                                                    0.0000 1.4167  
        cdt:core/reg(G_OUT:rsc:mgc_out_stdreg.d)   mgc_reg_pos_1_1_0_0_0_0_0                                                0.0000 1.4167  
                                                                                                                                           
      8                                            cdt:core/S_IN:rsc:mgc_in_wire.d cdt:core/reg(if:slc.svs)                 1.3696 18.6304 
                                                                                                                                           
        Instance                                   Component                                                                Delta  Delay   
        --------                                   ---------                                                                -----  -----   
        cdt:core/S_IN:rsc:mgc_in_wire.d                                                                                     0.0000 0.0000  
        cdt:core/S_IN:slc                                                                                                   0.0000 0.0000  
        cdt:core/S_IN:slc.itm                                                                                               0.0000 0.0000  
        cdt:core/if:if:acc                         mgc_add_8_0_8_1_9                                                        1.0006 1.0006  
        cdt:core/if:if:acc.itm                                                                                              0.0000 1.0006  
        cdt:core/if:slc                                                                                                     0.0000 1.0006  
        cdt:core/if:slc.itm                                                                                                 0.0000 1.0006  
        cdt:core/mux                               mgc_mux_1_1_2                                                            0.3690 1.3696  
        cdt:core/if:slc.svs:mx0                                                                                             0.0000 1.3696  
        cdt:core/reg(if:slc.svs)                   mgc_reg_pos_1_1_0_0_0_0_0                                                0.0000 1.3696  
                                                                                                                                           
      9                                            cdt:core/reg(if:slc.svs)        cdt:core/reg(if:slc.svs)                 0.3690 19.6310 
                                                                                                                                           
        Instance                                   Component                                                                Delta  Delay   
        --------                                   ---------                                                                -----  -----   
        cdt:core/reg(if:slc.svs)                   mgc_reg_pos_1_1_0_0_0_0_0                                                0.0000 0.0000  
        cdt:core/if:slc.svs                                                                                                 0.0000 0.0000  
        cdt:core/mux                               mgc_mux_1_1_2                                                            0.3690 0.3690  
        cdt:core/if:slc.svs:mx0                                                                                             0.0000 0.3690  
        cdt:core/reg(if:slc.svs)                   mgc_reg_pos_1_1_0_0_0_0_0                                                0.0000 0.3690  
                                                                                                                                           
      
    Register Input and Register-to-Output Slack
      Clock period or pin-to-reg delay constraint (clk): 20.0
      Clock uncertainty constraint (clk)               : 0.0
      
      Instance                                 Port             Slack (Delay) Messages 
      ---------------------------------------- -------------- ------- ------- --------
      cdt:core/reg(if:slc.svs)                 if:slc.svs:mx0 17.6435  2.3565          
      cdt:core/reg(G_OUT:rsc:mgc_out_stdreg.d) nor.itm        17.6435  2.3565          
      cdt                                      R_OUT:rsc.z    20.0000  0.0000          
      cdt                                      G_OUT:rsc.z    20.0000  0.0000          
      cdt                                      B_OUT:rsc.z    20.0000  0.0000          
      
  Operator Bitwidth Summary
    Operation  Size (bits) Count 
    ---------- ----------- -----
    add                          
    -                   10     1 
    -                    9     3 
    and                          
    -                    2     2 
    mux                          
    -                    1     1 
    nor                          
    -                    3     1 
    not                          
    -                    9     1 
    read_port                    
    -                   10     3 
    reg                          
    -                    1     2 
    write_port                   
    -                   10     3 
    
  End of Report
