//  Catapult University Version 2011a.126 (Production Release) Wed Aug  8 00:52:07 PDT 2012
//  
//  Copyright (c) Calypto Design Systems, Inc., 1996-2012, All Rights Reserved.
//                       UNPUBLISHED, LICENSED SOFTWARE.
//            CONFIDENTIAL AND PROPRIETARY INFORMATION WHICH IS THE
//          PROPERTY OF CALYPTO DESIGN SYSTEMS OR ITS LICENSORS
//  
//  Running on Windows 7 kjr115@EEWS104A-006 Service Pack 1 6.01.7601 i686
//  
//  Package information: SIFLIBS v17.0_1.1, HLS_PKGS v17.0_1.1, 
//                       DesignPad v2.78_0.0
//  
//  This version may only be used for academic purposes.  Some optimizations 
//  are disabled, so results obtained from this version may be sub-optimal.
//  
//  Start time Fri May 06 17:28:22 2016
# -------------------------------------------------
# Logging session transcript to file "C:\Users\kjr115\AppData\Local\Temp\log5708ceaa3c.0"
# Loading options from registry.
# Warning: set_working_dir: Directory 'C:/Windows/System32' not writable, using C:/Users/kjr115/AppData/Local/Temp
project load {//icnas2.cc.ic.ac.uk/kjr115/Project/Musca/Game Engine/catapult_projects/maze_ram++/MazeRAM+.ccs}
# Moving session transcript to file "\\icnas2.cc.ic.ac.uk\kjr115\Project\Musca\Game Engine\catapult_projects\maze_ram++\catapult.log"
# Reading component library '$MGC_HOME\pkgs\siflibs\mgc_busdefs.lib' [mgc_busdefs]... (LIB-49)
# Reading component library '$MGC_HOME\pkgs\siflibs\stdops.lib' [STDOPS]... (LIB-49)
# Reading component library '$MGC_HOME\pkgs\siflibs\mgc_ioport.lib' [mgc_ioport]... (LIB-49)
# Reading component library '$MGC_HOME\pkgs\ccs_altera\Altera_accel_CycloneIII.lib' [Altera_accel_CycloneIII]... (LIB-49)
# Reading component library '$MGC_HOME\pkgs\siflibs\psr2010a_up2\mgc_Altera-Cyclone-III-6_beh_psr.lib' [mgc_Altera-Cyclone-III-6_beh_psr]... (LIB-49)
# Reading component library '$MGC_HOME\pkgs\siflibs\psr2010a_up2\ram_Altera-Cyclone-III-6_RAMSB.lib' [ram_Altera-Cyclone-III-6_RAMSB]... (LIB-49)
# File '$PROJECT_HOME/../../../src/MazeArray.cpp' saved
# Input file has changed
go new
solution file set {$PROJECT_HOME/../../../src/MazeArray.cpp} -updated
# Info: Branching solution 'solution.v1' at state 'new' (PRJ-2)
go extract
# Info: Starting transformation 'analyze' on solution 'solution.v1' (SOL-8)
# Front End called with arguments: -- {\\icnas2.cc.ic.ac.uk\kjr115\Project\Musca\src\MazeArray.cpp} (CIN-69)
# Edison Design Group C++/C Front End - Version 3.10.1 (CIN-1)
# Error: $PROJECT_HOME/../../../src/includes/definitions.h(7): $PROJECT_HOME/../../../src/includes/definitions.h(7): expected a declaration (CRD-169)
# Warning: $PROJECT_HOME/../../../src/includes/definitions.h(16): $PROJECT_HOME/../../../src/includes/definitions.h(16): parsing restarts here after previous syntax error (CRD-12)
# Error: Compilation aborted (CIN-5)
# Error: go analyze: Failed analyze
# File '$PROJECT_HOME/../../../src/includes/definitions.h' saved
options set Output OutputVHDL false
# false
options set Output OutputVerilog true
# true
go extract
# Info: Starting transformation 'analyze' on solution 'solution.v1' (SOL-8)
# Front End called with arguments: -- {\\icnas2.cc.ic.ac.uk\kjr115\Project\Musca\src\MazeArray.cpp} (CIN-69)
# Edison Design Group C++/C Front End - Version 3.10.1 (CIN-1)
# Source file analysis completed (CIN-68)
# Info: Completed transformation 'analyze' on solution 'solution.v1': elapsed time 0.95 seconds, memory usage 166212kB, peak memory usage 191660kB (SOL-9)
# Info: Starting transformation 'compile' on solution 'solution.v1' (SOL-8)
# Generating synthesis internal form... (CIN-3)
# $PROJECT_HOME/../../../src/MazeArray.cpp(7): Found top design routine 'MazeMemory' specified by directive (CIN-52)
# $PROJECT_HOME/../../../src/MazeArray.cpp(7): Synthesizing routine 'MazeMemory' (CIN-13)
# $PROJECT_HOME/../../../src/MazeArray.cpp(7): Inlining routine 'MazeMemory' (CIN-14)
# Warning: $PROJECT_HOME/../../../src/MazeArray.cpp(10): Instantiating global variable 'maze' which may be accessed outside this scope (CIN-18)
# $PROJECT_HOME/../../../src/MazeArray.cpp(7): Optimizing block '/MazeMemory' ... (CIN-4)
# $PROJECT_HOME/../../../src/MazeArray.cpp(7): Inout port 'out' is only used as an output. (OPT-11)
# Info: Optimizing partition '/MazeMemory': (Total ops = 23, Real ops = 0, Vars = 15) (SOL-10)
# Info: Optimizing partition '/MazeMemory/core': (Total ops = 23, Real ops = 0, Vars = 9) (SOL-10)
# Info: Optimizing partition '/MazeMemory/core': (Total ops = 23, Real ops = 0, Vars = 9) (SOL-10)
# Info: Optimizing partition '/MazeMemory': (Total ops = 23, Real ops = 0, Vars = 15) (SOL-10)
# Info: Optimizing partition '/MazeMemory': (Total ops = 23, Real ops = 0, Vars = 15) (SOL-10)
# Info: Optimizing partition '/MazeMemory/core': (Total ops = 23, Real ops = 0, Vars = 9) (SOL-10)
# Info: Optimizing partition '/MazeMemory/core': (Total ops = 14, Real ops = 0, Vars = 7) (SOL-10)
# Info: Optimizing partition '/MazeMemory': (Total ops = 14, Real ops = 0, Vars = 13) (SOL-10)
# Info: Optimizing partition '/MazeMemory': (Total ops = 14, Real ops = 0, Vars = 13) (SOL-10)
# Info: Optimizing partition '/MazeMemory/core': (Total ops = 14, Real ops = 0, Vars = 7) (SOL-10)
# Info: Optimizing partition '/MazeMemory/core': (Total ops = 11, Real ops = 0, Vars = 5) (SOL-10)
# Info: Optimizing partition '/MazeMemory': (Total ops = 11, Real ops = 0, Vars = 11) (SOL-10)
# Info: Optimizing partition '/MazeMemory/core': (Total ops = 11, Real ops = 0, Vars = 5) (SOL-10)
# Info: Optimizing partition '/MazeMemory': (Total ops = 11, Real ops = 0, Vars = 11) (SOL-10)
# Info: Optimizing partition '/MazeMemory': (Total ops = 11, Real ops = 0, Vars = 11) (SOL-10)
# Info: Optimizing partition '/MazeMemory/core': (Total ops = 11, Real ops = 0, Vars = 5) (SOL-10)
# Info: Optimizing partition '/MazeMemory/core': (Total ops = 11, Real ops = 0, Vars = 5) (SOL-10)
# Info: Optimizing partition '/MazeMemory': (Total ops = 11, Real ops = 0, Vars = 11) (SOL-10)
# Info: Optimizing partition '/MazeMemory': (Total ops = 11, Real ops = 0, Vars = 11) (SOL-10)
# Info: Optimizing partition '/MazeMemory/core': (Total ops = 11, Real ops = 0, Vars = 5) (SOL-10)
# Design 'MazeMemory' was read (SOL-1)
# Info: Completed transformation 'compile' on solution 'MazeMemory.v4': elapsed time 0.72 seconds, memory usage 169876kB, peak memory usage 191880kB (SOL-9)
# Info: Starting transformation 'architect' on solution 'MazeMemory.v4' (SOL-8)
# $PROJECT_HOME/../../../src/MazeArray.cpp(7): Loop '/MazeMemory/core/main' is left rolled. (LOOP-4)
# $PROJECT_HOME/../../../src/MazeArray.cpp(7): I/O-Port inferred - resource 'row:rsc' (from var: row) mapped to 'mgc_ioport.mgc_in_wire' (size: 6). (MEM-2)
# $PROJECT_HOME/../../../src/MazeArray.cpp(7): I/O-Port inferred - resource 'col:rsc' (from var: col) mapped to 'mgc_ioport.mgc_in_wire' (size: 6). (MEM-2)
# $PROJECT_HOME/../../../src/MazeArray.cpp(7): I/O-Port inferred - resource 'val:rsc' (from var: val) mapped to 'mgc_ioport.mgc_in_wire' (size: 4). (MEM-2)
# $PROJECT_HOME/../../../src/MazeArray.cpp(7): I/O-Port inferred - resource 'write:rsc' (from var: write) mapped to 'mgc_ioport.mgc_in_wire' (size: 1). (MEM-2)
# $PROJECT_HOME/../../../src/MazeArray.cpp(7): I/O-Port inferred - resource 'out:rsc' (from var: out) mapped to 'mgc_ioport.mgc_out_stdreg' (size: 4). (MEM-2)
# $PROJECT_HOME/../../../src/MazeArray.cpp(7): I/O-Port inferred - resource 'init:rsc' (from var: init) mapped to 'mgc_ioport.mgc_in_wire' (size: 1). (MEM-2)
# $PROJECT_HOME/../../../src/MazeArray.cpp(5): Memory inferred - resource 'maze:rsc' (from var: maze) mapped to 'ram_Altera-Cyclone-III-6_RAMSB.singleport' (size: 4096 x 4). (MEM-4)
# Info: Optimizing partition '/MazeMemory': (Total ops = 22, Real ops = 3, Vars = 15) (SOL-10)
# Info: Optimizing partition '/MazeMemory/core': (Total ops = 22, Real ops = 3, Vars = 7) (SOL-10)
# Info: Optimizing partition '/MazeMemory/core': (Total ops = 34, Real ops = 3, Vars = 8) (SOL-10)
# Info: Optimizing partition '/MazeMemory/core': (Total ops = 32, Real ops = 3, Vars = 7) (SOL-10)
# Info: Optimizing partition '/MazeMemory': (Total ops = 32, Real ops = 3, Vars = 15) (SOL-10)
# Info: Optimizing partition '/MazeMemory/core': (Total ops = 28, Real ops = 3, Vars = 9) (SOL-10)
# Info: Optimizing partition '/MazeMemory/core': (Total ops = 28, Real ops = 3, Vars = 7) (SOL-10)
# Info: Optimizing partition '/MazeMemory': (Total ops = 28, Real ops = 3, Vars = 15) (SOL-10)
# Info: Optimizing partition '/MazeMemory/core': (Total ops = 28, Real ops = 3, Vars = 7) (SOL-10)
# Info: Optimizing partition '/MazeMemory': (Total ops = 28, Real ops = 3, Vars = 15) (SOL-10)
# Info: Optimizing partition '/MazeMemory': (Total ops = 28, Real ops = 3, Vars = 15) (SOL-10)
# Info: Optimizing partition '/MazeMemory/core': (Total ops = 28, Real ops = 3, Vars = 7) (SOL-10)
# Info: Optimizing partition '/MazeMemory/core': (Total ops = 76, Real ops = 5, Vars = 36) (SOL-10)
# Info: Optimizing partition '/MazeMemory/core': (Total ops = 28, Real ops = 4, Vars = 7) (SOL-10)
# Design 'MazeMemory' contains '4' real operations. (SOL-11)
# Info: Completed transformation 'architect' on solution 'MazeMemory.v4': elapsed time 1.50 seconds, memory usage 170992kB, peak memory usage 191880kB (SOL-9)
# Info: Starting transformation 'allocate' on solution 'MazeMemory.v4' (SOL-8)
# Performing concurrent resource allocation and scheduling on '/MazeMemory/core' (CRAAS-1)
# Info: Select qualified components for data operations ... (CRAAS-3)
# Info: Apply resource constraints on data operations ... (CRAAS-4)
# $PROJECT_HOME/../../../src/MazeArray.cpp(7): Prescheduled LOOP 'main' (3 c-steps) (SCHD-7)
# $PROJECT_HOME/../../../src/MazeArray.cpp(10): Prescheduled LOOP 'maze:vinit' (2 c-steps) (SCHD-7)
# $PROJECT_HOME/../../../src/MazeArray.cpp(7): Prescheduled LOOP 'core:rlp' (1 c-steps) (SCHD-7)
# $PROJECT_HOME/../../../src/MazeArray.cpp(7): Prescheduled SEQUENTIAL 'core' (total length 8196 c-steps) (SCHD-8)
# Info: Initial schedule of SEQUENTIAL 'core': Latency = 2, Area (Datapath, Register, Total) = 16.68, 0.00, 16.68 (CRAAS-11)
# At least one feasible schedule exists. (CRAAS-9)
# Info: Final schedule of SEQUENTIAL 'core': Latency = 2, Area (Datapath, Register, Total) = 16.68, 0.00, 16.68 (CRAAS-12)
# Resource allocation and scheduling done. (CRAAS-2)
# Netlist written to file 'schedule.gnt' (NET-4)
# Info: Completed transformation 'allocate' on solution 'MazeMemory.v4': elapsed time 0.09 seconds, memory usage 170992kB, peak memory usage 191880kB (SOL-9)
# Info: Starting transformation 'schedule' on solution 'MazeMemory.v4' (SOL-8)
# Performing concurrent resource allocation and scheduling on '/MazeMemory/core' (CRAAS-1)
# Global signal 'row:rsc.z' added to design 'MazeMemory' for component 'row:rsc:mgc_in_wire' (LIB-3)
# Global signal 'col:rsc.z' added to design 'MazeMemory' for component 'col:rsc:mgc_in_wire' (LIB-3)
# Global signal 'val:rsc.z' added to design 'MazeMemory' for component 'val:rsc:mgc_in_wire' (LIB-3)
# Global signal 'write:rsc.z' added to design 'MazeMemory' for component 'write:rsc:mgc_in_wire' (LIB-3)
# Global signal 'out:rsc.z' added to design 'MazeMemory' for component 'out:rsc:mgc_out_stdreg' (LIB-3)
# Info: Optimizing partition '/MazeMemory': (Total ops = 128, Real ops = 8, Vars = 55) (SOL-10)
# Info: Optimizing partition '/MazeMemory/MazeMemory:core': (Total ops = 94, Real ops = 7, Vars = 35) (SOL-10)
# Info: Optimizing partition '/MazeMemory/MazeMemory:core/core': (Total ops = 82, Real ops = 7, Vars = 23) (SOL-10)
# Info: Optimizing partition '/MazeMemory/MazeMemory:core/core': (Total ops = 59, Real ops = 3, Vars = 7) (SOL-10)
# Info: Optimizing partition '/MazeMemory': (Total ops = 104, Real ops = 3, Vars = 36) (SOL-10)
# Info: Optimizing partition '/MazeMemory/MazeMemory:core': (Total ops = 71, Real ops = 3, Vars = 19) (SOL-10)
# Info: Optimizing partition '/MazeMemory/MazeMemory:core/core': (Total ops = 59, Real ops = 3, Vars = 7) (SOL-10)
# Info: Optimizing partition '/MazeMemory': (Total ops = 102, Real ops = 3, Vars = 36) (SOL-10)
# Info: Optimizing partition '/MazeMemory/MazeMemory:core': (Total ops = 71, Real ops = 3, Vars = 19) (SOL-10)
# Info: Optimizing partition '/MazeMemory/MazeMemory:core/core': (Total ops = 59, Real ops = 3, Vars = 7) (SOL-10)
# Info: Optimizing partition '/MazeMemory': (Total ops = 102, Real ops = 3, Vars = 36) (SOL-10)
# Report written to file 'cycle.rpt'
# Info: Optimizing partition '/MazeMemory/MazeMemory:core/core': (Total ops = 90, Real ops = 5, Vars = 16) (SOL-10)
# Info: Optimizing partition '/MazeMemory/MazeMemory:core/core': (Total ops = 75, Real ops = 5, Vars = 12) (SOL-10)
# Info: Optimizing partition '/MazeMemory': (Total ops = 122, Real ops = 5, Vars = 45) (SOL-10)
# Info: Optimizing partition '/MazeMemory/MazeMemory:core': (Total ops = 91, Real ops = 5, Vars = 28) (SOL-10)
# Info: Optimizing partition '/MazeMemory/MazeMemory:core/core': (Total ops = 87, Real ops = 5, Vars = 12) (SOL-10)
# Info: Optimizing partition '/MazeMemory/MazeMemory:core/core': (Total ops = 83, Real ops = 5, Vars = 10) (SOL-10)
# Info: Optimizing partition '/MazeMemory': (Total ops = 130, Real ops = 5, Vars = 44) (SOL-10)
# Info: Optimizing partition '/MazeMemory/MazeMemory:core': (Total ops = 99, Real ops = 5, Vars = 27) (SOL-10)
# Info: Optimizing partition '/MazeMemory/MazeMemory:core/core': (Total ops = 84, Real ops = 5, Vars = 12) (SOL-10)
# Info: Optimizing partition '/MazeMemory/MazeMemory:core/core': (Total ops = 84, Real ops = 5, Vars = 11) (SOL-10)
# Info: Optimizing partition '/MazeMemory': (Total ops = 131, Real ops = 5, Vars = 45) (SOL-10)
# Info: Optimizing partition '/MazeMemory/MazeMemory:core': (Total ops = 100, Real ops = 5, Vars = 28) (SOL-10)
# Netlist written to file 'cycle.v' (NET-4)
# Info: Completed transformation 'schedule' on solution 'MazeMemory.v4': elapsed time 0.78 seconds, memory usage 175536kB, peak memory usage 192988kB (SOL-9)
# Info: Starting transformation 'dpfsm' on solution 'MazeMemory.v4' (SOL-8)
# Performing FSM extraction... (FSM-1)
# Info: Optimizing partition '/MazeMemory': (Total ops = 150, Real ops = 31, Vars = 106) (SOL-10)
# Info: Optimizing partition '/MazeMemory/MazeMemory:core': (Total ops = 119, Real ops = 31, Vars = 89) (SOL-10)
# Info: Optimizing partition '/MazeMemory/MazeMemory:core/MazeMemory:core:fsm': (Total ops = 8, Real ops = 3, Vars = 8) (SOL-10)
# Info: Optimizing partition '/MazeMemory/MazeMemory:core/MazeMemory:core:fsm/MazeMemory:core:fsm': (Total ops = 1, Real ops = 1, Vars = 1) (SOL-10)
# Info: Optimizing partition '/MazeMemory': (Total ops = 136, Real ops = 29, Vars = 40) (SOL-10)
# Info: Optimizing partition '/MazeMemory/MazeMemory:core': (Total ops = 105, Real ops = 29, Vars = 23) (SOL-10)
# Info: Optimizing partition '/MazeMemory/MazeMemory:core/MazeMemory:core:fsm': (Total ops = 7, Real ops = 3, Vars = 5) (SOL-10)
# Info: Optimizing partition '/MazeMemory/MazeMemory:core/MazeMemory:core:fsm/MazeMemory:core:fsm': (Total ops = 1, Real ops = 1, Vars = 1) (SOL-10)
# Info: Optimizing partition '/MazeMemory': (Total ops = 95, Real ops = 24, Vars = 40) (SOL-10)
# Info: Optimizing partition '/MazeMemory/MazeMemory:core': (Total ops = 64, Real ops = 24, Vars = 23) (SOL-10)
# Info: Optimizing partition '/MazeMemory/MazeMemory:core/MazeMemory:core:fsm': (Total ops = 7, Real ops = 3, Vars = 5) (SOL-10)
# Info: Optimizing partition '/MazeMemory/MazeMemory:core/MazeMemory:core:fsm/MazeMemory:core:fsm': (Total ops = 1, Real ops = 1, Vars = 1) (SOL-10)
# Info: Optimizing partition '/MazeMemory': (Total ops = 95, Real ops = 24, Vars = 40) (SOL-10)
# Info: Optimizing partition '/MazeMemory/MazeMemory:core': (Total ops = 64, Real ops = 24, Vars = 23) (SOL-10)
# Info: Optimizing partition '/MazeMemory': (Total ops = 97, Real ops = 21, Vars = 46) (SOL-10)
# Info: Optimizing partition '/MazeMemory/MazeMemory:core': (Total ops = 66, Real ops = 21, Vars = 29) (SOL-10)
# Info: Optimizing partition '/MazeMemory/MazeMemory:core/MazeMemory:core:fsm': (Total ops = 7, Real ops = 3, Vars = 5) (SOL-10)
# Info: Optimizing partition '/MazeMemory/MazeMemory:core/MazeMemory:core:fsm/MazeMemory:core:fsm': (Total ops = 1, Real ops = 1, Vars = 1) (SOL-10)
# Info: Optimizing partition '/MazeMemory': (Total ops = 93, Real ops = 21, Vars = 42) (SOL-10)
# Info: Optimizing partition '/MazeMemory/MazeMemory:core': (Total ops = 62, Real ops = 21, Vars = 25) (SOL-10)
# Info: Optimizing partition '/MazeMemory/MazeMemory:core/MazeMemory:core:fsm': (Total ops = 7, Real ops = 3, Vars = 5) (SOL-10)
# Info: Optimizing partition '/MazeMemory/MazeMemory:core': (Total ops = 62, Real ops = 21, Vars = 25) (SOL-10)
# Info: Optimizing partition '/MazeMemory': (Total ops = 93, Real ops = 21, Vars = 42) (SOL-10)
# Info: Optimizing partition '/MazeMemory': (Total ops = 93, Real ops = 21, Vars = 42) (SOL-10)
# Info: Optimizing partition '/MazeMemory/MazeMemory:core': (Total ops = 62, Real ops = 21, Vars = 25) (SOL-10)
# Info: Optimizing partition '/MazeMemory/MazeMemory:core/MazeMemory:core:fsm': (Total ops = 7, Real ops = 3, Vars = 5) (SOL-10)
# Info: Optimizing partition '/MazeMemory/MazeMemory:core/MazeMemory:core:fsm/MazeMemory:core:fsm': (Total ops = 1, Real ops = 1, Vars = 1) (SOL-10)
# Info: Optimizing partition '/MazeMemory': (Total ops = 93, Real ops = 21, Vars = 42) (SOL-10)
# Info: Optimizing partition '/MazeMemory/MazeMemory:core': (Total ops = 62, Real ops = 21, Vars = 25) (SOL-10)
# Info: Optimizing partition '/MazeMemory/MazeMemory:core/MazeMemory:core:fsm': (Total ops = 7, Real ops = 3, Vars = 5) (SOL-10)
# Info: Optimizing partition '/MazeMemory/MazeMemory:core/MazeMemory:core:fsm/MazeMemory:core:fsm': (Total ops = 1, Real ops = 1, Vars = 1) (SOL-10)
# Info: Completed transformation 'dpfsm' on solution 'MazeMemory.v4': elapsed time 0.16 seconds, memory usage 175484kB, peak memory usage 192988kB (SOL-9)
# Info: Starting transformation 'extract' on solution 'MazeMemory.v4' (SOL-8)
# Info: Optimizing partition '/MazeMemory': (Total ops = 102, Real ops = 25, Vars = 79) (SOL-10)
# Info: Optimizing partition '/MazeMemory/MazeMemory:core': (Total ops = 71, Real ops = 25, Vars = 62) (SOL-10)
# Info: Optimizing partition '/MazeMemory/MazeMemory:core/MazeMemory:core:fsm': (Total ops = 7, Real ops = 3, Vars = 5) (SOL-10)
# Info: Optimizing partition '/MazeMemory/MazeMemory:core/MazeMemory:core:fsm/MazeMemory:core:fsm': (Total ops = 1, Real ops = 1, Vars = 1) (SOL-10)
# Info: Optimizing partition '/MazeMemory': (Total ops = 91, Real ops = 20, Vars = 41) (SOL-10)
# Info: Optimizing partition '/MazeMemory/MazeMemory:core': (Total ops = 60, Real ops = 20, Vars = 24) (SOL-10)
# Info: Optimizing partition '/MazeMemory/MazeMemory:core/MazeMemory:core:fsm': (Total ops = 7, Real ops = 3, Vars = 5) (SOL-10)
# Info: Optimizing partition '/MazeMemory/MazeMemory:core': (Total ops = 60, Real ops = 20, Vars = 24) (SOL-10)
# Info: Optimizing partition '/MazeMemory': (Total ops = 91, Real ops = 20, Vars = 41) (SOL-10)
# Info: Optimizing partition '/MazeMemory': (Total ops = 91, Real ops = 20, Vars = 41) (SOL-10)
# Info: Optimizing partition '/MazeMemory/MazeMemory:core': (Total ops = 60, Real ops = 20, Vars = 24) (SOL-10)
# Info: Optimizing partition '/MazeMemory/MazeMemory:core/MazeMemory:core:fsm': (Total ops = 7, Real ops = 3, Vars = 5) (SOL-10)
# Info: Optimizing partition '/MazeMemory/MazeMemory:core/MazeMemory:core:fsm/MazeMemory:core:fsm': (Total ops = 1, Real ops = 1, Vars = 1) (SOL-10)
# Info: Optimizing partition '/MazeMemory': (Total ops = 91, Real ops = 20, Vars = 41) (SOL-10)
# Info: Optimizing partition '/MazeMemory/MazeMemory:core': (Total ops = 60, Real ops = 20, Vars = 24) (SOL-10)
# Info: Optimizing partition '/MazeMemory/MazeMemory:core/MazeMemory:core:fsm': (Total ops = 7, Real ops = 3, Vars = 5) (SOL-10)
# Info: Optimizing partition '/MazeMemory/MazeMemory:core/MazeMemory:core:fsm/MazeMemory:core:fsm': (Total ops = 1, Real ops = 1, Vars = 1) (SOL-10)
# Info: Optimizing partition '/MazeMemory': (Total ops = 98, Real ops = 23, Vars = 75) (SOL-10)
# Info: Optimizing partition '/MazeMemory/MazeMemory:core': (Total ops = 67, Real ops = 23, Vars = 58) (SOL-10)
# Info: Optimizing partition '/MazeMemory/MazeMemory:core/MazeMemory:core:fsm': (Total ops = 6, Real ops = 2, Vars = 5) (SOL-10)
# Info: Optimizing partition '/MazeMemory/MazeMemory:core/MazeMemory:core:fsm/MazeMemory:core:fsm': (Total ops = 1, Real ops = 1, Vars = 1) (SOL-10)
# Netlist written to file 'schematic.nlv' (NET-4)
# Info: Optimizing partition '/MazeMemory': (Total ops = 98, Real ops = 23, Vars = 75) (SOL-10)
# Info: Optimizing partition '/MazeMemory/MazeMemory:core': (Total ops = 67, Real ops = 23, Vars = 58) (SOL-10)
# Info: Optimizing partition '/MazeMemory/MazeMemory:core/MazeMemory:core:fsm': (Total ops = 7, Real ops = 3, Vars = 5) (SOL-10)
# Info: Optimizing partition '/MazeMemory/MazeMemory:core/MazeMemory:core:fsm/MazeMemory:core:fsm': (Total ops = 1, Real ops = 1, Vars = 1) (SOL-10)
# Info: Optimizing partition '/MazeMemory': (Total ops = 91, Real ops = 20, Vars = 41) (SOL-10)
# Info: Optimizing partition '/MazeMemory/MazeMemory:core': (Total ops = 60, Real ops = 20, Vars = 24) (SOL-10)
# Info: Optimizing partition '/MazeMemory': (Total ops = 91, Real ops = 20, Vars = 41) (SOL-10)
# Info: Optimizing partition '/MazeMemory/MazeMemory:core': (Total ops = 60, Real ops = 20, Vars = 24) (SOL-10)
# Info: Optimizing partition '/MazeMemory/MazeMemory:core/MazeMemory:core:fsm': (Total ops = 7, Real ops = 3, Vars = 5) (SOL-10)
# Info: Optimizing partition '/MazeMemory/MazeMemory:core/MazeMemory:core:fsm/MazeMemory:core:fsm': (Total ops = 1, Real ops = 1, Vars = 1) (SOL-10)
# Report written to file 'rtl.rpt'
# Netlist written to file 'rtl.v' (NET-4)
# generate concat
# order file name is: rtl.v_order.txt
# Add dependent file: ./rtl_mgc_ioport.v
# Add dependent file: ./rtl_mgc_ioport_v2001.v
# Add dependent file: C:/PROGRA~1/CALYPT~1/CATAPU~1.126/Mgc_home/pkgs/hls_pkgs/mgc_comps_src/mgc_generic_reg_beh.v
# Add dependent file: C:/PROGRA~1/CALYPT~1/CATAPU~1.126/Mgc_home/pkgs/siflibs/ram_singleport_be_fpga.v
# Add dependent file: ./rtl.v
# Finished writing concatenated file: //icnas2.cc.ic.ac.uk/kjr115/Project/Musca/Game Engine/catapult_projects/maze_ram++/MazeRAM+/MazeMemory.v4/concat_rtl.v
# Synthesis timing script written to file './rtl.v.psr_timing'
# IO timing constraints written to synthesis script file
# Synthesis script written to file 'rtl.v.psr'
# Info: Completed transformation 'extract' on solution 'MazeMemory.v4': elapsed time 1.51 seconds, memory usage 175484kB, peak memory usage 192988kB (SOL-9)
# File '$PROJECT_HOME/../../../src/MazeArray.cpp' saved
# Input file has changed
go new
solution file set {$PROJECT_HOME/../../../src/MazeArray.cpp} -updated
# Info: Branching solution 'solution.v1' at state 'new' (PRJ-2)
go extract
# Info: Starting transformation 'analyze' on solution 'solution.v1' (SOL-8)
# Front End called with arguments: -- {\\icnas2.cc.ic.ac.uk\kjr115\Project\Musca\src\MazeArray.cpp} (CIN-69)
# Edison Design Group C++/C Front End - Version 3.10.1 (CIN-1)
# Source file analysis completed (CIN-68)
# Info: Completed transformation 'analyze' on solution 'solution.v1': elapsed time 0.79 seconds, memory usage 174104kB, peak memory usage 198816kB (SOL-9)
# Info: Starting transformation 'compile' on solution 'solution.v1' (SOL-8)
# Generating synthesis internal form... (CIN-3)
# $PROJECT_HOME/../../../src/MazeArray.cpp(7): Found top design routine 'MazeMemory' specified by directive (CIN-52)
# $PROJECT_HOME/../../../src/MazeArray.cpp(7): Synthesizing routine 'MazeMemory' (CIN-13)
# $PROJECT_HOME/../../../src/MazeArray.cpp(7): Inlining routine 'MazeMemory' (CIN-14)
# Warning: $PROJECT_HOME/../../../src/MazeArray.cpp(10): Instantiating global variable 'maze' which may be accessed outside this scope (CIN-18)
# $PROJECT_HOME/../../../src/MazeArray.cpp(7): Optimizing block '/MazeMemory' ... (CIN-4)
# $PROJECT_HOME/../../../src/MazeArray.cpp(7): Inout port 'out' is only used as an output. (OPT-11)
# Info: Optimizing partition '/MazeMemory': (Total ops = 23, Real ops = 0, Vars = 15) (SOL-10)
# Info: Optimizing partition '/MazeMemory/core': (Total ops = 23, Real ops = 0, Vars = 9) (SOL-10)
# Info: Optimizing partition '/MazeMemory/core': (Total ops = 23, Real ops = 0, Vars = 9) (SOL-10)
# Info: Optimizing partition '/MazeMemory': (Total ops = 23, Real ops = 0, Vars = 15) (SOL-10)
# Info: Optimizing partition '/MazeMemory': (Total ops = 23, Real ops = 0, Vars = 15) (SOL-10)
# Info: Optimizing partition '/MazeMemory/core': (Total ops = 23, Real ops = 0, Vars = 9) (SOL-10)
# Info: Optimizing partition '/MazeMemory/core': (Total ops = 14, Real ops = 0, Vars = 7) (SOL-10)
# Info: Optimizing partition '/MazeMemory': (Total ops = 14, Real ops = 0, Vars = 13) (SOL-10)
# Info: Optimizing partition '/MazeMemory': (Total ops = 14, Real ops = 0, Vars = 13) (SOL-10)
# Info: Optimizing partition '/MazeMemory/core': (Total ops = 14, Real ops = 0, Vars = 7) (SOL-10)
# Info: Optimizing partition '/MazeMemory/core': (Total ops = 11, Real ops = 0, Vars = 5) (SOL-10)
# Info: Optimizing partition '/MazeMemory': (Total ops = 11, Real ops = 0, Vars = 11) (SOL-10)
# Info: Optimizing partition '/MazeMemory/core': (Total ops = 11, Real ops = 0, Vars = 5) (SOL-10)
# Info: Optimizing partition '/MazeMemory': (Total ops = 11, Real ops = 0, Vars = 11) (SOL-10)
# Info: Optimizing partition '/MazeMemory': (Total ops = 11, Real ops = 0, Vars = 11) (SOL-10)
# Info: Optimizing partition '/MazeMemory/core': (Total ops = 11, Real ops = 0, Vars = 5) (SOL-10)
# Info: Optimizing partition '/MazeMemory/core': (Total ops = 11, Real ops = 0, Vars = 5) (SOL-10)
# Info: Optimizing partition '/MazeMemory': (Total ops = 11, Real ops = 0, Vars = 11) (SOL-10)
# Info: Optimizing partition '/MazeMemory': (Total ops = 11, Real ops = 0, Vars = 11) (SOL-10)
# Info: Optimizing partition '/MazeMemory/core': (Total ops = 11, Real ops = 0, Vars = 5) (SOL-10)
# Design 'MazeMemory' was read (SOL-1)
# Info: Completed transformation 'compile' on solution 'MazeMemory.v5': elapsed time 0.84 seconds, memory usage 176020kB, peak memory usage 198816kB (SOL-9)
# Info: Starting transformation 'architect' on solution 'MazeMemory.v5' (SOL-8)
# $PROJECT_HOME/../../../src/MazeArray.cpp(7): Loop '/MazeMemory/core/main' is left rolled. (LOOP-4)
# $PROJECT_HOME/../../../src/MazeArray.cpp(7): I/O-Port inferred - resource 'row:rsc' (from var: row) mapped to 'mgc_ioport.mgc_in_wire' (size: 6). (MEM-2)
# $PROJECT_HOME/../../../src/MazeArray.cpp(7): I/O-Port inferred - resource 'col:rsc' (from var: col) mapped to 'mgc_ioport.mgc_in_wire' (size: 6). (MEM-2)
# $PROJECT_HOME/../../../src/MazeArray.cpp(7): I/O-Port inferred - resource 'val:rsc' (from var: val) mapped to 'mgc_ioport.mgc_in_wire' (size: 4). (MEM-2)
# $PROJECT_HOME/../../../src/MazeArray.cpp(7): I/O-Port inferred - resource 'write:rsc' (from var: write) mapped to 'mgc_ioport.mgc_in_wire' (size: 1). (MEM-2)
# $PROJECT_HOME/../../../src/MazeArray.cpp(7): I/O-Port inferred - resource 'out:rsc' (from var: out) mapped to 'mgc_ioport.mgc_out_stdreg' (size: 4). (MEM-2)
# $PROJECT_HOME/../../../src/MazeArray.cpp(7): I/O-Port inferred - resource 'init:rsc' (from var: init) mapped to 'mgc_ioport.mgc_in_wire' (size: 1). (MEM-2)
# $PROJECT_HOME/../../../src/MazeArray.cpp(5): Memory inferred - resource 'maze:rsc' (from var: maze) mapped to 'ram_Altera-Cyclone-III-6_RAMSB.singleport' (size: 4096 x 4). (MEM-4)
# Info: Optimizing partition '/MazeMemory': (Total ops = 22, Real ops = 3, Vars = 15) (SOL-10)
# Info: Optimizing partition '/MazeMemory/core': (Total ops = 22, Real ops = 3, Vars = 7) (SOL-10)
# Info: Optimizing partition '/MazeMemory/core': (Total ops = 34, Real ops = 3, Vars = 8) (SOL-10)
# Info: Optimizing partition '/MazeMemory/core': (Total ops = 32, Real ops = 3, Vars = 7) (SOL-10)
# Info: Optimizing partition '/MazeMemory': (Total ops = 32, Real ops = 3, Vars = 15) (SOL-10)
# Info: Optimizing partition '/MazeMemory/core': (Total ops = 28, Real ops = 3, Vars = 9) (SOL-10)
# Info: Optimizing partition '/MazeMemory/core': (Total ops = 28, Real ops = 3, Vars = 7) (SOL-10)
# Info: Optimizing partition '/MazeMemory': (Total ops = 28, Real ops = 3, Vars = 15) (SOL-10)
# Info: Optimizing partition '/MazeMemory/core': (Total ops = 28, Real ops = 3, Vars = 7) (SOL-10)
# Info: Optimizing partition '/MazeMemory': (Total ops = 28, Real ops = 3, Vars = 15) (SOL-10)
# Info: Optimizing partition '/MazeMemory': (Total ops = 28, Real ops = 3, Vars = 15) (SOL-10)
# Info: Optimizing partition '/MazeMemory/core': (Total ops = 28, Real ops = 3, Vars = 7) (SOL-10)
# Info: Optimizing partition '/MazeMemory/core': (Total ops = 76, Real ops = 5, Vars = 36) (SOL-10)
# Info: Optimizing partition '/MazeMemory/core': (Total ops = 28, Real ops = 4, Vars = 7) (SOL-10)
# Design 'MazeMemory' contains '4' real operations. (SOL-11)
# Info: Completed transformation 'architect' on solution 'MazeMemory.v5': elapsed time 2.03 seconds, memory usage 176496kB, peak memory usage 198816kB (SOL-9)
# Info: Starting transformation 'allocate' on solution 'MazeMemory.v5' (SOL-8)
# Performing concurrent resource allocation and scheduling on '/MazeMemory/core' (CRAAS-1)
# Info: Select qualified components for data operations ... (CRAAS-3)
# Info: Apply resource constraints on data operations ... (CRAAS-4)
# $PROJECT_HOME/../../../src/MazeArray.cpp(7): Prescheduled LOOP 'main' (3 c-steps) (SCHD-7)
# $PROJECT_HOME/../../../src/MazeArray.cpp(10): Prescheduled LOOP 'maze:vinit' (2 c-steps) (SCHD-7)
# $PROJECT_HOME/../../../src/MazeArray.cpp(7): Prescheduled LOOP 'core:rlp' (1 c-steps) (SCHD-7)
# $PROJECT_HOME/../../../src/MazeArray.cpp(7): Prescheduled SEQUENTIAL 'core' (total length 8196 c-steps) (SCHD-8)
# Info: Initial schedule of SEQUENTIAL 'core': Latency = 2, Area (Datapath, Register, Total) = 16.68, 0.00, 16.68 (CRAAS-11)
# At least one feasible schedule exists. (CRAAS-9)
# Info: Final schedule of SEQUENTIAL 'core': Latency = 2, Area (Datapath, Register, Total) = 16.68, 0.00, 16.68 (CRAAS-12)
# Resource allocation and scheduling done. (CRAAS-2)
# Netlist written to file 'schedule.gnt' (NET-4)
# Info: Completed transformation 'allocate' on solution 'MazeMemory.v5': elapsed time 0.13 seconds, memory usage 176496kB, peak memory usage 198816kB (SOL-9)
# Info: Starting transformation 'schedule' on solution 'MazeMemory.v5' (SOL-8)
# Performing concurrent resource allocation and scheduling on '/MazeMemory/core' (CRAAS-1)
# Global signal 'row:rsc.z' added to design 'MazeMemory' for component 'row:rsc:mgc_in_wire' (LIB-3)
# Global signal 'col:rsc.z' added to design 'MazeMemory' for component 'col:rsc:mgc_in_wire' (LIB-3)
# Global signal 'val:rsc.z' added to design 'MazeMemory' for component 'val:rsc:mgc_in_wire' (LIB-3)
# Global signal 'write:rsc.z' added to design 'MazeMemory' for component 'write:rsc:mgc_in_wire' (LIB-3)
# Global signal 'out:rsc.z' added to design 'MazeMemory' for component 'out:rsc:mgc_out_stdreg' (LIB-3)
# Info: Optimizing partition '/MazeMemory': (Total ops = 128, Real ops = 8, Vars = 55) (SOL-10)
# Info: Optimizing partition '/MazeMemory/MazeMemory:core': (Total ops = 94, Real ops = 7, Vars = 35) (SOL-10)
# Info: Optimizing partition '/MazeMemory/MazeMemory:core/core': (Total ops = 82, Real ops = 7, Vars = 23) (SOL-10)
# Info: Optimizing partition '/MazeMemory/MazeMemory:core/core': (Total ops = 59, Real ops = 3, Vars = 7) (SOL-10)
# Info: Optimizing partition '/MazeMemory': (Total ops = 104, Real ops = 3, Vars = 36) (SOL-10)
# Info: Optimizing partition '/MazeMemory/MazeMemory:core': (Total ops = 71, Real ops = 3, Vars = 19) (SOL-10)
# Info: Optimizing partition '/MazeMemory/MazeMemory:core/core': (Total ops = 59, Real ops = 3, Vars = 7) (SOL-10)
# Info: Optimizing partition '/MazeMemory': (Total ops = 102, Real ops = 3, Vars = 36) (SOL-10)
# Info: Optimizing partition '/MazeMemory/MazeMemory:core': (Total ops = 71, Real ops = 3, Vars = 19) (SOL-10)
# Info: Optimizing partition '/MazeMemory/MazeMemory:core/core': (Total ops = 59, Real ops = 3, Vars = 7) (SOL-10)
# Info: Optimizing partition '/MazeMemory': (Total ops = 102, Real ops = 3, Vars = 36) (SOL-10)
# Report written to file 'cycle.rpt'
# Info: Optimizing partition '/MazeMemory/MazeMemory:core/core': (Total ops = 90, Real ops = 5, Vars = 16) (SOL-10)
# Info: Optimizing partition '/MazeMemory/MazeMemory:core/core': (Total ops = 75, Real ops = 5, Vars = 12) (SOL-10)
# Info: Optimizing partition '/MazeMemory': (Total ops = 122, Real ops = 5, Vars = 45) (SOL-10)
# Info: Optimizing partition '/MazeMemory/MazeMemory:core': (Total ops = 91, Real ops = 5, Vars = 28) (SOL-10)
# Info: Optimizing partition '/MazeMemory/MazeMemory:core/core': (Total ops = 87, Real ops = 5, Vars = 12) (SOL-10)
# Info: Optimizing partition '/MazeMemory/MazeMemory:core/core': (Total ops = 83, Real ops = 5, Vars = 10) (SOL-10)
# Info: Optimizing partition '/MazeMemory': (Total ops = 130, Real ops = 5, Vars = 44) (SOL-10)
# Info: Optimizing partition '/MazeMemory/MazeMemory:core': (Total ops = 99, Real ops = 5, Vars = 27) (SOL-10)
# Info: Optimizing partition '/MazeMemory/MazeMemory:core/core': (Total ops = 84, Real ops = 5, Vars = 12) (SOL-10)
# Info: Optimizing partition '/MazeMemory/MazeMemory:core/core': (Total ops = 84, Real ops = 5, Vars = 11) (SOL-10)
# Info: Optimizing partition '/MazeMemory': (Total ops = 131, Real ops = 5, Vars = 45) (SOL-10)
# Info: Optimizing partition '/MazeMemory/MazeMemory:core': (Total ops = 100, Real ops = 5, Vars = 28) (SOL-10)
# Netlist written to file 'cycle.v' (NET-4)
# Info: Completed transformation 'schedule' on solution 'MazeMemory.v5': elapsed time 0.79 seconds, memory usage 179560kB, peak memory usage 198816kB (SOL-9)
# Info: Starting transformation 'dpfsm' on solution 'MazeMemory.v5' (SOL-8)
# Performing FSM extraction... (FSM-1)
# Info: Optimizing partition '/MazeMemory': (Total ops = 150, Real ops = 31, Vars = 106) (SOL-10)
# Info: Optimizing partition '/MazeMemory/MazeMemory:core': (Total ops = 119, Real ops = 31, Vars = 89) (SOL-10)
# Info: Optimizing partition '/MazeMemory/MazeMemory:core/MazeMemory:core:fsm': (Total ops = 8, Real ops = 3, Vars = 8) (SOL-10)
# Info: Optimizing partition '/MazeMemory/MazeMemory:core/MazeMemory:core:fsm/MazeMemory:core:fsm': (Total ops = 1, Real ops = 1, Vars = 1) (SOL-10)
# Info: Optimizing partition '/MazeMemory': (Total ops = 136, Real ops = 29, Vars = 40) (SOL-10)
# Info: Optimizing partition '/MazeMemory/MazeMemory:core': (Total ops = 105, Real ops = 29, Vars = 23) (SOL-10)
# Info: Optimizing partition '/MazeMemory/MazeMemory:core/MazeMemory:core:fsm': (Total ops = 7, Real ops = 3, Vars = 5) (SOL-10)
# Info: Optimizing partition '/MazeMemory/MazeMemory:core/MazeMemory:core:fsm/MazeMemory:core:fsm': (Total ops = 1, Real ops = 1, Vars = 1) (SOL-10)
# Info: Optimizing partition '/MazeMemory': (Total ops = 95, Real ops = 24, Vars = 40) (SOL-10)
# Info: Optimizing partition '/MazeMemory/MazeMemory:core': (Total ops = 64, Real ops = 24, Vars = 23) (SOL-10)
# Info: Optimizing partition '/MazeMemory/MazeMemory:core/MazeMemory:core:fsm': (Total ops = 7, Real ops = 3, Vars = 5) (SOL-10)
# Info: Optimizing partition '/MazeMemory/MazeMemory:core/MazeMemory:core:fsm/MazeMemory:core:fsm': (Total ops = 1, Real ops = 1, Vars = 1) (SOL-10)
# Info: Optimizing partition '/MazeMemory': (Total ops = 95, Real ops = 24, Vars = 40) (SOL-10)
# Info: Optimizing partition '/MazeMemory/MazeMemory:core': (Total ops = 64, Real ops = 24, Vars = 23) (SOL-10)
# Info: Optimizing partition '/MazeMemory': (Total ops = 97, Real ops = 21, Vars = 46) (SOL-10)
# Info: Optimizing partition '/MazeMemory/MazeMemory:core': (Total ops = 66, Real ops = 21, Vars = 29) (SOL-10)
# Info: Optimizing partition '/MazeMemory/MazeMemory:core/MazeMemory:core:fsm': (Total ops = 7, Real ops = 3, Vars = 5) (SOL-10)
# Info: Optimizing partition '/MazeMemory/MazeMemory:core/MazeMemory:core:fsm/MazeMemory:core:fsm': (Total ops = 1, Real ops = 1, Vars = 1) (SOL-10)
# Info: Optimizing partition '/MazeMemory': (Total ops = 93, Real ops = 21, Vars = 42) (SOL-10)
# Info: Optimizing partition '/MazeMemory/MazeMemory:core': (Total ops = 62, Real ops = 21, Vars = 25) (SOL-10)
# Info: Optimizing partition '/MazeMemory/MazeMemory:core/MazeMemory:core:fsm': (Total ops = 7, Real ops = 3, Vars = 5) (SOL-10)
# Info: Optimizing partition '/MazeMemory/MazeMemory:core': (Total ops = 62, Real ops = 21, Vars = 25) (SOL-10)
# Info: Optimizing partition '/MazeMemory': (Total ops = 93, Real ops = 21, Vars = 42) (SOL-10)
# Info: Optimizing partition '/MazeMemory': (Total ops = 93, Real ops = 21, Vars = 42) (SOL-10)
# Info: Optimizing partition '/MazeMemory/MazeMemory:core': (Total ops = 62, Real ops = 21, Vars = 25) (SOL-10)
# Info: Optimizing partition '/MazeMemory/MazeMemory:core/MazeMemory:core:fsm': (Total ops = 7, Real ops = 3, Vars = 5) (SOL-10)
# Info: Optimizing partition '/MazeMemory/MazeMemory:core/MazeMemory:core:fsm/MazeMemory:core:fsm': (Total ops = 1, Real ops = 1, Vars = 1) (SOL-10)
# Info: Optimizing partition '/MazeMemory': (Total ops = 93, Real ops = 21, Vars = 42) (SOL-10)
# Info: Optimizing partition '/MazeMemory/MazeMemory:core': (Total ops = 62, Real ops = 21, Vars = 25) (SOL-10)
# Info: Optimizing partition '/MazeMemory/MazeMemory:core/MazeMemory:core:fsm': (Total ops = 7, Real ops = 3, Vars = 5) (SOL-10)
# Info: Optimizing partition '/MazeMemory/MazeMemory:core/MazeMemory:core:fsm/MazeMemory:core:fsm': (Total ops = 1, Real ops = 1, Vars = 1) (SOL-10)
# Info: Completed transformation 'dpfsm' on solution 'MazeMemory.v5': elapsed time 0.16 seconds, memory usage 179560kB, peak memory usage 198816kB (SOL-9)
# Info: Starting transformation 'extract' on solution 'MazeMemory.v5' (SOL-8)
# Info: Optimizing partition '/MazeMemory': (Total ops = 102, Real ops = 25, Vars = 79) (SOL-10)
# Info: Optimizing partition '/MazeMemory/MazeMemory:core': (Total ops = 71, Real ops = 25, Vars = 62) (SOL-10)
# Info: Optimizing partition '/MazeMemory/MazeMemory:core/MazeMemory:core:fsm': (Total ops = 7, Real ops = 3, Vars = 5) (SOL-10)
# Info: Optimizing partition '/MazeMemory/MazeMemory:core/MazeMemory:core:fsm/MazeMemory:core:fsm': (Total ops = 1, Real ops = 1, Vars = 1) (SOL-10)
# Info: Optimizing partition '/MazeMemory': (Total ops = 91, Real ops = 20, Vars = 41) (SOL-10)
# Info: Optimizing partition '/MazeMemory/MazeMemory:core': (Total ops = 60, Real ops = 20, Vars = 24) (SOL-10)
# Info: Optimizing partition '/MazeMemory/MazeMemory:core/MazeMemory:core:fsm': (Total ops = 7, Real ops = 3, Vars = 5) (SOL-10)
# Info: Optimizing partition '/MazeMemory/MazeMemory:core': (Total ops = 60, Real ops = 20, Vars = 24) (SOL-10)
# Info: Optimizing partition '/MazeMemory': (Total ops = 91, Real ops = 20, Vars = 41) (SOL-10)
# Info: Optimizing partition '/MazeMemory': (Total ops = 91, Real ops = 20, Vars = 41) (SOL-10)
# Info: Optimizing partition '/MazeMemory/MazeMemory:core': (Total ops = 60, Real ops = 20, Vars = 24) (SOL-10)
# Info: Optimizing partition '/MazeMemory/MazeMemory:core/MazeMemory:core:fsm': (Total ops = 7, Real ops = 3, Vars = 5) (SOL-10)
# Info: Optimizing partition '/MazeMemory/MazeMemory:core/MazeMemory:core:fsm/MazeMemory:core:fsm': (Total ops = 1, Real ops = 1, Vars = 1) (SOL-10)
# Info: Optimizing partition '/MazeMemory': (Total ops = 91, Real ops = 20, Vars = 41) (SOL-10)
# Info: Optimizing partition '/MazeMemory/MazeMemory:core': (Total ops = 60, Real ops = 20, Vars = 24) (SOL-10)
# Info: Optimizing partition '/MazeMemory/MazeMemory:core/MazeMemory:core:fsm': (Total ops = 7, Real ops = 3, Vars = 5) (SOL-10)
# Info: Optimizing partition '/MazeMemory/MazeMemory:core/MazeMemory:core:fsm/MazeMemory:core:fsm': (Total ops = 1, Real ops = 1, Vars = 1) (SOL-10)
# Info: Optimizing partition '/MazeMemory': (Total ops = 98, Real ops = 23, Vars = 75) (SOL-10)
# Info: Optimizing partition '/MazeMemory/MazeMemory:core': (Total ops = 67, Real ops = 23, Vars = 58) (SOL-10)
# Info: Optimizing partition '/MazeMemory/MazeMemory:core/MazeMemory:core:fsm': (Total ops = 6, Real ops = 2, Vars = 5) (SOL-10)
# Info: Optimizing partition '/MazeMemory/MazeMemory:core/MazeMemory:core:fsm/MazeMemory:core:fsm': (Total ops = 1, Real ops = 1, Vars = 1) (SOL-10)
# Netlist written to file 'schematic.nlv' (NET-4)
# Info: Optimizing partition '/MazeMemory': (Total ops = 98, Real ops = 23, Vars = 75) (SOL-10)
# Info: Optimizing partition '/MazeMemory/MazeMemory:core': (Total ops = 67, Real ops = 23, Vars = 58) (SOL-10)
# Info: Optimizing partition '/MazeMemory/MazeMemory:core/MazeMemory:core:fsm': (Total ops = 7, Real ops = 3, Vars = 5) (SOL-10)
# Info: Optimizing partition '/MazeMemory/MazeMemory:core/MazeMemory:core:fsm/MazeMemory:core:fsm': (Total ops = 1, Real ops = 1, Vars = 1) (SOL-10)
# Info: Optimizing partition '/MazeMemory': (Total ops = 91, Real ops = 20, Vars = 41) (SOL-10)
# Info: Optimizing partition '/MazeMemory/MazeMemory:core': (Total ops = 60, Real ops = 20, Vars = 24) (SOL-10)
# Info: Optimizing partition '/MazeMemory': (Total ops = 91, Real ops = 20, Vars = 41) (SOL-10)
# Info: Optimizing partition '/MazeMemory/MazeMemory:core': (Total ops = 60, Real ops = 20, Vars = 24) (SOL-10)
# Info: Optimizing partition '/MazeMemory/MazeMemory:core/MazeMemory:core:fsm': (Total ops = 7, Real ops = 3, Vars = 5) (SOL-10)
# Info: Optimizing partition '/MazeMemory/MazeMemory:core/MazeMemory:core:fsm/MazeMemory:core:fsm': (Total ops = 1, Real ops = 1, Vars = 1) (SOL-10)
# Report written to file 'rtl.rpt'
# Netlist written to file 'rtl.v' (NET-4)
# generate concat
# order file name is: rtl.v_order.txt
# Add dependent file: ./rtl_mgc_ioport.v
# Add dependent file: ./rtl_mgc_ioport_v2001.v
# Add dependent file: C:/PROGRA~1/CALYPT~1/CATAPU~1.126/Mgc_home/pkgs/hls_pkgs/mgc_comps_src/mgc_generic_reg_beh.v
# Add dependent file: C:/PROGRA~1/CALYPT~1/CATAPU~1.126/Mgc_home/pkgs/siflibs/ram_singleport_be_fpga.v
# Add dependent file: ./rtl.v
# Finished writing concatenated file: //icnas2.cc.ic.ac.uk/kjr115/Project/Musca/Game Engine/catapult_projects/maze_ram++/MazeRAM+/MazeMemory.v5/concat_rtl.v
# Synthesis timing script written to file './rtl.v.psr_timing'
# IO timing constraints written to synthesis script file
# Synthesis script written to file 'rtl.v.psr'
# Info: Completed transformation 'extract' on solution 'MazeMemory.v5': elapsed time 1.56 seconds, memory usage 179560kB, peak memory usage 198816kB (SOL-9)
