//  Catapult University Version 2011a.126 (Production Release) Wed Aug  8 00:52:07 PDT 2012
//  
//  Copyright (c) Calypto Design Systems, Inc., 1996-2012, All Rights Reserved.
//                       UNPUBLISHED, LICENSED SOFTWARE.
//            CONFIDENTIAL AND PROPRIETARY INFORMATION WHICH IS THE
//          PROPERTY OF CALYPTO DESIGN SYSTEMS OR ITS LICENSORS
//  
//  Running on Windows 7 oh1015@EEWS104A-005 Service Pack 1 6.01.7601 i686
//  
//  Package information: SIFLIBS v17.0_1.1, HLS_PKGS v17.0_1.1, 
//                       DesignPad v2.78_0.0
//  
//  This version may only be used for academic purposes.  Some optimizations 
//  are disabled, so results obtained from this version may be sub-optimal.
//  
//  Start time Thu Apr 28 16:57:10 2016
# -------------------------------------------------
# Logging session transcript to file "C:\Users\oh1015\AppData\Local\Temp\log7228248af14.0"
# Loading options from registry.
# Warning: set_working_dir: Directory 'C:/Windows/System32' not writable, using C:/Users/oh1015/AppData/Local/Temp
project new -name RGBHSVFinal
set_working_dir {//icnas3.cc.ic.ac.uk/oh1015/MUSCA/Input Engine/RGBHSVFinal}
solution file add ./RGBHSV.cpp
# /INPUTFILES/1
go analyze
# Creating project directory '\\icnas3.cc.ic.ac.uk\oh1015\MUSCA\Input Engine\RGBHSVFinal\RGBHSVFinal'. (PRJ-1)
# Moving session transcript to file "\\icnas3.cc.ic.ac.uk\oh1015\MUSCA\Input Engine\RGBHSVFinal\catapult.log"
# Info: Starting transformation 'analyze' on solution 'solution.v1' (SOL-8)
# Front End called with arguments: -- {\\icnas3.cc.ic.ac.uk\oh1015\MUSCA\Input Engine\RGBHSVFinal\RGBHSV.cpp} (CIN-69)
# Edison Design Group C++/C Front End - Version 3.10.1 (CIN-1)
# Source file analysis completed (CIN-68)
# Info: Completed transformation 'analyze' on solution 'solution.v1': elapsed time 1.65 seconds, memory usage 147668kB, peak memory usage 208488kB (SOL-9)
directive set -CLOCKS {clk {-CLOCK_PERIOD 20.0 -CLOCK_EDGE rising -CLOCK_HIGH_TIME 10.00 -CLOCK_OFFSET 0.000000 -CLOCK_UNCERTAINTY 0.0 -RESET_KIND async -RESET_SYNC_NAME rst -RESET_SYNC_ACTIVE high -RESET_ASYNC_NAME arst_n -RESET_ASYNC_ACTIVE low -ENABLE_NAME {} -ENABLE_ACTIVE high}}
# /CLOCKS {clk {-CLOCK_PERIOD 20.0 -CLOCK_EDGE rising -CLOCK_UNCERTAINTY 0.0 -CLOCK_HIGH_TIME 10.0 -RESET_SYNC_NAME rst -RESET_ASYNC_NAME arst_n -RESET_KIND async -RESET_SYNC_ACTIVE high -RESET_ASYNC_ACTIVE low -ENABLE_NAME {} -ENABLE_ACTIVE high}}
directive set -TECHLIBS {{Altera_accel_CycloneIII.lib Altera_accel_CycloneIII} {mgc_Altera-Cyclone-III-6_beh_psr.lib {{mgc_Altera-Cyclone-III-6_beh_psr part EP3C16F484C}}}}
# /TECHLIBS {{Altera_accel_CycloneIII.lib Altera_accel_CycloneIII} {mgc_Altera-Cyclone-III-6_beh_psr.lib {{mgc_Altera-Cyclone-III-6_beh_psr part EP3C16F484C}}}}
directive set -DESIGN_HIERARCHY HSVRGB
# /DESIGN_HIERARCHY HSVRGB
go compile
# Info: Starting transformation 'compile' on solution 'solution.v1' (SOL-8)
# Reading component library '$MGC_HOME\pkgs\siflibs\mgc_busdefs.lib' [mgc_busdefs]... (LIB-49)
# Reading component library '$MGC_HOME\pkgs\siflibs\stdops.lib' [STDOPS]... (LIB-49)
# Reading component library '$MGC_HOME\pkgs\siflibs\mgc_ioport.lib' [mgc_ioport]... (LIB-49)
# Reading component library '$MGC_HOME\pkgs\ccs_altera\Altera_accel_CycloneIII.lib' [Altera_accel_CycloneIII]... (LIB-49)
# Reading component library '$MGC_HOME\pkgs\siflibs\psr2010a_up2\mgc_Altera-Cyclone-III-6_beh_psr.lib' [mgc_Altera-Cyclone-III-6_beh_psr]... (LIB-49)
# Generating synthesis internal form... (CIN-3)
# $PROJECT_HOME/RGBHSV.cpp(16): Found top design routine 'HSVRGB' specified by directive (CIN-52)
# $PROJECT_HOME/RGBHSV.cpp(16): Synthesizing routine 'HSVRGB' (CIN-13)
# $PROJECT_HOME/RGBHSV.cpp(16): Inlining routine 'HSVRGB' (CIN-14)
# $PROJECT_HOME/RGBHSV.cpp(16): Optimizing block '/HSVRGB' ... (CIN-4)
# $PROJECT_HOME/RGBHSV.cpp(16): Inout port 'H_OUT' is only used as an output. (OPT-11)
# $PROJECT_HOME/RGBHSV.cpp(16): Inout port 'S_OUT' is only used as an output. (OPT-11)
# $PROJECT_HOME/RGBHSV.cpp(16): Inout port 'V_OUT' is only used as an output. (OPT-11)
# Info: Optimizing partition '/HSVRGB': (Total ops = 178, Real ops = 50, Vars = 52) (SOL-10)
# Info: Optimizing partition '/HSVRGB/core': (Total ops = 178, Real ops = 50, Vars = 46) (SOL-10)
# Info: Optimizing partition '/HSVRGB/core': (Total ops = 178, Real ops = 50, Vars = 46) (SOL-10)
# Info: Optimizing partition '/HSVRGB': (Total ops = 178, Real ops = 50, Vars = 52) (SOL-10)
# Info: Optimizing partition '/HSVRGB': (Total ops = 178, Real ops = 50, Vars = 52) (SOL-10)
# Info: Optimizing partition '/HSVRGB/core': (Total ops = 178, Real ops = 50, Vars = 46) (SOL-10)
# Info: Optimizing partition '/HSVRGB/core': (Total ops = 176, Real ops = 42, Vars = 34) (SOL-10)
# Info: Optimizing partition '/HSVRGB': (Total ops = 176, Real ops = 42, Vars = 40) (SOL-10)
# Info: Optimizing partition '/HSVRGB': (Total ops = 176, Real ops = 42, Vars = 40) (SOL-10)
# Info: Optimizing partition '/HSVRGB/core': (Total ops = 172, Real ops = 42, Vars = 74) (SOL-10)
# Info: Optimizing partition '/HSVRGB/core': (Total ops = 202, Real ops = 46, Vars = 15) (SOL-10)
# Info: Optimizing partition '/HSVRGB': (Total ops = 202, Real ops = 46, Vars = 21) (SOL-10)
# Info: Optimizing partition '/HSVRGB/core': (Total ops = 194, Real ops = 46, Vars = 21) (SOL-10)
# Info: Optimizing partition '/HSVRGB/core': (Total ops = 194, Real ops = 46, Vars = 16) (SOL-10)
# Info: Optimizing partition '/HSVRGB': (Total ops = 194, Real ops = 46, Vars = 22) (SOL-10)
# Info: Optimizing partition '/HSVRGB/core': (Total ops = 190, Real ops = 46, Vars = 18) (SOL-10)
# Info: Optimizing partition '/HSVRGB/core': (Total ops = 190, Real ops = 46, Vars = 16) (SOL-10)
# Info: Optimizing partition '/HSVRGB': (Total ops = 190, Real ops = 46, Vars = 22) (SOL-10)
# Info: Optimizing partition '/HSVRGB/core': (Total ops = 190, Real ops = 46, Vars = 16) (SOL-10)
# Info: Optimizing partition '/HSVRGB': (Total ops = 190, Real ops = 46, Vars = 22) (SOL-10)
# Info: Optimizing partition '/HSVRGB': (Total ops = 190, Real ops = 46, Vars = 22) (SOL-10)
# Info: Optimizing partition '/HSVRGB/core': (Total ops = 190, Real ops = 46, Vars = 16) (SOL-10)
# Info: Optimizing partition '/HSVRGB/core': (Total ops = 133, Real ops = 44, Vars = 15) (SOL-10)
# Info: Optimizing partition '/HSVRGB/core': (Total ops = 107, Real ops = 40, Vars = 15) (SOL-10)
# Info: Optimizing partition '/HSVRGB': (Total ops = 107, Real ops = 40, Vars = 21) (SOL-10)
# Info: Optimizing partition '/HSVRGB/core': (Total ops = 107, Real ops = 40, Vars = 15) (SOL-10)
# Info: Optimizing partition '/HSVRGB': (Total ops = 107, Real ops = 40, Vars = 21) (SOL-10)
# Design 'HSVRGB' was read (SOL-1)
# Info: Completed transformation 'compile' on solution 'HSVRGB.v1': elapsed time 0.55 seconds, memory usage 153980kB, peak memory usage 208488kB (SOL-9)
directive set /HSVRGB/core/main -PIPELINE_INIT_INTERVAL 1
# /HSVRGB/core/main/PIPELINE_INIT_INTERVAL 1
go allocate
# Info: Starting transformation 'architect' on solution 'HSVRGB.v1' (SOL-8)
# $PROJECT_HOME/RGBHSV.cpp(16): Loop '/HSVRGB/core/main' is left rolled. (LOOP-4)
# $PROJECT_HOME/RGBHSV.cpp(16): I/O-Port inferred - resource 'r:rsc' (from var: r) mapped to 'mgc_ioport.mgc_in_wire' (size: 10). (MEM-2)
# $PROJECT_HOME/RGBHSV.cpp(16): I/O-Port inferred - resource 'g:rsc' (from var: g) mapped to 'mgc_ioport.mgc_in_wire' (size: 10). (MEM-2)
# $PROJECT_HOME/RGBHSV.cpp(16): I/O-Port inferred - resource 'b:rsc' (from var: b) mapped to 'mgc_ioport.mgc_in_wire' (size: 10). (MEM-2)
# $PROJECT_HOME/RGBHSV.cpp(16): I/O-Port inferred - resource 'H_OUT:rsc' (from var: H_OUT) mapped to 'mgc_ioport.mgc_out_stdreg' (size: 10). (MEM-2)
# $PROJECT_HOME/RGBHSV.cpp(16): I/O-Port inferred - resource 'S_OUT:rsc' (from var: S_OUT) mapped to 'mgc_ioport.mgc_out_stdreg' (size: 10). (MEM-2)
# $PROJECT_HOME/RGBHSV.cpp(16): I/O-Port inferred - resource 'V_OUT:rsc' (from var: V_OUT) mapped to 'mgc_ioport.mgc_out_stdreg' (size: 10). (MEM-2)
# Info: Optimizing partition '/HSVRGB': (Total ops = 114, Real ops = 41, Vars = 23) (SOL-10)
# Info: Optimizing partition '/HSVRGB/core': (Total ops = 114, Real ops = 41, Vars = 15) (SOL-10)
# Info: Optimizing partition '/HSVRGB/core': (Total ops = 111, Real ops = 41, Vars = 15) (SOL-10)
# Info: Optimizing partition '/HSVRGB': (Total ops = 111, Real ops = 41, Vars = 23) (SOL-10)
# Info: Optimizing partition '/HSVRGB': (Total ops = 111, Real ops = 41, Vars = 23) (SOL-10)
# Info: Optimizing partition '/HSVRGB/core': (Total ops = 111, Real ops = 41, Vars = 15) (SOL-10)
# Info: Optimizing partition '/HSVRGB/core': (Total ops = 285, Real ops = 76, Vars = 127) (SOL-10)
# Info: Optimizing partition '/HSVRGB/core': (Total ops = 138, Real ops = 50, Vars = 31) (SOL-10)
# Design 'HSVRGB' contains '50' real operations. (SOL-11)
# Info: Completed transformation 'architect' on solution 'HSVRGB.v1': elapsed time 0.75 seconds, memory usage 154496kB, peak memory usage 208488kB (SOL-9)
# Info: Starting transformation 'allocate' on solution 'HSVRGB.v1' (SOL-8)
# Performing concurrent resource allocation and scheduling on '/HSVRGB/core' (CRAAS-1)
# Info: Select qualified components for data operations ... (CRAAS-3)
# Info: Apply resource constraints on data operations ... (CRAAS-4)
# $PROJECT_HOME/RGBHSV.cpp(16): Prescheduled LOOP 'main' (5 c-steps) (SCHD-7)
# $PROJECT_HOME/RGBHSV.cpp(16): Prescheduled SEQUENTIAL 'core' (total length 5 c-steps) (SCHD-8)
# Info: Initial schedule of SEQUENTIAL 'core': Latency = 4, Area (Datapath, Register, Total) = 2924.67, 0.00, 2924.67 (CRAAS-11)
# At least one feasible schedule exists. (CRAAS-9)
# Info: Optimized LOOP 'main': Latency = 4, Area (Datapath, Register, Total) = 2918.27, 0.00, 2918.27 (CRAAS-10)
# Info: Final schedule of SEQUENTIAL 'core': Latency = 4, Area (Datapath, Register, Total) = 2918.27, 0.00, 2918.27 (CRAAS-12)
# Resource allocation and scheduling done. (CRAAS-2)
# Netlist written to file 'schedule.gnt' (NET-4)
# Info: Completed transformation 'allocate' on solution 'HSVRGB.v1': elapsed time 0.13 seconds, memory usage 154556kB, peak memory usage 208488kB (SOL-9)
go extract
# Info: Starting transformation 'schedule' on solution 'HSVRGB.v1' (SOL-8)
# Performing concurrent resource allocation and scheduling on '/HSVRGB/core' (CRAAS-1)
# Global signal 'r:rsc.z' added to design 'HSVRGB' for component 'r:rsc:mgc_in_wire' (LIB-3)
# Global signal 'g:rsc.z' added to design 'HSVRGB' for component 'g:rsc:mgc_in_wire' (LIB-3)
# Global signal 'b:rsc.z' added to design 'HSVRGB' for component 'b:rsc:mgc_in_wire' (LIB-3)
# Global signal 'H_OUT:rsc.z' added to design 'HSVRGB' for component 'H_OUT:rsc:mgc_out_stdreg' (LIB-3)
# Global signal 'S_OUT:rsc.z' added to design 'HSVRGB' for component 'S_OUT:rsc:mgc_out_stdreg' (LIB-3)
# Global signal 'V_OUT:rsc.z' added to design 'HSVRGB' for component 'V_OUT:rsc:mgc_out_stdreg' (LIB-3)
# Info: Optimizing partition '/HSVRGB': (Total ops = 558, Real ops = 56, Vars = 256) (SOL-10)
# Info: Optimizing partition '/HSVRGB/HSVRGB:core': (Total ops = 471, Real ops = 55, Vars = 208) (SOL-10)
# Info: Optimizing partition '/HSVRGB/HSVRGB:core/core': (Total ops = 494, Real ops = 58, Vars = 306) (SOL-10)
# Info: Optimizing partition '/HSVRGB/HSVRGB:core/core': (Total ops = 454, Real ops = 66, Vars = 162) (SOL-10)
# Info: Optimizing partition '/HSVRGB/HSVRGB:core/core': (Total ops = 452, Real ops = 66, Vars = 160) (SOL-10)
# Info: Optimizing partition '/HSVRGB': (Total ops = 579, Real ops = 66, Vars = 248) (SOL-10)
# Info: Optimizing partition '/HSVRGB/HSVRGB:core': (Total ops = 493, Real ops = 66, Vars = 201) (SOL-10)
# Info: Optimizing partition '/HSVRGB/HSVRGB:core/core': (Total ops = 416, Real ops = 66, Vars = 187) (SOL-10)
# Info: Optimizing partition '/HSVRGB/HSVRGB:core/core': (Total ops = 416, Real ops = 66, Vars = 160) (SOL-10)
# Info: Optimizing partition '/HSVRGB': (Total ops = 543, Real ops = 66, Vars = 248) (SOL-10)
# Info: Optimizing partition '/HSVRGB/HSVRGB:core': (Total ops = 457, Real ops = 66, Vars = 201) (SOL-10)
# Info: Optimizing partition '/HSVRGB/HSVRGB:core/core': (Total ops = 416, Real ops = 66, Vars = 160) (SOL-10)
# Info: Optimizing partition '/HSVRGB': (Total ops = 543, Real ops = 66, Vars = 248) (SOL-10)
# Info: Optimizing partition '/HSVRGB/HSVRGB:core': (Total ops = 457, Real ops = 66, Vars = 201) (SOL-10)
# Report written to file 'cycle.rpt'
# Netlist written to file 'cycle.v' (NET-4)
# Info: Completed transformation 'schedule' on solution 'HSVRGB.v1': elapsed time 1.50 seconds, memory usage 161980kB, peak memory usage 208488kB (SOL-9)
# Info: Starting transformation 'dpfsm' on solution 'HSVRGB.v1' (SOL-8)
# Performing FSM extraction... (FSM-1)
# Info: Optimizing partition '/HSVRGB': (Total ops = 2578, Real ops = 1676, Vars = 2689) (SOL-10)
# Info: Optimizing partition '/HSVRGB/HSVRGB:core': (Total ops = 2492, Real ops = 1676, Vars = 2642) (SOL-10)
# Info: Optimizing partition '/HSVRGB': (Total ops = 1647, Real ops = 565, Vars = 335) (SOL-10)
# Info: Optimizing partition '/HSVRGB/HSVRGB:core': (Total ops = 1561, Real ops = 565, Vars = 288) (SOL-10)
# Info: Optimizing partition '/HSVRGB': (Total ops = 1134, Real ops = 545, Vars = 390) (SOL-10)
# Info: Optimizing partition '/HSVRGB/HSVRGB:core': (Total ops = 1048, Real ops = 545, Vars = 343) (SOL-10)
# Info: Optimizing partition '/HSVRGB': (Total ops = 1065, Real ops = 478, Vars = 352) (SOL-10)
# Info: Optimizing partition '/HSVRGB/HSVRGB:core': (Total ops = 979, Real ops = 478, Vars = 305) (SOL-10)
# Info: Optimizing partition '/HSVRGB': (Total ops = 1066, Real ops = 479, Vars = 353) (SOL-10)
# Info: Optimizing partition '/HSVRGB/HSVRGB:core': (Total ops = 980, Real ops = 479, Vars = 306) (SOL-10)
# Info: Optimizing partition '/HSVRGB/HSVRGB:core': (Total ops = 980, Real ops = 479, Vars = 306) (SOL-10)
# Info: Optimizing partition '/HSVRGB': (Total ops = 1066, Real ops = 479, Vars = 353) (SOL-10)
# Info: Optimizing partition '/HSVRGB': (Total ops = 1066, Real ops = 479, Vars = 353) (SOL-10)
# Info: Optimizing partition '/HSVRGB/HSVRGB:core': (Total ops = 980, Real ops = 479, Vars = 306) (SOL-10)
# Info: Optimizing partition '/HSVRGB': (Total ops = 1058, Real ops = 479, Vars = 361) (SOL-10)
# Info: Optimizing partition '/HSVRGB/HSVRGB:core': (Total ops = 972, Real ops = 479, Vars = 314) (SOL-10)
# Info: Optimizing partition '/HSVRGB': (Total ops = 1066, Real ops = 479, Vars = 353) (SOL-10)
# Info: Optimizing partition '/HSVRGB/HSVRGB:core': (Total ops = 980, Real ops = 479, Vars = 306) (SOL-10)
# Info: Completed transformation 'dpfsm' on solution 'HSVRGB.v1': elapsed time 2.14 seconds, memory usage 162672kB, peak memory usage 208488kB (SOL-9)
# Info: Starting transformation 'extract' on solution 'HSVRGB.v1' (SOL-8)
# Warning: Reassigned operation else#7:mux1h#1:mgc_Altera-Cyclone-III-6_beh_psr.mgc_mux1hot(5,3) to mgc_Altera-Cyclone-III-6_beh_psr.mgc_mux1hot(5,6) (ASG-1)
# Warning: Reassigned operation acc#6:DEFAULT to mgc_Altera-Cyclone-III-6_beh_psr.mgc_add(1,0,1,1,2) (ASG-1)
# Warning: Reassigned operation acc#7:DEFAULT to mgc_Altera-Cyclone-III-6_beh_psr.mgc_add(1,0,1,1,2) (ASG-1)
# Warning: Reassigned operation acc#8:DEFAULT to mgc_Altera-Cyclone-III-6_beh_psr.mgc_add(1,0,1,1,2) (ASG-1)
# Warning: Reassigned operation else#7:if#1:acc#2:DEFAULT to mgc_Altera-Cyclone-III-6_beh_psr.mgc_add(2,0,2,0,2) (ASG-1)
# Warning: Reassigned operation else#7:else#1:if:acc#3:DEFAULT to mgc_Altera-Cyclone-III-6_beh_psr.mgc_add(2,0,2,0,2) (ASG-1)
# Warning: Reassigned operation else#7:else#1:else:acc#3:DEFAULT to mgc_Altera-Cyclone-III-6_beh_psr.mgc_add(2,0,2,0,2) (ASG-1)
# Info: Optimizing partition '/HSVRGB': (Total ops = 1284, Real ops = 613, Vars = 1220) (SOL-10)
# Info: Optimizing partition '/HSVRGB/HSVRGB:core': (Total ops = 1198, Real ops = 613, Vars = 1173) (SOL-10)
# Info: Optimizing partition '/HSVRGB': (Total ops = 903, Real ops = 419, Vars = 319) (SOL-10)
# Info: Optimizing partition '/HSVRGB/HSVRGB:core': (Total ops = 817, Real ops = 419, Vars = 272) (SOL-10)
# Info: Optimizing partition '/HSVRGB': (Total ops = 892, Real ops = 418, Vars = 319) (SOL-10)
# Info: Optimizing partition '/HSVRGB/HSVRGB:core': (Total ops = 806, Real ops = 418, Vars = 272) (SOL-10)
# Info: Optimizing partition '/HSVRGB/HSVRGB:core': (Total ops = 791, Real ops = 418, Vars = 282) (SOL-10)
# Info: Optimizing partition '/HSVRGB/HSVRGB:core': (Total ops = 806, Real ops = 418, Vars = 272) (SOL-10)
# Info: Optimizing partition '/HSVRGB': (Total ops = 892, Real ops = 418, Vars = 319) (SOL-10)
# Info: Optimizing partition '/HSVRGB': (Total ops = 892, Real ops = 418, Vars = 319) (SOL-10)
# Info: Optimizing partition '/HSVRGB/HSVRGB:core': (Total ops = 806, Real ops = 418, Vars = 272) (SOL-10)
# Info: Optimizing partition '/HSVRGB': (Total ops = 892, Real ops = 418, Vars = 319) (SOL-10)
# Info: Optimizing partition '/HSVRGB/HSVRGB:core': (Total ops = 806, Real ops = 418, Vars = 272) (SOL-10)
# Warning: Reassigned operation and#318:mgc_Altera-Cyclone-III-6_beh_psr.mgc_and(1,4) to mgc_Altera-Cyclone-III-6_beh_psr.mgc_and(1,5) (ASG-1)
# Warning: Reassigned operation and#340:mgc_Altera-Cyclone-III-6_beh_psr.mgc_and(1,4) to mgc_Altera-Cyclone-III-6_beh_psr.mgc_and(1,5) (ASG-1)
# Warning: Reassigned operation and#382:mgc_Altera-Cyclone-III-6_beh_psr.mgc_and(1,4) to mgc_Altera-Cyclone-III-6_beh_psr.mgc_and(1,5) (ASG-1)
# Warning: Reassigned operation and#402:mgc_Altera-Cyclone-III-6_beh_psr.mgc_and(1,4) to mgc_Altera-Cyclone-III-6_beh_psr.mgc_and(1,5) (ASG-1)
# Warning: Reassigned operation and:mgc_Altera-Cyclone-III-6_beh_psr.mgc_and(10,2) to mgc_Altera-Cyclone-III-6_beh_psr.mgc_and(10,3) (ASG-1)
# Info: Optimizing partition '/HSVRGB': (Total ops = 1018, Real ops = 501, Vars = 954) (SOL-10)
# Info: Optimizing partition '/HSVRGB/HSVRGB:core': (Total ops = 932, Real ops = 501, Vars = 907) (SOL-10)
# Netlist written to file 'schematic.nlv' (NET-4)
# Info: Optimizing partition '/HSVRGB': (Total ops = 1018, Real ops = 501, Vars = 954) (SOL-10)
# Info: Optimizing partition '/HSVRGB/HSVRGB:core': (Total ops = 932, Real ops = 501, Vars = 907) (SOL-10)
# Info: Optimizing partition '/HSVRGB': (Total ops = 890, Real ops = 418, Vars = 319) (SOL-10)
# Info: Optimizing partition '/HSVRGB/HSVRGB:core': (Total ops = 804, Real ops = 418, Vars = 272) (SOL-10)
# Info: Optimizing partition '/HSVRGB': (Total ops = 890, Real ops = 418, Vars = 319) (SOL-10)
# Info: Optimizing partition '/HSVRGB/HSVRGB:core': (Total ops = 804, Real ops = 418, Vars = 272) (SOL-10)
# Report written to file 'rtl.rpt'
# Netlist written to file 'rtl.v' (NET-4)
# generate concat
# order file name is: rtl.v_order.txt
# Add dependent file: ./rtl_mgc_ioport.v
# Add dependent file: ./rtl_mgc_ioport_v2001.v
# Add dependent file: C:/PROGRA~1/CALYPT~1/CATAPU~1.126/Mgc_home/pkgs/hls_pkgs/mgc_comps_src/mgc_div_beh.v
# Add dependent file: ./rtl.v
# Finished writing concatenated file: //icnas3.cc.ic.ac.uk/oh1015/MUSCA/Input Engine/RGBHSVFinal/RGBHSVFinal/HSVRGB.v1/concat_rtl.v
# Synthesis timing script written to file './rtl.v.psr_timing'
# IO timing constraints written to synthesis script file
# Synthesis script written to file 'rtl.v.psr'
# Info: Completed transformation 'extract' on solution 'HSVRGB.v1': elapsed time 4.68 seconds, memory usage 162672kB, peak memory usage 208488kB (SOL-9)
project save
# Saving project file '//icnas3.cc.ic.ac.uk/oh1015/MUSCA/Input Engine/RGBHSVFinal/RGBHSVFinal.ccs'. (PRJ-5)
quit -f
