-- Catapult University Version: Report                                              
-- ---------------------------- ---------------------------------------------------
-- Version:                     2011a.126 Production Release                        
-- Build Date:                  Wed Aug  8 00:52:07 PDT 2012                        
                                                                                    
-- Generated by:                oh1015@EEWS104A-005                                 
-- Generated date:              Wed Apr 27 18:23:09 +0100 2016                      

Solution Settings: HSVRGB.v3
  Current state: extract
  Project: RGBHSV
  
  Design Input Files Specified
    $PROJECT_HOME/RGBHSV.cpp
      $MGC_HOME/shared/include/ac_fixed.h
        $MGC_HOME/shared/include/ac_int.h
      $MGC_HOME/shared/include/math/mgc_ac_math.h
        $MGC_HOME/shared/include/math/mgc_ac_trig.h
          $MGC_HOME/shared/include/math/mgc_sc_atan_pow2.tab
          $MGC_HOME/shared/include/math/mgc_sc_atan2_pow2.tab
          $MGC_HOME/shared/include/math/mgc_sc_K_cordic.tab
  
  Processes/Blocks in Design
    Process       Real Operation(s) count Latency Throughput Reset Length II Comments 
    ------------- ----------------------- ------- ---------- ------------ -- --------
    /HSVRGB/core                       80       3          1            0  1          
    Design Total:                      80       3          1            0  1          
    
  Bill Of Materials (Datapath)
    Component Name                          Area Score Area(DSP_block_9-bit_elems) Area(LCs) Area(LUTs)  Delay Post Alloc Post Assign 
    --------------------------------------- ---------- --------------------------- --------- ---------- ------ ---------- -----------
    [Lib: mgc_Altera-Cyclone-III-6_beh_psr]                                                                                           
    mgc_add(10,0,9,0,10)                        11.245                       0.000     0.000     11.245  1.303          1           1 
    mgc_add(11,0,11,0,11)                       12.233                       0.000     0.000     12.233  1.368          1           1 
    mgc_add(12,0,11,0,12)                       13.228                       0.000     0.000     13.228  1.436          9           9 
    mgc_add(4,0,2,1,4)                           5.000                       0.000     0.000      5.000  0.860          1           1 
    mgc_add(5,0,2,1,5)                           6.000                       0.000     0.000      6.000  0.946          1           1 
    mgc_add(7,0,7,0,7)                           8.267                       0.000     0.000      8.267  1.091          1           1 
    mgc_add(8,0,1,0,9)                           9.285                       0.000     0.000      9.285  1.183          1           1 
    mgc_and(1,2)                                 0.730                       0.000     0.000      0.730  0.263          0          10 
    mgc_and(1,3)                                 1.054                       0.000     0.000      1.054  0.416          0           2 
    mgc_and(1,4)                                 1.379                       0.000     0.000      1.379  0.525          0           2 
    mgc_and(10,2)                                7.298                       0.000     0.000      7.298  0.263          3           3 
    mgc_and(5,2)                                 3.649                       0.000     0.000      3.649  0.263          1           1 
    mgc_and(8,2)                                 5.839                       0.000     0.000      5.839  0.263          2           0 
    mgc_and(8,3)                                 8.436                       0.000     0.000      8.436  0.416          0           1 
    mgc_div(10,10,0)                           152.985                       0.000     0.000    152.985 20.173          2           2 
    mgc_div(11,11,1)                           233.580                       0.000     0.000    233.580 26.348          2           6 
    mgc_equal(10)                                7.435                       0.000     0.000      7.435  1.337          3           3 
    mgc_mul(5,0,8,0,8)                         330.250                       2.000     0.000     10.250  2.875          1           1 
    mgc_mux(1,1,2)                               0.919                       0.000     0.000      0.919  0.369          6          12 
    mgc_mux(10,1,2)                              9.194                       0.000     0.000      9.194  0.369          0          17 
    mgc_mux(11,1,2)                             10.114                       0.000     0.000     10.114  0.369          0           6 
    mgc_mux(6,1,2)                               5.517                       0.000     0.000      5.517  0.369          0           3 
    mgc_mux1hot(10,3)                           21.896                       0.000     0.000     21.896  0.773          2           2 
    mgc_mux1hot(3,3)                             6.569                       0.000     0.000      6.569  0.773          1           1 
    mgc_mux1hot(8,3)                            17.517                       0.000     0.000     17.517  0.773          0           2 
    mgc_nor(1,2)                                 0.730                       0.000     0.000      0.730  0.263          0           8 
    mgc_nor(1,3)                                 1.054                       0.000     0.000      1.054  0.416          0           4 
    mgc_nor(1,4)                                 1.379                       0.000     0.000      1.379  0.525          0           1 
    mgc_not(1)                                   0.000                       0.000     0.000      0.000  0.000          0          23 
    mgc_not(10)                                  0.000                       0.000     0.000      0.000  0.000          0          10 
    mgc_not(3)                                   0.000                       0.000     0.000      0.000  0.000          0           1 
    mgc_or(1,10)                                 3.327                       0.000     0.000      3.327  0.890          0           1 
    mgc_or(1,2)                                  0.730                       0.000     0.000      0.730  0.268          0           9 
    mgc_or(1,3)                                  1.054                       0.000     0.000      1.054  0.425          0           5 
    mgc_or(1,4)                                  1.379                       0.000     0.000      1.379  0.536          0           1 
    mgc_reg_pos(1,1,0,0,0,0,0)                   0.000                       0.000     0.000      0.000  0.000          0          20 
    mgc_reg_pos(10,1,0,0,0,0,0)                  0.000                       0.000     0.000      0.000  0.000          0          20 
    mgc_reg_pos(11,1,0,0,0,0,0)                  0.000                       0.000     0.000      0.000  0.000          0           9 
    mgc_reg_pos(8,1,0,0,0,0,0)                   0.000                       0.000     0.000      0.000  0.000          0           1 
    mgc_reg_pos(9,1,0,0,0,0,0)                   0.000                       0.000     0.000      0.000  0.000          0           2 
    [Lib: mgc_ioport]                                                                                                                 
    mgc_in_wire(1,10)                            0.000                       0.000     0.000      0.000  0.000          1           1 
    mgc_in_wire(2,10)                            0.000                       0.000     0.000      0.000  0.000          1           1 
    mgc_in_wire(3,10)                            0.000                       0.000     0.000      0.000  0.000          1           1 
    mgc_out_stdreg(4,10)                         0.000                       0.000     0.000      0.000  0.000          1           1 
    mgc_out_stdreg(5,10)                         0.000                       0.000     0.000      0.000  0.000          1           1 
    mgc_out_stdreg(6,10)                         0.000                       0.000     0.000      0.000  0.000          1           1 
                                                                                                                                      
    TOTAL AREA (After Assignment):            2635.173                       2.000     0.000   2315.000                               
    
  Area Scores
                      Post-Scheduling   Post-DP & FSM Post-Assignment 
    ----------------- --------------- --------------- ---------------
    Total Area Score:   1389.9          2776.0          2635.2        
    Total Reg:             0.0             0.0             0.0        
                                                                      
    DataPath:           1389.9 (100%)   2776.0 (100%)   2635.2 (100%) 
      MUX:                55.9   (4%)    451.0  (16%)    330.0  (13%) 
      FUNC:             1296.8  (93%)   2231.1  (80%)   2231.1  (85%) 
      LOGIC:              37.2   (3%)     93.9   (3%)     74.1   (3%) 
      BUFFER:              0.0             0.0             0.0        
      MEM:                 0.0             0.0             0.0        
      ROM:                 0.0             0.0             0.0        
      REG:                 0.0             0.0             0.0        
                                                                      
    
    FSM:                   0.0             0.0             0.0        
      FSM-REG:             0.0             0.0             0.0        
      FSM-COMB:            0.0             0.0             0.0        
                                                                      
    
  Register-to-Variable Mappings
    Register                         Size(bits) Gated Register CG Opt Done Variables                                             
    -------------------------------- ---------- -------------- ----------- -----------------------------------------------------
    div:mgc_div#1.a                          11                            div:mgc_div#1.a                                       
    div:mgc_div#2.a                          11                            div:mgc_div#2.a                                       
    div:mgc_div#3.a                          11                            div:mgc_div#3.a                                       
    div:mgc_div#4.a                          11                            div:mgc_div#4.a                                       
    div:mgc_div#5.a                          11                            div:mgc_div#5.a                                       
    div:mgc_div.a                            11                            div:mgc_div.a                                         
    else#7:else#1:else:slc.tmp.mut#2         11                            else#7:else#1:else:slc.tmp.mut#2                      
    else#7:else#1:if:slc.tmp.mut#2           11                            else#7:else#1:if:slc.tmp.mut#2                        
    else#7:if#1:slc.tmp.mut#3                11                            else#7:if#1:slc.tmp.mut#3                             
    H_OUT:rsc:mgc_out_stdreg.d               10                            H_OUT:rsc:mgc_out_stdreg.d                            
    S_OUT:rsc:mgc_out_stdreg.d               10                            S_OUT:rsc:mgc_out_stdreg.d                            
    V_OUT:rsc:mgc_out_stdreg.d               10                            V_OUT:rsc:mgc_out_stdreg.d                            
    delta.sva.mut                            10                            delta.sva.mut                                         
    delta.sva.mut#1                          10                            delta.sva.mut#1                                       
    div:mgc_div#6.a                          10                            div:mgc_div#6.a                                       
    div:mgc_div#6.b                          10                            div:mgc_div#6.b                                       
    div:mgc_div#7.a                          10                            div:mgc_div#7.a                                       
    div:mgc_div#7.b                          10                            div:mgc_div#7.b                                       
    max.lpi.dfm#3.mut                        10                            max.lpi.dfm#3.mut                                     
    max.lpi.dfm#3.mut#1                      10                            max.lpi.dfm#3.mut#1                                   
    max.lpi.dfm#3.st#1                       10                            max.lpi.dfm#3.st#1                                    
    max.lpi.dfm#3.st#2                       10                            max.lpi.dfm#3.st#2                                    
    mut#23                                   10                            mut#23                                                
    reg(div:mgc_div#1.b).reg                 10                            reg(div:mgc_div#1.b).reg                              
    reg(div:mgc_div#2.b).reg                 10                            reg(div:mgc_div#2.b).reg                              
    reg(div:mgc_div#3.b).reg                 10                            reg(div:mgc_div#3.b).reg                              
    reg(div:mgc_div#4.b).reg                 10                            reg(div:mgc_div#4.b).reg                              
    reg(div:mgc_div#5.b).reg                 10                            reg(div:mgc_div#5.b).reg                              
    reg(div:mgc_div.b).reg                   10                            reg(div:mgc_div.b).reg                                
    acc#4.itm#1                               9                            acc#4.itm#1                                           
    acc#4.itm#2                               9                            acc#4.itm#2                                           
    s.sg1.sva#2.duc                           8                            s.sg1.sva#2.duc                                       
    else#7:else#1:else:div.2cyc               1                            else#7:else#1:else:div.2cyc                           
    else#7:else#1:else:div.2cyc.st#2          1                            else#7:else#1:else:div.2cyc.st#2                      
    else#7:else#1:equal.svs#1                 1                            else#7:else#1:equal.svs#1                             
    else#7:else#1:equal.svs.st#2              1                            else#7:else#1:equal.svs.st#2                          
    else#7:else#1:if:div.2cyc                 1                            else#7:else#1:if:div.2cyc                             
    else#7:else#1:if:div.2cyc.st#2            1                            else#7:else#1:if:div.2cyc.st#2                        
    else#7:equal.svs#2                        1                            else#7:equal.svs#2                                    
    else#7:equal.svs.st#1                     1                            else#7:equal.svs.st#1                                 
    else#7:if#1:div.2cyc                      1                            else#7:if#1:div.2cyc                                  
    else#7:if#1:div.2cyc.st#2                 1                            else#7:if#1:div.2cyc.st#2                             
    else#7:if:div.2cyc                        1                            else#7:if:div.2cyc                                    
    else#7:if:div.2cyc.st                     1                            else#7:if:div.2cyc.st                                 
    else#7:if:div.2cyc.st#1                   1                            else#7:if:div.2cyc.st#1                               
    else#7:if:div.2cyc.st#2                   1                            else#7:if:div.2cyc.st#2                               
    equal.svs#2                               1                            equal.svs#2                                           
    equal.svs.st#1                            1                            equal.svs.st#1                                        
    main.stage_0#2                            1                            main.stage_0#2                                        
    main.stage_0#3                            1                            main.stage_0#3                                        
    unequal.tmp#1                             1                            unequal.tmp#1                                         
    unequal.tmp#2                             1                            unequal.tmp#2                                         
                                                                                                                                 
    Total:                                  345              0           0 (Total Gating Ratio: 0.00, CG Opt Gating Ratio: 0.00) 
    
  Timing Report
    Critical Path
      Max Delay:  10.159486999999999
      Slack:      9.840513000000001
      
      Path                                                               Startpoint                       Endpoint                                    Delay   Slack   
      ------------------------------------------------------------------ -------------------------------- ------------------------------------------- ------- -------
      1                                                                  HSVRGB:core/reg(div:mgc_div#4.a) HSVRGB:core/reg(H_OUT:rsc:mgc_out_stdreg.d) 10.1595 9.8405  
                                                                                                                                                                      
        Instance                                                         Component                                                                    Delta   Delay   
        --------                                                         ---------                                                                    -----   -----   
        HSVRGB/div:mgc_div#4.a                                                                                                                        0.0000  0.0000  
        HSVRGB/div:mgc_div#4                                             mgc_div_11_11_1                                                              6.3485  6.3485  
        HSVRGB/div:mgc_div#4.z                                                                                                                        0.0000  6.3485  
        HSVRGB:core/div:mgc_div#4.z                                                                                                                   0.0000  6.3485  
        HSVRGB:core/else#7:else#1:if:slc(div:mgc_div#4.z)                                                                                             0.0000  6.3485  
        HSVRGB:core/else#7:else#1:if:slc(div:mgc_div#4.z).itm                                                                                         0.0000  6.3485  
        HSVRGB:core/mux#4                                                mgc_mux_6_1_2                                                                0.3690  6.7174  
        HSVRGB:core/div.sdt#2.sva.duc:mx0                                                                                                             0.0000  6.7174  
        HSVRGB:core/slc(div.sdt#2.sva.duc:mx0)#1                                                                                                      0.0000  6.7174  
        HSVRGB:core/slc(div.sdt#2.sva.duc:mx0)#1.itm                                                                                                  0.0000  6.7174  
        HSVRGB:core/else#7:else#1:if:acc#1                               mgc_add_5_0_2_1_5                                                            0.9464  7.6638  
        HSVRGB:core/else#7:else#1:if:ac_fixed:cctor.sg2#1.sva                                                                                         0.0000  7.6638  
        HSVRGB:core/slc(else#7:else#1:if:ac_fixed:cctor.sg2#1.sva)                                                                                    0.0000  7.6638  
        HSVRGB:core/slc(else#7:else#1:if:ac_fixed:cctor.sg2#1.sva).itm                                                                                0.0000  7.6638  
        HSVRGB:core/else#7:mux1h                                         mgc_mux1hot_3_3                                                              0.7732  8.4370  
        HSVRGB:core/else#7:mux1h.itm                                                                                                                  0.0000  8.4370  
        HSVRGB:core/else#7:not#1                                         mgc_not_3                                                                    0.0000  8.4370  
        HSVRGB:core/else#7:not#1.itm                                                                                                                  0.0000  8.4370  
        HSVRGB:core/conc#72                                                                                                                           0.0000  8.4370  
        HSVRGB:core/conc#72.itm                                                                                                                       0.0000  8.4370  
        HSVRGB:core/else#7:acc                                           mgc_add_7_0_7_0_7                                                            1.0910  9.5280  
        HSVRGB:core/else#7:acc.itm                                                                                                                    0.0000  9.5280  
        HSVRGB:core/else#7:slc#1                                                                                                                      0.0000  9.5280  
        HSVRGB:core/else#7:acc#3.psp.sva                                                                                                              0.0000  9.5280  
        HSVRGB:core/slc(else#7:acc#3.psp.sva)                                                                                                         0.0000  9.5280  
        HSVRGB:core/slc(else#7:acc#3.psp.sva).itm                                                                                                     0.0000  9.5280  
        HSVRGB:core/and#1                                                mgc_and_5_2                                                                  0.2625  9.7905  
        HSVRGB:core/and#1.itm                                                                                                                         0.0000  9.7905  
        HSVRGB:core/conc#71                                                                                                                           0.0000  9.7905  
        HSVRGB:core/conc#71.itm                                                                                                                       0.0000  9.7905  
        HSVRGB:core/mux#2                                                mgc_mux_10_1_2                                                               0.3690  10.1595 
        HSVRGB:core/mux#2.itm                                                                                                                         0.0000  10.1595 
        HSVRGB:core/reg(H_OUT:rsc:mgc_out_stdreg.d)                      mgc_reg_pos_10_1_0_0_0_0_0                                                   0.0000  10.1595 
                                                                                                                                                                      
      2                                                                  HSVRGB:core/reg(div:mgc_div#4.a) HSVRGB:core/reg(H_OUT:rsc:mgc_out_stdreg.d) 10.1595 9.8405  
                                                                                                                                                                      
        Instance                                                         Component                                                                    Delta   Delay   
        --------                                                         ---------                                                                    -----   -----   
        HSVRGB/div:mgc_div#4.a                                                                                                                        0.0000  0.0000  
        HSVRGB/div:mgc_div#4                                             mgc_div_11_11_1                                                              6.3485  6.3485  
        HSVRGB/div:mgc_div#4.z                                                                                                                        0.0000  6.3485  
        HSVRGB:core/div:mgc_div#4.z                                                                                                                   0.0000  6.3485  
        HSVRGB:core/else#7:else#1:if:slc(div:mgc_div#4.z)                                                                                             0.0000  6.3485  
        HSVRGB:core/else#7:else#1:if:slc(div:mgc_div#4.z).itm                                                                                         0.0000  6.3485  
        HSVRGB:core/mux#4                                                mgc_mux_6_1_2                                                                0.3690  6.7174  
        HSVRGB:core/div.sdt#2.sva.duc:mx0                                                                                                             0.0000  6.7174  
        HSVRGB:core/slc(div.sdt#2.sva.duc:mx0)#1                                                                                                      0.0000  6.7174  
        HSVRGB:core/slc(div.sdt#2.sva.duc:mx0)#1.itm                                                                                                  0.0000  6.7174  
        HSVRGB:core/else#7:else#1:if:acc#1                               mgc_add_5_0_2_1_5                                                            0.9464  7.6638  
        HSVRGB:core/else#7:else#1:if:ac_fixed:cctor.sg2#1.sva                                                                                         0.0000  7.6638  
        HSVRGB:core/slc(else#7:else#1:if:ac_fixed:cctor.sg2#1.sva)                                                                                    0.0000  7.6638  
        HSVRGB:core/slc(else#7:else#1:if:ac_fixed:cctor.sg2#1.sva).itm                                                                                0.0000  7.6638  
        HSVRGB:core/else#7:mux1h                                         mgc_mux1hot_3_3                                                              0.7732  8.4370  
        HSVRGB:core/else#7:mux1h.itm                                                                                                                  0.0000  8.4370  
        HSVRGB:core/else#7:not#1                                         mgc_not_3                                                                    0.0000  8.4370  
        HSVRGB:core/else#7:not#1.itm                                                                                                                  0.0000  8.4370  
        HSVRGB:core/conc#72                                                                                                                           0.0000  8.4370  
        HSVRGB:core/conc#72.itm                                                                                                                       0.0000  8.4370  
        HSVRGB:core/else#7:acc                                           mgc_add_7_0_7_0_7                                                            1.0910  9.5280  
        HSVRGB:core/else#7:acc.itm                                                                                                                    0.0000  9.5280  
        HSVRGB:core/else#7:slc#1                                                                                                                      0.0000  9.5280  
        HSVRGB:core/else#7:acc#3.psp.sva                                                                                                              0.0000  9.5280  
        HSVRGB:core/slc(else#7:acc#3.psp.sva)#1                                                                                                       0.0000  9.5280  
        HSVRGB:core/slc(else#7:acc#3.psp.sva)#1.itm                                                                                                   0.0000  9.5280  
        HSVRGB:core/and#2                                                mgc_and_1_2                                                                  0.2625  9.7905  
        HSVRGB:core/and#2.itm                                                                                                                         0.0000  9.7905  
        HSVRGB:core/conc#71                                                                                                                           0.0000  9.7905  
        HSVRGB:core/conc#71.itm                                                                                                                       0.0000  9.7905  
        HSVRGB:core/mux#2                                                mgc_mux_10_1_2                                                               0.3690  10.1595 
        HSVRGB:core/mux#2.itm                                                                                                                         0.0000  10.1595 
        HSVRGB:core/reg(H_OUT:rsc:mgc_out_stdreg.d)                      mgc_reg_pos_10_1_0_0_0_0_0                                                   0.0000  10.1595 
                                                                                                                                                                      
      3                                                                  HSVRGB:core/reg(div:mgc_div#4.b) HSVRGB:core/reg(H_OUT:rsc:mgc_out_stdreg.d) 10.1595 9.8405  
                                                                                                                                                                      
        Instance                                                         Component                                                                    Delta   Delay   
        --------                                                         ---------                                                                    -----   -----   
        HSVRGB/div:mgc_div#4.b                                                                                                                        0.0000  0.0000  
        HSVRGB/div:mgc_div#4                                             mgc_div_11_11_1                                                              6.3485  6.3485  
        HSVRGB/div:mgc_div#4.z                                                                                                                        0.0000  6.3485  
        HSVRGB:core/div:mgc_div#4.z                                                                                                                   0.0000  6.3485  
        HSVRGB:core/else#7:else#1:if:slc(div:mgc_div#4.z)                                                                                             0.0000  6.3485  
        HSVRGB:core/else#7:else#1:if:slc(div:mgc_div#4.z).itm                                                                                         0.0000  6.3485  
        HSVRGB:core/mux#4                                                mgc_mux_6_1_2                                                                0.3690  6.7174  
        HSVRGB:core/div.sdt#2.sva.duc:mx0                                                                                                             0.0000  6.7174  
        HSVRGB:core/slc(div.sdt#2.sva.duc:mx0)#1                                                                                                      0.0000  6.7174  
        HSVRGB:core/slc(div.sdt#2.sva.duc:mx0)#1.itm                                                                                                  0.0000  6.7174  
        HSVRGB:core/else#7:else#1:if:acc#1                               mgc_add_5_0_2_1_5                                                            0.9464  7.6638  
        HSVRGB:core/else#7:else#1:if:ac_fixed:cctor.sg2#1.sva                                                                                         0.0000  7.6638  
        HSVRGB:core/slc(else#7:else#1:if:ac_fixed:cctor.sg2#1.sva)                                                                                    0.0000  7.6638  
        HSVRGB:core/slc(else#7:else#1:if:ac_fixed:cctor.sg2#1.sva).itm                                                                                0.0000  7.6638  
        HSVRGB:core/else#7:mux1h                                         mgc_mux1hot_3_3                                                              0.7732  8.4370  
        HSVRGB:core/else#7:mux1h.itm                                                                                                                  0.0000  8.4370  
        HSVRGB:core/else#7:not#1                                         mgc_not_3                                                                    0.0000  8.4370  
        HSVRGB:core/else#7:not#1.itm                                                                                                                  0.0000  8.4370  
        HSVRGB:core/conc#72                                                                                                                           0.0000  8.4370  
        HSVRGB:core/conc#72.itm                                                                                                                       0.0000  8.4370  
        HSVRGB:core/else#7:acc                                           mgc_add_7_0_7_0_7                                                            1.0910  9.5280  
        HSVRGB:core/else#7:acc.itm                                                                                                                    0.0000  9.5280  
        HSVRGB:core/else#7:slc#1                                                                                                                      0.0000  9.5280  
        HSVRGB:core/else#7:acc#3.psp.sva                                                                                                              0.0000  9.5280  
        HSVRGB:core/slc(else#7:acc#3.psp.sva)#1                                                                                                       0.0000  9.5280  
        HSVRGB:core/slc(else#7:acc#3.psp.sva)#1.itm                                                                                                   0.0000  9.5280  
        HSVRGB:core/and#2                                                mgc_and_1_2                                                                  0.2625  9.7905  
        HSVRGB:core/and#2.itm                                                                                                                         0.0000  9.7905  
        HSVRGB:core/conc#71                                                                                                                           0.0000  9.7905  
        HSVRGB:core/conc#71.itm                                                                                                                       0.0000  9.7905  
        HSVRGB:core/mux#2                                                mgc_mux_10_1_2                                                               0.3690  10.1595 
        HSVRGB:core/mux#2.itm                                                                                                                         0.0000  10.1595 
        HSVRGB:core/reg(H_OUT:rsc:mgc_out_stdreg.d)                      mgc_reg_pos_10_1_0_0_0_0_0                                                   0.0000  10.1595 
                                                                                                                                                                      
      4                                                                  HSVRGB:core/reg(div:mgc_div#3.a) HSVRGB:core/reg(H_OUT:rsc:mgc_out_stdreg.d) 10.1595 9.8405  
                                                                                                                                                                      
        Instance                                                         Component                                                                    Delta   Delay   
        --------                                                         ---------                                                                    -----   -----   
        HSVRGB/div:mgc_div#3.a                                                                                                                        0.0000  0.0000  
        HSVRGB/div:mgc_div#3                                             mgc_div_11_11_1                                                              6.3485  6.3485  
        HSVRGB/div:mgc_div#3.z                                                                                                                        0.0000  6.3485  
        HSVRGB:core/div:mgc_div#3.z                                                                                                                   0.0000  6.3485  
        HSVRGB:core/else#7:else#1:if:slc(div:mgc_div#3.z)                                                                                             0.0000  6.3485  
        HSVRGB:core/else#7:else#1:if:slc(div:mgc_div#3.z).itm                                                                                         0.0000  6.3485  
        HSVRGB:core/mux#4                                                mgc_mux_6_1_2                                                                0.3690  6.7174  
        HSVRGB:core/div.sdt#2.sva.duc:mx0                                                                                                             0.0000  6.7174  
        HSVRGB:core/slc(div.sdt#2.sva.duc:mx0)#1                                                                                                      0.0000  6.7174  
        HSVRGB:core/slc(div.sdt#2.sva.duc:mx0)#1.itm                                                                                                  0.0000  6.7174  
        HSVRGB:core/else#7:else#1:if:acc#1                               mgc_add_5_0_2_1_5                                                            0.9464  7.6638  
        HSVRGB:core/else#7:else#1:if:ac_fixed:cctor.sg2#1.sva                                                                                         0.0000  7.6638  
        HSVRGB:core/slc(else#7:else#1:if:ac_fixed:cctor.sg2#1.sva)                                                                                    0.0000  7.6638  
        HSVRGB:core/slc(else#7:else#1:if:ac_fixed:cctor.sg2#1.sva).itm                                                                                0.0000  7.6638  
        HSVRGB:core/else#7:mux1h                                         mgc_mux1hot_3_3                                                              0.7732  8.4370  
        HSVRGB:core/else#7:mux1h.itm                                                                                                                  0.0000  8.4370  
        HSVRGB:core/else#7:not#1                                         mgc_not_3                                                                    0.0000  8.4370  
        HSVRGB:core/else#7:not#1.itm                                                                                                                  0.0000  8.4370  
        HSVRGB:core/conc#72                                                                                                                           0.0000  8.4370  
        HSVRGB:core/conc#72.itm                                                                                                                       0.0000  8.4370  
        HSVRGB:core/else#7:acc                                           mgc_add_7_0_7_0_7                                                            1.0910  9.5280  
        HSVRGB:core/else#7:acc.itm                                                                                                                    0.0000  9.5280  
        HSVRGB:core/else#7:slc#1                                                                                                                      0.0000  9.5280  
        HSVRGB:core/else#7:acc#3.psp.sva                                                                                                              0.0000  9.5280  
        HSVRGB:core/slc(else#7:acc#3.psp.sva)#1                                                                                                       0.0000  9.5280  
        HSVRGB:core/slc(else#7:acc#3.psp.sva)#1.itm                                                                                                   0.0000  9.5280  
        HSVRGB:core/and#2                                                mgc_and_1_2                                                                  0.2625  9.7905  
        HSVRGB:core/and#2.itm                                                                                                                         0.0000  9.7905  
        HSVRGB:core/conc#71                                                                                                                           0.0000  9.7905  
        HSVRGB:core/conc#71.itm                                                                                                                       0.0000  9.7905  
        HSVRGB:core/mux#2                                                mgc_mux_10_1_2                                                               0.3690  10.1595 
        HSVRGB:core/mux#2.itm                                                                                                                         0.0000  10.1595 
        HSVRGB:core/reg(H_OUT:rsc:mgc_out_stdreg.d)                      mgc_reg_pos_10_1_0_0_0_0_0                                                   0.0000  10.1595 
                                                                                                                                                                      
      5                                                                  HSVRGB:core/reg(div:mgc_div#3.b) HSVRGB:core/reg(H_OUT:rsc:mgc_out_stdreg.d) 10.1595 9.8405  
                                                                                                                                                                      
        Instance                                                         Component                                                                    Delta   Delay   
        --------                                                         ---------                                                                    -----   -----   
        HSVRGB/div:mgc_div#3.b                                                                                                                        0.0000  0.0000  
        HSVRGB/div:mgc_div#3                                             mgc_div_11_11_1                                                              6.3485  6.3485  
        HSVRGB/div:mgc_div#3.z                                                                                                                        0.0000  6.3485  
        HSVRGB:core/div:mgc_div#3.z                                                                                                                   0.0000  6.3485  
        HSVRGB:core/else#7:else#1:if:slc(div:mgc_div#3.z)                                                                                             0.0000  6.3485  
        HSVRGB:core/else#7:else#1:if:slc(div:mgc_div#3.z).itm                                                                                         0.0000  6.3485  
        HSVRGB:core/mux#4                                                mgc_mux_6_1_2                                                                0.3690  6.7174  
        HSVRGB:core/div.sdt#2.sva.duc:mx0                                                                                                             0.0000  6.7174  
        HSVRGB:core/slc(div.sdt#2.sva.duc:mx0)#1                                                                                                      0.0000  6.7174  
        HSVRGB:core/slc(div.sdt#2.sva.duc:mx0)#1.itm                                                                                                  0.0000  6.7174  
        HSVRGB:core/else#7:else#1:if:acc#1                               mgc_add_5_0_2_1_5                                                            0.9464  7.6638  
        HSVRGB:core/else#7:else#1:if:ac_fixed:cctor.sg2#1.sva                                                                                         0.0000  7.6638  
        HSVRGB:core/slc(else#7:else#1:if:ac_fixed:cctor.sg2#1.sva)                                                                                    0.0000  7.6638  
        HSVRGB:core/slc(else#7:else#1:if:ac_fixed:cctor.sg2#1.sva).itm                                                                                0.0000  7.6638  
        HSVRGB:core/else#7:mux1h                                         mgc_mux1hot_3_3                                                              0.7732  8.4370  
        HSVRGB:core/else#7:mux1h.itm                                                                                                                  0.0000  8.4370  
        HSVRGB:core/else#7:not#1                                         mgc_not_3                                                                    0.0000  8.4370  
        HSVRGB:core/else#7:not#1.itm                                                                                                                  0.0000  8.4370  
        HSVRGB:core/conc#72                                                                                                                           0.0000  8.4370  
        HSVRGB:core/conc#72.itm                                                                                                                       0.0000  8.4370  
        HSVRGB:core/else#7:acc                                           mgc_add_7_0_7_0_7                                                            1.0910  9.5280  
        HSVRGB:core/else#7:acc.itm                                                                                                                    0.0000  9.5280  
        HSVRGB:core/else#7:slc#1                                                                                                                      0.0000  9.5280  
        HSVRGB:core/else#7:acc#3.psp.sva                                                                                                              0.0000  9.5280  
        HSVRGB:core/slc(else#7:acc#3.psp.sva)#1                                                                                                       0.0000  9.5280  
        HSVRGB:core/slc(else#7:acc#3.psp.sva)#1.itm                                                                                                   0.0000  9.5280  
        HSVRGB:core/and#2                                                mgc_and_1_2                                                                  0.2625  9.7905  
        HSVRGB:core/and#2.itm                                                                                                                         0.0000  9.7905  
        HSVRGB:core/conc#71                                                                                                                           0.0000  9.7905  
        HSVRGB:core/conc#71.itm                                                                                                                       0.0000  9.7905  
        HSVRGB:core/mux#2                                                mgc_mux_10_1_2                                                               0.3690  10.1595 
        HSVRGB:core/mux#2.itm                                                                                                                         0.0000  10.1595 
        HSVRGB:core/reg(H_OUT:rsc:mgc_out_stdreg.d)                      mgc_reg_pos_10_1_0_0_0_0_0                                                   0.0000  10.1595 
                                                                                                                                                                      
      6                                                                  HSVRGB:core/reg(div:mgc_div#4.a) HSVRGB:core/reg(H_OUT:rsc:mgc_out_stdreg.d) 10.1243 9.8757  
                                                                                                                                                                      
        Instance                                                         Component                                                                    Delta   Delay   
        --------                                                         ---------                                                                    -----   -----   
        HSVRGB/div:mgc_div#4.a                                                                                                                        0.0000  0.0000  
        HSVRGB/div:mgc_div#4                                             mgc_div_11_11_1                                                              6.3485  6.3485  
        HSVRGB/div:mgc_div#4.z                                                                                                                        0.0000  6.3485  
        HSVRGB:core/div:mgc_div#4.z                                                                                                                   0.0000  6.3485  
        HSVRGB:core/else#7:else#1:if:slc(div:mgc_div#4.z)                                                                                             0.0000  6.3485  
        HSVRGB:core/else#7:else#1:if:slc(div:mgc_div#4.z).itm                                                                                         0.0000  6.3485  
        HSVRGB:core/mux#4                                                mgc_mux_6_1_2                                                                0.3690  6.7174  
        HSVRGB:core/div.sdt#2.sva.duc:mx0                                                                                                             0.0000  6.7174  
        HSVRGB:core/slc(div.sdt#2.sva.duc:mx0)#1                                                                                                      0.0000  6.7174  
        HSVRGB:core/slc(div.sdt#2.sva.duc:mx0)#1.itm                                                                                                  0.0000  6.7174  
        HSVRGB:core/else#7:else#1:if:acc#1                               mgc_add_5_0_2_1_5                                                            0.9464  7.6638  
        HSVRGB:core/else#7:else#1:if:ac_fixed:cctor.sg2#1.sva                                                                                         0.0000  7.6638  
        HSVRGB:core/slc(else#7:else#1:if:ac_fixed:cctor.sg2#1.sva)#2                                                                                  0.0000  7.6638  
        HSVRGB:core/slc(else#7:else#1:if:ac_fixed:cctor.sg2#1.sva)#2.itm                                                                              0.0000  7.6638  
        HSVRGB:core/else#7:else#1:mux#3                                  mgc_mux_1_1_2                                                                0.3690  8.0328  
        HSVRGB:core/else#7:else#1:mux#3.itm                                                                                                           0.0000  8.0328  
        HSVRGB:core/mux#6                                                mgc_mux_1_1_2                                                                0.3690  8.4018  
        HSVRGB:core/h.sg3.lpi.dfm#1:mx0                                                                                                               0.0000  8.4018  
        HSVRGB:core/else#7:not#3                                         mgc_not_1                                                                    0.0000  8.4018  
        HSVRGB:core/else#7:not#3.itm                                                                                                                  0.0000  8.4018  
        HSVRGB:core/conc#72                                                                                                                           0.0000  8.4018  
        HSVRGB:core/conc#72.itm                                                                                                                       0.0000  8.4018  
        HSVRGB:core/else#7:acc                                           mgc_add_7_0_7_0_7                                                            1.0910  9.4928  
        HSVRGB:core/else#7:acc.itm                                                                                                                    0.0000  9.4928  
        HSVRGB:core/else#7:slc#1                                                                                                                      0.0000  9.4928  
        HSVRGB:core/else#7:acc#3.psp.sva                                                                                                              0.0000  9.4928  
        HSVRGB:core/slc(else#7:acc#3.psp.sva)#1                                                                                                       0.0000  9.4928  
        HSVRGB:core/slc(else#7:acc#3.psp.sva)#1.itm                                                                                                   0.0000  9.4928  
        HSVRGB:core/and#2                                                mgc_and_1_2                                                                  0.2625  9.7553  
        HSVRGB:core/and#2.itm                                                                                                                         0.0000  9.7553  
        HSVRGB:core/conc#71                                                                                                                           0.0000  9.7553  
        HSVRGB:core/conc#71.itm                                                                                                                       0.0000  9.7553  
        HSVRGB:core/mux#2                                                mgc_mux_10_1_2                                                               0.3690  10.1243 
        HSVRGB:core/mux#2.itm                                                                                                                         0.0000  10.1243 
        HSVRGB:core/reg(H_OUT:rsc:mgc_out_stdreg.d)                      mgc_reg_pos_10_1_0_0_0_0_0                                                   0.0000  10.1243 
                                                                                                                                                                      
      7                                                                  HSVRGB:core/reg(div:mgc_div#3.a) HSVRGB:core/reg(H_OUT:rsc:mgc_out_stdreg.d) 10.1243 9.8757  
                                                                                                                                                                      
        Instance                                                         Component                                                                    Delta   Delay   
        --------                                                         ---------                                                                    -----   -----   
        HSVRGB/div:mgc_div#3.a                                                                                                                        0.0000  0.0000  
        HSVRGB/div:mgc_div#3                                             mgc_div_11_11_1                                                              6.3485  6.3485  
        HSVRGB/div:mgc_div#3.z                                                                                                                        0.0000  6.3485  
        HSVRGB:core/div:mgc_div#3.z                                                                                                                   0.0000  6.3485  
        HSVRGB:core/else#7:else#1:if:slc(div:mgc_div#3.z)                                                                                             0.0000  6.3485  
        HSVRGB:core/else#7:else#1:if:slc(div:mgc_div#3.z).itm                                                                                         0.0000  6.3485  
        HSVRGB:core/mux#4                                                mgc_mux_6_1_2                                                                0.3690  6.7174  
        HSVRGB:core/div.sdt#2.sva.duc:mx0                                                                                                             0.0000  6.7174  
        HSVRGB:core/slc(div.sdt#2.sva.duc:mx0)#1                                                                                                      0.0000  6.7174  
        HSVRGB:core/slc(div.sdt#2.sva.duc:mx0)#1.itm                                                                                                  0.0000  6.7174  
        HSVRGB:core/else#7:else#1:if:acc#1                               mgc_add_5_0_2_1_5                                                            0.9464  7.6638  
        HSVRGB:core/else#7:else#1:if:ac_fixed:cctor.sg2#1.sva                                                                                         0.0000  7.6638  
        HSVRGB:core/slc(else#7:else#1:if:ac_fixed:cctor.sg2#1.sva)#2                                                                                  0.0000  7.6638  
        HSVRGB:core/slc(else#7:else#1:if:ac_fixed:cctor.sg2#1.sva)#2.itm                                                                              0.0000  7.6638  
        HSVRGB:core/else#7:else#1:mux#3                                  mgc_mux_1_1_2                                                                0.3690  8.0328  
        HSVRGB:core/else#7:else#1:mux#3.itm                                                                                                           0.0000  8.0328  
        HSVRGB:core/mux#6                                                mgc_mux_1_1_2                                                                0.3690  8.4018  
        HSVRGB:core/h.sg3.lpi.dfm#1:mx0                                                                                                               0.0000  8.4018  
        HSVRGB:core/else#7:not#3                                         mgc_not_1                                                                    0.0000  8.4018  
        HSVRGB:core/else#7:not#3.itm                                                                                                                  0.0000  8.4018  
        HSVRGB:core/conc#72                                                                                                                           0.0000  8.4018  
        HSVRGB:core/conc#72.itm                                                                                                                       0.0000  8.4018  
        HSVRGB:core/else#7:acc                                           mgc_add_7_0_7_0_7                                                            1.0910  9.4928  
        HSVRGB:core/else#7:acc.itm                                                                                                                    0.0000  9.4928  
        HSVRGB:core/else#7:slc#1                                                                                                                      0.0000  9.4928  
        HSVRGB:core/else#7:acc#3.psp.sva                                                                                                              0.0000  9.4928  
        HSVRGB:core/slc(else#7:acc#3.psp.sva)#1                                                                                                       0.0000  9.4928  
        HSVRGB:core/slc(else#7:acc#3.psp.sva)#1.itm                                                                                                   0.0000  9.4928  
        HSVRGB:core/and#2                                                mgc_and_1_2                                                                  0.2625  9.7553  
        HSVRGB:core/and#2.itm                                                                                                                         0.0000  9.7553  
        HSVRGB:core/conc#71                                                                                                                           0.0000  9.7553  
        HSVRGB:core/conc#71.itm                                                                                                                       0.0000  9.7553  
        HSVRGB:core/mux#2                                                mgc_mux_10_1_2                                                               0.3690  10.1243 
        HSVRGB:core/mux#2.itm                                                                                                                         0.0000  10.1243 
        HSVRGB:core/reg(H_OUT:rsc:mgc_out_stdreg.d)                      mgc_reg_pos_10_1_0_0_0_0_0                                                   0.0000  10.1243 
                                                                                                                                                                      
      8                                                                  HSVRGB:core/reg(div:mgc_div#4.a) HSVRGB:core/reg(H_OUT:rsc:mgc_out_stdreg.d) 10.1243 9.8757  
                                                                                                                                                                      
        Instance                                                         Component                                                                    Delta   Delay   
        --------                                                         ---------                                                                    -----   -----   
        HSVRGB/div:mgc_div#4.a                                                                                                                        0.0000  0.0000  
        HSVRGB/div:mgc_div#4                                             mgc_div_11_11_1                                                              6.3485  6.3485  
        HSVRGB/div:mgc_div#4.z                                                                                                                        0.0000  6.3485  
        HSVRGB:core/div:mgc_div#4.z                                                                                                                   0.0000  6.3485  
        HSVRGB:core/else#7:else#1:if:slc(div:mgc_div#4.z)                                                                                             0.0000  6.3485  
        HSVRGB:core/else#7:else#1:if:slc(div:mgc_div#4.z).itm                                                                                         0.0000  6.3485  
        HSVRGB:core/mux#4                                                mgc_mux_6_1_2                                                                0.3690  6.7174  
        HSVRGB:core/div.sdt#2.sva.duc:mx0                                                                                                             0.0000  6.7174  
        HSVRGB:core/slc(div.sdt#2.sva.duc:mx0)#1                                                                                                      0.0000  6.7174  
        HSVRGB:core/slc(div.sdt#2.sva.duc:mx0)#1.itm                                                                                                  0.0000  6.7174  
        HSVRGB:core/else#7:else#1:if:acc#1                               mgc_add_5_0_2_1_5                                                            0.9464  7.6638  
        HSVRGB:core/else#7:else#1:if:ac_fixed:cctor.sg2#1.sva                                                                                         0.0000  7.6638  
        HSVRGB:core/slc(else#7:else#1:if:ac_fixed:cctor.sg2#1.sva)#2                                                                                  0.0000  7.6638  
        HSVRGB:core/slc(else#7:else#1:if:ac_fixed:cctor.sg2#1.sva)#2.itm                                                                              0.0000  7.6638  
        HSVRGB:core/else#7:else#1:mux#3                                  mgc_mux_1_1_2                                                                0.3690  8.0328  
        HSVRGB:core/else#7:else#1:mux#3.itm                                                                                                           0.0000  8.0328  
        HSVRGB:core/mux#6                                                mgc_mux_1_1_2                                                                0.3690  8.4018  
        HSVRGB:core/h.sg3.lpi.dfm#1:mx0                                                                                                               0.0000  8.4018  
        HSVRGB:core/conc#73                                                                                                                           0.0000  8.4018  
        HSVRGB:core/conc#73.itm                                                                                                                       0.0000  8.4018  
        HSVRGB:core/else#7:acc                                           mgc_add_7_0_7_0_7                                                            1.0910  9.4928  
        HSVRGB:core/else#7:acc.itm                                                                                                                    0.0000  9.4928  
        HSVRGB:core/else#7:slc#1                                                                                                                      0.0000  9.4928  
        HSVRGB:core/else#7:acc#3.psp.sva                                                                                                              0.0000  9.4928  
        HSVRGB:core/slc(else#7:acc#3.psp.sva)#1                                                                                                       0.0000  9.4928  
        HSVRGB:core/slc(else#7:acc#3.psp.sva)#1.itm                                                                                                   0.0000  9.4928  
        HSVRGB:core/and#2                                                mgc_and_1_2                                                                  0.2625  9.7553  
        HSVRGB:core/and#2.itm                                                                                                                         0.0000  9.7553  
        HSVRGB:core/conc#71                                                                                                                           0.0000  9.7553  
        HSVRGB:core/conc#71.itm                                                                                                                       0.0000  9.7553  
        HSVRGB:core/mux#2                                                mgc_mux_10_1_2                                                               0.3690  10.1243 
        HSVRGB:core/mux#2.itm                                                                                                                         0.0000  10.1243 
        HSVRGB:core/reg(H_OUT:rsc:mgc_out_stdreg.d)                      mgc_reg_pos_10_1_0_0_0_0_0                                                   0.0000  10.1243 
                                                                                                                                                                      
      9                                                                  HSVRGB:core/reg(div:mgc_div#4.b) HSVRGB:core/reg(H_OUT:rsc:mgc_out_stdreg.d) 10.1243 9.8757  
                                                                                                                                                                      
        Instance                                                         Component                                                                    Delta   Delay   
        --------                                                         ---------                                                                    -----   -----   
        HSVRGB/div:mgc_div#4.b                                                                                                                        0.0000  0.0000  
        HSVRGB/div:mgc_div#4                                             mgc_div_11_11_1                                                              6.3485  6.3485  
        HSVRGB/div:mgc_div#4.z                                                                                                                        0.0000  6.3485  
        HSVRGB:core/div:mgc_div#4.z                                                                                                                   0.0000  6.3485  
        HSVRGB:core/else#7:else#1:if:slc(div:mgc_div#4.z)                                                                                             0.0000  6.3485  
        HSVRGB:core/else#7:else#1:if:slc(div:mgc_div#4.z).itm                                                                                         0.0000  6.3485  
        HSVRGB:core/mux#4                                                mgc_mux_6_1_2                                                                0.3690  6.7174  
        HSVRGB:core/div.sdt#2.sva.duc:mx0                                                                                                             0.0000  6.7174  
        HSVRGB:core/slc(div.sdt#2.sva.duc:mx0)#1                                                                                                      0.0000  6.7174  
        HSVRGB:core/slc(div.sdt#2.sva.duc:mx0)#1.itm                                                                                                  0.0000  6.7174  
        HSVRGB:core/else#7:else#1:if:acc#1                               mgc_add_5_0_2_1_5                                                            0.9464  7.6638  
        HSVRGB:core/else#7:else#1:if:ac_fixed:cctor.sg2#1.sva                                                                                         0.0000  7.6638  
        HSVRGB:core/slc(else#7:else#1:if:ac_fixed:cctor.sg2#1.sva)#2                                                                                  0.0000  7.6638  
        HSVRGB:core/slc(else#7:else#1:if:ac_fixed:cctor.sg2#1.sva)#2.itm                                                                              0.0000  7.6638  
        HSVRGB:core/else#7:else#1:mux#3                                  mgc_mux_1_1_2                                                                0.3690  8.0328  
        HSVRGB:core/else#7:else#1:mux#3.itm                                                                                                           0.0000  8.0328  
        HSVRGB:core/mux#6                                                mgc_mux_1_1_2                                                                0.3690  8.4018  
        HSVRGB:core/h.sg3.lpi.dfm#1:mx0                                                                                                               0.0000  8.4018  
        HSVRGB:core/conc#73                                                                                                                           0.0000  8.4018  
        HSVRGB:core/conc#73.itm                                                                                                                       0.0000  8.4018  
        HSVRGB:core/else#7:acc                                           mgc_add_7_0_7_0_7                                                            1.0910  9.4928  
        HSVRGB:core/else#7:acc.itm                                                                                                                    0.0000  9.4928  
        HSVRGB:core/else#7:slc#1                                                                                                                      0.0000  9.4928  
        HSVRGB:core/else#7:acc#3.psp.sva                                                                                                              0.0000  9.4928  
        HSVRGB:core/slc(else#7:acc#3.psp.sva)#1                                                                                                       0.0000  9.4928  
        HSVRGB:core/slc(else#7:acc#3.psp.sva)#1.itm                                                                                                   0.0000  9.4928  
        HSVRGB:core/and#2                                                mgc_and_1_2                                                                  0.2625  9.7553  
        HSVRGB:core/and#2.itm                                                                                                                         0.0000  9.7553  
        HSVRGB:core/conc#71                                                                                                                           0.0000  9.7553  
        HSVRGB:core/conc#71.itm                                                                                                                       0.0000  9.7553  
        HSVRGB:core/mux#2                                                mgc_mux_10_1_2                                                               0.3690  10.1243 
        HSVRGB:core/mux#2.itm                                                                                                                         0.0000  10.1243 
        HSVRGB:core/reg(H_OUT:rsc:mgc_out_stdreg.d)                      mgc_reg_pos_10_1_0_0_0_0_0                                                   0.0000  10.1243 
                                                                                                                                                                      
      10                                                                 HSVRGB:core/reg(div:mgc_div#3.b) HSVRGB:core/reg(H_OUT:rsc:mgc_out_stdreg.d) 10.1243 9.8757  
                                                                                                                                                                      
        Instance                                                         Component                                                                    Delta   Delay   
        --------                                                         ---------                                                                    -----   -----   
        HSVRGB/div:mgc_div#3.b                                                                                                                        0.0000  0.0000  
        HSVRGB/div:mgc_div#3                                             mgc_div_11_11_1                                                              6.3485  6.3485  
        HSVRGB/div:mgc_div#3.z                                                                                                                        0.0000  6.3485  
        HSVRGB:core/div:mgc_div#3.z                                                                                                                   0.0000  6.3485  
        HSVRGB:core/else#7:else#1:if:slc(div:mgc_div#3.z)                                                                                             0.0000  6.3485  
        HSVRGB:core/else#7:else#1:if:slc(div:mgc_div#3.z).itm                                                                                         0.0000  6.3485  
        HSVRGB:core/mux#4                                                mgc_mux_6_1_2                                                                0.3690  6.7174  
        HSVRGB:core/div.sdt#2.sva.duc:mx0                                                                                                             0.0000  6.7174  
        HSVRGB:core/slc(div.sdt#2.sva.duc:mx0)#1                                                                                                      0.0000  6.7174  
        HSVRGB:core/slc(div.sdt#2.sva.duc:mx0)#1.itm                                                                                                  0.0000  6.7174  
        HSVRGB:core/else#7:else#1:if:acc#1                               mgc_add_5_0_2_1_5                                                            0.9464  7.6638  
        HSVRGB:core/else#7:else#1:if:ac_fixed:cctor.sg2#1.sva                                                                                         0.0000  7.6638  
        HSVRGB:core/slc(else#7:else#1:if:ac_fixed:cctor.sg2#1.sva)#2                                                                                  0.0000  7.6638  
        HSVRGB:core/slc(else#7:else#1:if:ac_fixed:cctor.sg2#1.sva)#2.itm                                                                              0.0000  7.6638  
        HSVRGB:core/else#7:else#1:mux#3                                  mgc_mux_1_1_2                                                                0.3690  8.0328  
        HSVRGB:core/else#7:else#1:mux#3.itm                                                                                                           0.0000  8.0328  
        HSVRGB:core/mux#6                                                mgc_mux_1_1_2                                                                0.3690  8.4018  
        HSVRGB:core/h.sg3.lpi.dfm#1:mx0                                                                                                               0.0000  8.4018  
        HSVRGB:core/else#7:not#3                                         mgc_not_1                                                                    0.0000  8.4018  
        HSVRGB:core/else#7:not#3.itm                                                                                                                  0.0000  8.4018  
        HSVRGB:core/conc#72                                                                                                                           0.0000  8.4018  
        HSVRGB:core/conc#72.itm                                                                                                                       0.0000  8.4018  
        HSVRGB:core/else#7:acc                                           mgc_add_7_0_7_0_7                                                            1.0910  9.4928  
        HSVRGB:core/else#7:acc.itm                                                                                                                    0.0000  9.4928  
        HSVRGB:core/else#7:slc#1                                                                                                                      0.0000  9.4928  
        HSVRGB:core/else#7:acc#3.psp.sva                                                                                                              0.0000  9.4928  
        HSVRGB:core/slc(else#7:acc#3.psp.sva)#1                                                                                                       0.0000  9.4928  
        HSVRGB:core/slc(else#7:acc#3.psp.sva)#1.itm                                                                                                   0.0000  9.4928  
        HSVRGB:core/and#2                                                mgc_and_1_2                                                                  0.2625  9.7553  
        HSVRGB:core/and#2.itm                                                                                                                         0.0000  9.7553  
        HSVRGB:core/conc#71                                                                                                                           0.0000  9.7553  
        HSVRGB:core/conc#71.itm                                                                                                                       0.0000  9.7553  
        HSVRGB:core/mux#2                                                mgc_mux_10_1_2                                                               0.3690  10.1243 
        HSVRGB:core/mux#2.itm                                                                                                                         0.0000  10.1243 
        HSVRGB:core/reg(H_OUT:rsc:mgc_out_stdreg.d)                      mgc_reg_pos_10_1_0_0_0_0_0                                                   0.0000  10.1243 
                                                                                                                                                                      
      
    Register Input and Register-to-Output Slack
      Clock period or pin-to-reg delay constraint (clk): 20.0
      Clock uncertainty constraint (clk)               : 0.0
      
      Instance                                          Port                          Slack (Delay) Messages 
      ------------------------------------------------- --------------------------- ------- ------- --------
      HSVRGB:core/reg(V_OUT:rsc:mgc_out_stdreg.d)       mux.itm                     19.6310  0.3690          
      HSVRGB:core/reg(S_OUT:rsc:mgc_out_stdreg.d)       mux#1.itm                   14.3444  5.6556          
      HSVRGB:core/reg(H_OUT:rsc:mgc_out_stdreg.d)       mux#2.itm                    9.8405 10.1595          
      HSVRGB:core/reg(s.sg1.sva#2.duc)                  mux1h#1.itm                 17.8504  2.1496          
      HSVRGB:core/reg(else#7:if:div.2cyc.st#2)          else#7:if:div.2cyc.st#1     20.0000  0.0000          
      HSVRGB:core/reg(else#7:if#1:div.2cyc.st#2)        else#7:if#1:div.2cyc        19.6310  0.3690          
      HSVRGB:core/reg(else#7:else#1:if:div.2cyc.st#2)   else#7:else#1:if:div.2cyc   19.6310  0.3690          
      HSVRGB:core/reg(else#7:else#1:else:div.2cyc.st#2) else#7:else#1:else:div.2cyc 19.6310  0.3690          
      HSVRGB:core/reg(else#7:else#1:equal.svs.st#2)     else#7:else#1:equal.svs#1   20.0000  0.0000          
      HSVRGB:core/reg(else#7:equal.svs#2)               else#7:equal.svs.st#1       20.0000  0.0000          
      HSVRGB:core/reg(unequal.tmp#2)                    unequal.tmp#1               20.0000  0.0000          
      HSVRGB:core/reg(max.lpi.dfm#3.st#2)               max.lpi.dfm#3.st#1          20.0000  0.0000          
      HSVRGB:core/reg(acc#4.itm#2)                      acc#4.itm#1                 20.0000  0.0000          
      HSVRGB:core/reg(equal.svs#2)                      equal.svs.st#1              20.0000  0.0000          
      HSVRGB:core/reg(div:mgc_div#7.b)                  mux#8.itm                   15.1301  4.8699          
      HSVRGB:core/reg(div:mgc_div#7.a)                  mux#9.itm                   15.1301  4.8699          
      HSVRGB:core/reg(div:mgc_div#6.b)                  mux#10.itm                  15.1301  4.8699          
      HSVRGB:core/reg(div:mgc_div#6.a)                  mux#11.itm                  15.1301  4.8699          
      HSVRGB:core/reg(div:mgc_div#5.b)                  mux#12.itm                  15.5231  4.4769          
      HSVRGB:core/reg(div:mgc_div#5.a)                  mux#13.itm                  14.3032  5.6968          
      HSVRGB:core/reg(div:mgc_div.b)                    mux#14.itm                  15.5231  4.4769          
      HSVRGB:core/reg(div:mgc_div.a)                    mux#15.itm                  14.3032  5.6968          
      HSVRGB:core/reg(div:mgc_div#3.b)                  mux#16.itm                  15.5231  4.4769          
      HSVRGB:core/reg(div:mgc_div#3.a)                  mux#17.itm                  14.3032  5.6968          
      HSVRGB:core/reg(div:mgc_div#4.b)                  mux#18.itm                  15.5231  4.4769          
      HSVRGB:core/reg(div:mgc_div#4.a)                  mux#19.itm                  14.3032  5.6968          
      HSVRGB:core/reg(div:mgc_div#1.b)                  mux#20.itm                  15.5231  4.4769          
      HSVRGB:core/reg(div:mgc_div#1.a)                  mux#21.itm                  14.3032  5.6968          
      HSVRGB:core/reg(div:mgc_div#2.b)                  mux#22.itm                  15.5231  4.4769          
      HSVRGB:core/reg(div:mgc_div#2.a)                  mux#23.itm                  14.3032  5.6968          
      HSVRGB:core/reg(else#7:if:div.2cyc.st#1)          mux#24.itm                  15.9504  4.0496          
      HSVRGB:core/reg(mut#23)                           delta.sva                   15.5231  4.4769          
      HSVRGB:core/reg(else#7:if#1:slc.tmp.mut#3)        else#7:if#1:slc.tmp         14.3032  5.6968          
      HSVRGB:core/reg(else#7:else#1:if:slc.tmp.mut#2)   else#7:else#1:if:slc.tmp    14.3032  5.6968          
      HSVRGB:core/reg(else#7:else#1:else:slc.tmp.mut#2) else#7:else#1:else:slc.tmp  14.3032  5.6968          
      HSVRGB:core/reg(else#7:equal.svs.st#1)            else#7:equal.tmp            13.8665  6.1335          
      HSVRGB:core/reg(max.lpi.dfm#3.st#1)               mux1h#2.tmp                 13.8665  6.1335          
      HSVRGB:core/reg(equal.svs.st#1)                   equal.tmp                   15.0189  4.9811          
      HSVRGB:core/reg(else#7:if:div.2cyc)               mux#25.itm                  15.2868  4.7132          
      HSVRGB:core/reg(else#7:if#1:div.2cyc)             mux#26.itm                  14.1344  5.8656          
      HSVRGB:core/reg(else#7:else#1:if:div.2cyc)        mux#27.itm                  13.8665  6.1335          
      HSVRGB:core/reg(else#7:else#1:else:div.2cyc)      mux#28.itm                  13.8665  6.1335          
      HSVRGB:core/reg(main.stage_0#2)                   C1_1                        20.0000  0.0000          
      HSVRGB:core/reg(main.stage_0#3)                   main.stage_0#2              20.0000  0.0000          
      HSVRGB:core/reg(max.lpi.dfm#3.mut#1)              mux#29.itm                  15.2868  4.7132          
      HSVRGB:core/reg(delta.sva.mut#1)                  mux#30.itm                  15.2868  4.7132          
      HSVRGB:core/reg(max.lpi.dfm#3.mut)                mux#31.itm                  15.2868  4.7132          
      HSVRGB:core/reg(delta.sva.mut)                    mux#32.itm                  15.2868  4.7132          
      HSVRGB:core/reg(else#7:if:div.2cyc.st)            mux#33.itm                  15.2868  4.7132          
      HSVRGB:core/reg(acc#4.itm#1)                      acc#4.itm                   14.7740  5.2260          
      HSVRGB:core/reg(unequal.tmp#1)                    unequal.tmp                 13.8665  6.1335          
      HSVRGB:core/reg(else#7:else#1:equal.svs#1)        else#7:else#1:equal.tmp     14.1344  5.8656          
      HSVRGB                                            H_OUT:rsc.z                 20.0000  0.0000          
      HSVRGB                                            S_OUT:rsc.z                 20.0000  0.0000          
      HSVRGB                                            V_OUT:rsc.z                 20.0000  0.0000          
      
  Operator Bitwidth Summary
    Operation  Size (bits) Count 
    ---------- ----------- -----
    add                          
    -                   12     9 
    -                   11     1 
    -                   10     1 
    -                    9     1 
    -                    7     1 
    -                    5     1 
    -                    4     1 
    and                          
    -                    4     2 
    -                    3     3 
    -                    2    14 
    div                          
    -           1174783111     2 
    -           1174782963     6 
    equal                        
    -                    1     3 
    mul                          
    -                    8     1 
    mux                          
    -                    1    38 
    mux1h                        
    -                    3     5 
    nor                          
    -                    4     1 
    -                    3     4 
    -                    2     8 
    not                          
    -                   10    10 
    -                    3     1 
    -                    1    23 
    or                           
    -                   10     1 
    -                    4     1 
    -                    3     5 
    -                    2     9 
    read_port                    
    -                   10     3 
    reg                          
    -                   11     9 
    -                   10    20 
    -                    9     2 
    -                    8     1 
    -                    1    20 
    write_port                   
    -                   10     3 
    
  End of Report
