-- Catapult University Version: Report                                              
-- ---------------------------- ---------------------------------------------------
-- Version:                     2011a.126 Production Release                        
-- Build Date:                  Wed Aug  8 00:52:07 PDT 2012                        
                                                                                    
-- Generated by:                oh1015@EEWS104A-005                                 
-- Generated date:              Thu Apr 28 17:52:26 +0100 2016                      

Solution Settings: cdt.v5
  Current state: extract
  Project: CDTNEW
  
  Design Input Files Specified
    $PROJECT_HOME/cdt.cpp
      $MGC_HOME/shared/include/ac_fixed.h
        $MGC_HOME/shared/include/ac_int.h
  
  Processes/Blocks in Design
    Process       Real Operation(s) count Latency Throughput Reset Length II Comments 
    ------------- ----------------------- ------- ---------- ------------ -- --------
    /cdt/core                          25       1          1            0  1          
    Design Total:                      25       1          1            0  1          
    
  Bill Of Materials (Datapath)
    Component Name                          Area Score Area(LUTs) Delay Post Alloc Post Assign 
    --------------------------------------- ---------- ---------- ----- ---------- -----------
    [Lib: mgc_Altera-Cyclone-III-6_beh_psr]                                                    
    mgc_add(11,0,10,1,11)                       12.000     12.000 1.370          1           1 
    mgc_add(6,0,2,1,6)                           7.000      7.000 1.027          1           1 
    mgc_add(7,0,4,1,8)                           8.000      8.000 0.935          1           1 
    mgc_add(8,0,7,1,9)                           9.000      9.000 1.003          1           1 
    mgc_add(9,0,9,1,10)                         10.000     10.000 1.071          2           2 
    mgc_and(1,2)                                 0.730      0.730 0.263          0           1 
    mgc_mux(1,1,2)                               0.919      0.919 0.369          0           1 
    mgc_nand(1,2)                                0.730      0.730 0.268          0           2 
    mgc_nor(1,2)                                 0.730      0.730 0.263          0           1 
    mgc_nor(1,4)                                 1.379      1.379 0.525          0           1 
    mgc_not(1)                                   0.000      0.000 0.000          0           1 
    mgc_not(10)                                  0.000      0.000 0.000          0           1 
    mgc_not(5)                                   0.000      0.000 0.000          0           1 
    mgc_or(1,3)                                  1.054      1.054 0.425          0           1 
    mgc_reg_pos(1,1,0,0,0,0,0)                   0.000      0.000 0.000          0           3 
    [Lib: mgc_ioport]                                                                          
    mgc_in_wire(1,10)                            0.000      0.000 0.000          1           1 
    mgc_in_wire(2,10)                            0.000      0.000 0.000          1           1 
    mgc_in_wire(3,10)                            0.000      0.000 0.000          1           1 
    mgc_out_stdreg(4,10)                         0.000      0.000 0.000          1           1 
    mgc_out_stdreg(5,10)                         0.000      0.000 0.000          1           1 
    mgc_out_stdreg(6,10)                         0.000      0.000 0.000          1           1 
                                                                                               
    TOTAL AREA (After Assignment):              62.272     62.000                              
    
  Area Scores
                      Post-Scheduling Post-DP & FSM Post-Assignment 
    ----------------- --------------- ------------- ---------------
    Total Area Score:     56.0          62.3            62.3        
    Total Reg:             0.0           0.0             0.0        
                                                                    
    DataPath:             56.0 (100%)   62.3 (100%)     62.3 (100%) 
      MUX:                 0.0           0.9   (1%)      0.9   (1%) 
      FUNC:               56.0 (100%)   56.0  (90%)     56.0  (90%) 
      LOGIC:               0.0           5.4   (9%)      5.4   (9%) 
      BUFFER:              0.0           0.0             0.0        
      MEM:                 0.0           0.0             0.0        
      ROM:                 0.0           0.0             0.0        
      REG:                 0.0           0.0             0.0        
                                                                    
    
    FSM:                   0.0           0.0             0.0        
      FSM-REG:             0.0           0.0             0.0        
      FSM-COMB:            0.0           0.0             0.0        
                                                                    
    
  Register-to-Variable Mappings
    Register                            Size(bits) Gated Register CG Opt Done Variables                                             
    ----------------------------------- ---------- -------------- ----------- -----------------------------------------------------
    if:else:slc.svs                              1                            if:else:slc.svs                                       
    reg(B_OUT:rsc:mgc_out_stdreg.d).reg          1                            reg(B_OUT:rsc:mgc_out_stdreg.d).reg                   
    reg(R_OUT:rsc:mgc_out_stdreg.d).reg          1                            reg(R_OUT:rsc:mgc_out_stdreg.d).reg                   
                                                                                                                                    
    Total:                                       3              0           0 (Total Gating Ratio: 0.00, CG Opt Gating Ratio: 0.00) 
    
  Timing Report
    Critical Path
      Max Delay:  2.6570660000000004
      Slack:      17.342934
      
      Path                                         Startpoint                      Endpoint                                 Delay  Slack   
      -------------------------------------------- ------------------------------- ---------------------------------------- ------ -------
      1                                            cdt:core/H_IN:rsc:mgc_in_wire.d cdt:core/reg(B_OUT:rsc:mgc_out_stdreg.d) 2.6571 17.3429 
                                                                                                                                           
        Instance                                   Component                                                                Delta  Delay   
        --------                                   ---------                                                                -----  -----   
        cdt:core/H_IN:rsc:mgc_in_wire.d                                                                                     0.0000 0.0000  
        cdt:core/slc(H_IN:rsc:mgc_in_wire.d)#2                                                                              0.0000 0.0000  
        cdt:core/slc(H_IN:rsc:mgc_in_wire.d)#2.itm                                                                          0.0000 0.0000  
        cdt:core/if:if:acc                         mgc_add_9_0_9_1_10                                                       1.0706 1.0706  
        cdt:core/if:if:acc.itm                                                                                              0.0000 1.0706  
        cdt:core/if:slc#2                                                                                                   0.0000 1.0706  
        cdt:core/if:slc#2.itm                                                                                               0.0000 1.0706  
        cdt:core/nand                              mgc_nand_1_2                                                             0.2679 1.3385  
        cdt:core/nand.itm                                                                                                   0.0000 1.3385  
        cdt:core/or#2                              mgc_or_1_3                                                               0.4246 1.7631  
        cdt:core/or#2.itm                                                                                                   0.0000 1.7631  
        cdt:core/mux                               mgc_mux_1_1_2                                                            0.3690 2.1320  
        cdt:core/if:else:slc.svs:mx0                                                                                        0.0000 2.1320  
        cdt:core/nor                               mgc_nor_1_4                                                              0.5250 2.6571  
        cdt:core/nor.itm                                                                                                    0.0000 2.6571  
        cdt:core/reg(B_OUT:rsc:mgc_out_stdreg.d)   mgc_reg_pos_1_1_0_0_0_0_0                                                0.0000 2.6571  
                                                                                                                                           
      2                                            cdt:core/H_IN:rsc:mgc_in_wire.d cdt:core/reg(B_OUT:rsc:mgc_out_stdreg.d) 2.6136 17.3864 
                                                                                                                                           
        Instance                                   Component                                                                Delta  Delay   
        --------                                   ---------                                                                -----  -----   
        cdt:core/H_IN:rsc:mgc_in_wire.d                                                                                     0.0000 0.0000  
        cdt:core/slc(H_IN:rsc:mgc_in_wire.d)#1                                                                              0.0000 0.0000  
        cdt:core/slc(H_IN:rsc:mgc_in_wire.d)#1.itm                                                                          0.0000 0.0000  
        cdt:core/if:oelse:not#1                    mgc_not_5                                                                0.0000 0.0000  
        cdt:core/if:oelse:not#1.itm                                                                                         0.0000 0.0000  
        cdt:core/conc#3                                                                                                     0.0000 0.0000  
        cdt:core/conc#3.itm                                                                                                 0.0000 0.0000  
        cdt:core/if:oelse:acc                      mgc_add_6_0_2_1_6                                                        1.0272 1.0272  
        cdt:core/if:oelse:acc.itm                                                                                           0.0000 1.0272  
        cdt:core/if:oelse:slc#1                                                                                             0.0000 1.0272  
        cdt:core/if:oelse:slc#1.itm                                                                                         0.0000 1.0272  
        cdt:core/nand                              mgc_nand_1_2                                                             0.2679 1.2951  
        cdt:core/nand.itm                                                                                                   0.0000 1.2951  
        cdt:core/or#2                              mgc_or_1_3                                                               0.4246 1.7197  
        cdt:core/or#2.itm                                                                                                   0.0000 1.7197  
        cdt:core/mux                               mgc_mux_1_1_2                                                            0.3690 2.0886  
        cdt:core/if:else:slc.svs:mx0                                                                                        0.0000 2.0886  
        cdt:core/nor                               mgc_nor_1_4                                                              0.5250 2.6136  
        cdt:core/nor.itm                                                                                                    0.0000 2.6136  
        cdt:core/reg(B_OUT:rsc:mgc_out_stdreg.d)   mgc_reg_pos_1_1_0_0_0_0_0                                                0.0000 2.6136  
                                                                                                                                           
      3                                            cdt:core/S_IN:rsc:mgc_in_wire.d cdt:core/reg(B_OUT:rsc:mgc_out_stdreg.d) 2.3892 17.6108 
                                                                                                                                           
        Instance                                   Component                                                                Delta  Delay   
        --------                                   ---------                                                                -----  -----   
        cdt:core/S_IN:rsc:mgc_in_wire.d                                                                                     0.0000 0.0000  
        cdt:core/if:slc#1                                                                                                   0.0000 0.0000  
        cdt:core/if:slc#1.itm                                                                                               0.0000 0.0000  
        cdt:core/if:acc#1                          mgc_add_9_0_9_1_10                                                       1.0706 1.0706  
        cdt:core/if:acc#1.itm                                                                                               0.0000 1.0706  
        cdt:core/slc#1                                                                                                      0.0000 1.0706  
        cdt:core/slc#1.itm                                                                                                  0.0000 1.0706  
        cdt:core/or#2                              mgc_or_1_3                                                               0.4246 1.4952  
        cdt:core/or#2.itm                                                                                                   0.0000 1.4952  
        cdt:core/mux                               mgc_mux_1_1_2                                                            0.3690 1.8642  
        cdt:core/if:else:slc.svs:mx0                                                                                        0.0000 1.8642  
        cdt:core/nor                               mgc_nor_1_4                                                              0.5250 2.3892  
        cdt:core/nor.itm                                                                                                    0.0000 2.3892  
        cdt:core/reg(B_OUT:rsc:mgc_out_stdreg.d)   mgc_reg_pos_1_1_0_0_0_0_0                                                0.0000 2.3892  
                                                                                                                                           
      4                                            cdt:core/V_IN:rsc:mgc_in_wire.d cdt:core/reg(B_OUT:rsc:mgc_out_stdreg.d) 2.2538 17.7462 
                                                                                                                                           
        Instance                                   Component                                                                Delta  Delay   
        --------                                   ---------                                                                -----  -----   
        cdt:core/V_IN:rsc:mgc_in_wire.d                                                                                     0.0000 0.0000  
        cdt:core/V_IN:slc                                                                                                   0.0000 0.0000  
        cdt:core/V_IN:slc.itm                                                                                               0.0000 0.0000  
        cdt:core/if:acc#2                          mgc_add_7_0_4_1_8                                                        0.9353 0.9353  
        cdt:core/if:acc#2.itm                                                                                               0.0000 0.9353  
        cdt:core/aif:slc#1                                                                                                  0.0000 0.9353  
        cdt:core/aif:slc#1.itm                                                                                              0.0000 0.9353  
        cdt:core/or#2                              mgc_or_1_3                                                               0.4246 1.3598  
        cdt:core/or#2.itm                                                                                                   0.0000 1.3598  
        cdt:core/mux                               mgc_mux_1_1_2                                                            0.3690 1.7288  
        cdt:core/if:else:slc.svs:mx0                                                                                        0.0000 1.7288  
        cdt:core/nor                               mgc_nor_1_4                                                              0.5250 2.2538  
        cdt:core/nor.itm                                                                                                    0.0000 2.2538  
        cdt:core/reg(B_OUT:rsc:mgc_out_stdreg.d)   mgc_reg_pos_1_1_0_0_0_0_0                                                0.0000 2.2538  
                                                                                                                                           
      5                                            cdt:core/H_IN:rsc:mgc_in_wire.d cdt:core/reg(if:else:slc.svs)            2.1320 17.8680 
                                                                                                                                           
        Instance                                   Component                                                                Delta  Delay   
        --------                                   ---------                                                                -----  -----   
        cdt:core/H_IN:rsc:mgc_in_wire.d                                                                                     0.0000 0.0000  
        cdt:core/slc(H_IN:rsc:mgc_in_wire.d)#2                                                                              0.0000 0.0000  
        cdt:core/slc(H_IN:rsc:mgc_in_wire.d)#2.itm                                                                          0.0000 0.0000  
        cdt:core/if:if:acc                         mgc_add_9_0_9_1_10                                                       1.0706 1.0706  
        cdt:core/if:if:acc.itm                                                                                              0.0000 1.0706  
        cdt:core/if:slc#2                                                                                                   0.0000 1.0706  
        cdt:core/if:slc#2.itm                                                                                               0.0000 1.0706  
        cdt:core/nand                              mgc_nand_1_2                                                             0.2679 1.3385  
        cdt:core/nand.itm                                                                                                   0.0000 1.3385  
        cdt:core/or#2                              mgc_or_1_3                                                               0.4246 1.7631  
        cdt:core/or#2.itm                                                                                                   0.0000 1.7631  
        cdt:core/mux                               mgc_mux_1_1_2                                                            0.3690 2.1320  
        cdt:core/if:else:slc.svs:mx0                                                                                        0.0000 2.1320  
        cdt:core/reg(if:else:slc.svs)              mgc_reg_pos_1_1_0_0_0_0_0                                                0.0000 2.1320  
                                                                                                                                           
      6                                            cdt:core/H_IN:rsc:mgc_in_wire.d cdt:core/reg(if:else:slc.svs)            2.0886 17.9114 
                                                                                                                                           
        Instance                                   Component                                                                Delta  Delay   
        --------                                   ---------                                                                -----  -----   
        cdt:core/H_IN:rsc:mgc_in_wire.d                                                                                     0.0000 0.0000  
        cdt:core/slc(H_IN:rsc:mgc_in_wire.d)#1                                                                              0.0000 0.0000  
        cdt:core/slc(H_IN:rsc:mgc_in_wire.d)#1.itm                                                                          0.0000 0.0000  
        cdt:core/if:oelse:not#1                    mgc_not_5                                                                0.0000 0.0000  
        cdt:core/if:oelse:not#1.itm                                                                                         0.0000 0.0000  
        cdt:core/conc#3                                                                                                     0.0000 0.0000  
        cdt:core/conc#3.itm                                                                                                 0.0000 0.0000  
        cdt:core/if:oelse:acc                      mgc_add_6_0_2_1_6                                                        1.0272 1.0272  
        cdt:core/if:oelse:acc.itm                                                                                           0.0000 1.0272  
        cdt:core/if:oelse:slc#1                                                                                             0.0000 1.0272  
        cdt:core/if:oelse:slc#1.itm                                                                                         0.0000 1.0272  
        cdt:core/nand                              mgc_nand_1_2                                                             0.2679 1.2951  
        cdt:core/nand.itm                                                                                                   0.0000 1.2951  
        cdt:core/or#2                              mgc_or_1_3                                                               0.4246 1.7197  
        cdt:core/or#2.itm                                                                                                   0.0000 1.7197  
        cdt:core/mux                               mgc_mux_1_1_2                                                            0.3690 2.0886  
        cdt:core/if:else:slc.svs:mx0                                                                                        0.0000 2.0886  
        cdt:core/reg(if:else:slc.svs)              mgc_reg_pos_1_1_0_0_0_0_0                                                0.0000 2.0886  
                                                                                                                                           
      7                                            cdt:core/H_IN:rsc:mgc_in_wire.d cdt:core/reg(B_OUT:rsc:mgc_out_stdreg.d) 1.8951 18.1049 
                                                                                                                                           
        Instance                                   Component                                                                Delta  Delay   
        --------                                   ---------                                                                -----  -----   
        cdt:core/H_IN:rsc:mgc_in_wire.d                                                                                     0.0000 0.0000  
        cdt:core/if:else:aif:not#1                 mgc_not_10                                                               0.0000 0.0000  
        cdt:core/if:else:aif:not#1.itm                                                                                      0.0000 0.0000  
        cdt:core/conc                                                                                                       0.0000 0.0000  
        cdt:core/conc.itm                                                                                                   0.0000 0.0000  
        cdt:core/if:else:aif:acc                   mgc_add_11_0_10_1_11                                                     1.3701 1.3701  
        cdt:core/if:else:aif:acc.itm                                                                                        0.0000 1.3701  
        cdt:core/if:else:aif:slc                                                                                            0.0000 1.3701  
        cdt:core/if:else:aif:slc.itm                                                                                        0.0000 1.3701  
        cdt:core/nor                               mgc_nor_1_4                                                              0.5250 1.8951  
        cdt:core/nor.itm                                                                                                    0.0000 1.8951  
        cdt:core/reg(B_OUT:rsc:mgc_out_stdreg.d)   mgc_reg_pos_1_1_0_0_0_0_0                                                0.0000 1.8951  
                                                                                                                                           
      8                                            cdt:core/S_IN:rsc:mgc_in_wire.d cdt:core/reg(if:else:slc.svs)            1.8642 18.1358 
                                                                                                                                           
        Instance                                   Component                                                                Delta  Delay   
        --------                                   ---------                                                                -----  -----   
        cdt:core/S_IN:rsc:mgc_in_wire.d                                                                                     0.0000 0.0000  
        cdt:core/if:slc#1                                                                                                   0.0000 0.0000  
        cdt:core/if:slc#1.itm                                                                                               0.0000 0.0000  
        cdt:core/if:acc#1                          mgc_add_9_0_9_1_10                                                       1.0706 1.0706  
        cdt:core/if:acc#1.itm                                                                                               0.0000 1.0706  
        cdt:core/slc#1                                                                                                      0.0000 1.0706  
        cdt:core/slc#1.itm                                                                                                  0.0000 1.0706  
        cdt:core/or#2                              mgc_or_1_3                                                               0.4246 1.4952  
        cdt:core/or#2.itm                                                                                                   0.0000 1.4952  
        cdt:core/mux                               mgc_mux_1_1_2                                                            0.3690 1.8642  
        cdt:core/if:else:slc.svs:mx0                                                                                        0.0000 1.8642  
        cdt:core/reg(if:else:slc.svs)              mgc_reg_pos_1_1_0_0_0_0_0                                                0.0000 1.8642  
                                                                                                                                           
      9                                            cdt:core/H_IN:rsc:mgc_in_wire.d cdt:core/reg(B_OUT:rsc:mgc_out_stdreg.d) 1.8635 18.1365 
                                                                                                                                           
        Instance                                   Component                                                                Delta  Delay   
        --------                                   ---------                                                                -----  -----   
        cdt:core/H_IN:rsc:mgc_in_wire.d                                                                                     0.0000 0.0000  
        cdt:core/slc(H_IN:rsc:mgc_in_wire.d)#2                                                                              0.0000 0.0000  
        cdt:core/slc(H_IN:rsc:mgc_in_wire.d)#2.itm                                                                          0.0000 0.0000  
        cdt:core/if:if:acc                         mgc_add_9_0_9_1_10                                                       1.0706 1.0706  
        cdt:core/if:if:acc.itm                                                                                              0.0000 1.0706  
        cdt:core/if:slc                                                                                                     0.0000 1.0706  
        cdt:core/if:slc.itm                                                                                                 0.0000 1.0706  
        cdt:core/if:if:nand                        mgc_nand_1_2                                                             0.2679 1.3385  
        cdt:core/if:lor.lpi.dfm                                                                                             0.0000 1.3385  
        cdt:core/nor                               mgc_nor_1_4                                                              0.5250 1.8635  
        cdt:core/nor.itm                                                                                                    0.0000 1.8635  
        cdt:core/reg(B_OUT:rsc:mgc_out_stdreg.d)   mgc_reg_pos_1_1_0_0_0_0_0                                                0.0000 1.8635  
                                                                                                                                           
      10                                           cdt:core/S_IN:rsc:mgc_in_wire.d cdt:core/reg(B_OUT:rsc:mgc_out_stdreg.d) 1.8581 18.1419 
                                                                                                                                           
        Instance                                   Component                                                                Delta  Delay   
        --------                                   ---------                                                                -----  -----   
        cdt:core/S_IN:rsc:mgc_in_wire.d                                                                                     0.0000 0.0000  
        cdt:core/if:slc#1                                                                                                   0.0000 0.0000  
        cdt:core/if:slc#1.itm                                                                                               0.0000 0.0000  
        cdt:core/if:acc#1                          mgc_add_9_0_9_1_10                                                       1.0706 1.0706  
        cdt:core/if:acc#1.itm                                                                                               0.0000 1.0706  
        cdt:core/slc                                                                                                        0.0000 1.0706  
        cdt:core/slc.itm                                                                                                    0.0000 1.0706  
        cdt:core/if:nor                            mgc_nor_1_2                                                              0.2625 1.3331  
        cdt:core/land.lpi.dfm                                                                                               0.0000 1.3331  
        cdt:core/not                               mgc_not_1                                                                0.0000 1.3331  
        cdt:core/not.itm                                                                                                    0.0000 1.3331  
        cdt:core/nor                               mgc_nor_1_4                                                              0.5250 1.8581  
        cdt:core/nor.itm                                                                                                    0.0000 1.8581  
        cdt:core/reg(B_OUT:rsc:mgc_out_stdreg.d)   mgc_reg_pos_1_1_0_0_0_0_0                                                0.0000 1.8581  
                                                                                                                                           
      
    Register Input and Register-to-Output Slack
      Clock period or pin-to-reg delay constraint (clk): 20.0
      Clock uncertainty constraint (clk)               : 0.0
      
      Instance                                 Port                  Slack (Delay) Messages 
      ---------------------------------------- ------------------- ------- ------- --------
      cdt:core/reg(if:else:slc.svs)            if:else:slc.svs:mx0 17.3429  2.6571          
      cdt:core/reg(B_OUT:rsc:mgc_out_stdreg.d) nor.itm             17.3429  2.6571          
      cdt:core/reg(R_OUT:rsc:mgc_out_stdreg.d) and.itm             18.3990  1.6010          
      cdt                                      R_OUT:rsc.z         20.0000  0.0000          
      cdt                                      G_OUT:rsc.z         20.0000  0.0000          
      cdt                                      B_OUT:rsc.z         20.0000  0.0000          
      
  Operator Bitwidth Summary
    Operation  Size (bits) Count 
    ---------- ----------- -----
    add                          
    -                   11     1 
    -                   10     2 
    -                    9     1 
    -                    8     1 
    -                    6     1 
    and                          
    -                    2     1 
    mux                          
    -                    1     1 
    nand                         
    -                    2     2 
    nor                          
    -                    4     1 
    -                    2     1 
    not                          
    -                   10     1 
    -                    5     1 
    -                    1     1 
    or                           
    -                    3     1 
    read_port                    
    -                   10     3 
    reg                          
    -                    1     3 
    write_port                   
    -                   10     3 
    
  End of Report
