-- Catapult University Version: Report                                              
-- ---------------------------- ---------------------------------------------------
-- Version:                     2011a.126 Production Release                        
-- Build Date:                  Wed Aug  8 00:52:07 PDT 2012                        
                                                                                    
-- Generated by:                kjr115@EEWS104A-021                                 
-- Generated date:              Wed May 04 14:38:19 +0100 2016                      

Solution Settings: MazeMemory.v3
  Current state: extract
  Project: MazeRAM
  
  Design Input Files Specified
    $PROJECT_HOME/../../src/MazeArray.cpp
      $MGC_HOME/shared/include/ac_int.h
      $PROJECT_HOME/../../src/includes/definitions.h
  
  Processes/Blocks in Design
    Process          Real Operation(s) count Latency Throughput Reset Length II Comments 
    ---------------- ----------------------- ------- ---------- ------------ -- --------
    /MazeMemory/core                      11       2          3         8193  0          
    Design Total:                         11       2          3         8193  0          
    
  Bill Of Materials (Datapath)
    Component Name                          Area Score Area(LUTs) Delay Post Alloc Post Assign 
    --------------------------------------- ---------- ---------- ----- ---------- -----------
    [Lib: mgc_Altera-Cyclone-III-6_beh_psr]                                                    
    mgc_add(12,0,1,1,12)                        13.000     13.000 1.461          1           1 
    mgc_and(1,2)                                 0.730      0.730 0.263          0           3 
    mgc_and(4,2)                                 2.919      2.919 0.263          0           1 
    mgc_mux(12,1,2)                             11.033     11.033 0.369          0           2 
    mgc_mux(4,1,2)                               3.678      3.678 0.369          1           0 
    mgc_mux1hot(4,3)                             8.758      8.758 0.773          0           1 
    mgc_nand(1,2)                                0.730      0.730 0.268          0           1 
    mgc_nor(1,12)                                3.976      3.976 0.941          0           1 
    mgc_nor(1,2)                                 0.730      0.730 0.263          0           1 
    mgc_not(1)                                   0.000      0.000 0.000          0           4 
    mgc_reg_pos(1,0,0,1,1,0,0)                   0.000      0.000 0.000          0           2 
    mgc_reg_pos(12,0,0,1,1,0,0)                  0.000      0.000 0.000          0           2 
    mgc_reg_pos(4,0,0,1,1,0,0)                   0.000      0.000 0.000          0           2 
    [Lib: mgc_ioport]                                                                          
    mgc_in_wire(1,5)                             0.000      0.000 0.000          1           1 
    mgc_in_wire(2,5)                             0.000      0.000 0.000          1           1 
    mgc_in_wire(3,4)                             0.000      0.000 0.000          1           1 
    mgc_in_wire(4,1)                             0.000      0.000 0.000          1           1 
    mgc_out_stdreg(5,4)                          0.000      0.000 0.000          1           1 
    [Lib: ram_Altera-Cyclone-III-6_RAMSB]                                                      
    singleport(6,4096,4,12,0,1,0,0,0,1,1,1       0.000      0.000 0.010          1           1 
                                                                                               
    TOTAL AREA (After Assignment):              54.369     54.000                              
    
  Area Scores
                      Post-Scheduling Post-DP & FSM Post-Assignment 
    ----------------- --------------- ------------- ---------------
    Total Area Score:     16.7          76.2            54.4        
    Total Reg:             0.0           0.0             0.0        
                                                                    
    DataPath:             16.7 (100%)   76.2 (100%)     54.4 (100%) 
      MUX:                 3.7  (22%)   52.7  (69%)     30.8  (57%) 
      FUNC:               13.0  (78%)   13.0  (17%)     13.0  (24%) 
      LOGIC:               0.0          10.5  (14%)     10.5  (19%) 
      BUFFER:              0.0           0.0             0.0        
      MEM:                 0.0           0.0             0.0        
      ROM:                 0.0           0.0             0.0        
      REG:                 0.0           0.0             0.0        
                                                                    
    
    FSM:                   0.0           0.0             0.0        
      FSM-REG:             0.0           0.0             0.0        
      FSM-COMB:            0.0           0.0             0.0        
                                                                    
    
  Register-to-Variable Mappings
    Register                        Size(bits) Gated Register CG Opt Done Variables                                             
    ------------------------------- ---------- -------------- ----------- -----------------------------------------------------
    if:acc.itm                              12                            if:acc.itm                                            
    maze:vinit.ndx#1.sva                    12                            maze:vinit.ndx#1.sva                                  
    maze:rsc:singleport.data_in.reg          4                            maze:rsc:singleport.data_in.reg                       
    out:rsc:mgc_out_stdreg.d                 4                            out:rsc:mgc_out_stdreg.d                              
    if:nor.itm                               1                            if:nor.itm                                            
    io_read(write:rsc.d).svs.st              1                            io_read(write:rsc.d).svs.st                           
                                                                                                                                
    Total:                                  34              0           0 (Total Gating Ratio: 0.00, CG Opt Gating Ratio: 0.00) 
    
  Timing Report
    Critical Path
      Max Delay:  4.623166
      Slack:      15.376833999999999
      
      Path                                               Startpoint                                               Endpoint                                      Delay  Slack   
      -------------------------------------------------- -------------------------------------------------------- --------------------------------------------- ------ -------
      1                                                  MazeMemory/maze:rsc:singleport                           MazeMemory:core/reg(out:rsc:mgc_out_stdreg.d) 4.6232 15.3768 
                                                                                                                                                                               
        Instance                                         Component                                                                                              Delta  Delay   
        --------                                         ---------                                                                                              -----  -----   
        MazeMemory/maze:rsc:singleport                   singleport_ram_be_6_4096_4_12_0_1_0_0_0_1_1_1_0_4096_4_1                                               3.8500 3.8500  
        MazeMemory/maze:rsc:singleport.data_out                                                                                                                 0.0000 3.8500  
        MazeMemory:core/maze:rsc:singleport.data_out                                                                                                            0.0000 3.8500  
        MazeMemory:core/mux1h                            mgc_mux1hot_4_3                                                                                        0.7732 4.6232  
        MazeMemory:core/mux1h.itm                                                                                                                               0.0000 4.6232  
        MazeMemory:core/reg(out:rsc:mgc_out_stdreg.d)    mgc_reg_pos_4_0_0_1_1_0_0                                                                              0.0000 4.6232  
                                                                                                                                                                               
      2                                                  MazeMemory:core/reg(maze:vinit.ndx#1.sva)                MazeMemory:core/reg(if:acc.itm)               1.4614 18.5386 
                                                                                                                                                                               
        Instance                                         Component                                                                                              Delta  Delay   
        --------                                         ---------                                                                                              -----  -----   
        MazeMemory:core/reg(maze:vinit.ndx#1.sva)        mgc_reg_pos_12_0_0_1_1_0_0                                                                             0.0000 0.0000  
        MazeMemory:core/maze:vinit.ndx#1.sva                                                                                                                    0.0000 0.0000  
        MazeMemory:core/if:acc                           mgc_add_12_0_1_1_12                                                                                    1.4614 1.4614  
        MazeMemory:core/if:acc.itm#2                                                                                                                            0.0000 1.4614  
        MazeMemory:core/reg(if:acc.itm)                  mgc_reg_pos_12_0_0_1_1_0_0                                                                             0.0000 1.4614  
                                                                                                                                                                               
      3                                                  MazeMemory:core/MazeMemory:core:fsm:inst                 MazeMemory:core/reg(out:rsc:mgc_out_stdreg.d) 1.0357 18.9643 
                                                                                                                                                                               
        Instance                                         Component                                                                                              Delta  Delay   
        --------                                         ---------                                                                                              -----  -----   
        MazeMemory:core/MazeMemory:core:fsm:inst         MazeMemory:core:fsm                                                                                    0.0000 0.0000  
        MazeMemory:core/fsm_output                                                                                                                              0.0000 0.0000  
        MazeMemory:core/slc(fsm_output)#9                                                                                                                       0.0000 0.0000  
        MazeMemory:core/slc(fsm_output)#9.itm                                                                                                                   0.0000 0.0000  
        MazeMemory:core/and#2                            mgc_and_1_2                                                                                            0.2625 0.2625  
        MazeMemory:core/and#2.itm                                                                                                                               0.0000 0.2625  
        MazeMemory:core/mux1h                            mgc_mux1hot_4_3                                                                                        0.7732 1.0357  
        MazeMemory:core/mux1h.itm                                                                                                                               0.0000 1.0357  
        MazeMemory:core/reg(out:rsc:mgc_out_stdreg.d)    mgc_reg_pos_4_0_0_1_1_0_0                                                                              0.0000 1.0357  
                                                                                                                                                                               
      4                                                  MazeMemory:core/MazeMemory:core:fsm:inst                 MazeMemory:core/reg(out:rsc:mgc_out_stdreg.d) 1.0357 18.9643 
                                                                                                                                                                               
        Instance                                         Component                                                                                              Delta  Delay   
        --------                                         ---------                                                                                              -----  -----   
        MazeMemory:core/MazeMemory:core:fsm:inst         MazeMemory:core:fsm                                                                                    0.0000 0.0000  
        MazeMemory:core/fsm_output                                                                                                                              0.0000 0.0000  
        MazeMemory:core/slc(fsm_output)#10                                                                                                                      0.0000 0.0000  
        MazeMemory:core/slc(fsm_output)#10.itm                                                                                                                  0.0000 0.0000  
        MazeMemory:core/and#3                            mgc_and_1_2                                                                                            0.2625 0.2625  
        MazeMemory:core/and#3.itm                                                                                                                               0.0000 0.2625  
        MazeMemory:core/mux1h                            mgc_mux1hot_4_3                                                                                        0.7732 1.0357  
        MazeMemory:core/mux1h.itm                                                                                                                               0.0000 1.0357  
        MazeMemory:core/reg(out:rsc:mgc_out_stdreg.d)    mgc_reg_pos_4_0_0_1_1_0_0                                                                              0.0000 1.0357  
                                                                                                                                                                               
      5                                                  MazeMemory:core/reg(io_read(write:rsc.d).svs.st)         MazeMemory:core/reg(out:rsc:mgc_out_stdreg.d) 1.0357 18.9643 
                                                                                                                                                                               
        Instance                                         Component                                                                                              Delta  Delay   
        --------                                         ---------                                                                                              -----  -----   
        MazeMemory:core/reg(io_read(write:rsc.d).svs.st) mgc_reg_pos_1_0_0_1_1_0_0                                                                              0.0000 0.0000  
        MazeMemory:core/io_read(write:rsc.d).svs.st                                                                                                             0.0000 0.0000  
        MazeMemory:core/and#2                            mgc_and_1_2                                                                                            0.2625 0.2625  
        MazeMemory:core/and#2.itm                                                                                                                               0.0000 0.2625  
        MazeMemory:core/mux1h                            mgc_mux1hot_4_3                                                                                        0.7732 1.0357  
        MazeMemory:core/mux1h.itm                                                                                                                               0.0000 1.0357  
        MazeMemory:core/reg(out:rsc:mgc_out_stdreg.d)    mgc_reg_pos_4_0_0_1_1_0_0                                                                              0.0000 1.0357  
                                                                                                                                                                               
      6                                                  MazeMemory:core/reg(io_read(write:rsc.d).svs.st)         MazeMemory:core/reg(out:rsc:mgc_out_stdreg.d) 1.0357 18.9643 
                                                                                                                                                                               
        Instance                                         Component                                                                                              Delta  Delay   
        --------                                         ---------                                                                                              -----  -----   
        MazeMemory:core/reg(io_read(write:rsc.d).svs.st) mgc_reg_pos_1_0_0_1_1_0_0                                                                              0.0000 0.0000  
        MazeMemory:core/io_read(write:rsc.d).svs.st                                                                                                             0.0000 0.0000  
        MazeMemory:core/not#4                            mgc_not_1                                                                                              0.0000 0.0000  
        MazeMemory:core/not#4.itm                                                                                                                               0.0000 0.0000  
        MazeMemory:core/and#3                            mgc_and_1_2                                                                                            0.2625 0.2625  
        MazeMemory:core/and#3.itm                                                                                                                               0.0000 0.2625  
        MazeMemory:core/mux1h                            mgc_mux1hot_4_3                                                                                        0.7732 1.0357  
        MazeMemory:core/mux1h.itm                                                                                                                               0.0000 1.0357  
        MazeMemory:core/reg(out:rsc:mgc_out_stdreg.d)    mgc_reg_pos_4_0_0_1_1_0_0                                                                              0.0000 1.0357  
                                                                                                                                                                               
      7                                                  MazeMemory:core/reg(maze:vinit.ndx#1.sva)                MazeMemory:core/reg(if:nor.itm)               0.9411 19.0589 
                                                                                                                                                                               
        Instance                                         Component                                                                                              Delta  Delay   
        --------                                         ---------                                                                                              -----  -----   
        MazeMemory:core/reg(maze:vinit.ndx#1.sva)        mgc_reg_pos_12_0_0_1_1_0_0                                                                             0.0000 0.0000  
        MazeMemory:core/maze:vinit.ndx#1.sva                                                                                                                    0.0000 0.0000  
        MazeMemory:core/slc(maze:vinit.ndx#1.sva)                                                                                                               0.0000 0.0000  
        MazeMemory:core/slc(maze:vinit.ndx#1.sva).itm                                                                                                           0.0000 0.0000  
        MazeMemory:core/if:nor                           mgc_nor_1_12                                                                                           0.9411 0.9411  
        MazeMemory:core/if:nor.itm#1                                                                                                                            0.0000 0.9411  
        MazeMemory:core/reg(if:nor.itm)                  mgc_reg_pos_1_0_0_1_1_0_0                                                                              0.0000 0.9411  
                                                                                                                                                                               
      8                                                  MazeMemory:core/reg(maze:vinit.ndx#1.sva)                MazeMemory:core/reg(if:nor.itm)               0.9411 19.0589 
                                                                                                                                                                               
        Instance                                         Component                                                                                              Delta  Delay   
        --------                                         ---------                                                                                              -----  -----   
        MazeMemory:core/reg(maze:vinit.ndx#1.sva)        mgc_reg_pos_12_0_0_1_1_0_0                                                                             0.0000 0.0000  
        MazeMemory:core/maze:vinit.ndx#1.sva                                                                                                                    0.0000 0.0000  
        MazeMemory:core/slc(maze:vinit.ndx#1.sva)#1                                                                                                             0.0000 0.0000  
        MazeMemory:core/slc(maze:vinit.ndx#1.sva)#1.itm                                                                                                         0.0000 0.0000  
        MazeMemory:core/if:nor                           mgc_nor_1_12                                                                                           0.9411 0.9411  
        MazeMemory:core/if:nor.itm#1                                                                                                                            0.0000 0.9411  
        MazeMemory:core/reg(if:nor.itm)                  mgc_reg_pos_1_0_0_1_1_0_0                                                                              0.0000 0.9411  
                                                                                                                                                                               
      9                                                  MazeMemory:core/reg(maze:vinit.ndx#1.sva)                MazeMemory:core/reg(if:nor.itm)               0.9411 19.0589 
                                                                                                                                                                               
        Instance                                         Component                                                                                              Delta  Delay   
        --------                                         ---------                                                                                              -----  -----   
        MazeMemory:core/reg(maze:vinit.ndx#1.sva)        mgc_reg_pos_12_0_0_1_1_0_0                                                                             0.0000 0.0000  
        MazeMemory:core/maze:vinit.ndx#1.sva                                                                                                                    0.0000 0.0000  
        MazeMemory:core/slc(maze:vinit.ndx#1.sva)#3                                                                                                             0.0000 0.0000  
        MazeMemory:core/slc(maze:vinit.ndx#1.sva)#3.itm                                                                                                         0.0000 0.0000  
        MazeMemory:core/if:nor                           mgc_nor_1_12                                                                                           0.9411 0.9411  
        MazeMemory:core/if:nor.itm#1                                                                                                                            0.0000 0.9411  
        MazeMemory:core/reg(if:nor.itm)                  mgc_reg_pos_1_0_0_1_1_0_0                                                                              0.0000 0.9411  
                                                                                                                                                                               
      10                                                 MazeMemory:core/reg(maze:vinit.ndx#1.sva)                MazeMemory:core/reg(if:nor.itm)               0.9411 19.0589 
                                                                                                                                                                               
        Instance                                         Component                                                                                              Delta  Delay   
        --------                                         ---------                                                                                              -----  -----   
        MazeMemory:core/reg(maze:vinit.ndx#1.sva)        mgc_reg_pos_12_0_0_1_1_0_0                                                                             0.0000 0.0000  
        MazeMemory:core/maze:vinit.ndx#1.sva                                                                                                                    0.0000 0.0000  
        MazeMemory:core/slc(maze:vinit.ndx#1.sva)#5                                                                                                             0.0000 0.0000  
        MazeMemory:core/slc(maze:vinit.ndx#1.sva)#5.itm                                                                                                         0.0000 0.0000  
        MazeMemory:core/if:nor                           mgc_nor_1_12                                                                                           0.9411 0.9411  
        MazeMemory:core/if:nor.itm#1                                                                                                                            0.0000 0.9411  
        MazeMemory:core/reg(if:nor.itm)                  mgc_reg_pos_1_0_0_1_1_0_0                                                                              0.0000 0.9411  
                                                                                                                                                                               
      
    Register Input and Register-to-Output Slack
      Clock period or pin-to-reg delay constraint (clk): 20.0
      Clock uncertainty constraint (clk)               : 0.0
      
      Instance                                         Port                      Slack (Delay) Messages 
      ------------------------------------------------ ----------------------- ------- ------- --------
      MazeMemory:core/reg(maze:rsc:singleport.data_in) and#6.rmff              19.7375  0.2625          
      MazeMemory:core/reg(out:rsc:mgc_out_stdreg.d)    mux1h.itm               15.3768  4.6232          
      MazeMemory:core/reg(maze:vinit.ndx#1.sva)        mux#4.itm               19.6310  0.3690          
      MazeMemory:core/reg(if:nor.itm)                  if:nor.itm#1            19.0589  0.9411          
      MazeMemory:core/reg(if:acc.itm)                  if:acc.itm#2            18.5386  1.4614          
      MazeMemory:core/reg(io_read(write:rsc.d).svs.st) write:rsc:mgc_in_wire.d 19.4750  0.5250          
      MazeMemory                                       out:rsc.z               20.0000  0.0000          
      
  Operator Bitwidth Summary
    Operation  Size (bits) Count 
    ---------- ----------- -----
    add                          
    -                   12     1 
    and                          
    -                    2     4 
    mux                          
    -                    1     2 
    mux1h                        
    -                    3     1 
    nand                         
    -                    2     1 
    nor                          
    -                   12     1 
    -                    2     1 
    not                          
    -                    1     4 
    read_port                    
    -                    5     2 
    -                    4     1 
    -                    1     1 
    read_ram                     
    -                    4     1 
    reg                          
    -                   12     2 
    -                    4     2 
    -                    1     2 
    write_port                   
    -                    4     1 
    
  End of Report
