-- Catapult University Version: Report                                              
-- ---------------------------- ---------------------------------------------------
-- Version:                     2011a.126 Production Release                        
-- Build Date:                  Wed Aug  8 00:52:07 PDT 2012                        
                                                                                    
-- Generated by:                oh1015@EEWS104A-005                                 
-- Generated date:              Wed Apr 27 18:44:41 +0100 2016                      

Solution Settings: HSVRGB.v6
  Current state: extract
  Project: RGBHSV
  
  Design Input Files Specified
    $PROJECT_HOME/RGBHSV.cpp
      $MGC_HOME/shared/include/ac_fixed.h
        $MGC_HOME/shared/include/ac_int.h
      $MGC_HOME/shared/include/math/mgc_ac_math.h
        $MGC_HOME/shared/include/math/mgc_ac_trig.h
          $MGC_HOME/shared/include/math/mgc_sc_atan_pow2.tab
          $MGC_HOME/shared/include/math/mgc_sc_atan2_pow2.tab
          $MGC_HOME/shared/include/math/mgc_sc_K_cordic.tab
  
  Processes/Blocks in Design
    Process       Real Operation(s) count Latency Throughput Reset Length II Comments 
    ------------- ----------------------- ------- ---------- ------------ -- --------
    /HSVRGB/core                       79       3          1            0  1          
    Design Total:                      79       3          1            0  1          
    
  Bill Of Materials (Datapath)
    Component Name                          Area Score Area(DSP_block_9-bit_elems) Area(LCs) Area(LUTs)  Delay Post Alloc Post Assign 
    --------------------------------------- ---------- --------------------------- --------- ---------- ------ ---------- -----------
    [Lib: mgc_Altera-Cyclone-III-6_beh_psr]                                                                                           
    mgc_add(10,0,10,0,10)                       11.241                       0.000     0.000     11.241  1.301          1           1 
    mgc_add(11,0,11,0,11)                       12.233                       0.000     0.000     12.233  1.368          1           1 
    mgc_add(12,0,11,0,12)                       13.228                       0.000     0.000     13.228  1.436          9           9 
    mgc_add(7,0,2,1,7)                           8.000                       0.000     0.000      8.000  1.104          1           1 
    mgc_add(7,0,7,0,7)                           8.267                       0.000     0.000      8.267  1.091          1           1 
    mgc_add(8,0,1,0,9)                           9.285                       0.000     0.000      9.285  1.183          1           1 
    mgc_add(8,0,2,1,8)                           9.000                       0.000     0.000      9.000  1.178          1           1 
    mgc_and(1,2)                                 0.730                       0.000     0.000      0.730  0.263          0          20 
    mgc_and(1,3)                                 1.054                       0.000     0.000      1.054  0.416          0           5 
    mgc_and(1,4)                                 1.379                       0.000     0.000      1.379  0.525          0           6 
    mgc_and(10,2)                                7.298                       0.000     0.000      7.298  0.263          3           3 
    mgc_and(7,2)                                 5.109                       0.000     0.000      5.109  0.263          1           1 
    mgc_and(8,2)                                 5.839                       0.000     0.000      5.839  0.263          2           0 
    mgc_and(8,3)                                 8.436                       0.000     0.000      8.436  0.416          0           1 
    mgc_div(10,10,0)                           152.985                       0.000     0.000    152.985 20.173          2           2 
    mgc_div(11,11,1)                           233.580                       0.000     0.000    233.580 26.348          2           6 
    mgc_equal(10)                                7.435                       0.000     0.000      7.435  1.337          2           2 
    mgc_mul(5,0,10,0,14)                       330.250                       2.000     0.000     10.250  3.003          1           1 
    mgc_mul(5,0,8,0,8)                         330.250                       2.000     0.000     10.250  2.875          1           1 
    mgc_mux(1,1,2)                               0.919                       0.000     0.000      0.919  0.369          6          18 
    mgc_mux(10,1,2)                              9.194                       0.000     0.000      9.194  0.369          0          20 
    mgc_mux(11,1,2)                             10.114                       0.000     0.000     10.114  0.369          0          12 
    mgc_mux(7,1,2)                               6.436                       0.000     0.000      6.436  0.369          1           2 
    mgc_mux(8,1,2)                               7.355                       0.000     0.000      7.355  0.369          0           1 
    mgc_mux(9,1,2)                               8.275                       0.000     0.000      8.275  0.369          0           2 
    mgc_mux1hot(1,3)                             2.190                       0.000     0.000      2.190  0.773          0           2 
    mgc_mux1hot(10,3)                           21.896                       0.000     0.000     21.896  0.773          2           2 
    mgc_mux1hot(2,3)                             4.379                       0.000     0.000      4.379  0.773          0           1 
    mgc_mux1hot(6,3)                            13.138                       0.000     0.000     13.138  0.773          1           1 
    mgc_mux1hot(8,3)                            17.517                       0.000     0.000     17.517  0.773          0           2 
    mgc_mux1hot(9,3)                            19.707                       0.000     0.000     19.707  0.773          0           3 
    mgc_nand(1,2)                                0.730                       0.000     0.000      0.730  0.268          0           5 
    mgc_nand(1,4)                                1.379                       0.000     0.000      1.379  0.536          0           1 
    mgc_nor(1,2)                                 0.730                       0.000     0.000      0.730  0.263          0          12 
    mgc_nor(1,3)                                 1.054                       0.000     0.000      1.054  0.416          0           6 
    mgc_nor(1,4)                                 1.379                       0.000     0.000      1.379  0.525          0           1 
    mgc_not(1)                                   0.000                       0.000     0.000      0.000  0.000          0          35 
    mgc_not(10)                                  0.000                       0.000     0.000      0.000  0.000          0          10 
    mgc_not(6)                                   0.000                       0.000     0.000      0.000  0.000          0           1 
    mgc_or(1,10)                                 3.327                       0.000     0.000      3.327  0.890          0           6 
    mgc_or(1,2)                                  0.730                       0.000     0.000      0.730  0.268          0          15 
    mgc_or(1,3)                                  1.054                       0.000     0.000      1.054  0.425          0           9 
    mgc_or(1,4)                                  1.379                       0.000     0.000      1.379  0.536          0           1 
    mgc_reg_pos(1,1,0,0,0,0,0)                   0.000                       0.000     0.000      0.000  0.000          0          28 
    mgc_reg_pos(10,1,0,0,0,0,0)                  0.000                       0.000     0.000      0.000  0.000          0          23 
    mgc_reg_pos(11,1,0,0,0,0,0)                  0.000                       0.000     0.000      0.000  0.000          0          12 
    mgc_reg_pos(2,1,0,0,0,0,0)                   0.000                       0.000     0.000      0.000  0.000          0           1 
    mgc_reg_pos(8,1,0,0,0,0,0)                   0.000                       0.000     0.000      0.000  0.000          0           1 
    mgc_reg_pos(9,1,0,0,0,0,0)                   0.000                       0.000     0.000      0.000  0.000          0           4 
    [Lib: mgc_ioport]                                                                                                                 
    mgc_in_wire(1,10)                            0.000                       0.000     0.000      0.000  0.000          1           1 
    mgc_in_wire(2,10)                            0.000                       0.000     0.000      0.000  0.000          1           1 
    mgc_in_wire(3,10)                            0.000                       0.000     0.000      0.000  0.000          1           1 
    mgc_out_stdreg(4,10)                         0.000                       0.000     0.000      0.000  0.000          1           1 
    mgc_out_stdreg(5,10)                         0.000                       0.000     0.000      0.000  0.000          1           1 
    mgc_out_stdreg(6,10)                         0.000                       0.000     0.000      0.000  0.000          1           1 
                                                                                                                                      
    TOTAL AREA (After Assignment):            3205.167                       4.000     0.000   2565.000                               
    
  Area Scores
                      Post-Scheduling   Post-DP & FSM Post-Assignment 
    ----------------- --------------- --------------- ---------------
    Total Area Score:   1733.1          3427.7          3205.2        
    Total Reg:             0.0             0.0             0.0        
                                                                      
    DataPath:           1733.1 (100%)   3427.7 (100%)   3205.2 (100%) 
      MUX:                68.9   (4%)    689.6  (20%)    518.4  (16%) 
      FUNC:             1625.6  (94%)   2559.9  (75%)   2559.9  (80%) 
      LOGIC:              38.7   (2%)    178.2   (5%)    126.9   (4%) 
      BUFFER:              0.0             0.0             0.0        
      MEM:                 0.0             0.0             0.0        
      ROM:                 0.0             0.0             0.0        
      REG:                 0.0             0.0             0.0        
                                                                      
    
    FSM:                   0.0             0.0             0.0        
      FSM-REG:             0.0             0.0             0.0        
      FSM-COMB:            0.0             0.0             0.0        
                                                                      
    
  Register-to-Variable Mappings
    Register                                 Size(bits) Gated Register CG Opt Done Variables                                             
    ---------------------------------------- ---------- -------------- ----------- -----------------------------------------------------
    div:mgc_div#1.a                                  11                            div:mgc_div#1.a                                       
    div:mgc_div#2.a                                  11                            div:mgc_div#2.a                                       
    div:mgc_div#3.a                                  11                            div:mgc_div#3.a                                       
    div:mgc_div#4.a                                  11                            div:mgc_div#4.a                                       
    div:mgc_div#5.a                                  11                            div:mgc_div#5.a                                       
    div:mgc_div.a                                    11                            div:mgc_div.a                                         
    else#7:else#1:else:slc.tmp.mut                   11                            else#7:else#1:else:slc.tmp.mut                        
    else#7:else#1:else:slc.tmp.mut#1                 11                            else#7:else#1:else:slc.tmp.mut#1                      
    else#7:else#1:if:slc.tmp.mut                     11                            else#7:else#1:if:slc.tmp.mut                          
    else#7:else#1:if:slc.tmp.mut#1                   11                            else#7:else#1:if:slc.tmp.mut#1                        
    else#7:if#1:slc.tmp.mut                          11                            else#7:if#1:slc.tmp.mut                               
    else#7:if#1:slc.tmp.mut#1                        11                            else#7:if#1:slc.tmp.mut#1                             
    H_OUT:rsc:mgc_out_stdreg.d                       10                            H_OUT:rsc:mgc_out_stdreg.d                            
    S_OUT:rsc:mgc_out_stdreg.d                       10                            S_OUT:rsc:mgc_out_stdreg.d                            
    V_OUT:rsc:mgc_out_stdreg.d                       10                            V_OUT:rsc:mgc_out_stdreg.d                            
    delta.sva.st#1                                   10                            delta.sva.st#1                                        
    delta.sva.st#2                                   10                            delta.sva.st#2                                        
    max.lpi.dfm#3.st#1                               10                            max.lpi.dfm#3.st#1                                    
    max.lpi.dfm#3.st#2                               10                            max.lpi.dfm#3.st#2                                    
    mut#12                                           10                            mut#12                                                
    mut#13                                           10                            mut#13                                                
    mut#14                                           10                            mut#14                                                
    mut#15                                           10                            mut#15                                                
    mut#16                                           10                            mut#16                                                
    mut#17                                           10                            mut#17                                                
    reg(div:mgc_div#1.b).reg                         10                            reg(div:mgc_div#1.b).reg                              
    reg(div:mgc_div#2.b).reg                         10                            reg(div:mgc_div#2.b).reg                              
    reg(div:mgc_div#3.b).reg                         10                            reg(div:mgc_div#3.b).reg                              
    reg(div:mgc_div#4.b).reg                         10                            reg(div:mgc_div#4.b).reg                              
    reg(div:mgc_div#5.b).reg                         10                            reg(div:mgc_div#5.b).reg                              
    reg(div:mgc_div#6.a).cse                         10                            reg(div:mgc_div#6.a).cse                              
    reg(div:mgc_div#6.b).cse                         10                            reg(div:mgc_div#6.b).cse                              
    reg(div:mgc_div#7.a).cse                         10                            reg(div:mgc_div#7.a).cse                              
    reg(div:mgc_div#7.b).cse                         10                            reg(div:mgc_div#7.b).cse                              
    reg(div:mgc_div.b).reg                           10                            reg(div:mgc_div.b).reg                                
    acc#5.itm#1                                       9                            acc#5.itm#1                                           
    acc#5.itm#2                                       9                            acc#5.itm#2                                           
    else#7:acc.psp.sva                                9                            else#7:acc.psp.sva                                    
    else#7:if#1:ac_fixed:cctor.sg1#1.sva.duc          9                            else#7:if#1:ac_fixed:cctor.sg1#1.sva.duc              
    s.sg1.sva#2.duc                                   8                            s.sg1.sva#2.duc                                       
    reg(div.sdt#3.sva.duc).tmp#7                      2                            reg(div.sdt#3.sva.duc).tmp#7                          
    else#7:else#1:else:div.2cyc                       1                            else#7:else#1:else:div.2cyc                           
    else#7:else#1:else:div.2cyc.st#1                  1                            else#7:else#1:else:div.2cyc.st#1                      
    else#7:else#1:else:div.2cyc.st#2                  1                            else#7:else#1:else:div.2cyc.st#2                      
    else#7:else#1:equal.svs#1                         1                            else#7:else#1:equal.svs#1                             
    else#7:else#1:equal.svs#2                         1                            else#7:else#1:equal.svs#2                             
    else#7:else#1:equal.svs.st#1                      1                            else#7:else#1:equal.svs.st#1                          
    else#7:else#1:equal.svs.st#2                      1                            else#7:else#1:equal.svs.st#2                          
    else#7:else#1:if:div.2cyc                         1                            else#7:else#1:if:div.2cyc                             
    else#7:else#1:if:div.2cyc.st#1                    1                            else#7:else#1:if:div.2cyc.st#1                        
    else#7:else#1:if:div.2cyc.st#2                    1                            else#7:else#1:if:div.2cyc.st#2                        
    else#7:equal.svs                                  1                            else#7:equal.svs                                      
    else#7:equal.svs#2                                1                            else#7:equal.svs#2                                    
    else#7:equal.svs.st#1                             1                            else#7:equal.svs.st#1                                 
    else#7:equal.svs.st#2                             1                            else#7:equal.svs.st#2                                 
    else#7:if#1:div.2cyc                              1                            else#7:if#1:div.2cyc                                  
    else#7:if#1:div.2cyc.st#1                         1                            else#7:if#1:div.2cyc.st#1                             
    else#7:if#1:div.2cyc.st#2                         1                            else#7:if#1:div.2cyc.st#2                             
    else#7:if:div.2cyc                                1                            else#7:if:div.2cyc                                    
    else#7:if:div.2cyc.st#1                           1                            else#7:if:div.2cyc.st#1                               
    else#7:if:div.2cyc.st#2                           1                            else#7:if:div.2cyc.st#2                               
    main.stage_0#2                                    1                            main.stage_0#2                                        
    main.stage_0#3                                    1                            main.stage_0#3                                        
    reg(div.sdt#2.sva.duc).tmp                        1                            reg(div.sdt#2.sva.duc).tmp                            
    reg(div.sdt#2.sva.duc).tmp#8                      1                            reg(div.sdt#2.sva.duc).tmp#8                          
    unequal.tmp#1                                     1                            unequal.tmp#1                                         
    unequal.tmp#2                                     1                            unequal.tmp#2                                         
    unequal.tmp#3                                     1                            unequal.tmp#3                                         
    unequal.tmp#5                                     1                            unequal.tmp#5                                         
                                                                                                                                         
    Total:                                          436              0           0 (Total Gating Ratio: 0.00, CG Opt Gating Ratio: 0.00) 
    
  Timing Report
    Critical Path
      Max Delay:  12.061592999999998
      Slack:      7.9384070000000015
      
      Path                                                               Startpoint                       Endpoint                                    Delay   Slack   
      ------------------------------------------------------------------ -------------------------------- ------------------------------------------- ------- -------
      1                                                                  HSVRGB:core/reg(div:mgc_div#4.a) HSVRGB:core/reg(H_OUT:rsc:mgc_out_stdreg.d) 12.0616 7.9384  
                                                                                                                                                                      
        Instance                                                         Component                                                                    Delta   Delay   
        --------                                                         ---------                                                                    -----   -----   
        HSVRGB/div:mgc_div#4.a                                                                                                                        0.0000  0.0000  
        HSVRGB/div:mgc_div#4                                             mgc_div_11_11_1                                                              6.3485  6.3485  
        HSVRGB/div:mgc_div#4.z                                                                                                                        0.0000  6.3485  
        HSVRGB:core/div:mgc_div#4.z                                                                                                                   0.0000  6.3485  
        HSVRGB:core/else#7:else#1:if:slc(div:mgc_div#4.z)#2                                                                                           0.0000  6.3485  
        HSVRGB:core/else#7:else#1:if:slc(div:mgc_div#4.z)#2.itm                                                                                       0.0000  6.3485  
        HSVRGB:core/mux#5                                                mgc_mux_8_1_2                                                                0.3690  6.7174  
        HSVRGB:core/mux#5.itm                                                                                                                         0.0000  6.7174  
        HSVRGB:core/else#7:else#1:if:acc#1                               mgc_add_8_0_2_1_8                                                            1.1781  7.8955  
        HSVRGB:core/else#7:else#1:if:ac_fixed:cctor.sg2#1.sva                                                                                         0.0000  7.8955  
        HSVRGB:core/slc(else#7:else#1:if:ac_fixed:cctor.sg2#1.sva#1)                                                                                  0.0000  7.8955  
        HSVRGB:core/slc(else#7:else#1:if:ac_fixed:cctor.sg2#1.sva#1).itm                                                                              0.0000  7.8955  
        HSVRGB:core/else#7:mux1h                                         mgc_mux1hot_6_3                                                              0.7732  8.6687  
        HSVRGB:core/h.sg5#2.lpi.dfm#2                                                                                                                 0.0000  8.6687  
        HSVRGB:core/else#7:not                                           mgc_not_6                                                                    0.0000  8.6687  
        HSVRGB:core/else#7:not.itm                                                                                                                    0.0000  8.6687  
        HSVRGB:core/conc#88                                                                                                                           0.0000  8.6687  
        HSVRGB:core/conc#88.itm                                                                                                                       0.0000  8.6687  
        HSVRGB:core/else#7:acc#2                                         mgc_add_10_0_10_0_10                                                         1.3014  9.9701  
        HSVRGB:core/else#7:acc#2.itm                                                                                                                  0.0000  9.9701  
        HSVRGB:core/else#7:slc#2                                                                                                                      0.0000  9.9701  
        HSVRGB:core/else#7:slc#2.itm                                                                                                                  0.0000  9.9701  
        HSVRGB:core/else#7:if#2:acc                                      mgc_add_7_0_7_0_7                                                            1.0910  11.0611 
        HSVRGB:core/else#7:if#2:acc.itm                                                                                                               0.0000  11.0611 
        HSVRGB:core/else#7:mux#14                                        mgc_mux_7_1_2                                                                0.3690  11.4301 
        HSVRGB:core/else#7:mux#14.itm                                                                                                                 0.0000  11.4301 
        HSVRGB:core/and#2                                                mgc_and_7_2                                                                  0.2625  11.6926 
        HSVRGB:core/and#2.itm                                                                                                                         0.0000  11.6926 
        HSVRGB:core/conc#87                                                                                                                           0.0000  11.6926 
        HSVRGB:core/conc#87.itm                                                                                                                       0.0000  11.6926 
        HSVRGB:core/mux#2                                                mgc_mux_10_1_2                                                               0.3690  12.0616 
        HSVRGB:core/mux#2.itm                                                                                                                         0.0000  12.0616 
        HSVRGB:core/reg(H_OUT:rsc:mgc_out_stdreg.d)                      mgc_reg_pos_10_1_0_0_0_0_0                                                   0.0000  12.0616 
                                                                                                                                                                      
      2                                                                  HSVRGB:core/reg(div:mgc_div#4.a) HSVRGB:core/reg(H_OUT:rsc:mgc_out_stdreg.d) 12.0616 7.9384  
                                                                                                                                                                      
        Instance                                                         Component                                                                    Delta   Delay   
        --------                                                         ---------                                                                    -----   -----   
        HSVRGB/div:mgc_div#4.a                                                                                                                        0.0000  0.0000  
        HSVRGB/div:mgc_div#4                                             mgc_div_11_11_1                                                              6.3485  6.3485  
        HSVRGB/div:mgc_div#4.z                                                                                                                        0.0000  6.3485  
        HSVRGB:core/div:mgc_div#4.z                                                                                                                   0.0000  6.3485  
        HSVRGB:core/else#7:else#1:if:slc(div:mgc_div#4.z)#2                                                                                           0.0000  6.3485  
        HSVRGB:core/else#7:else#1:if:slc(div:mgc_div#4.z)#2.itm                                                                                       0.0000  6.3485  
        HSVRGB:core/mux#5                                                mgc_mux_8_1_2                                                                0.3690  6.7174  
        HSVRGB:core/mux#5.itm                                                                                                                         0.0000  6.7174  
        HSVRGB:core/else#7:else#1:if:acc#1                               mgc_add_8_0_2_1_8                                                            1.1781  7.8955  
        HSVRGB:core/else#7:else#1:if:ac_fixed:cctor.sg2#1.sva                                                                                         0.0000  7.8955  
        HSVRGB:core/slc(else#7:else#1:if:ac_fixed:cctor.sg2#1.sva#1)                                                                                  0.0000  7.8955  
        HSVRGB:core/slc(else#7:else#1:if:ac_fixed:cctor.sg2#1.sva#1).itm                                                                              0.0000  7.8955  
        HSVRGB:core/else#7:mux1h                                         mgc_mux1hot_6_3                                                              0.7732  8.6687  
        HSVRGB:core/h.sg5#2.lpi.dfm#2                                                                                                                 0.0000  8.6687  
        HSVRGB:core/slc(h.sg5#2.lpi.dfm#1)                                                                                                            0.0000  8.6687  
        HSVRGB:core/slc(h.sg5#2.lpi.dfm#1).itm                                                                                                        0.0000  8.6687  
        HSVRGB:core/conc#89                                                                                                                           0.0000  8.6687  
        HSVRGB:core/conc#89.itm                                                                                                                       0.0000  8.6687  
        HSVRGB:core/else#7:acc#2                                         mgc_add_10_0_10_0_10                                                         1.3014  9.9701  
        HSVRGB:core/else#7:acc#2.itm                                                                                                                  0.0000  9.9701  
        HSVRGB:core/else#7:slc#2                                                                                                                      0.0000  9.9701  
        HSVRGB:core/else#7:slc#2.itm                                                                                                                  0.0000  9.9701  
        HSVRGB:core/else#7:if#2:acc                                      mgc_add_7_0_7_0_7                                                            1.0910  11.0611 
        HSVRGB:core/else#7:if#2:acc.itm                                                                                                               0.0000  11.0611 
        HSVRGB:core/else#7:mux#14                                        mgc_mux_7_1_2                                                                0.3690  11.4301 
        HSVRGB:core/else#7:mux#14.itm                                                                                                                 0.0000  11.4301 
        HSVRGB:core/and#2                                                mgc_and_7_2                                                                  0.2625  11.6926 
        HSVRGB:core/and#2.itm                                                                                                                         0.0000  11.6926 
        HSVRGB:core/conc#87                                                                                                                           0.0000  11.6926 
        HSVRGB:core/conc#87.itm                                                                                                                       0.0000  11.6926 
        HSVRGB:core/mux#2                                                mgc_mux_10_1_2                                                               0.3690  12.0616 
        HSVRGB:core/mux#2.itm                                                                                                                         0.0000  12.0616 
        HSVRGB:core/reg(H_OUT:rsc:mgc_out_stdreg.d)                      mgc_reg_pos_10_1_0_0_0_0_0                                                   0.0000  12.0616 
                                                                                                                                                                      
      3                                                                  HSVRGB:core/reg(div:mgc_div#4.b) HSVRGB:core/reg(H_OUT:rsc:mgc_out_stdreg.d) 12.0616 7.9384  
                                                                                                                                                                      
        Instance                                                         Component                                                                    Delta   Delay   
        --------                                                         ---------                                                                    -----   -----   
        HSVRGB/div:mgc_div#4.b                                                                                                                        0.0000  0.0000  
        HSVRGB/div:mgc_div#4                                             mgc_div_11_11_1                                                              6.3485  6.3485  
        HSVRGB/div:mgc_div#4.z                                                                                                                        0.0000  6.3485  
        HSVRGB:core/div:mgc_div#4.z                                                                                                                   0.0000  6.3485  
        HSVRGB:core/else#7:else#1:if:slc(div:mgc_div#4.z)#2                                                                                           0.0000  6.3485  
        HSVRGB:core/else#7:else#1:if:slc(div:mgc_div#4.z)#2.itm                                                                                       0.0000  6.3485  
        HSVRGB:core/mux#5                                                mgc_mux_8_1_2                                                                0.3690  6.7174  
        HSVRGB:core/mux#5.itm                                                                                                                         0.0000  6.7174  
        HSVRGB:core/else#7:else#1:if:acc#1                               mgc_add_8_0_2_1_8                                                            1.1781  7.8955  
        HSVRGB:core/else#7:else#1:if:ac_fixed:cctor.sg2#1.sva                                                                                         0.0000  7.8955  
        HSVRGB:core/slc(else#7:else#1:if:ac_fixed:cctor.sg2#1.sva#1)                                                                                  0.0000  7.8955  
        HSVRGB:core/slc(else#7:else#1:if:ac_fixed:cctor.sg2#1.sva#1).itm                                                                              0.0000  7.8955  
        HSVRGB:core/else#7:mux1h                                         mgc_mux1hot_6_3                                                              0.7732  8.6687  
        HSVRGB:core/h.sg5#2.lpi.dfm#2                                                                                                                 0.0000  8.6687  
        HSVRGB:core/slc(h.sg5#2.lpi.dfm#1)                                                                                                            0.0000  8.6687  
        HSVRGB:core/slc(h.sg5#2.lpi.dfm#1).itm                                                                                                        0.0000  8.6687  
        HSVRGB:core/conc#89                                                                                                                           0.0000  8.6687  
        HSVRGB:core/conc#89.itm                                                                                                                       0.0000  8.6687  
        HSVRGB:core/else#7:acc#2                                         mgc_add_10_0_10_0_10                                                         1.3014  9.9701  
        HSVRGB:core/else#7:acc#2.itm                                                                                                                  0.0000  9.9701  
        HSVRGB:core/else#7:slc#2                                                                                                                      0.0000  9.9701  
        HSVRGB:core/else#7:slc#2.itm                                                                                                                  0.0000  9.9701  
        HSVRGB:core/else#7:if#2:acc                                      mgc_add_7_0_7_0_7                                                            1.0910  11.0611 
        HSVRGB:core/else#7:if#2:acc.itm                                                                                                               0.0000  11.0611 
        HSVRGB:core/else#7:mux#14                                        mgc_mux_7_1_2                                                                0.3690  11.4301 
        HSVRGB:core/else#7:mux#14.itm                                                                                                                 0.0000  11.4301 
        HSVRGB:core/and#2                                                mgc_and_7_2                                                                  0.2625  11.6926 
        HSVRGB:core/and#2.itm                                                                                                                         0.0000  11.6926 
        HSVRGB:core/conc#87                                                                                                                           0.0000  11.6926 
        HSVRGB:core/conc#87.itm                                                                                                                       0.0000  11.6926 
        HSVRGB:core/mux#2                                                mgc_mux_10_1_2                                                               0.3690  12.0616 
        HSVRGB:core/mux#2.itm                                                                                                                         0.0000  12.0616 
        HSVRGB:core/reg(H_OUT:rsc:mgc_out_stdreg.d)                      mgc_reg_pos_10_1_0_0_0_0_0                                                   0.0000  12.0616 
                                                                                                                                                                      
      4                                                                  HSVRGB:core/reg(div:mgc_div#3.a) HSVRGB:core/reg(H_OUT:rsc:mgc_out_stdreg.d) 12.0616 7.9384  
                                                                                                                                                                      
        Instance                                                         Component                                                                    Delta   Delay   
        --------                                                         ---------                                                                    -----   -----   
        HSVRGB/div:mgc_div#3.a                                                                                                                        0.0000  0.0000  
        HSVRGB/div:mgc_div#3                                             mgc_div_11_11_1                                                              6.3485  6.3485  
        HSVRGB/div:mgc_div#3.z                                                                                                                        0.0000  6.3485  
        HSVRGB:core/div:mgc_div#3.z                                                                                                                   0.0000  6.3485  
        HSVRGB:core/else#7:else#1:if:slc(div:mgc_div#3.z)#2                                                                                           0.0000  6.3485  
        HSVRGB:core/else#7:else#1:if:slc(div:mgc_div#3.z)#2.itm                                                                                       0.0000  6.3485  
        HSVRGB:core/mux#5                                                mgc_mux_8_1_2                                                                0.3690  6.7174  
        HSVRGB:core/mux#5.itm                                                                                                                         0.0000  6.7174  
        HSVRGB:core/else#7:else#1:if:acc#1                               mgc_add_8_0_2_1_8                                                            1.1781  7.8955  
        HSVRGB:core/else#7:else#1:if:ac_fixed:cctor.sg2#1.sva                                                                                         0.0000  7.8955  
        HSVRGB:core/slc(else#7:else#1:if:ac_fixed:cctor.sg2#1.sva#1)                                                                                  0.0000  7.8955  
        HSVRGB:core/slc(else#7:else#1:if:ac_fixed:cctor.sg2#1.sva#1).itm                                                                              0.0000  7.8955  
        HSVRGB:core/else#7:mux1h                                         mgc_mux1hot_6_3                                                              0.7732  8.6687  
        HSVRGB:core/h.sg5#2.lpi.dfm#2                                                                                                                 0.0000  8.6687  
        HSVRGB:core/slc(h.sg5#2.lpi.dfm#1)                                                                                                            0.0000  8.6687  
        HSVRGB:core/slc(h.sg5#2.lpi.dfm#1).itm                                                                                                        0.0000  8.6687  
        HSVRGB:core/conc#89                                                                                                                           0.0000  8.6687  
        HSVRGB:core/conc#89.itm                                                                                                                       0.0000  8.6687  
        HSVRGB:core/else#7:acc#2                                         mgc_add_10_0_10_0_10                                                         1.3014  9.9701  
        HSVRGB:core/else#7:acc#2.itm                                                                                                                  0.0000  9.9701  
        HSVRGB:core/else#7:slc#2                                                                                                                      0.0000  9.9701  
        HSVRGB:core/else#7:slc#2.itm                                                                                                                  0.0000  9.9701  
        HSVRGB:core/else#7:if#2:acc                                      mgc_add_7_0_7_0_7                                                            1.0910  11.0611 
        HSVRGB:core/else#7:if#2:acc.itm                                                                                                               0.0000  11.0611 
        HSVRGB:core/else#7:mux#14                                        mgc_mux_7_1_2                                                                0.3690  11.4301 
        HSVRGB:core/else#7:mux#14.itm                                                                                                                 0.0000  11.4301 
        HSVRGB:core/and#2                                                mgc_and_7_2                                                                  0.2625  11.6926 
        HSVRGB:core/and#2.itm                                                                                                                         0.0000  11.6926 
        HSVRGB:core/conc#87                                                                                                                           0.0000  11.6926 
        HSVRGB:core/conc#87.itm                                                                                                                       0.0000  11.6926 
        HSVRGB:core/mux#2                                                mgc_mux_10_1_2                                                               0.3690  12.0616 
        HSVRGB:core/mux#2.itm                                                                                                                         0.0000  12.0616 
        HSVRGB:core/reg(H_OUT:rsc:mgc_out_stdreg.d)                      mgc_reg_pos_10_1_0_0_0_0_0                                                   0.0000  12.0616 
                                                                                                                                                                      
      5                                                                  HSVRGB:core/reg(div:mgc_div#3.b) HSVRGB:core/reg(H_OUT:rsc:mgc_out_stdreg.d) 12.0616 7.9384  
                                                                                                                                                                      
        Instance                                                         Component                                                                    Delta   Delay   
        --------                                                         ---------                                                                    -----   -----   
        HSVRGB/div:mgc_div#3.b                                                                                                                        0.0000  0.0000  
        HSVRGB/div:mgc_div#3                                             mgc_div_11_11_1                                                              6.3485  6.3485  
        HSVRGB/div:mgc_div#3.z                                                                                                                        0.0000  6.3485  
        HSVRGB:core/div:mgc_div#3.z                                                                                                                   0.0000  6.3485  
        HSVRGB:core/else#7:else#1:if:slc(div:mgc_div#3.z)#2                                                                                           0.0000  6.3485  
        HSVRGB:core/else#7:else#1:if:slc(div:mgc_div#3.z)#2.itm                                                                                       0.0000  6.3485  
        HSVRGB:core/mux#5                                                mgc_mux_8_1_2                                                                0.3690  6.7174  
        HSVRGB:core/mux#5.itm                                                                                                                         0.0000  6.7174  
        HSVRGB:core/else#7:else#1:if:acc#1                               mgc_add_8_0_2_1_8                                                            1.1781  7.8955  
        HSVRGB:core/else#7:else#1:if:ac_fixed:cctor.sg2#1.sva                                                                                         0.0000  7.8955  
        HSVRGB:core/slc(else#7:else#1:if:ac_fixed:cctor.sg2#1.sva#1)                                                                                  0.0000  7.8955  
        HSVRGB:core/slc(else#7:else#1:if:ac_fixed:cctor.sg2#1.sva#1).itm                                                                              0.0000  7.8955  
        HSVRGB:core/else#7:mux1h                                         mgc_mux1hot_6_3                                                              0.7732  8.6687  
        HSVRGB:core/h.sg5#2.lpi.dfm#2                                                                                                                 0.0000  8.6687  
        HSVRGB:core/slc(h.sg5#2.lpi.dfm#1)                                                                                                            0.0000  8.6687  
        HSVRGB:core/slc(h.sg5#2.lpi.dfm#1).itm                                                                                                        0.0000  8.6687  
        HSVRGB:core/conc#89                                                                                                                           0.0000  8.6687  
        HSVRGB:core/conc#89.itm                                                                                                                       0.0000  8.6687  
        HSVRGB:core/else#7:acc#2                                         mgc_add_10_0_10_0_10                                                         1.3014  9.9701  
        HSVRGB:core/else#7:acc#2.itm                                                                                                                  0.0000  9.9701  
        HSVRGB:core/else#7:slc#2                                                                                                                      0.0000  9.9701  
        HSVRGB:core/else#7:slc#2.itm                                                                                                                  0.0000  9.9701  
        HSVRGB:core/else#7:if#2:acc                                      mgc_add_7_0_7_0_7                                                            1.0910  11.0611 
        HSVRGB:core/else#7:if#2:acc.itm                                                                                                               0.0000  11.0611 
        HSVRGB:core/else#7:mux#14                                        mgc_mux_7_1_2                                                                0.3690  11.4301 
        HSVRGB:core/else#7:mux#14.itm                                                                                                                 0.0000  11.4301 
        HSVRGB:core/and#2                                                mgc_and_7_2                                                                  0.2625  11.6926 
        HSVRGB:core/and#2.itm                                                                                                                         0.0000  11.6926 
        HSVRGB:core/conc#87                                                                                                                           0.0000  11.6926 
        HSVRGB:core/conc#87.itm                                                                                                                       0.0000  11.6926 
        HSVRGB:core/mux#2                                                mgc_mux_10_1_2                                                               0.3690  12.0616 
        HSVRGB:core/mux#2.itm                                                                                                                         0.0000  12.0616 
        HSVRGB:core/reg(H_OUT:rsc:mgc_out_stdreg.d)                      mgc_reg_pos_10_1_0_0_0_0_0                                                   0.0000  12.0616 
                                                                                                                                                                      
      6                                                                  HSVRGB:core/reg(div:mgc_div#4.a) HSVRGB:core/reg(H_OUT:rsc:mgc_out_stdreg.d) 12.0264 7.9736  
                                                                                                                                                                      
        Instance                                                         Component                                                                    Delta   Delay   
        --------                                                         ---------                                                                    -----   -----   
        HSVRGB/div:mgc_div#4.a                                                                                                                        0.0000  0.0000  
        HSVRGB/div:mgc_div#4                                             mgc_div_11_11_1                                                              6.3485  6.3485  
        HSVRGB/div:mgc_div#4.z                                                                                                                        0.0000  6.3485  
        HSVRGB:core/div:mgc_div#4.z                                                                                                                   0.0000  6.3485  
        HSVRGB:core/else#7:else#1:if:slc(div:mgc_div#4.z)#2                                                                                           0.0000  6.3485  
        HSVRGB:core/else#7:else#1:if:slc(div:mgc_div#4.z)#2.itm                                                                                       0.0000  6.3485  
        HSVRGB:core/mux#5                                                mgc_mux_8_1_2                                                                0.3690  6.7174  
        HSVRGB:core/mux#5.itm                                                                                                                         0.0000  6.7174  
        HSVRGB:core/else#7:else#1:if:acc#1                               mgc_add_8_0_2_1_8                                                            1.1781  7.8955  
        HSVRGB:core/else#7:else#1:if:ac_fixed:cctor.sg2#1.sva                                                                                         0.0000  7.8955  
        HSVRGB:core/slc(else#7:else#1:if:ac_fixed:cctor.sg2#1.sva#2)                                                                                  0.0000  7.8955  
        HSVRGB:core/slc(else#7:else#1:if:ac_fixed:cctor.sg2#1.sva#2).itm                                                                              0.0000  7.8955  
        HSVRGB:core/else#7:else#1:mux#4                                  mgc_mux_1_1_2                                                                0.3690  8.2645  
        HSVRGB:core/else#7:else#1:mux#4.itm                                                                                                           0.0000  8.2645  
        HSVRGB:core/mux#8                                                mgc_mux_1_1_2                                                                0.3690  8.6335  
        HSVRGB:core/h.sg3.lpi.dfm#1:mx0                                                                                                               0.0000  8.6335  
        HSVRGB:core/else#7:not#2                                         mgc_not_1                                                                    0.0000  8.6335  
        HSVRGB:core/else#7:not#2.itm                                                                                                                  0.0000  8.6335  
        HSVRGB:core/conc#88                                                                                                                           0.0000  8.6335  
        HSVRGB:core/conc#88.itm                                                                                                                       0.0000  8.6335  
        HSVRGB:core/else#7:acc#2                                         mgc_add_10_0_10_0_10                                                         1.3014  9.9349  
        HSVRGB:core/else#7:acc#2.itm                                                                                                                  0.0000  9.9349  
        HSVRGB:core/else#7:slc#2                                                                                                                      0.0000  9.9349  
        HSVRGB:core/else#7:slc#2.itm                                                                                                                  0.0000  9.9349  
        HSVRGB:core/else#7:if#2:acc                                      mgc_add_7_0_7_0_7                                                            1.0910  11.0259 
        HSVRGB:core/else#7:if#2:acc.itm                                                                                                               0.0000  11.0259 
        HSVRGB:core/else#7:mux#14                                        mgc_mux_7_1_2                                                                0.3690  11.3949 
        HSVRGB:core/else#7:mux#14.itm                                                                                                                 0.0000  11.3949 
        HSVRGB:core/and#2                                                mgc_and_7_2                                                                  0.2625  11.6574 
        HSVRGB:core/and#2.itm                                                                                                                         0.0000  11.6574 
        HSVRGB:core/conc#87                                                                                                                           0.0000  11.6574 
        HSVRGB:core/conc#87.itm                                                                                                                       0.0000  11.6574 
        HSVRGB:core/mux#2                                                mgc_mux_10_1_2                                                               0.3690  12.0264 
        HSVRGB:core/mux#2.itm                                                                                                                         0.0000  12.0264 
        HSVRGB:core/reg(H_OUT:rsc:mgc_out_stdreg.d)                      mgc_reg_pos_10_1_0_0_0_0_0                                                   0.0000  12.0264 
                                                                                                                                                                      
      7                                                                  HSVRGB:core/reg(div:mgc_div#3.a) HSVRGB:core/reg(H_OUT:rsc:mgc_out_stdreg.d) 12.0264 7.9736  
                                                                                                                                                                      
        Instance                                                         Component                                                                    Delta   Delay   
        --------                                                         ---------                                                                    -----   -----   
        HSVRGB/div:mgc_div#3.a                                                                                                                        0.0000  0.0000  
        HSVRGB/div:mgc_div#3                                             mgc_div_11_11_1                                                              6.3485  6.3485  
        HSVRGB/div:mgc_div#3.z                                                                                                                        0.0000  6.3485  
        HSVRGB:core/div:mgc_div#3.z                                                                                                                   0.0000  6.3485  
        HSVRGB:core/else#7:else#1:if:slc(div:mgc_div#3.z)#2                                                                                           0.0000  6.3485  
        HSVRGB:core/else#7:else#1:if:slc(div:mgc_div#3.z)#2.itm                                                                                       0.0000  6.3485  
        HSVRGB:core/mux#5                                                mgc_mux_8_1_2                                                                0.3690  6.7174  
        HSVRGB:core/mux#5.itm                                                                                                                         0.0000  6.7174  
        HSVRGB:core/else#7:else#1:if:acc#1                               mgc_add_8_0_2_1_8                                                            1.1781  7.8955  
        HSVRGB:core/else#7:else#1:if:ac_fixed:cctor.sg2#1.sva                                                                                         0.0000  7.8955  
        HSVRGB:core/slc(else#7:else#1:if:ac_fixed:cctor.sg2#1.sva#2)                                                                                  0.0000  7.8955  
        HSVRGB:core/slc(else#7:else#1:if:ac_fixed:cctor.sg2#1.sva#2).itm                                                                              0.0000  7.8955  
        HSVRGB:core/else#7:else#1:mux#4                                  mgc_mux_1_1_2                                                                0.3690  8.2645  
        HSVRGB:core/else#7:else#1:mux#4.itm                                                                                                           0.0000  8.2645  
        HSVRGB:core/mux#8                                                mgc_mux_1_1_2                                                                0.3690  8.6335  
        HSVRGB:core/h.sg3.lpi.dfm#1:mx0                                                                                                               0.0000  8.6335  
        HSVRGB:core/else#7:not#2                                         mgc_not_1                                                                    0.0000  8.6335  
        HSVRGB:core/else#7:not#2.itm                                                                                                                  0.0000  8.6335  
        HSVRGB:core/conc#88                                                                                                                           0.0000  8.6335  
        HSVRGB:core/conc#88.itm                                                                                                                       0.0000  8.6335  
        HSVRGB:core/else#7:acc#2                                         mgc_add_10_0_10_0_10                                                         1.3014  9.9349  
        HSVRGB:core/else#7:acc#2.itm                                                                                                                  0.0000  9.9349  
        HSVRGB:core/else#7:slc#2                                                                                                                      0.0000  9.9349  
        HSVRGB:core/else#7:slc#2.itm                                                                                                                  0.0000  9.9349  
        HSVRGB:core/else#7:if#2:acc                                      mgc_add_7_0_7_0_7                                                            1.0910  11.0259 
        HSVRGB:core/else#7:if#2:acc.itm                                                                                                               0.0000  11.0259 
        HSVRGB:core/else#7:mux#14                                        mgc_mux_7_1_2                                                                0.3690  11.3949 
        HSVRGB:core/else#7:mux#14.itm                                                                                                                 0.0000  11.3949 
        HSVRGB:core/and#2                                                mgc_and_7_2                                                                  0.2625  11.6574 
        HSVRGB:core/and#2.itm                                                                                                                         0.0000  11.6574 
        HSVRGB:core/conc#87                                                                                                                           0.0000  11.6574 
        HSVRGB:core/conc#87.itm                                                                                                                       0.0000  11.6574 
        HSVRGB:core/mux#2                                                mgc_mux_10_1_2                                                               0.3690  12.0264 
        HSVRGB:core/mux#2.itm                                                                                                                         0.0000  12.0264 
        HSVRGB:core/reg(H_OUT:rsc:mgc_out_stdreg.d)                      mgc_reg_pos_10_1_0_0_0_0_0                                                   0.0000  12.0264 
                                                                                                                                                                      
      8                                                                  HSVRGB:core/reg(div:mgc_div#4.a) HSVRGB:core/reg(H_OUT:rsc:mgc_out_stdreg.d) 12.0264 7.9736  
                                                                                                                                                                      
        Instance                                                         Component                                                                    Delta   Delay   
        --------                                                         ---------                                                                    -----   -----   
        HSVRGB/div:mgc_div#4.a                                                                                                                        0.0000  0.0000  
        HSVRGB/div:mgc_div#4                                             mgc_div_11_11_1                                                              6.3485  6.3485  
        HSVRGB/div:mgc_div#4.z                                                                                                                        0.0000  6.3485  
        HSVRGB:core/div:mgc_div#4.z                                                                                                                   0.0000  6.3485  
        HSVRGB:core/else#7:else#1:if:slc(div:mgc_div#4.z)#2                                                                                           0.0000  6.3485  
        HSVRGB:core/else#7:else#1:if:slc(div:mgc_div#4.z)#2.itm                                                                                       0.0000  6.3485  
        HSVRGB:core/mux#5                                                mgc_mux_8_1_2                                                                0.3690  6.7174  
        HSVRGB:core/mux#5.itm                                                                                                                         0.0000  6.7174  
        HSVRGB:core/else#7:else#1:if:acc#1                               mgc_add_8_0_2_1_8                                                            1.1781  7.8955  
        HSVRGB:core/else#7:else#1:if:ac_fixed:cctor.sg2#1.sva                                                                                         0.0000  7.8955  
        HSVRGB:core/slc(else#7:else#1:if:ac_fixed:cctor.sg2#1.sva#3)                                                                                  0.0000  7.8955  
        HSVRGB:core/slc(else#7:else#1:if:ac_fixed:cctor.sg2#1.sva#3).itm                                                                              0.0000  7.8955  
        HSVRGB:core/else#7:else#1:mux#3                                  mgc_mux_1_1_2                                                                0.3690  8.2645  
        HSVRGB:core/else#7:else#1:mux#3.itm                                                                                                           0.0000  8.2645  
        HSVRGB:core/mux#7                                                mgc_mux_1_1_2                                                                0.3690  8.6335  
        HSVRGB:core/h.sg4.lpi.dfm#1:mx0                                                                                                               0.0000  8.6335  
        HSVRGB:core/conc#89                                                                                                                           0.0000  8.6335  
        HSVRGB:core/conc#89.itm                                                                                                                       0.0000  8.6335  
        HSVRGB:core/else#7:acc#2                                         mgc_add_10_0_10_0_10                                                         1.3014  9.9349  
        HSVRGB:core/else#7:acc#2.itm                                                                                                                  0.0000  9.9349  
        HSVRGB:core/else#7:slc#2                                                                                                                      0.0000  9.9349  
        HSVRGB:core/else#7:slc#2.itm                                                                                                                  0.0000  9.9349  
        HSVRGB:core/else#7:if#2:acc                                      mgc_add_7_0_7_0_7                                                            1.0910  11.0259 
        HSVRGB:core/else#7:if#2:acc.itm                                                                                                               0.0000  11.0259 
        HSVRGB:core/else#7:mux#14                                        mgc_mux_7_1_2                                                                0.3690  11.3949 
        HSVRGB:core/else#7:mux#14.itm                                                                                                                 0.0000  11.3949 
        HSVRGB:core/and#2                                                mgc_and_7_2                                                                  0.2625  11.6574 
        HSVRGB:core/and#2.itm                                                                                                                         0.0000  11.6574 
        HSVRGB:core/conc#87                                                                                                                           0.0000  11.6574 
        HSVRGB:core/conc#87.itm                                                                                                                       0.0000  11.6574 
        HSVRGB:core/mux#2                                                mgc_mux_10_1_2                                                               0.3690  12.0264 
        HSVRGB:core/mux#2.itm                                                                                                                         0.0000  12.0264 
        HSVRGB:core/reg(H_OUT:rsc:mgc_out_stdreg.d)                      mgc_reg_pos_10_1_0_0_0_0_0                                                   0.0000  12.0264 
                                                                                                                                                                      
      9                                                                  HSVRGB:core/reg(div:mgc_div#4.b) HSVRGB:core/reg(H_OUT:rsc:mgc_out_stdreg.d) 12.0264 7.9736  
                                                                                                                                                                      
        Instance                                                         Component                                                                    Delta   Delay   
        --------                                                         ---------                                                                    -----   -----   
        HSVRGB/div:mgc_div#4.b                                                                                                                        0.0000  0.0000  
        HSVRGB/div:mgc_div#4                                             mgc_div_11_11_1                                                              6.3485  6.3485  
        HSVRGB/div:mgc_div#4.z                                                                                                                        0.0000  6.3485  
        HSVRGB:core/div:mgc_div#4.z                                                                                                                   0.0000  6.3485  
        HSVRGB:core/else#7:else#1:if:slc(div:mgc_div#4.z)#2                                                                                           0.0000  6.3485  
        HSVRGB:core/else#7:else#1:if:slc(div:mgc_div#4.z)#2.itm                                                                                       0.0000  6.3485  
        HSVRGB:core/mux#5                                                mgc_mux_8_1_2                                                                0.3690  6.7174  
        HSVRGB:core/mux#5.itm                                                                                                                         0.0000  6.7174  
        HSVRGB:core/else#7:else#1:if:acc#1                               mgc_add_8_0_2_1_8                                                            1.1781  7.8955  
        HSVRGB:core/else#7:else#1:if:ac_fixed:cctor.sg2#1.sva                                                                                         0.0000  7.8955  
        HSVRGB:core/slc(else#7:else#1:if:ac_fixed:cctor.sg2#1.sva#3)                                                                                  0.0000  7.8955  
        HSVRGB:core/slc(else#7:else#1:if:ac_fixed:cctor.sg2#1.sva#3).itm                                                                              0.0000  7.8955  
        HSVRGB:core/else#7:else#1:mux#3                                  mgc_mux_1_1_2                                                                0.3690  8.2645  
        HSVRGB:core/else#7:else#1:mux#3.itm                                                                                                           0.0000  8.2645  
        HSVRGB:core/mux#7                                                mgc_mux_1_1_2                                                                0.3690  8.6335  
        HSVRGB:core/h.sg4.lpi.dfm#1:mx0                                                                                                               0.0000  8.6335  
        HSVRGB:core/conc#89                                                                                                                           0.0000  8.6335  
        HSVRGB:core/conc#89.itm                                                                                                                       0.0000  8.6335  
        HSVRGB:core/else#7:acc#2                                         mgc_add_10_0_10_0_10                                                         1.3014  9.9349  
        HSVRGB:core/else#7:acc#2.itm                                                                                                                  0.0000  9.9349  
        HSVRGB:core/else#7:slc#2                                                                                                                      0.0000  9.9349  
        HSVRGB:core/else#7:slc#2.itm                                                                                                                  0.0000  9.9349  
        HSVRGB:core/else#7:if#2:acc                                      mgc_add_7_0_7_0_7                                                            1.0910  11.0259 
        HSVRGB:core/else#7:if#2:acc.itm                                                                                                               0.0000  11.0259 
        HSVRGB:core/else#7:mux#14                                        mgc_mux_7_1_2                                                                0.3690  11.3949 
        HSVRGB:core/else#7:mux#14.itm                                                                                                                 0.0000  11.3949 
        HSVRGB:core/and#2                                                mgc_and_7_2                                                                  0.2625  11.6574 
        HSVRGB:core/and#2.itm                                                                                                                         0.0000  11.6574 
        HSVRGB:core/conc#87                                                                                                                           0.0000  11.6574 
        HSVRGB:core/conc#87.itm                                                                                                                       0.0000  11.6574 
        HSVRGB:core/mux#2                                                mgc_mux_10_1_2                                                               0.3690  12.0264 
        HSVRGB:core/mux#2.itm                                                                                                                         0.0000  12.0264 
        HSVRGB:core/reg(H_OUT:rsc:mgc_out_stdreg.d)                      mgc_reg_pos_10_1_0_0_0_0_0                                                   0.0000  12.0264 
                                                                                                                                                                      
      10                                                                 HSVRGB:core/reg(div:mgc_div#4.a) HSVRGB:core/reg(H_OUT:rsc:mgc_out_stdreg.d) 12.0264 7.9736  
                                                                                                                                                                      
        Instance                                                         Component                                                                    Delta   Delay   
        --------                                                         ---------                                                                    -----   -----   
        HSVRGB/div:mgc_div#4.a                                                                                                                        0.0000  0.0000  
        HSVRGB/div:mgc_div#4                                             mgc_div_11_11_1                                                              6.3485  6.3485  
        HSVRGB/div:mgc_div#4.z                                                                                                                        0.0000  6.3485  
        HSVRGB:core/div:mgc_div#4.z                                                                                                                   0.0000  6.3485  
        HSVRGB:core/else#7:else#1:if:slc(div:mgc_div#4.z)#2                                                                                           0.0000  6.3485  
        HSVRGB:core/else#7:else#1:if:slc(div:mgc_div#4.z)#2.itm                                                                                       0.0000  6.3485  
        HSVRGB:core/mux#5                                                mgc_mux_8_1_2                                                                0.3690  6.7174  
        HSVRGB:core/mux#5.itm                                                                                                                         0.0000  6.7174  
        HSVRGB:core/else#7:else#1:if:acc#1                               mgc_add_8_0_2_1_8                                                            1.1781  7.8955  
        HSVRGB:core/else#7:else#1:if:ac_fixed:cctor.sg2#1.sva                                                                                         0.0000  7.8955  
        HSVRGB:core/slc(else#7:else#1:if:ac_fixed:cctor.sg2#1.sva#3)                                                                                  0.0000  7.8955  
        HSVRGB:core/slc(else#7:else#1:if:ac_fixed:cctor.sg2#1.sva#3).itm                                                                              0.0000  7.8955  
        HSVRGB:core/else#7:else#1:mux#3                                  mgc_mux_1_1_2                                                                0.3690  8.2645  
        HSVRGB:core/else#7:else#1:mux#3.itm                                                                                                           0.0000  8.2645  
        HSVRGB:core/mux#7                                                mgc_mux_1_1_2                                                                0.3690  8.6335  
        HSVRGB:core/h.sg4.lpi.dfm#1:mx0                                                                                                               0.0000  8.6335  
        HSVRGB:core/else#7:not#1                                         mgc_not_1                                                                    0.0000  8.6335  
        HSVRGB:core/else#7:not#1.itm                                                                                                                  0.0000  8.6335  
        HSVRGB:core/conc#88                                                                                                                           0.0000  8.6335  
        HSVRGB:core/conc#88.itm                                                                                                                       0.0000  8.6335  
        HSVRGB:core/else#7:acc#2                                         mgc_add_10_0_10_0_10                                                         1.3014  9.9349  
        HSVRGB:core/else#7:acc#2.itm                                                                                                                  0.0000  9.9349  
        HSVRGB:core/else#7:slc#2                                                                                                                      0.0000  9.9349  
        HSVRGB:core/else#7:slc#2.itm                                                                                                                  0.0000  9.9349  
        HSVRGB:core/else#7:if#2:acc                                      mgc_add_7_0_7_0_7                                                            1.0910  11.0259 
        HSVRGB:core/else#7:if#2:acc.itm                                                                                                               0.0000  11.0259 
        HSVRGB:core/else#7:mux#14                                        mgc_mux_7_1_2                                                                0.3690  11.3949 
        HSVRGB:core/else#7:mux#14.itm                                                                                                                 0.0000  11.3949 
        HSVRGB:core/and#2                                                mgc_and_7_2                                                                  0.2625  11.6574 
        HSVRGB:core/and#2.itm                                                                                                                         0.0000  11.6574 
        HSVRGB:core/conc#87                                                                                                                           0.0000  11.6574 
        HSVRGB:core/conc#87.itm                                                                                                                       0.0000  11.6574 
        HSVRGB:core/mux#2                                                mgc_mux_10_1_2                                                               0.3690  12.0264 
        HSVRGB:core/mux#2.itm                                                                                                                         0.0000  12.0264 
        HSVRGB:core/reg(H_OUT:rsc:mgc_out_stdreg.d)                      mgc_reg_pos_10_1_0_0_0_0_0                                                   0.0000  12.0264 
                                                                                                                                                                      
      
    Register Input and Register-to-Output Slack
      Clock period or pin-to-reg delay constraint (clk): 20.0
      Clock uncertainty constraint (clk)               : 0.0
      
      Instance                                                  Port                               Slack (Delay) Messages 
      --------------------------------------------------------- -------------------------------- ------- ------- --------
      HSVRGB:core/reg(V_OUT:rsc:mgc_out_stdreg.d)               mux.itm                          19.6310  0.3690          
      HSVRGB:core/reg(S_OUT:rsc:mgc_out_stdreg.d)               mux#1.itm                        14.3444  5.6556          
      HSVRGB:core/reg(H_OUT:rsc:mgc_out_stdreg.d)               mux#2.itm                         7.9384 12.0616          
      HSVRGB:core/reg(else#7:acc.psp.sva)                       mux#4.itm                         9.6609 10.3391          
      HSVRGB:core/reg(s.sg1.sva#2.duc)                          mux1h#1.itm                      17.6584  2.3416          
      HSVRGB:core/reg(else#7:if:div.2cyc.st#2)                  else#7:if:div.2cyc.st#1          19.6310  0.3690          
      HSVRGB:core/reg(else#7:if#1:ac_fixed:cctor.sg1#1.sva.duc) mux1h#3.itm                      12.8784  7.1216          
      HSVRGB:core/reg(else#7:if#1:div.2cyc.st#2)                else#7:if#1:div.2cyc.st#1        19.6310  0.3690          
      HSVRGB:core/reg(else#7:else#1:if:div.2cyc.st#2)           else#7:else#1:if:div.2cyc.st#1   19.6310  0.3690          
      HSVRGB:core/reg(else#7:else#1:else:div.2cyc.st#2)         else#7:else#1:else:div.2cyc.st#1 19.6310  0.3690          
      HSVRGB:core/reg(else#7:else#1:equal.svs.st#2)             else#7:else#1:equal.svs.st#1     19.6310  0.3690          
      HSVRGB:core/reg(else#7:else#1:equal.svs#2)                else#7:else#1:equal.svs#1        20.0000  0.0000          
      HSVRGB:core/reg(else#7:equal.svs#2)                       else#7:equal.svs                 19.6310  0.3690          
      HSVRGB:core/reg(else#7:equal.svs.st#2)                    else#7:equal.svs.st#1            19.6310  0.3690          
      HSVRGB:core/reg(unequal.tmp#5)                            unequal.tmp#1                    19.6310  0.3690          
      HSVRGB:core/reg(max.lpi.dfm#3.st#2)                       max.lpi.dfm#3.st#1               19.6310  0.3690          
      HSVRGB:core/reg(acc#5.itm#2)                              acc#5.itm#1                      20.0000  0.0000          
      HSVRGB:core/reg(unequal.tmp#3)                            unequal.tmp#2                    20.0000  0.0000          
      HSVRGB:core/reg(delta.sva.st#2)                           delta.sva.st#1                   20.0000  0.0000          
      HSVRGB:core/reg(div:mgc_div#7.b)                          mux#10.itm                       14.0975  5.9025          
      HSVRGB:core/reg(div:mgc_div#7.a)                          mux#11.itm                       14.0975  5.9025          
      HSVRGB:core/reg(div:mgc_div#6.b)                          mux#12.itm                       14.0975  5.9025          
      HSVRGB:core/reg(div:mgc_div#6.a)                          mux#13.itm                       14.0975  5.9025          
      HSVRGB:core/reg(div:mgc_div#5.b)                          mux#14.itm                       13.8665  6.1335          
      HSVRGB:core/reg(div:mgc_div#5.a)                          mux#15.itm                       13.8665  6.1335          
      HSVRGB:core/reg(div:mgc_div.b)                            mux#16.itm                       13.9777  6.0223          
      HSVRGB:core/reg(div:mgc_div.a)                            mux#17.itm                       13.9777  6.0223          
      HSVRGB:core/reg(div:mgc_div#3.b)                          mux#18.itm                       13.7098  6.2902          
      HSVRGB:core/reg(div:mgc_div#3.a)                          mux#19.itm                       13.7098  6.2902          
      HSVRGB:core/reg(div:mgc_div#4.b)                          mux#20.itm                       13.7098  6.2902          
      HSVRGB:core/reg(div:mgc_div#4.a)                          mux#21.itm                       13.7098  6.2902          
      HSVRGB:core/reg(div:mgc_div#1.b)                          mux#22.itm                       13.7098  6.2902          
      HSVRGB:core/reg(div:mgc_div#1.a)                          mux#23.itm                       13.7098  6.2902          
      HSVRGB:core/reg(div:mgc_div#2.b)                          mux#24.itm                       13.7098  6.2902          
      HSVRGB:core/reg(div:mgc_div#2.a)                          mux#25.itm                       13.7098  6.2902          
      HSVRGB:core/reg(else#7:if:div.2cyc.st#1)                  mux#26.itm                       14.3654  5.6346          
      HSVRGB:core/reg(else#7:if#1:div.2cyc.st#1)                mux#27.itm                       14.5820  5.4180          
      HSVRGB:core/reg(else#7:else#1:if:div.2cyc.st#1)           mux#28.itm                       14.5820  5.4180          
      HSVRGB:core/reg(else#7:else#1:else:div.2cyc.st#1)         mux#29.itm                       14.5820  5.4180          
      HSVRGB:core/reg(else#7:else#1:equal.svs.st#1)             mux#30.itm                       14.4023  5.5977          
      HSVRGB:core/reg(else#7:equal.svs.st#1)                    mux#31.itm                       14.4023  5.5977          
      HSVRGB:core/reg(max.lpi.dfm#3.st#1)                       mux#50.itm                       14.5820  5.4180          
      HSVRGB:core/reg(delta.sva.st#1)                           slc#41.itm                       15.8921  4.1079          
      HSVRGB:core/reg(else#7:if:div.2cyc)                       mux#32.itm                       14.3654  5.6346          
      HSVRGB:core/reg(else#7:if#1:div.2cyc)                     mux#33.itm                       14.1344  5.8656          
      HSVRGB:core/reg(else#7:else#1:if:div.2cyc)                mux#34.itm                       13.8665  6.1335          
      HSVRGB:core/reg(else#7:else#1:else:div.2cyc)              mux#35.itm                       13.8665  6.1335          
      HSVRGB:core/reg(else#7:equal.svs)                         mux#36.itm                       14.4023  5.5977          
      HSVRGB:core/reg(unequal.tmp#1)                            mux#37.itm                       14.5820  5.4180          
      HSVRGB:core/reg(main.stage_0#2)                           C1_1                             20.0000  0.0000          
      HSVRGB:core/reg(main.stage_0#3)                           main.stage_0#2                   20.0000  0.0000          
      HSVRGB:core/reg(mut#17)                                   mux#38.itm                       14.5820  5.4180          
      HSVRGB:core/reg(else#7:if#1:slc.tmp.mut#1)                mux#39.itm                       14.3032  5.6968          
      HSVRGB:core/reg(mut#12)                                   mux#40.itm                       14.5820  5.4180          
      HSVRGB:core/reg(else#7:if#1:slc.tmp.mut)                  mux#41.itm                       14.3032  5.6968          
      HSVRGB:core/reg(mut#15)                                   mux#42.itm                       14.5820  5.4180          
      HSVRGB:core/reg(else#7:else#1:if:slc.tmp.mut)             mux#43.itm                       14.3032  5.6968          
      HSVRGB:core/reg(mut#16)                                   mux#44.itm                       14.5820  5.4180          
      HSVRGB:core/reg(else#7:else#1:if:slc.tmp.mut#1)           mux#45.itm                       14.3032  5.6968          
      HSVRGB:core/reg(mut#13)                                   mux#46.itm                       14.5820  5.4180          
      HSVRGB:core/reg(else#7:else#1:else:slc.tmp.mut)           mux#47.itm                       14.3032  5.6968          
      HSVRGB:core/reg(mut#14)                                   mux#48.itm                       14.5820  5.4180          
      HSVRGB:core/reg(else#7:else#1:else:slc.tmp.mut#1)         mux#49.itm                       14.3032  5.6968          
      HSVRGB:core/reg(acc#5.itm#1)                              acc#5.itm                        13.0741  6.9259          
      HSVRGB:core/reg(unequal.tmp#2)                            or.cse                           14.0975  5.9025          
      HSVRGB:core/reg(else#7:else#1:equal.svs#1)                else#7:else#1:equal.tmp          13.7098  6.2902          
      HSVRGB:core/reg(div.sdt#2.sva.duc)                        C--------_8#2                    20.0000  0.0000          
      HSVRGB:core/reg(div.sdt#2.sva.duc)#8                      mux1h#5.itm                      12.8784  7.1216          
      HSVRGB:core/reg(div.sdt#3.sva.duc)#7                      mux1h#7.itm                      12.8784  7.1216          
      HSVRGB                                                    H_OUT:rsc.z                      20.0000  0.0000          
      HSVRGB                                                    S_OUT:rsc.z                      20.0000  0.0000          
      HSVRGB                                                    V_OUT:rsc.z                      20.0000  0.0000          
      
  Operator Bitwidth Summary
    Operation  Size (bits) Count 
    ---------- ----------- -----
    add                          
    -                   12     9 
    -                   11     1 
    -                   10     1 
    -                    9     1 
    -                    8     1 
    -                    7     2 
    and                          
    -                    4     6 
    -                    3     6 
    -                    2    24 
    div                          
    -           1174783111     2 
    -           1174782963     6 
    equal                        
    -                    1     2 
    mul                          
    -                   14     1 
    -                    8     1 
    mux                          
    -                    1    55 
    mux1h                        
    -                    3    11 
    nand                         
    -                    4     1 
    -                    2     5 
    nor                          
    -                    4     1 
    -                    3     6 
    -                    2    12 
    not                          
    -                   10    10 
    -                    6     1 
    -                    1    35 
    or                           
    -                   10     6 
    -                    4     1 
    -                    3     9 
    -                    2    15 
    read_port                    
    -                   10     3 
    reg                          
    -                   11    12 
    -                   10    23 
    -                    9     4 
    -                    8     1 
    -                    2     1 
    -                    1    28 
    write_port                   
    -                   10     3 
    
  End of Report
