//  Catapult University Version 2011a.126 (Production Release) Wed Aug  8 00:52:07 PDT 2012
//  
//  Copyright (c) Calypto Design Systems, Inc., 1996-2012, All Rights Reserved.
//                       UNPUBLISHED, LICENSED SOFTWARE.
//            CONFIDENTIAL AND PROPRIETARY INFORMATION WHICH IS THE
//          PROPERTY OF CALYPTO DESIGN SYSTEMS OR ITS LICENSORS
//  
//  Running on Windows 7 oh1015@EEWS104A-005 Service Pack 1 6.01.7601 i686
//  
//  Package information: SIFLIBS v17.0_1.1, HLS_PKGS v17.0_1.1, 
//                       DesignPad v2.78_0.0
//  
//  This version may only be used for academic purposes.  Some optimizations 
//  are disabled, so results obtained from this version may be sub-optimal.
//  
//  Start time Wed Apr 27 18:11:22 2016
# -------------------------------------------------
# Logging session transcript to file "C:\Users\oh1015\AppData\Local\Temp\log450024da2bc.0"
# Loading options from registry.
# Warning: set_working_dir: Directory 'C:/Windows/System32' not writable, using C:/Users/oh1015/AppData/Local/Temp
project load {//icnas3.cc.ic.ac.uk/oh1015/MUSCA/Input Engine/RGBHSV/RGBHSV}
# Moving session transcript to file "\\icnas3.cc.ic.ac.uk\oh1015\MUSCA\Input Engine\RGBHSV\catapult.log"
# Reading component library '$MGC_HOME\pkgs\siflibs\mgc_busdefs.lib' [mgc_busdefs]... (LIB-49)
# Reading component library '$MGC_HOME\pkgs\siflibs\stdops.lib' [STDOPS]... (LIB-49)
# Reading component library '$MGC_HOME\pkgs\siflibs\mgc_ioport.lib' [mgc_ioport]... (LIB-49)
# Reading component library '$MGC_HOME\pkgs\ccs_altera\Altera_accel_CycloneIII.lib' [Altera_accel_CycloneIII]... (LIB-49)
# Reading component library '$MGC_HOME\pkgs\siflibs\psr2010a_up2\mgc_Altera-Cyclone-III-6_beh_psr.lib' [mgc_Altera-Cyclone-III-6_beh_psr]... (LIB-49)
# File '$PROJECT_HOME/RGBHSV.cpp' saved
# Input file has changed
go new
solution file set {$PROJECT_HOME/RGBHSV.cpp} -updated
# Info: Branching solution 'solution.v2' at state 'new' (PRJ-2)
# File '$PROJECT_HOME/RGBHSV.cpp' saved
go analyze
# Info: Starting transformation 'analyze' on solution 'solution.v2' (SOL-8)
# Front End called with arguments: -- {\\icnas3.cc.ic.ac.uk\oh1015\MUSCA\Input Engine\RGBHSV\RGBHSV.cpp} (CIN-69)
# Edison Design Group C++/C Front End - Version 3.10.1 (CIN-1)
# Source file analysis completed (CIN-68)
# Info: Completed transformation 'analyze' on solution 'solution.v2': elapsed time 1.61 seconds, memory usage 178992kB, peak memory usage 233360kB (SOL-9)
directive set -CLOCKS {clk {-CLOCK_PERIOD 20.0 -CLOCK_EDGE rising -CLOCK_HIGH_TIME 10.0 -CLOCK_OFFSET 0.000000 -CLOCK_UNCERTAINTY 0.0 -RESET_KIND async -RESET_SYNC_NAME rst -RESET_SYNC_ACTIVE high -RESET_ASYNC_NAME arst_n -RESET_ASYNC_ACTIVE low -ENABLE_NAME {} -ENABLE_ACTIVE high}}
# /CLOCKS {clk {-CLOCK_PERIOD 20.0 -CLOCK_EDGE rising -CLOCK_UNCERTAINTY 0.0 -CLOCK_HIGH_TIME 10.0 -RESET_SYNC_NAME rst -RESET_ASYNC_NAME arst_n -RESET_KIND async -RESET_SYNC_ACTIVE high -RESET_ASYNC_ACTIVE low -ENABLE_NAME {} -ENABLE_ACTIVE high}}
go compile
# Info: Starting transformation 'compile' on solution 'solution.v2' (SOL-8)
# Generating synthesis internal form... (CIN-3)
# $PROJECT_HOME/RGBHSV.cpp(16): Found top design routine 'HSVRGB' specified by directive (CIN-52)
# $PROJECT_HOME/RGBHSV.cpp(16): Synthesizing routine 'HSVRGB' (CIN-13)
# $PROJECT_HOME/RGBHSV.cpp(16): Inlining routine 'HSVRGB' (CIN-14)
# $PROJECT_HOME/RGBHSV.cpp(16): Optimizing block '/HSVRGB' ... (CIN-4)
# $PROJECT_HOME/RGBHSV.cpp(16): Inout port 'H_OUT' is only used as an output. (OPT-11)
# $PROJECT_HOME/RGBHSV.cpp(16): Inout port 'S_OUT' is only used as an output. (OPT-11)
# $PROJECT_HOME/RGBHSV.cpp(16): Inout port 'V_OUT' is only used as an output. (OPT-11)
# Info: Optimizing partition '/HSVRGB': (Total ops = 143, Real ops = 50, Vars = 43) (SOL-10)
# Info: Optimizing partition '/HSVRGB/core': (Total ops = 143, Real ops = 50, Vars = 37) (SOL-10)
# Info: Optimizing partition '/HSVRGB/core': (Total ops = 143, Real ops = 50, Vars = 37) (SOL-10)
# Info: Optimizing partition '/HSVRGB': (Total ops = 143, Real ops = 50, Vars = 43) (SOL-10)
# Info: Optimizing partition '/HSVRGB': (Total ops = 143, Real ops = 50, Vars = 43) (SOL-10)
# Info: Optimizing partition '/HSVRGB/core': (Total ops = 143, Real ops = 50, Vars = 37) (SOL-10)
# Info: Optimizing partition '/HSVRGB/core': (Total ops = 128, Real ops = 42, Vars = 25) (SOL-10)
# Info: Optimizing partition '/HSVRGB': (Total ops = 128, Real ops = 42, Vars = 31) (SOL-10)
# Info: Optimizing partition '/HSVRGB': (Total ops = 128, Real ops = 42, Vars = 31) (SOL-10)
# Info: Optimizing partition '/HSVRGB/core': (Total ops = 153, Real ops = 42, Vars = 57) (SOL-10)
# Info: Optimizing partition '/HSVRGB/core': (Total ops = 109, Real ops = 43, Vars = 20) (SOL-10)
# Info: Optimizing partition '/HSVRGB': (Total ops = 109, Real ops = 43, Vars = 26) (SOL-10)
# Info: Optimizing partition '/HSVRGB/core': (Total ops = 108, Real ops = 43, Vars = 26) (SOL-10)
# Info: Optimizing partition '/HSVRGB/core': (Total ops = 105, Real ops = 42, Vars = 20) (SOL-10)
# Info: Optimizing partition '/HSVRGB': (Total ops = 105, Real ops = 42, Vars = 26) (SOL-10)
# Info: Optimizing partition '/HSVRGB/core': (Total ops = 105, Real ops = 42, Vars = 20) (SOL-10)
# Info: Optimizing partition '/HSVRGB': (Total ops = 105, Real ops = 42, Vars = 26) (SOL-10)
# Info: Optimizing partition '/HSVRGB': (Total ops = 105, Real ops = 42, Vars = 26) (SOL-10)
# Info: Optimizing partition '/HSVRGB/core': (Total ops = 105, Real ops = 42, Vars = 20) (SOL-10)
# Info: Optimizing partition '/HSVRGB/core': (Total ops = 94, Real ops = 41, Vars = 20) (SOL-10)
# Info: Optimizing partition '/HSVRGB': (Total ops = 94, Real ops = 41, Vars = 26) (SOL-10)
# Design 'HSVRGB' was read (SOL-1)
# Info: Completed transformation 'compile' on solution 'HSVRGB.v2': elapsed time 1.64 seconds, memory usage 187568kB, peak memory usage 233360kB (SOL-9)
directive set /HSVRGB/core -DESIGN_GOAL Latency
# /HSVRGB/core/DESIGN_GOAL latency
directive set /HSVRGB/core -DESIGN_GOAL Area
# /HSVRGB/core/DESIGN_GOAL area
go allocate
# Info: Starting transformation 'architect' on solution 'HSVRGB.v2' (SOL-8)
# $PROJECT_HOME/RGBHSV.cpp(16): Loop '/HSVRGB/core/main' is left rolled. (LOOP-4)
# $PROJECT_HOME/RGBHSV.cpp(16): I/O-Port inferred - resource 'r:rsc' (from var: r) mapped to 'mgc_ioport.mgc_in_wire' (size: 10). (MEM-2)
# $PROJECT_HOME/RGBHSV.cpp(16): I/O-Port inferred - resource 'g:rsc' (from var: g) mapped to 'mgc_ioport.mgc_in_wire' (size: 10). (MEM-2)
# $PROJECT_HOME/RGBHSV.cpp(16): I/O-Port inferred - resource 'b:rsc' (from var: b) mapped to 'mgc_ioport.mgc_in_wire' (size: 10). (MEM-2)
# $PROJECT_HOME/RGBHSV.cpp(16): I/O-Port inferred - resource 'H_OUT:rsc' (from var: H_OUT) mapped to 'mgc_ioport.mgc_out_stdreg' (size: 10). (MEM-2)
# $PROJECT_HOME/RGBHSV.cpp(16): I/O-Port inferred - resource 'S_OUT:rsc' (from var: S_OUT) mapped to 'mgc_ioport.mgc_out_stdreg' (size: 10). (MEM-2)
# $PROJECT_HOME/RGBHSV.cpp(16): I/O-Port inferred - resource 'V_OUT:rsc' (from var: V_OUT) mapped to 'mgc_ioport.mgc_out_stdreg' (size: 10). (MEM-2)
# Info: Optimizing partition '/HSVRGB': (Total ops = 101, Real ops = 42, Vars = 28) (SOL-10)
# Info: Optimizing partition '/HSVRGB/core': (Total ops = 101, Real ops = 42, Vars = 20) (SOL-10)
# Info: Optimizing partition '/HSVRGB/core': (Total ops = 98, Real ops = 42, Vars = 20) (SOL-10)
# Info: Optimizing partition '/HSVRGB': (Total ops = 98, Real ops = 42, Vars = 28) (SOL-10)
# Info: Optimizing partition '/HSVRGB': (Total ops = 98, Real ops = 42, Vars = 28) (SOL-10)
# Info: Optimizing partition '/HSVRGB/core': (Total ops = 98, Real ops = 42, Vars = 20) (SOL-10)
# Info: Optimizing partition '/HSVRGB/core': (Total ops = 330, Real ops = 92, Vars = 165) (SOL-10)
# Info: Optimizing partition '/HSVRGB/core': (Total ops = 112, Real ops = 55, Vars = 30) (SOL-10)
# Design 'HSVRGB' contains '55' real operations. (SOL-11)
# Info: Completed transformation 'architect' on solution 'HSVRGB.v2': elapsed time 4.03 seconds, memory usage 188288kB, peak memory usage 233360kB (SOL-9)
# Info: Starting transformation 'allocate' on solution 'HSVRGB.v2' (SOL-8)
# Performing concurrent resource allocation and scheduling on '/HSVRGB/core' (CRAAS-1)
# Info: Select qualified components for data operations ... (CRAAS-3)
# Info: Apply resource constraints on data operations ... (CRAAS-4)
# $PROJECT_HOME/RGBHSV.cpp(16): Prescheduled LOOP 'main' (4 c-steps) (SCHD-7)
# $PROJECT_HOME/RGBHSV.cpp(16): Prescheduled SEQUENTIAL 'core' (total length 4 c-steps) (SCHD-8)
# Info: Initial schedule of SEQUENTIAL 'core': Latency = 3, Area (Datapath, Register, Total) = 1399.47, 0.00, 1399.47 (CRAAS-11)
# At least one feasible schedule exists. (CRAAS-9)
# Info: Optimized LOOP 'main': Latency = 3, Area (Datapath, Register, Total) = 1389.86, 0.00, 1389.86 (CRAAS-10)
# Info: Final schedule of SEQUENTIAL 'core': Latency = 3, Area (Datapath, Register, Total) = 1389.86, 0.00, 1389.86 (CRAAS-12)
# Resource allocation and scheduling done. (CRAAS-2)
# Netlist written to file 'schedule.gnt' (NET-4)
# Info: Completed transformation 'allocate' on solution 'HSVRGB.v2': elapsed time 0.28 seconds, memory usage 188132kB, peak memory usage 233360kB (SOL-9)
go extract
# Info: Starting transformation 'schedule' on solution 'HSVRGB.v2' (SOL-8)
# Performing concurrent resource allocation and scheduling on '/HSVRGB/core' (CRAAS-1)
# Global signal 'r:rsc.z' added to design 'HSVRGB' for component 'r:rsc:mgc_in_wire' (LIB-3)
# Global signal 'g:rsc.z' added to design 'HSVRGB' for component 'g:rsc:mgc_in_wire' (LIB-3)
# Global signal 'b:rsc.z' added to design 'HSVRGB' for component 'b:rsc:mgc_in_wire' (LIB-3)
# Global signal 'H_OUT:rsc.z' added to design 'HSVRGB' for component 'H_OUT:rsc:mgc_out_stdreg' (LIB-3)
# Global signal 'S_OUT:rsc.z' added to design 'HSVRGB' for component 'S_OUT:rsc:mgc_out_stdreg' (LIB-3)
# Global signal 'V_OUT:rsc.z' added to design 'HSVRGB' for component 'V_OUT:rsc:mgc_out_stdreg' (LIB-3)
# Info: Optimizing partition '/HSVRGB': (Total ops = 405, Real ops = 56, Vars = 185) (SOL-10)
# Info: Optimizing partition '/HSVRGB/HSVRGB:core': (Total ops = 336, Real ops = 55, Vars = 146) (SOL-10)
# Info: Optimizing partition '/HSVRGB/HSVRGB:core/core': (Total ops = 304, Real ops = 55, Vars = 114) (SOL-10)
# Info: Optimizing partition '/HSVRGB/HSVRGB:core/core': (Total ops = 287, Real ops = 55, Vars = 105) (SOL-10)
# Info: Optimizing partition '/HSVRGB/HSVRGB:core/core': (Total ops = 286, Real ops = 55, Vars = 104) (SOL-10)
# Info: Optimizing partition '/HSVRGB': (Total ops = 386, Real ops = 55, Vars = 174) (SOL-10)
# Info: Optimizing partition '/HSVRGB/HSVRGB:core': (Total ops = 318, Real ops = 55, Vars = 136) (SOL-10)
# Info: Optimizing partition '/HSVRGB/HSVRGB:core/core': (Total ops = 274, Real ops = 55, Vars = 116) (SOL-10)
# Info: Optimizing partition '/HSVRGB/HSVRGB:core/core': (Total ops = 274, Real ops = 55, Vars = 104) (SOL-10)
# Info: Optimizing partition '/HSVRGB': (Total ops = 374, Real ops = 55, Vars = 174) (SOL-10)
# Info: Optimizing partition '/HSVRGB/HSVRGB:core': (Total ops = 306, Real ops = 55, Vars = 136) (SOL-10)
# Info: Optimizing partition '/HSVRGB/HSVRGB:core/core': (Total ops = 274, Real ops = 55, Vars = 104) (SOL-10)
# Info: Optimizing partition '/HSVRGB': (Total ops = 374, Real ops = 55, Vars = 174) (SOL-10)
# Info: Optimizing partition '/HSVRGB/HSVRGB:core': (Total ops = 306, Real ops = 55, Vars = 136) (SOL-10)
# Report written to file 'cycle.rpt'
# Netlist written to file 'cycle.v' (NET-4)
# Info: Completed transformation 'schedule' on solution 'HSVRGB.v2': elapsed time 1.29 seconds, memory usage 193548kB, peak memory usage 233360kB (SOL-9)
# Info: Starting transformation 'dpfsm' on solution 'HSVRGB.v2' (SOL-8)
# Performing FSM extraction... (FSM-1)
# Info: Optimizing partition '/HSVRGB': (Total ops = 789, Real ops = 355, Vars = 808) (SOL-10)
# Info: Optimizing partition '/HSVRGB/HSVRGB:core': (Total ops = 721, Real ops = 355, Vars = 770) (SOL-10)
# Info: Optimizing partition '/HSVRGB': (Total ops = 575, Real ops = 214, Vars = 151) (SOL-10)
# Info: Optimizing partition '/HSVRGB/HSVRGB:core': (Total ops = 507, Real ops = 214, Vars = 113) (SOL-10)
# Info: Optimizing partition '/HSVRGB': (Total ops = 440, Real ops = 193, Vars = 146) (SOL-10)
# Info: Optimizing partition '/HSVRGB/HSVRGB:core': (Total ops = 372, Real ops = 193, Vars = 108) (SOL-10)
# Info: Optimizing partition '/HSVRGB': (Total ops = 433, Real ops = 186, Vars = 153) (SOL-10)
# Info: Optimizing partition '/HSVRGB/HSVRGB:core': (Total ops = 365, Real ops = 186, Vars = 115) (SOL-10)
# Info: Optimizing partition '/HSVRGB/HSVRGB:core': (Total ops = 365, Real ops = 186, Vars = 115) (SOL-10)
# Info: Optimizing partition '/HSVRGB': (Total ops = 433, Real ops = 186, Vars = 153) (SOL-10)
# Info: Optimizing partition '/HSVRGB': (Total ops = 433, Real ops = 186, Vars = 153) (SOL-10)
# Info: Optimizing partition '/HSVRGB/HSVRGB:core': (Total ops = 365, Real ops = 186, Vars = 115) (SOL-10)
# Info: Optimizing partition '/HSVRGB': (Total ops = 433, Real ops = 186, Vars = 155) (SOL-10)
# Info: Optimizing partition '/HSVRGB/HSVRGB:core': (Total ops = 365, Real ops = 186, Vars = 117) (SOL-10)
# Info: Optimizing partition '/HSVRGB': (Total ops = 433, Real ops = 186, Vars = 153) (SOL-10)
# Info: Optimizing partition '/HSVRGB/HSVRGB:core': (Total ops = 365, Real ops = 186, Vars = 115) (SOL-10)
# Info: Completed transformation 'dpfsm' on solution 'HSVRGB.v2': elapsed time 0.70 seconds, memory usage 193548kB, peak memory usage 233360kB (SOL-9)
# Info: Starting transformation 'extract' on solution 'HSVRGB.v2' (SOL-8)
# Info: Optimizing partition '/HSVRGB': (Total ops = 503, Real ops = 231, Vars = 454) (SOL-10)
# Info: Optimizing partition '/HSVRGB/HSVRGB:core': (Total ops = 435, Real ops = 231, Vars = 416) (SOL-10)
# Info: Optimizing partition '/HSVRGB': (Total ops = 347, Real ops = 154, Vars = 149) (SOL-10)
# Info: Optimizing partition '/HSVRGB/HSVRGB:core': (Total ops = 279, Real ops = 154, Vars = 111) (SOL-10)
# Info: Optimizing partition '/HSVRGB': (Total ops = 347, Real ops = 154, Vars = 149) (SOL-10)
# Info: Optimizing partition '/HSVRGB/HSVRGB:core': (Total ops = 279, Real ops = 154, Vars = 111) (SOL-10)
# Info: Optimizing partition '/HSVRGB/HSVRGB:core': (Total ops = 279, Real ops = 154, Vars = 113) (SOL-10)
# Info: Optimizing partition '/HSVRGB/HSVRGB:core': (Total ops = 279, Real ops = 154, Vars = 111) (SOL-10)
# Info: Optimizing partition '/HSVRGB': (Total ops = 347, Real ops = 154, Vars = 149) (SOL-10)
# Info: Optimizing partition '/HSVRGB': (Total ops = 347, Real ops = 154, Vars = 149) (SOL-10)
# Info: Optimizing partition '/HSVRGB/HSVRGB:core': (Total ops = 279, Real ops = 154, Vars = 111) (SOL-10)
# Info: Optimizing partition '/HSVRGB': (Total ops = 347, Real ops = 154, Vars = 149) (SOL-10)
# Info: Optimizing partition '/HSVRGB/HSVRGB:core': (Total ops = 279, Real ops = 154, Vars = 111) (SOL-10)
# Warning: Reassigned operation and:mgc_Altera-Cyclone-III-6_beh_psr.mgc_and(8,2) to mgc_Altera-Cyclone-III-6_beh_psr.mgc_and(8,3) (ASG-1)
# Info: Optimizing partition '/HSVRGB': (Total ops = 414, Real ops = 196, Vars = 365) (SOL-10)
# Info: Optimizing partition '/HSVRGB/HSVRGB:core': (Total ops = 346, Real ops = 196, Vars = 327) (SOL-10)
# Netlist written to file 'schematic.nlv' (NET-4)
# Info: Optimizing partition '/HSVRGB': (Total ops = 414, Real ops = 196, Vars = 365) (SOL-10)
# Info: Optimizing partition '/HSVRGB/HSVRGB:core': (Total ops = 346, Real ops = 196, Vars = 327) (SOL-10)
# Info: Optimizing partition '/HSVRGB': (Total ops = 339, Real ops = 154, Vars = 149) (SOL-10)
# Info: Optimizing partition '/HSVRGB/HSVRGB:core': (Total ops = 271, Real ops = 154, Vars = 111) (SOL-10)
# Info: Optimizing partition '/HSVRGB': (Total ops = 339, Real ops = 154, Vars = 149) (SOL-10)
# Info: Optimizing partition '/HSVRGB/HSVRGB:core': (Total ops = 271, Real ops = 154, Vars = 111) (SOL-10)
# Report written to file 'rtl.rpt'
# Netlist written to file 'rtl.v' (NET-4)
# generate concat
# order file name is: rtl.v_order.txt
# Add dependent file: ./rtl_mgc_ioport.v
# Add dependent file: ./rtl_mgc_ioport_v2001.v
# Add dependent file: C:/PROGRA~1/CALYPT~1/CATAPU~1.126/Mgc_home/pkgs/hls_pkgs/mgc_comps_src/mgc_div_beh.v
# Add dependent file: ./rtl.v
# Finished writing concatenated file: //icnas3.cc.ic.ac.uk/oh1015/MUSCA/Input Engine/RGBHSV/RGBHSV/HSVRGB.v2/concat_rtl.v
# Synthesis timing script written to file './rtl.v.psr_timing'
# IO timing constraints written to synthesis script file
# Synthesis script written to file 'rtl.v.psr'
# Info: Completed transformation 'extract' on solution 'HSVRGB.v2': elapsed time 4.87 seconds, memory usage 193548kB, peak memory usage 233360kB (SOL-9)
project save
# Saving project file '//icnas3.cc.ic.ac.uk/oh1015/MUSCA/Input Engine/RGBHSV/RGBHSV.ccs'. (PRJ-5)
# File '$PROJECT_HOME/RGBHSV.cpp' saved
# Input file has changed
go new
solution file set {$PROJECT_HOME/RGBHSV.cpp} -updated
# Info: Branching solution 'solution.v2' at state 'new' (PRJ-2)
go analyze
# Info: Starting transformation 'analyze' on solution 'solution.v2' (SOL-8)
# Front End called with arguments: -- {\\icnas3.cc.ic.ac.uk\oh1015\MUSCA\Input Engine\RGBHSV\RGBHSV.cpp} (CIN-69)
# Edison Design Group C++/C Front End - Version 3.10.1 (CIN-1)
# Source file analysis completed (CIN-68)
# Info: Completed transformation 'analyze' on solution 'solution.v2': elapsed time 1.92 seconds, memory usage 198544kB, peak memory usage 250624kB (SOL-9)
go compile
# Info: Starting transformation 'compile' on solution 'solution.v2' (SOL-8)
# Generating synthesis internal form... (CIN-3)
# $PROJECT_HOME/RGBHSV.cpp(16): Found top design routine 'HSVRGB' specified by directive (CIN-52)
# $PROJECT_HOME/RGBHSV.cpp(16): Synthesizing routine 'HSVRGB' (CIN-13)
# $PROJECT_HOME/RGBHSV.cpp(16): Inlining routine 'HSVRGB' (CIN-14)
# $PROJECT_HOME/RGBHSV.cpp(16): Optimizing block '/HSVRGB' ... (CIN-4)
# $PROJECT_HOME/RGBHSV.cpp(16): Inout port 'H_OUT' is only used as an output. (OPT-11)
# $PROJECT_HOME/RGBHSV.cpp(16): Inout port 'S_OUT' is only used as an output. (OPT-11)
# $PROJECT_HOME/RGBHSV.cpp(16): Inout port 'V_OUT' is only used as an output. (OPT-11)
# Info: Optimizing partition '/HSVRGB': (Total ops = 147, Real ops = 50, Vars = 45) (SOL-10)
# Info: Optimizing partition '/HSVRGB/core': (Total ops = 147, Real ops = 50, Vars = 39) (SOL-10)
# Info: Optimizing partition '/HSVRGB/core': (Total ops = 147, Real ops = 50, Vars = 39) (SOL-10)
# Info: Optimizing partition '/HSVRGB': (Total ops = 147, Real ops = 50, Vars = 45) (SOL-10)
# Info: Optimizing partition '/HSVRGB': (Total ops = 147, Real ops = 50, Vars = 45) (SOL-10)
# Info: Optimizing partition '/HSVRGB/core': (Total ops = 147, Real ops = 50, Vars = 39) (SOL-10)
# Info: Optimizing partition '/HSVRGB/core': (Total ops = 128, Real ops = 42, Vars = 25) (SOL-10)
# Info: Optimizing partition '/HSVRGB': (Total ops = 128, Real ops = 42, Vars = 31) (SOL-10)
# Info: Optimizing partition '/HSVRGB': (Total ops = 128, Real ops = 42, Vars = 31) (SOL-10)
# Info: Optimizing partition '/HSVRGB/core': (Total ops = 153, Real ops = 42, Vars = 57) (SOL-10)
# Info: Optimizing partition '/HSVRGB/core': (Total ops = 109, Real ops = 43, Vars = 20) (SOL-10)
# Info: Optimizing partition '/HSVRGB': (Total ops = 109, Real ops = 43, Vars = 26) (SOL-10)
# Info: Optimizing partition '/HSVRGB/core': (Total ops = 108, Real ops = 43, Vars = 26) (SOL-10)
# Info: Optimizing partition '/HSVRGB/core': (Total ops = 105, Real ops = 42, Vars = 20) (SOL-10)
# Info: Optimizing partition '/HSVRGB': (Total ops = 105, Real ops = 42, Vars = 26) (SOL-10)
# Info: Optimizing partition '/HSVRGB/core': (Total ops = 105, Real ops = 42, Vars = 20) (SOL-10)
# Info: Optimizing partition '/HSVRGB': (Total ops = 105, Real ops = 42, Vars = 26) (SOL-10)
# Info: Optimizing partition '/HSVRGB': (Total ops = 105, Real ops = 42, Vars = 26) (SOL-10)
# Info: Optimizing partition '/HSVRGB/core': (Total ops = 105, Real ops = 42, Vars = 20) (SOL-10)
# Info: Optimizing partition '/HSVRGB/core': (Total ops = 94, Real ops = 41, Vars = 20) (SOL-10)
# Info: Optimizing partition '/HSVRGB': (Total ops = 94, Real ops = 41, Vars = 26) (SOL-10)
# Design 'HSVRGB' was read (SOL-1)
# Info: Completed transformation 'compile' on solution 'HSVRGB.v3': elapsed time 1.82 seconds, memory usage 203268kB, peak memory usage 250624kB (SOL-9)
go extract
# Info: Starting transformation 'architect' on solution 'HSVRGB.v3' (SOL-8)
# $PROJECT_HOME/RGBHSV.cpp(16): Loop '/HSVRGB/core/main' is left rolled. (LOOP-4)
# $PROJECT_HOME/RGBHSV.cpp(16): I/O-Port inferred - resource 'r:rsc' (from var: r) mapped to 'mgc_ioport.mgc_in_wire' (size: 10). (MEM-2)
# $PROJECT_HOME/RGBHSV.cpp(16): I/O-Port inferred - resource 'g:rsc' (from var: g) mapped to 'mgc_ioport.mgc_in_wire' (size: 10). (MEM-2)
# $PROJECT_HOME/RGBHSV.cpp(16): I/O-Port inferred - resource 'b:rsc' (from var: b) mapped to 'mgc_ioport.mgc_in_wire' (size: 10). (MEM-2)
# $PROJECT_HOME/RGBHSV.cpp(16): I/O-Port inferred - resource 'H_OUT:rsc' (from var: H_OUT) mapped to 'mgc_ioport.mgc_out_stdreg' (size: 10). (MEM-2)
# $PROJECT_HOME/RGBHSV.cpp(16): I/O-Port inferred - resource 'S_OUT:rsc' (from var: S_OUT) mapped to 'mgc_ioport.mgc_out_stdreg' (size: 10). (MEM-2)
# $PROJECT_HOME/RGBHSV.cpp(16): I/O-Port inferred - resource 'V_OUT:rsc' (from var: V_OUT) mapped to 'mgc_ioport.mgc_out_stdreg' (size: 10). (MEM-2)
# Info: Optimizing partition '/HSVRGB': (Total ops = 101, Real ops = 42, Vars = 28) (SOL-10)
# Info: Optimizing partition '/HSVRGB/core': (Total ops = 101, Real ops = 42, Vars = 20) (SOL-10)
# Info: Optimizing partition '/HSVRGB/core': (Total ops = 98, Real ops = 42, Vars = 20) (SOL-10)
# Info: Optimizing partition '/HSVRGB': (Total ops = 98, Real ops = 42, Vars = 28) (SOL-10)
# Info: Optimizing partition '/HSVRGB': (Total ops = 98, Real ops = 42, Vars = 28) (SOL-10)
# Info: Optimizing partition '/HSVRGB/core': (Total ops = 98, Real ops = 42, Vars = 20) (SOL-10)
# Info: Optimizing partition '/HSVRGB/core': (Total ops = 330, Real ops = 92, Vars = 165) (SOL-10)
# Info: Optimizing partition '/HSVRGB/core': (Total ops = 112, Real ops = 55, Vars = 30) (SOL-10)
# Design 'HSVRGB' contains '55' real operations. (SOL-11)
# Info: Completed transformation 'architect' on solution 'HSVRGB.v3': elapsed time 4.80 seconds, memory usage 203692kB, peak memory usage 250624kB (SOL-9)
# Info: Starting transformation 'allocate' on solution 'HSVRGB.v3' (SOL-8)
# Performing concurrent resource allocation and scheduling on '/HSVRGB/core' (CRAAS-1)
# Info: Select qualified components for data operations ... (CRAAS-3)
# Info: Apply resource constraints on data operations ... (CRAAS-4)
# $PROJECT_HOME/RGBHSV.cpp(16): Prescheduled LOOP 'main' (4 c-steps) (SCHD-7)
# $PROJECT_HOME/RGBHSV.cpp(16): Prescheduled SEQUENTIAL 'core' (total length 4 c-steps) (SCHD-8)
# Info: Initial schedule of SEQUENTIAL 'core': Latency = 3, Area (Datapath, Register, Total) = 1399.47, 0.00, 1399.47 (CRAAS-11)
# At least one feasible schedule exists. (CRAAS-9)
# Info: Optimized LOOP 'main': Latency = 3, Area (Datapath, Register, Total) = 1389.86, 0.00, 1389.86 (CRAAS-10)
# Info: Final schedule of SEQUENTIAL 'core': Latency = 3, Area (Datapath, Register, Total) = 1389.86, 0.00, 1389.86 (CRAAS-12)
# Resource allocation and scheduling done. (CRAAS-2)
# Netlist written to file 'schedule.gnt' (NET-4)
# Info: Completed transformation 'allocate' on solution 'HSVRGB.v3': elapsed time 0.27 seconds, memory usage 204412kB, peak memory usage 250624kB (SOL-9)
# Info: Starting transformation 'schedule' on solution 'HSVRGB.v3' (SOL-8)
# Performing concurrent resource allocation and scheduling on '/HSVRGB/core' (CRAAS-1)
# Global signal 'r:rsc.z' added to design 'HSVRGB' for component 'r:rsc:mgc_in_wire' (LIB-3)
# Global signal 'g:rsc.z' added to design 'HSVRGB' for component 'g:rsc:mgc_in_wire' (LIB-3)
# Global signal 'b:rsc.z' added to design 'HSVRGB' for component 'b:rsc:mgc_in_wire' (LIB-3)
# Global signal 'H_OUT:rsc.z' added to design 'HSVRGB' for component 'H_OUT:rsc:mgc_out_stdreg' (LIB-3)
# Global signal 'S_OUT:rsc.z' added to design 'HSVRGB' for component 'S_OUT:rsc:mgc_out_stdreg' (LIB-3)
# Global signal 'V_OUT:rsc.z' added to design 'HSVRGB' for component 'V_OUT:rsc:mgc_out_stdreg' (LIB-3)
# Info: Optimizing partition '/HSVRGB': (Total ops = 405, Real ops = 56, Vars = 185) (SOL-10)
# Info: Optimizing partition '/HSVRGB/HSVRGB:core': (Total ops = 336, Real ops = 55, Vars = 146) (SOL-10)
# Info: Optimizing partition '/HSVRGB/HSVRGB:core/core': (Total ops = 304, Real ops = 55, Vars = 114) (SOL-10)
# Info: Optimizing partition '/HSVRGB/HSVRGB:core/core': (Total ops = 287, Real ops = 55, Vars = 105) (SOL-10)
# Info: Optimizing partition '/HSVRGB/HSVRGB:core/core': (Total ops = 286, Real ops = 55, Vars = 104) (SOL-10)
# Info: Optimizing partition '/HSVRGB': (Total ops = 386, Real ops = 55, Vars = 174) (SOL-10)
# Info: Optimizing partition '/HSVRGB/HSVRGB:core': (Total ops = 318, Real ops = 55, Vars = 136) (SOL-10)
# Info: Optimizing partition '/HSVRGB/HSVRGB:core/core': (Total ops = 274, Real ops = 55, Vars = 116) (SOL-10)
# Info: Optimizing partition '/HSVRGB/HSVRGB:core/core': (Total ops = 274, Real ops = 55, Vars = 104) (SOL-10)
# Info: Optimizing partition '/HSVRGB': (Total ops = 374, Real ops = 55, Vars = 174) (SOL-10)
# Info: Optimizing partition '/HSVRGB/HSVRGB:core': (Total ops = 306, Real ops = 55, Vars = 136) (SOL-10)
# Info: Optimizing partition '/HSVRGB/HSVRGB:core/core': (Total ops = 274, Real ops = 55, Vars = 104) (SOL-10)
# Info: Optimizing partition '/HSVRGB': (Total ops = 374, Real ops = 55, Vars = 174) (SOL-10)
# Info: Optimizing partition '/HSVRGB/HSVRGB:core': (Total ops = 306, Real ops = 55, Vars = 136) (SOL-10)
# Report written to file 'cycle.rpt'
# Netlist written to file 'cycle.v' (NET-4)
# Info: Completed transformation 'schedule' on solution 'HSVRGB.v3': elapsed time 1.42 seconds, memory usage 206928kB, peak memory usage 250624kB (SOL-9)
# Info: Starting transformation 'dpfsm' on solution 'HSVRGB.v3' (SOL-8)
# Performing FSM extraction... (FSM-1)
# Info: Optimizing partition '/HSVRGB': (Total ops = 788, Real ops = 355, Vars = 807) (SOL-10)
# Info: Optimizing partition '/HSVRGB/HSVRGB:core': (Total ops = 720, Real ops = 355, Vars = 769) (SOL-10)
# Info: Optimizing partition '/HSVRGB': (Total ops = 575, Real ops = 214, Vars = 151) (SOL-10)
# Info: Optimizing partition '/HSVRGB/HSVRGB:core': (Total ops = 507, Real ops = 214, Vars = 113) (SOL-10)
# Info: Optimizing partition '/HSVRGB': (Total ops = 440, Real ops = 193, Vars = 146) (SOL-10)
# Info: Optimizing partition '/HSVRGB/HSVRGB:core': (Total ops = 372, Real ops = 193, Vars = 108) (SOL-10)
# Info: Optimizing partition '/HSVRGB': (Total ops = 433, Real ops = 186, Vars = 153) (SOL-10)
# Info: Optimizing partition '/HSVRGB/HSVRGB:core': (Total ops = 365, Real ops = 186, Vars = 115) (SOL-10)
# Info: Optimizing partition '/HSVRGB/HSVRGB:core': (Total ops = 365, Real ops = 186, Vars = 115) (SOL-10)
# Info: Optimizing partition '/HSVRGB': (Total ops = 433, Real ops = 186, Vars = 153) (SOL-10)
# Info: Optimizing partition '/HSVRGB': (Total ops = 433, Real ops = 186, Vars = 153) (SOL-10)
# Info: Optimizing partition '/HSVRGB/HSVRGB:core': (Total ops = 365, Real ops = 186, Vars = 115) (SOL-10)
# Info: Optimizing partition '/HSVRGB': (Total ops = 433, Real ops = 186, Vars = 155) (SOL-10)
# Info: Optimizing partition '/HSVRGB/HSVRGB:core': (Total ops = 365, Real ops = 186, Vars = 117) (SOL-10)
# Info: Optimizing partition '/HSVRGB': (Total ops = 433, Real ops = 186, Vars = 153) (SOL-10)
# Info: Optimizing partition '/HSVRGB/HSVRGB:core': (Total ops = 365, Real ops = 186, Vars = 115) (SOL-10)
# Info: Completed transformation 'dpfsm' on solution 'HSVRGB.v3': elapsed time 0.70 seconds, memory usage 206928kB, peak memory usage 250624kB (SOL-9)
# Info: Starting transformation 'extract' on solution 'HSVRGB.v3' (SOL-8)
# Info: Optimizing partition '/HSVRGB': (Total ops = 503, Real ops = 231, Vars = 454) (SOL-10)
# Info: Optimizing partition '/HSVRGB/HSVRGB:core': (Total ops = 435, Real ops = 231, Vars = 416) (SOL-10)
# Info: Optimizing partition '/HSVRGB': (Total ops = 347, Real ops = 154, Vars = 149) (SOL-10)
# Info: Optimizing partition '/HSVRGB/HSVRGB:core': (Total ops = 279, Real ops = 154, Vars = 111) (SOL-10)
# Info: Optimizing partition '/HSVRGB': (Total ops = 347, Real ops = 154, Vars = 149) (SOL-10)
# Info: Optimizing partition '/HSVRGB/HSVRGB:core': (Total ops = 279, Real ops = 154, Vars = 111) (SOL-10)
# Info: Optimizing partition '/HSVRGB/HSVRGB:core': (Total ops = 279, Real ops = 154, Vars = 113) (SOL-10)
# Info: Optimizing partition '/HSVRGB/HSVRGB:core': (Total ops = 279, Real ops = 154, Vars = 111) (SOL-10)
# Info: Optimizing partition '/HSVRGB': (Total ops = 347, Real ops = 154, Vars = 149) (SOL-10)
# Info: Optimizing partition '/HSVRGB': (Total ops = 347, Real ops = 154, Vars = 149) (SOL-10)
# Info: Optimizing partition '/HSVRGB/HSVRGB:core': (Total ops = 279, Real ops = 154, Vars = 111) (SOL-10)
# Info: Optimizing partition '/HSVRGB': (Total ops = 347, Real ops = 154, Vars = 149) (SOL-10)
# Info: Optimizing partition '/HSVRGB/HSVRGB:core': (Total ops = 279, Real ops = 154, Vars = 111) (SOL-10)
# Warning: Reassigned operation and:mgc_Altera-Cyclone-III-6_beh_psr.mgc_and(8,2) to mgc_Altera-Cyclone-III-6_beh_psr.mgc_and(8,3) (ASG-1)
# Info: Optimizing partition '/HSVRGB': (Total ops = 414, Real ops = 196, Vars = 365) (SOL-10)
# Info: Optimizing partition '/HSVRGB/HSVRGB:core': (Total ops = 346, Real ops = 196, Vars = 327) (SOL-10)
# Netlist written to file 'schematic.nlv' (NET-4)
# Info: Optimizing partition '/HSVRGB': (Total ops = 414, Real ops = 196, Vars = 365) (SOL-10)
# Info: Optimizing partition '/HSVRGB/HSVRGB:core': (Total ops = 346, Real ops = 196, Vars = 327) (SOL-10)
# Info: Optimizing partition '/HSVRGB': (Total ops = 339, Real ops = 154, Vars = 149) (SOL-10)
# Info: Optimizing partition '/HSVRGB/HSVRGB:core': (Total ops = 271, Real ops = 154, Vars = 111) (SOL-10)
# Info: Optimizing partition '/HSVRGB': (Total ops = 339, Real ops = 154, Vars = 149) (SOL-10)
# Info: Optimizing partition '/HSVRGB/HSVRGB:core': (Total ops = 271, Real ops = 154, Vars = 111) (SOL-10)
# Report written to file 'rtl.rpt'
# Netlist written to file 'rtl.v' (NET-4)
# generate concat
# order file name is: rtl.v_order.txt
# Add dependent file: ./rtl_mgc_ioport.v
# Add dependent file: ./rtl_mgc_ioport_v2001.v
# Add dependent file: C:/PROGRA~1/CALYPT~1/CATAPU~1.126/Mgc_home/pkgs/hls_pkgs/mgc_comps_src/mgc_div_beh.v
# Add dependent file: ./rtl.v
# Finished writing concatenated file: //icnas3.cc.ic.ac.uk/oh1015/MUSCA/Input Engine/RGBHSV/RGBHSV/HSVRGB.v3/concat_rtl.v
# Synthesis timing script written to file './rtl.v.psr_timing'
# IO timing constraints written to synthesis script file
# Synthesis script written to file 'rtl.v.psr'
# Info: Completed transformation 'extract' on solution 'HSVRGB.v3': elapsed time 5.80 seconds, memory usage 206928kB, peak memory usage 250624kB (SOL-9)
# File '$PROJECT_HOME/RGBHSV.cpp' saved
# Input file has changed
go new
solution file set {$PROJECT_HOME/RGBHSV.cpp} -updated
# Info: Branching solution 'solution.v2' at state 'new' (PRJ-2)
go extract
# Info: Starting transformation 'analyze' on solution 'solution.v2' (SOL-8)
# Front End called with arguments: -- {\\icnas3.cc.ic.ac.uk\oh1015\MUSCA\Input Engine\RGBHSV\RGBHSV.cpp} (CIN-69)
# Edison Design Group C++/C Front End - Version 3.10.1 (CIN-1)
# Error: $PROJECT_HOME/RGBHSV.cpp(52): $PROJECT_HOME/RGBHSV.cpp(52): more than one operator "*" matches these operands: (CRD-350)
# Warning:             function template "ac_fixed<W, I, S, AC_TRN, AC_WRAP>::rt<64, 64, false>::mult ac::ops_with_other_types::operator*(const ac_fixed<W, I, S, Q, O> &, Ulong)"
# Warning:             function template "ac_fixed<W, I, S, AC_TRN, AC_WRAP>::rt<64, 64, true>::mult ac::ops_with_other_types::operator*(const ac_fixed<W, I, S, Q, O> &, Slong)"
# Warning:             function template "ac_fixed<W, I, S, AC_TRN, AC_WRAP>::rt<32, 32, false>::mult ac::ops_with_other_types::operator*(const ac_fixed<W, I, S, Q, O> &, unsigned long)"
# Warning:             function template "ac_fixed<W, I, S, AC_TRN, AC_WRAP>::rt<32, 32, true>::mult ac::ops_with_other_types::operator*(const ac_fixed<W, I, S, Q, O> &, long)"
# Warning:             function template "ac_fixed<W, I, S, AC_TRN, AC_WRAP>::rt<32, 32, false>::mult ac::ops_with_other_types::operator*(const ac_fixed<W, I, S, Q, O> &, unsigned int)"
# Warning:             function template "ac_fixed<W, I, S, AC_TRN, AC_WRAP>::rt<32, 32, true>::mult ac::ops_with_other_types::operator*(const ac_fixed<W, I, S, Q, O> &, int)"
# Warning:             function template "ac_fixed<W, I, S, AC_TRN, AC_WRAP>::rt<16, 16, false>::mult ac::ops_with_other_types::operator*(const ac_fixed<W, I, S, Q, O> &, unsigned short)"
# Warning:             function template "ac_fixed<W, I, S, AC_TRN, AC_WRAP>::rt<16, 16, true>::mult ac::ops_with_other_types::operator*(const ac_fixed<W, I, S, Q, O> &, short)"
# Warning:             function template "ac_fixed<W, I, S, AC_TRN, AC_WRAP>::rt<8, 8, false>::mult ac::ops_with_other_types::operator*(const ac_fixed<W, I, S, Q, O> &, unsigned char)"
# Warning:             function template "ac_fixed<W, I, S, AC_TRN, AC_WRAP>::rt<8, 8, true>::mult ac::ops_with_other_types::operator*(const ac_fixed<W, I, S, Q, O> &, signed char)"
# Warning:             function template "ac_fixed<W, I, S, AC_TRN, AC_WRAP>::rt<8, 8, true>::mult ac::ops_with_other_types::operator*(const ac_fixed<W, I, S, Q, O> &, char)"
# Warning:             function template "ac_fixed<W, I, S, AC_TRN, AC_WRAP>::rt<1, 1, false>::mult ac::ops_with_other_types::operator*(const ac_fixed<W, I, S, Q, O> &, bool)"
# Warning:             operand types are: ac_fixed<10, 10, false, AC_TRN, AC_WRAP> * double
# Error: Compilation aborted (CIN-5)
# Error: go analyze: Failed analyze
go extract
# Info: Starting transformation 'analyze' on solution 'solution.v2' (SOL-8)
# Front End called with arguments: -- {\\icnas3.cc.ic.ac.uk\oh1015\MUSCA\Input Engine\RGBHSV\RGBHSV.cpp} (CIN-69)
# Edison Design Group C++/C Front End - Version 3.10.1 (CIN-1)
# Error: $PROJECT_HOME/RGBHSV.cpp(52): $PROJECT_HOME/RGBHSV.cpp(52): more than one operator "*" matches these operands: (CRD-350)
# Warning:             function template "ac_fixed<W, I, S, AC_TRN, AC_WRAP>::rt<64, 64, false>::mult ac::ops_with_other_types::operator*(const ac_fixed<W, I, S, Q, O> &, Ulong)"
# Warning:             function template "ac_fixed<W, I, S, AC_TRN, AC_WRAP>::rt<64, 64, true>::mult ac::ops_with_other_types::operator*(const ac_fixed<W, I, S, Q, O> &, Slong)"
# Warning:             function template "ac_fixed<W, I, S, AC_TRN, AC_WRAP>::rt<32, 32, false>::mult ac::ops_with_other_types::operator*(const ac_fixed<W, I, S, Q, O> &, unsigned long)"
# Warning:             function template "ac_fixed<W, I, S, AC_TRN, AC_WRAP>::rt<32, 32, true>::mult ac::ops_with_other_types::operator*(const ac_fixed<W, I, S, Q, O> &, long)"
# Warning:             function template "ac_fixed<W, I, S, AC_TRN, AC_WRAP>::rt<32, 32, false>::mult ac::ops_with_other_types::operator*(const ac_fixed<W, I, S, Q, O> &, unsigned int)"
# Warning:             function template "ac_fixed<W, I, S, AC_TRN, AC_WRAP>::rt<32, 32, true>::mult ac::ops_with_other_types::operator*(const ac_fixed<W, I, S, Q, O> &, int)"
# Warning:             function template "ac_fixed<W, I, S, AC_TRN, AC_WRAP>::rt<16, 16, false>::mult ac::ops_with_other_types::operator*(const ac_fixed<W, I, S, Q, O> &, unsigned short)"
# Warning:             function template "ac_fixed<W, I, S, AC_TRN, AC_WRAP>::rt<16, 16, true>::mult ac::ops_with_other_types::operator*(const ac_fixed<W, I, S, Q, O> &, short)"
# Warning:             function template "ac_fixed<W, I, S, AC_TRN, AC_WRAP>::rt<8, 8, false>::mult ac::ops_with_other_types::operator*(const ac_fixed<W, I, S, Q, O> &, unsigned char)"
# Warning:             function template "ac_fixed<W, I, S, AC_TRN, AC_WRAP>::rt<8, 8, true>::mult ac::ops_with_other_types::operator*(const ac_fixed<W, I, S, Q, O> &, signed char)"
# Warning:             function template "ac_fixed<W, I, S, AC_TRN, AC_WRAP>::rt<8, 8, true>::mult ac::ops_with_other_types::operator*(const ac_fixed<W, I, S, Q, O> &, char)"
# Warning:             function template "ac_fixed<W, I, S, AC_TRN, AC_WRAP>::rt<1, 1, false>::mult ac::ops_with_other_types::operator*(const ac_fixed<W, I, S, Q, O> &, bool)"
# Warning:             operand types are: ac_fixed<10, 10, false, AC_TRN, AC_WRAP> * double
# Error: Compilation aborted (CIN-5)
# Error: go analyze: Failed analyze
# File '$PROJECT_HOME/RGBHSV.cpp' saved
go extract
# Info: Starting transformation 'analyze' on solution 'solution.v2' (SOL-8)
# Front End called with arguments: -- {\\icnas3.cc.ic.ac.uk\oh1015\MUSCA\Input Engine\RGBHSV\RGBHSV.cpp} (CIN-69)
# Edison Design Group C++/C Front End - Version 3.10.1 (CIN-1)
# Source file analysis completed (CIN-68)
# Info: Completed transformation 'analyze' on solution 'solution.v2': elapsed time 1.70 seconds, memory usage 207988kB, peak memory usage 258660kB (SOL-9)
# Info: Starting transformation 'compile' on solution 'solution.v2' (SOL-8)
# Generating synthesis internal form... (CIN-3)
# $PROJECT_HOME/RGBHSV.cpp(17): Found top design routine 'HSVRGB' specified by directive (CIN-52)
# $PROJECT_HOME/RGBHSV.cpp(17): Synthesizing routine 'HSVRGB' (CIN-13)
# $PROJECT_HOME/RGBHSV.cpp(17): Inlining routine 'HSVRGB' (CIN-14)
# $PROJECT_HOME/RGBHSV.cpp(17): Optimizing block '/HSVRGB' ... (CIN-4)
# $PROJECT_HOME/RGBHSV.cpp(17): Inout port 'H_OUT' is only used as an output. (OPT-11)
# $PROJECT_HOME/RGBHSV.cpp(17): Inout port 'S_OUT' is only used as an output. (OPT-11)
# $PROJECT_HOME/RGBHSV.cpp(17): Inout port 'V_OUT' is only used as an output. (OPT-11)
# Info: Optimizing partition '/HSVRGB': (Total ops = 143, Real ops = 50, Vars = 43) (SOL-10)
# Info: Optimizing partition '/HSVRGB/core': (Total ops = 143, Real ops = 50, Vars = 37) (SOL-10)
# Info: Optimizing partition '/HSVRGB/core': (Total ops = 143, Real ops = 50, Vars = 37) (SOL-10)
# Info: Optimizing partition '/HSVRGB': (Total ops = 143, Real ops = 50, Vars = 43) (SOL-10)
# Info: Optimizing partition '/HSVRGB': (Total ops = 143, Real ops = 50, Vars = 43) (SOL-10)
# Info: Optimizing partition '/HSVRGB/core': (Total ops = 143, Real ops = 50, Vars = 37) (SOL-10)
# Info: Optimizing partition '/HSVRGB/core': (Total ops = 128, Real ops = 42, Vars = 25) (SOL-10)
# Info: Optimizing partition '/HSVRGB': (Total ops = 128, Real ops = 42, Vars = 31) (SOL-10)
# Info: Optimizing partition '/HSVRGB': (Total ops = 128, Real ops = 42, Vars = 31) (SOL-10)
# Info: Optimizing partition '/HSVRGB/core': (Total ops = 153, Real ops = 42, Vars = 57) (SOL-10)
# Info: Optimizing partition '/HSVRGB/core': (Total ops = 109, Real ops = 43, Vars = 20) (SOL-10)
# Info: Optimizing partition '/HSVRGB': (Total ops = 109, Real ops = 43, Vars = 26) (SOL-10)
# Info: Optimizing partition '/HSVRGB/core': (Total ops = 108, Real ops = 43, Vars = 26) (SOL-10)
# Info: Optimizing partition '/HSVRGB/core': (Total ops = 105, Real ops = 42, Vars = 20) (SOL-10)
# Info: Optimizing partition '/HSVRGB': (Total ops = 105, Real ops = 42, Vars = 26) (SOL-10)
# Info: Optimizing partition '/HSVRGB/core': (Total ops = 105, Real ops = 42, Vars = 20) (SOL-10)
# Info: Optimizing partition '/HSVRGB': (Total ops = 105, Real ops = 42, Vars = 26) (SOL-10)
# Info: Optimizing partition '/HSVRGB': (Total ops = 105, Real ops = 42, Vars = 26) (SOL-10)
# Info: Optimizing partition '/HSVRGB/core': (Total ops = 105, Real ops = 42, Vars = 20) (SOL-10)
# Info: Optimizing partition '/HSVRGB/core': (Total ops = 94, Real ops = 41, Vars = 20) (SOL-10)
# Info: Optimizing partition '/HSVRGB': (Total ops = 94, Real ops = 41, Vars = 26) (SOL-10)
# Design 'HSVRGB' was read (SOL-1)
# Input file has changed
go new
solution file set {$PROJECT_HOME/RGBHSV.cpp} -updated
# Info: Branching solution 'solution.v2' at state 'new' (PRJ-2)
# Info: Completed transformation 'compile' on solution 'HSVRGB.v4': elapsed time 4.18 seconds, memory usage 207528kB, peak memory usage 258660kB (SOL-9)
# Info: Starting transformation 'architect' on solution 'HSVRGB.v4' (SOL-8)
# $PROJECT_HOME/RGBHSV.cpp(17): Loop '/HSVRGB/core/main' is left rolled. (LOOP-4)
# $PROJECT_HOME/RGBHSV.cpp(17): I/O-Port inferred - resource 'r:rsc' (from var: r) mapped to 'mgc_ioport.mgc_in_wire' (size: 10). (MEM-2)
# $PROJECT_HOME/RGBHSV.cpp(17): I/O-Port inferred - resource 'g:rsc' (from var: g) mapped to 'mgc_ioport.mgc_in_wire' (size: 10). (MEM-2)
# $PROJECT_HOME/RGBHSV.cpp(17): I/O-Port inferred - resource 'b:rsc' (from var: b) mapped to 'mgc_ioport.mgc_in_wire' (size: 10). (MEM-2)
# $PROJECT_HOME/RGBHSV.cpp(17): I/O-Port inferred - resource 'H_OUT:rsc' (from var: H_OUT) mapped to 'mgc_ioport.mgc_out_stdreg' (size: 10). (MEM-2)
# $PROJECT_HOME/RGBHSV.cpp(17): I/O-Port inferred - resource 'S_OUT:rsc' (from var: S_OUT) mapped to 'mgc_ioport.mgc_out_stdreg' (size: 10). (MEM-2)
# $PROJECT_HOME/RGBHSV.cpp(17): I/O-Port inferred - resource 'V_OUT:rsc' (from var: V_OUT) mapped to 'mgc_ioport.mgc_out_stdreg' (size: 10). (MEM-2)
# Info: Optimizing partition '/HSVRGB': (Total ops = 101, Real ops = 42, Vars = 28) (SOL-10)
# Info: Optimizing partition '/HSVRGB/core': (Total ops = 101, Real ops = 42, Vars = 20) (SOL-10)
# Info: Optimizing partition '/HSVRGB/core': (Total ops = 98, Real ops = 42, Vars = 20) (SOL-10)
# Info: Optimizing partition '/HSVRGB': (Total ops = 98, Real ops = 42, Vars = 28) (SOL-10)
# Info: Optimizing partition '/HSVRGB': (Total ops = 98, Real ops = 42, Vars = 28) (SOL-10)
# Info: Optimizing partition '/HSVRGB/core': (Total ops = 98, Real ops = 42, Vars = 20) (SOL-10)
# Info: Optimizing partition '/HSVRGB/core': (Total ops = 330, Real ops = 92, Vars = 165) (SOL-10)
# Info: Optimizing partition '/HSVRGB/core': (Total ops = 112, Real ops = 55, Vars = 30) (SOL-10)
# Design 'HSVRGB' contains '55' real operations. (SOL-11)
# Info: Completed transformation 'architect' on solution 'HSVRGB.v4': elapsed time 5.33 seconds, memory usage 208140kB, peak memory usage 258660kB (SOL-9)
# Info: Starting transformation 'allocate' on solution 'HSVRGB.v4' (SOL-8)
# Performing concurrent resource allocation and scheduling on '/HSVRGB/core' (CRAAS-1)
# Info: Select qualified components for data operations ... (CRAAS-3)
# Info: Apply resource constraints on data operations ... (CRAAS-4)
# $PROJECT_HOME/RGBHSV.cpp(17): Prescheduled LOOP 'main' (4 c-steps) (SCHD-7)
# $PROJECT_HOME/RGBHSV.cpp(17): Prescheduled SEQUENTIAL 'core' (total length 4 c-steps) (SCHD-8)
# Info: Initial schedule of SEQUENTIAL 'core': Latency = 3, Area (Datapath, Register, Total) = 1399.47, 0.00, 1399.47 (CRAAS-11)
# At least one feasible schedule exists. (CRAAS-9)
# Info: Optimized LOOP 'main': Latency = 3, Area (Datapath, Register, Total) = 1389.86, 0.00, 1389.86 (CRAAS-10)
# Info: Final schedule of SEQUENTIAL 'core': Latency = 3, Area (Datapath, Register, Total) = 1389.86, 0.00, 1389.86 (CRAAS-12)
# Resource allocation and scheduling done. (CRAAS-2)
# Netlist written to file 'schedule.gnt' (NET-4)
# Info: Completed transformation 'allocate' on solution 'HSVRGB.v4': elapsed time 0.33 seconds, memory usage 208108kB, peak memory usage 258660kB (SOL-9)
# Info: Starting transformation 'schedule' on solution 'HSVRGB.v4' (SOL-8)
# Performing concurrent resource allocation and scheduling on '/HSVRGB/core' (CRAAS-1)
# Global signal 'r:rsc.z' added to design 'HSVRGB' for component 'r:rsc:mgc_in_wire' (LIB-3)
# Global signal 'g:rsc.z' added to design 'HSVRGB' for component 'g:rsc:mgc_in_wire' (LIB-3)
# Global signal 'b:rsc.z' added to design 'HSVRGB' for component 'b:rsc:mgc_in_wire' (LIB-3)
# Global signal 'H_OUT:rsc.z' added to design 'HSVRGB' for component 'H_OUT:rsc:mgc_out_stdreg' (LIB-3)
# Global signal 'S_OUT:rsc.z' added to design 'HSVRGB' for component 'S_OUT:rsc:mgc_out_stdreg' (LIB-3)
# Global signal 'V_OUT:rsc.z' added to design 'HSVRGB' for component 'V_OUT:rsc:mgc_out_stdreg' (LIB-3)
# Info: Optimizing partition '/HSVRGB': (Total ops = 405, Real ops = 56, Vars = 185) (SOL-10)
# Info: Optimizing partition '/HSVRGB/HSVRGB:core': (Total ops = 336, Real ops = 55, Vars = 146) (SOL-10)
# Info: Optimizing partition '/HSVRGB/HSVRGB:core/core': (Total ops = 304, Real ops = 55, Vars = 114) (SOL-10)
# Info: Optimizing partition '/HSVRGB/HSVRGB:core/core': (Total ops = 287, Real ops = 55, Vars = 105) (SOL-10)
# Info: Optimizing partition '/HSVRGB/HSVRGB:core/core': (Total ops = 286, Real ops = 55, Vars = 104) (SOL-10)
# Info: Optimizing partition '/HSVRGB': (Total ops = 386, Real ops = 55, Vars = 174) (SOL-10)
# Info: Optimizing partition '/HSVRGB/HSVRGB:core': (Total ops = 318, Real ops = 55, Vars = 136) (SOL-10)
# Info: Optimizing partition '/HSVRGB/HSVRGB:core/core': (Total ops = 274, Real ops = 55, Vars = 116) (SOL-10)
# Info: Optimizing partition '/HSVRGB/HSVRGB:core/core': (Total ops = 274, Real ops = 55, Vars = 104) (SOL-10)
# Info: Optimizing partition '/HSVRGB': (Total ops = 374, Real ops = 55, Vars = 174) (SOL-10)
# Info: Optimizing partition '/HSVRGB/HSVRGB:core': (Total ops = 306, Real ops = 55, Vars = 136) (SOL-10)
# Info: Optimizing partition '/HSVRGB/HSVRGB:core/core': (Total ops = 274, Real ops = 55, Vars = 104) (SOL-10)
# Info: Optimizing partition '/HSVRGB': (Total ops = 374, Real ops = 55, Vars = 174) (SOL-10)
# Info: Optimizing partition '/HSVRGB/HSVRGB:core': (Total ops = 306, Real ops = 55, Vars = 136) (SOL-10)
# Report written to file 'cycle.rpt'
# Netlist written to file 'cycle.v' (NET-4)
# Info: Completed transformation 'schedule' on solution 'HSVRGB.v4': elapsed time 1.39 seconds, memory usage 209820kB, peak memory usage 258660kB (SOL-9)
# Info: Starting transformation 'dpfsm' on solution 'HSVRGB.v4' (SOL-8)
# Performing FSM extraction... (FSM-1)
# Info: Optimizing partition '/HSVRGB': (Total ops = 789, Real ops = 355, Vars = 808) (SOL-10)
# Info: Optimizing partition '/HSVRGB/HSVRGB:core': (Total ops = 721, Real ops = 355, Vars = 770) (SOL-10)
# Info: Optimizing partition '/HSVRGB': (Total ops = 575, Real ops = 214, Vars = 151) (SOL-10)
# Info: Optimizing partition '/HSVRGB/HSVRGB:core': (Total ops = 507, Real ops = 214, Vars = 113) (SOL-10)
# Info: Optimizing partition '/HSVRGB': (Total ops = 440, Real ops = 193, Vars = 146) (SOL-10)
# Info: Optimizing partition '/HSVRGB/HSVRGB:core': (Total ops = 372, Real ops = 193, Vars = 108) (SOL-10)
# Info: Optimizing partition '/HSVRGB': (Total ops = 433, Real ops = 186, Vars = 153) (SOL-10)
# Info: Optimizing partition '/HSVRGB/HSVRGB:core': (Total ops = 365, Real ops = 186, Vars = 115) (SOL-10)
# Info: Optimizing partition '/HSVRGB/HSVRGB:core': (Total ops = 365, Real ops = 186, Vars = 115) (SOL-10)
# Info: Optimizing partition '/HSVRGB': (Total ops = 433, Real ops = 186, Vars = 153) (SOL-10)
# Info: Optimizing partition '/HSVRGB': (Total ops = 433, Real ops = 186, Vars = 153) (SOL-10)
# Info: Optimizing partition '/HSVRGB/HSVRGB:core': (Total ops = 365, Real ops = 186, Vars = 115) (SOL-10)
# Info: Optimizing partition '/HSVRGB': (Total ops = 433, Real ops = 186, Vars = 155) (SOL-10)
# Info: Optimizing partition '/HSVRGB/HSVRGB:core': (Total ops = 365, Real ops = 186, Vars = 117) (SOL-10)
# Info: Optimizing partition '/HSVRGB': (Total ops = 433, Real ops = 186, Vars = 153) (SOL-10)
# Info: Optimizing partition '/HSVRGB/HSVRGB:core': (Total ops = 365, Real ops = 186, Vars = 115) (SOL-10)
# Info: Completed transformation 'dpfsm' on solution 'HSVRGB.v4': elapsed time 0.72 seconds, memory usage 209820kB, peak memory usage 258660kB (SOL-9)
# Info: Starting transformation 'extract' on solution 'HSVRGB.v4' (SOL-8)
# Info: Optimizing partition '/HSVRGB': (Total ops = 503, Real ops = 231, Vars = 454) (SOL-10)
# Info: Optimizing partition '/HSVRGB/HSVRGB:core': (Total ops = 435, Real ops = 231, Vars = 416) (SOL-10)
# Info: Optimizing partition '/HSVRGB': (Total ops = 347, Real ops = 154, Vars = 149) (SOL-10)
# Info: Optimizing partition '/HSVRGB/HSVRGB:core': (Total ops = 279, Real ops = 154, Vars = 111) (SOL-10)
# Info: Optimizing partition '/HSVRGB': (Total ops = 347, Real ops = 154, Vars = 149) (SOL-10)
# Info: Optimizing partition '/HSVRGB/HSVRGB:core': (Total ops = 279, Real ops = 154, Vars = 111) (SOL-10)
# Info: Optimizing partition '/HSVRGB/HSVRGB:core': (Total ops = 279, Real ops = 154, Vars = 113) (SOL-10)
# Info: Optimizing partition '/HSVRGB/HSVRGB:core': (Total ops = 279, Real ops = 154, Vars = 111) (SOL-10)
# Info: Optimizing partition '/HSVRGB': (Total ops = 347, Real ops = 154, Vars = 149) (SOL-10)
# Info: Optimizing partition '/HSVRGB': (Total ops = 347, Real ops = 154, Vars = 149) (SOL-10)
# Info: Optimizing partition '/HSVRGB/HSVRGB:core': (Total ops = 279, Real ops = 154, Vars = 111) (SOL-10)
# Info: Optimizing partition '/HSVRGB': (Total ops = 347, Real ops = 154, Vars = 149) (SOL-10)
# Info: Optimizing partition '/HSVRGB/HSVRGB:core': (Total ops = 279, Real ops = 154, Vars = 111) (SOL-10)
# Warning: Reassigned operation and:mgc_Altera-Cyclone-III-6_beh_psr.mgc_and(8,2) to mgc_Altera-Cyclone-III-6_beh_psr.mgc_and(8,3) (ASG-1)
# Info: Optimizing partition '/HSVRGB': (Total ops = 414, Real ops = 196, Vars = 365) (SOL-10)
# Info: Optimizing partition '/HSVRGB/HSVRGB:core': (Total ops = 346, Real ops = 196, Vars = 327) (SOL-10)
# Netlist written to file 'schematic.nlv' (NET-4)
# Info: Optimizing partition '/HSVRGB': (Total ops = 414, Real ops = 196, Vars = 365) (SOL-10)
# Info: Optimizing partition '/HSVRGB/HSVRGB:core': (Total ops = 346, Real ops = 196, Vars = 327) (SOL-10)
# Info: Optimizing partition '/HSVRGB': (Total ops = 339, Real ops = 154, Vars = 149) (SOL-10)
# Info: Optimizing partition '/HSVRGB/HSVRGB:core': (Total ops = 271, Real ops = 154, Vars = 111) (SOL-10)
# Info: Optimizing partition '/HSVRGB': (Total ops = 339, Real ops = 154, Vars = 149) (SOL-10)
# Info: Optimizing partition '/HSVRGB/HSVRGB:core': (Total ops = 271, Real ops = 154, Vars = 111) (SOL-10)
# Report written to file 'rtl.rpt'
# Netlist written to file 'rtl.v' (NET-4)
# generate concat
# order file name is: rtl.v_order.txt
# Add dependent file: ./rtl_mgc_ioport.v
# Add dependent file: ./rtl_mgc_ioport_v2001.v
# Add dependent file: C:/PROGRA~1/CALYPT~1/CATAPU~1.126/Mgc_home/pkgs/hls_pkgs/mgc_comps_src/mgc_div_beh.v
# Add dependent file: ./rtl.v
# Finished writing concatenated file: //icnas3.cc.ic.ac.uk/oh1015/MUSCA/Input Engine/RGBHSV/RGBHSV/HSVRGB.v4/concat_rtl.v
# Synthesis timing script written to file './rtl.v.psr_timing'
# IO timing constraints written to synthesis script file
# Synthesis script written to file 'rtl.v.psr'
# Info: Completed transformation 'extract' on solution 'HSVRGB.v4': elapsed time 5.29 seconds, memory usage 209820kB, peak memory usage 258660kB (SOL-9)
# File '$PROJECT_HOME/RGBHSV.cpp' saved
# File '$PROJECT_HOME/RGBHSV.cpp' saved
# Input file has changed
go new
solution file set {$PROJECT_HOME/RGBHSV.cpp} -updated
# Info: Branching solution 'solution.v3' at state 'new' (PRJ-2)
# File '$PROJECT_HOME/RGBHSV.cpp' saved
go extract
# Info: Starting transformation 'analyze' on solution 'solution.v3' (SOL-8)
# Front End called with arguments: -- {\\icnas3.cc.ic.ac.uk\oh1015\MUSCA\Input Engine\RGBHSV\RGBHSV.cpp} (CIN-69)
# Edison Design Group C++/C Front End - Version 3.10.1 (CIN-1)
# Source file analysis completed (CIN-68)
# Info: Completed transformation 'analyze' on solution 'solution.v3': elapsed time 1.84 seconds, memory usage 213792kB, peak memory usage 265544kB (SOL-9)
# Info: Starting transformation 'compile' on solution 'solution.v3' (SOL-8)
# Generating synthesis internal form... (CIN-3)
# $PROJECT_HOME/RGBHSV.cpp(17): Found top design routine 'HSVRGB' specified by directive (CIN-52)
# $PROJECT_HOME/RGBHSV.cpp(17): Synthesizing routine 'HSVRGB' (CIN-13)
# $PROJECT_HOME/RGBHSV.cpp(17): Inlining routine 'HSVRGB' (CIN-14)
# $PROJECT_HOME/RGBHSV.cpp(17): Optimizing block '/HSVRGB' ... (CIN-4)
# $PROJECT_HOME/RGBHSV.cpp(17): Inout port 'H_OUT' is only used as an output. (OPT-11)
# $PROJECT_HOME/RGBHSV.cpp(17): Inout port 'S_OUT' is only used as an output. (OPT-11)
# $PROJECT_HOME/RGBHSV.cpp(17): Inout port 'V_OUT' is only used as an output. (OPT-11)
# Info: Optimizing partition '/HSVRGB': (Total ops = 143, Real ops = 50, Vars = 43) (SOL-10)
# Info: Optimizing partition '/HSVRGB/core': (Total ops = 143, Real ops = 50, Vars = 37) (SOL-10)
# Info: Optimizing partition '/HSVRGB/core': (Total ops = 143, Real ops = 50, Vars = 37) (SOL-10)
# Info: Optimizing partition '/HSVRGB': (Total ops = 143, Real ops = 50, Vars = 43) (SOL-10)
# Info: Optimizing partition '/HSVRGB': (Total ops = 143, Real ops = 50, Vars = 43) (SOL-10)
# Info: Optimizing partition '/HSVRGB/core': (Total ops = 143, Real ops = 50, Vars = 37) (SOL-10)
# Info: Optimizing partition '/HSVRGB/core': (Total ops = 126, Real ops = 42, Vars = 25) (SOL-10)
# Info: Optimizing partition '/HSVRGB': (Total ops = 126, Real ops = 42, Vars = 31) (SOL-10)
# Info: Optimizing partition '/HSVRGB': (Total ops = 126, Real ops = 42, Vars = 31) (SOL-10)
# Info: Optimizing partition '/HSVRGB/core': (Total ops = 153, Real ops = 42, Vars = 57) (SOL-10)
# Info: Optimizing partition '/HSVRGB/core': (Total ops = 108, Real ops = 43, Vars = 20) (SOL-10)
# Info: Optimizing partition '/HSVRGB': (Total ops = 108, Real ops = 43, Vars = 26) (SOL-10)
# Info: Optimizing partition '/HSVRGB/core': (Total ops = 107, Real ops = 43, Vars = 26) (SOL-10)
# Info: Optimizing partition '/HSVRGB/core': (Total ops = 104, Real ops = 42, Vars = 20) (SOL-10)
# Info: Optimizing partition '/HSVRGB': (Total ops = 104, Real ops = 42, Vars = 26) (SOL-10)
# Info: Optimizing partition '/HSVRGB/core': (Total ops = 104, Real ops = 42, Vars = 20) (SOL-10)
# Info: Optimizing partition '/HSVRGB': (Total ops = 104, Real ops = 42, Vars = 26) (SOL-10)
# Info: Optimizing partition '/HSVRGB': (Total ops = 104, Real ops = 42, Vars = 26) (SOL-10)
# Info: Optimizing partition '/HSVRGB/core': (Total ops = 104, Real ops = 42, Vars = 20) (SOL-10)
# Info: Optimizing partition '/HSVRGB/core': (Total ops = 93, Real ops = 41, Vars = 20) (SOL-10)
# Info: Optimizing partition '/HSVRGB': (Total ops = 93, Real ops = 41, Vars = 26) (SOL-10)
# Design 'HSVRGB' was read (SOL-1)
# Info: Completed transformation 'compile' on solution 'HSVRGB.v5': elapsed time 2.26 seconds, memory usage 214844kB, peak memory usage 265544kB (SOL-9)
# Info: Starting transformation 'architect' on solution 'HSVRGB.v5' (SOL-8)
# $PROJECT_HOME/RGBHSV.cpp(17): Loop '/HSVRGB/core/main' is left rolled. (LOOP-4)
# $PROJECT_HOME/RGBHSV.cpp(17): I/O-Port inferred - resource 'r:rsc' (from var: r) mapped to 'mgc_ioport.mgc_in_wire' (size: 10). (MEM-2)
# $PROJECT_HOME/RGBHSV.cpp(17): I/O-Port inferred - resource 'g:rsc' (from var: g) mapped to 'mgc_ioport.mgc_in_wire' (size: 10). (MEM-2)
# $PROJECT_HOME/RGBHSV.cpp(17): I/O-Port inferred - resource 'b:rsc' (from var: b) mapped to 'mgc_ioport.mgc_in_wire' (size: 10). (MEM-2)
# $PROJECT_HOME/RGBHSV.cpp(17): I/O-Port inferred - resource 'H_OUT:rsc' (from var: H_OUT) mapped to 'mgc_ioport.mgc_out_stdreg' (size: 10). (MEM-2)
# $PROJECT_HOME/RGBHSV.cpp(17): I/O-Port inferred - resource 'S_OUT:rsc' (from var: S_OUT) mapped to 'mgc_ioport.mgc_out_stdreg' (size: 10). (MEM-2)
# $PROJECT_HOME/RGBHSV.cpp(17): I/O-Port inferred - resource 'V_OUT:rsc' (from var: V_OUT) mapped to 'mgc_ioport.mgc_out_stdreg' (size: 10). (MEM-2)
# Info: Optimizing partition '/HSVRGB': (Total ops = 100, Real ops = 42, Vars = 28) (SOL-10)
# Info: Optimizing partition '/HSVRGB/core': (Total ops = 100, Real ops = 42, Vars = 20) (SOL-10)
# Info: Optimizing partition '/HSVRGB/core': (Total ops = 97, Real ops = 42, Vars = 20) (SOL-10)
# Info: Optimizing partition '/HSVRGB': (Total ops = 97, Real ops = 42, Vars = 28) (SOL-10)
# Info: Optimizing partition '/HSVRGB': (Total ops = 97, Real ops = 42, Vars = 28) (SOL-10)
# Info: Optimizing partition '/HSVRGB/core': (Total ops = 97, Real ops = 42, Vars = 20) (SOL-10)
# Info: Optimizing partition '/HSVRGB/core': (Total ops = 329, Real ops = 92, Vars = 165) (SOL-10)
# Info: Optimizing partition '/HSVRGB/core': (Total ops = 111, Real ops = 55, Vars = 30) (SOL-10)
# Design 'HSVRGB' contains '55' real operations. (SOL-11)
# Info: Completed transformation 'architect' on solution 'HSVRGB.v5': elapsed time 6.21 seconds, memory usage 214912kB, peak memory usage 265544kB (SOL-9)
# Info: Starting transformation 'allocate' on solution 'HSVRGB.v5' (SOL-8)
# Performing concurrent resource allocation and scheduling on '/HSVRGB/core' (CRAAS-1)
# Info: Select qualified components for data operations ... (CRAAS-3)
# Info: Apply resource constraints on data operations ... (CRAAS-4)
# $PROJECT_HOME/RGBHSV.cpp(17): Prescheduled LOOP 'main' (4 c-steps) (SCHD-7)
# $PROJECT_HOME/RGBHSV.cpp(17): Prescheduled SEQUENTIAL 'core' (total length 4 c-steps) (SCHD-8)
# Info: Initial schedule of SEQUENTIAL 'core': Latency = 3, Area (Datapath, Register, Total) = 1718.47, 0.00, 1718.47 (CRAAS-11)
# At least one feasible schedule exists. (CRAAS-9)
# Info: Optimized LOOP 'main': Latency = 3, Area (Datapath, Register, Total) = 1708.87, 0.00, 1708.87 (CRAAS-10)
# Info: Final schedule of SEQUENTIAL 'core': Latency = 3, Area (Datapath, Register, Total) = 1708.87, 0.00, 1708.87 (CRAAS-12)
# Resource allocation and scheduling done. (CRAAS-2)
# Netlist written to file 'schedule.gnt' (NET-4)
# Info: Completed transformation 'allocate' on solution 'HSVRGB.v5': elapsed time 0.37 seconds, memory usage 216292kB, peak memory usage 265544kB (SOL-9)
# Info: Starting transformation 'schedule' on solution 'HSVRGB.v5' (SOL-8)
# Performing concurrent resource allocation and scheduling on '/HSVRGB/core' (CRAAS-1)
# Global signal 'r:rsc.z' added to design 'HSVRGB' for component 'r:rsc:mgc_in_wire' (LIB-3)
# Global signal 'g:rsc.z' added to design 'HSVRGB' for component 'g:rsc:mgc_in_wire' (LIB-3)
# Global signal 'b:rsc.z' added to design 'HSVRGB' for component 'b:rsc:mgc_in_wire' (LIB-3)
# Global signal 'H_OUT:rsc.z' added to design 'HSVRGB' for component 'H_OUT:rsc:mgc_out_stdreg' (LIB-3)
# Global signal 'S_OUT:rsc.z' added to design 'HSVRGB' for component 'S_OUT:rsc:mgc_out_stdreg' (LIB-3)
# Global signal 'V_OUT:rsc.z' added to design 'HSVRGB' for component 'V_OUT:rsc:mgc_out_stdreg' (LIB-3)
# Info: Optimizing partition '/HSVRGB': (Total ops = 404, Real ops = 56, Vars = 185) (SOL-10)
# Info: Optimizing partition '/HSVRGB/HSVRGB:core': (Total ops = 335, Real ops = 55, Vars = 146) (SOL-10)
# Info: Optimizing partition '/HSVRGB/HSVRGB:core/core': (Total ops = 303, Real ops = 55, Vars = 114) (SOL-10)
# Info: Optimizing partition '/HSVRGB/HSVRGB:core/core': (Total ops = 286, Real ops = 55, Vars = 105) (SOL-10)
# Info: Optimizing partition '/HSVRGB/HSVRGB:core/core': (Total ops = 285, Real ops = 55, Vars = 104) (SOL-10)
# Info: Optimizing partition '/HSVRGB': (Total ops = 385, Real ops = 55, Vars = 174) (SOL-10)
# Info: Optimizing partition '/HSVRGB/HSVRGB:core': (Total ops = 317, Real ops = 55, Vars = 136) (SOL-10)
# Info: Optimizing partition '/HSVRGB/HSVRGB:core/core': (Total ops = 273, Real ops = 55, Vars = 116) (SOL-10)
# Info: Optimizing partition '/HSVRGB/HSVRGB:core/core': (Total ops = 273, Real ops = 55, Vars = 104) (SOL-10)
# Info: Optimizing partition '/HSVRGB': (Total ops = 373, Real ops = 55, Vars = 174) (SOL-10)
# Info: Optimizing partition '/HSVRGB/HSVRGB:core': (Total ops = 305, Real ops = 55, Vars = 136) (SOL-10)
# Info: Optimizing partition '/HSVRGB/HSVRGB:core/core': (Total ops = 273, Real ops = 55, Vars = 104) (SOL-10)
# Info: Optimizing partition '/HSVRGB': (Total ops = 373, Real ops = 55, Vars = 174) (SOL-10)
# Info: Optimizing partition '/HSVRGB/HSVRGB:core': (Total ops = 305, Real ops = 55, Vars = 136) (SOL-10)
# Report written to file 'cycle.rpt'
# Netlist written to file 'cycle.v' (NET-4)
# Info: Completed transformation 'schedule' on solution 'HSVRGB.v5': elapsed time 1.37 seconds, memory usage 217696kB, peak memory usage 265544kB (SOL-9)
# Info: Starting transformation 'dpfsm' on solution 'HSVRGB.v5' (SOL-8)
# Performing FSM extraction... (FSM-1)
# Info: Optimizing partition '/HSVRGB': (Total ops = 786, Real ops = 355, Vars = 807) (SOL-10)
# Info: Optimizing partition '/HSVRGB/HSVRGB:core': (Total ops = 718, Real ops = 355, Vars = 769) (SOL-10)
# Info: Optimizing partition '/HSVRGB': (Total ops = 572, Real ops = 214, Vars = 151) (SOL-10)
# Info: Optimizing partition '/HSVRGB/HSVRGB:core': (Total ops = 504, Real ops = 214, Vars = 113) (SOL-10)
# Info: Optimizing partition '/HSVRGB': (Total ops = 439, Real ops = 193, Vars = 146) (SOL-10)
# Info: Optimizing partition '/HSVRGB/HSVRGB:core': (Total ops = 371, Real ops = 193, Vars = 108) (SOL-10)
# Info: Optimizing partition '/HSVRGB': (Total ops = 432, Real ops = 186, Vars = 153) (SOL-10)
# Info: Optimizing partition '/HSVRGB/HSVRGB:core': (Total ops = 364, Real ops = 186, Vars = 115) (SOL-10)
# Info: Optimizing partition '/HSVRGB/HSVRGB:core': (Total ops = 364, Real ops = 186, Vars = 115) (SOL-10)
# Info: Optimizing partition '/HSVRGB': (Total ops = 432, Real ops = 186, Vars = 153) (SOL-10)
# Info: Optimizing partition '/HSVRGB': (Total ops = 432, Real ops = 186, Vars = 153) (SOL-10)
# Info: Optimizing partition '/HSVRGB/HSVRGB:core': (Total ops = 364, Real ops = 186, Vars = 115) (SOL-10)
# Info: Optimizing partition '/HSVRGB': (Total ops = 432, Real ops = 186, Vars = 155) (SOL-10)
# Info: Optimizing partition '/HSVRGB/HSVRGB:core': (Total ops = 364, Real ops = 186, Vars = 117) (SOL-10)
# Info: Optimizing partition '/HSVRGB': (Total ops = 432, Real ops = 186, Vars = 153) (SOL-10)
# Info: Optimizing partition '/HSVRGB/HSVRGB:core': (Total ops = 364, Real ops = 186, Vars = 115) (SOL-10)
# Info: Completed transformation 'dpfsm' on solution 'HSVRGB.v5': elapsed time 0.78 seconds, memory usage 217696kB, peak memory usage 265544kB (SOL-9)
# Info: Starting transformation 'extract' on solution 'HSVRGB.v5' (SOL-8)
# Info: Optimizing partition '/HSVRGB': (Total ops = 502, Real ops = 231, Vars = 453) (SOL-10)
# Info: Optimizing partition '/HSVRGB/HSVRGB:core': (Total ops = 434, Real ops = 231, Vars = 415) (SOL-10)
# Info: Optimizing partition '/HSVRGB': (Total ops = 346, Real ops = 154, Vars = 149) (SOL-10)
# Info: Optimizing partition '/HSVRGB/HSVRGB:core': (Total ops = 278, Real ops = 154, Vars = 111) (SOL-10)
# Info: Optimizing partition '/HSVRGB': (Total ops = 346, Real ops = 154, Vars = 149) (SOL-10)
# Info: Optimizing partition '/HSVRGB/HSVRGB:core': (Total ops = 278, Real ops = 154, Vars = 111) (SOL-10)
# Info: Optimizing partition '/HSVRGB/HSVRGB:core': (Total ops = 278, Real ops = 154, Vars = 113) (SOL-10)
# Info: Optimizing partition '/HSVRGB/HSVRGB:core': (Total ops = 278, Real ops = 154, Vars = 111) (SOL-10)
# Info: Optimizing partition '/HSVRGB': (Total ops = 346, Real ops = 154, Vars = 149) (SOL-10)
# Info: Optimizing partition '/HSVRGB': (Total ops = 346, Real ops = 154, Vars = 149) (SOL-10)
# Info: Optimizing partition '/HSVRGB/HSVRGB:core': (Total ops = 278, Real ops = 154, Vars = 111) (SOL-10)
# Info: Optimizing partition '/HSVRGB': (Total ops = 346, Real ops = 154, Vars = 149) (SOL-10)
# Info: Optimizing partition '/HSVRGB/HSVRGB:core': (Total ops = 278, Real ops = 154, Vars = 111) (SOL-10)
# Warning: Reassigned operation and:mgc_Altera-Cyclone-III-6_beh_psr.mgc_and(8,2) to mgc_Altera-Cyclone-III-6_beh_psr.mgc_and(8,3) (ASG-1)
# Info: Optimizing partition '/HSVRGB': (Total ops = 413, Real ops = 196, Vars = 364) (SOL-10)
# Info: Optimizing partition '/HSVRGB/HSVRGB:core': (Total ops = 345, Real ops = 196, Vars = 326) (SOL-10)
# Netlist written to file 'schematic.nlv' (NET-4)
# Info: Optimizing partition '/HSVRGB': (Total ops = 413, Real ops = 196, Vars = 364) (SOL-10)
# Info: Optimizing partition '/HSVRGB/HSVRGB:core': (Total ops = 345, Real ops = 196, Vars = 326) (SOL-10)
# Info: Optimizing partition '/HSVRGB': (Total ops = 338, Real ops = 154, Vars = 149) (SOL-10)
# Info: Optimizing partition '/HSVRGB/HSVRGB:core': (Total ops = 270, Real ops = 154, Vars = 111) (SOL-10)
# Info: Optimizing partition '/HSVRGB': (Total ops = 338, Real ops = 154, Vars = 149) (SOL-10)
# Info: Optimizing partition '/HSVRGB/HSVRGB:core': (Total ops = 270, Real ops = 154, Vars = 111) (SOL-10)
# Report written to file 'rtl.rpt'
# Netlist written to file 'rtl.v' (NET-4)
# generate concat
# order file name is: rtl.v_order.txt
# Add dependent file: ./rtl_mgc_ioport.v
# Add dependent file: ./rtl_mgc_ioport_v2001.v
# Add dependent file: C:/PROGRA~1/CALYPT~1/CATAPU~1.126/Mgc_home/pkgs/hls_pkgs/mgc_comps_src/mgc_div_beh.v
# Add dependent file: ./rtl.v
# Finished writing concatenated file: //icnas3.cc.ic.ac.uk/oh1015/MUSCA/Input Engine/RGBHSV/RGBHSV/HSVRGB.v5/concat_rtl.v
# Synthesis timing script written to file './rtl.v.psr_timing'
# IO timing constraints written to synthesis script file
# Synthesis script written to file 'rtl.v.psr'
# Info: Completed transformation 'extract' on solution 'HSVRGB.v5': elapsed time 6.38 seconds, memory usage 217644kB, peak memory usage 265544kB (SOL-9)
# File '$PROJECT_HOME/RGBHSV.cpp' saved
# Input file has changed
go new
solution file set {$PROJECT_HOME/RGBHSV.cpp} -updated
# Info: Branching solution 'solution.v3' at state 'new' (PRJ-2)
# File '$PROJECT_HOME/RGBHSV.cpp' saved
# File '$PROJECT_HOME/RGBHSV.cpp' saved
go analyze
# Info: Starting transformation 'analyze' on solution 'solution.v3' (SOL-8)
# Front End called with arguments: -- {\\icnas3.cc.ic.ac.uk\oh1015\MUSCA\Input Engine\RGBHSV\RGBHSV.cpp} (CIN-69)
# Edison Design Group C++/C Front End - Version 3.10.1 (CIN-1)
# Source file analysis completed (CIN-68)
# Info: Completed transformation 'analyze' on solution 'solution.v3': elapsed time 1.87 seconds, memory usage 220944kB, peak memory usage 276432kB (SOL-9)
project save
# Saving project file '//icnas3.cc.ic.ac.uk/oh1015/MUSCA/Input Engine/RGBHSV/RGBHSV.ccs'. (PRJ-5)
go compile
# Info: Starting transformation 'compile' on solution 'solution.v3' (SOL-8)
# Generating synthesis internal form... (CIN-3)
# $PROJECT_HOME/RGBHSV.cpp(17): Found top design routine 'HSVRGB' specified by directive (CIN-52)
# $PROJECT_HOME/RGBHSV.cpp(17): Synthesizing routine 'HSVRGB' (CIN-13)
# $PROJECT_HOME/RGBHSV.cpp(17): Inlining routine 'HSVRGB' (CIN-14)
# $PROJECT_HOME/RGBHSV.cpp(17): Optimizing block '/HSVRGB' ... (CIN-4)
# $PROJECT_HOME/RGBHSV.cpp(17): Inout port 'H_OUT' is only used as an output. (OPT-11)
# $PROJECT_HOME/RGBHSV.cpp(17): Inout port 'S_OUT' is only used as an output. (OPT-11)
# $PROJECT_HOME/RGBHSV.cpp(17): Inout port 'V_OUT' is only used as an output. (OPT-11)
# Info: Optimizing partition '/HSVRGB': (Total ops = 143, Real ops = 50, Vars = 43) (SOL-10)
# Info: Optimizing partition '/HSVRGB/core': (Total ops = 143, Real ops = 50, Vars = 37) (SOL-10)
# Info: Optimizing partition '/HSVRGB/core': (Total ops = 143, Real ops = 50, Vars = 37) (SOL-10)
# Info: Optimizing partition '/HSVRGB': (Total ops = 143, Real ops = 50, Vars = 43) (SOL-10)
# Info: Optimizing partition '/HSVRGB': (Total ops = 143, Real ops = 50, Vars = 43) (SOL-10)
# Info: Optimizing partition '/HSVRGB/core': (Total ops = 143, Real ops = 50, Vars = 37) (SOL-10)
# Info: Optimizing partition '/HSVRGB/core': (Total ops = 124, Real ops = 42, Vars = 25) (SOL-10)
# Info: Optimizing partition '/HSVRGB': (Total ops = 124, Real ops = 42, Vars = 31) (SOL-10)
# Info: Optimizing partition '/HSVRGB': (Total ops = 124, Real ops = 42, Vars = 31) (SOL-10)
# Info: Optimizing partition '/HSVRGB/core': (Total ops = 154, Real ops = 42, Vars = 56) (SOL-10)
# Info: Optimizing partition '/HSVRGB/core': (Total ops = 121, Real ops = 43, Vars = 20) (SOL-10)
# Info: Optimizing partition '/HSVRGB': (Total ops = 121, Real ops = 43, Vars = 26) (SOL-10)
# Info: Optimizing partition '/HSVRGB/core': (Total ops = 120, Real ops = 43, Vars = 27) (SOL-10)
# Info: Optimizing partition '/HSVRGB/core': (Total ops = 120, Real ops = 43, Vars = 20) (SOL-10)
# Info: Optimizing partition '/HSVRGB': (Total ops = 120, Real ops = 43, Vars = 26) (SOL-10)
# Info: Optimizing partition '/HSVRGB/core': (Total ops = 120, Real ops = 43, Vars = 20) (SOL-10)
# Info: Optimizing partition '/HSVRGB': (Total ops = 120, Real ops = 43, Vars = 26) (SOL-10)
# Info: Optimizing partition '/HSVRGB': (Total ops = 120, Real ops = 43, Vars = 26) (SOL-10)
# Info: Optimizing partition '/HSVRGB/core': (Total ops = 120, Real ops = 43, Vars = 20) (SOL-10)
# Info: Optimizing partition '/HSVRGB/core': (Total ops = 97, Real ops = 41, Vars = 20) (SOL-10)
# Info: Optimizing partition '/HSVRGB': (Total ops = 97, Real ops = 41, Vars = 26) (SOL-10)
# Design 'HSVRGB' was read (SOL-1)
# Info: Completed transformation 'compile' on solution 'HSVRGB.v6': elapsed time 2.57 seconds, memory usage 225432kB, peak memory usage 276432kB (SOL-9)
go extract
# Info: Starting transformation 'architect' on solution 'HSVRGB.v6' (SOL-8)
# $PROJECT_HOME/RGBHSV.cpp(17): Loop '/HSVRGB/core/main' is left rolled. (LOOP-4)
# $PROJECT_HOME/RGBHSV.cpp(17): I/O-Port inferred - resource 'r:rsc' (from var: r) mapped to 'mgc_ioport.mgc_in_wire' (size: 10). (MEM-2)
# $PROJECT_HOME/RGBHSV.cpp(17): I/O-Port inferred - resource 'g:rsc' (from var: g) mapped to 'mgc_ioport.mgc_in_wire' (size: 10). (MEM-2)
# $PROJECT_HOME/RGBHSV.cpp(17): I/O-Port inferred - resource 'b:rsc' (from var: b) mapped to 'mgc_ioport.mgc_in_wire' (size: 10). (MEM-2)
# $PROJECT_HOME/RGBHSV.cpp(17): I/O-Port inferred - resource 'H_OUT:rsc' (from var: H_OUT) mapped to 'mgc_ioport.mgc_out_stdreg' (size: 10). (MEM-2)
# $PROJECT_HOME/RGBHSV.cpp(17): I/O-Port inferred - resource 'S_OUT:rsc' (from var: S_OUT) mapped to 'mgc_ioport.mgc_out_stdreg' (size: 10). (MEM-2)
# $PROJECT_HOME/RGBHSV.cpp(17): I/O-Port inferred - resource 'V_OUT:rsc' (from var: V_OUT) mapped to 'mgc_ioport.mgc_out_stdreg' (size: 10). (MEM-2)
# Info: Optimizing partition '/HSVRGB': (Total ops = 104, Real ops = 42, Vars = 28) (SOL-10)
# Info: Optimizing partition '/HSVRGB/core': (Total ops = 104, Real ops = 42, Vars = 20) (SOL-10)
# Info: Optimizing partition '/HSVRGB/core': (Total ops = 101, Real ops = 42, Vars = 20) (SOL-10)
# Info: Optimizing partition '/HSVRGB': (Total ops = 101, Real ops = 42, Vars = 28) (SOL-10)
# Info: Optimizing partition '/HSVRGB': (Total ops = 101, Real ops = 42, Vars = 28) (SOL-10)
# Info: Optimizing partition '/HSVRGB/core': (Total ops = 101, Real ops = 42, Vars = 20) (SOL-10)
# Info: Optimizing partition '/HSVRGB/core': (Total ops = 340, Real ops = 94, Vars = 170) (SOL-10)
# Info: Optimizing partition '/HSVRGB/core': (Total ops = 123, Real ops = 54, Vars = 32) (SOL-10)
# Design 'HSVRGB' contains '54' real operations. (SOL-11)
# Info: Completed transformation 'architect' on solution 'HSVRGB.v6': elapsed time 7.02 seconds, memory usage 225752kB, peak memory usage 276432kB (SOL-9)
# Info: Starting transformation 'allocate' on solution 'HSVRGB.v6' (SOL-8)
# Performing concurrent resource allocation and scheduling on '/HSVRGB/core' (CRAAS-1)
# Info: Select qualified components for data operations ... (CRAAS-3)
# Info: Apply resource constraints on data operations ... (CRAAS-4)
# $PROJECT_HOME/RGBHSV.cpp(17): Prescheduled LOOP 'main' (4 c-steps) (SCHD-7)
# $PROJECT_HOME/RGBHSV.cpp(17): Prescheduled SEQUENTIAL 'core' (total length 4 c-steps) (SCHD-8)
# Info: Initial schedule of SEQUENTIAL 'core': Latency = 3, Area (Datapath, Register, Total) = 1739.54, 0.00, 1739.54 (CRAAS-11)
# At least one feasible schedule exists. (CRAAS-9)
# Info: Optimized LOOP 'main': Latency = 3, Area (Datapath, Register, Total) = 1733.14, 0.00, 1733.14 (CRAAS-10)
# Info: Final schedule of SEQUENTIAL 'core': Latency = 3, Area (Datapath, Register, Total) = 1733.14, 0.00, 1733.14 (CRAAS-12)
# Resource allocation and scheduling done. (CRAAS-2)
# Netlist written to file 'schedule.gnt' (NET-4)
# Info: Completed transformation 'allocate' on solution 'HSVRGB.v6': elapsed time 0.44 seconds, memory usage 225776kB, peak memory usage 276432kB (SOL-9)
# Info: Starting transformation 'schedule' on solution 'HSVRGB.v6' (SOL-8)
# Performing concurrent resource allocation and scheduling on '/HSVRGB/core' (CRAAS-1)
# Global signal 'r:rsc.z' added to design 'HSVRGB' for component 'r:rsc:mgc_in_wire' (LIB-3)
# Global signal 'g:rsc.z' added to design 'HSVRGB' for component 'g:rsc:mgc_in_wire' (LIB-3)
# Global signal 'b:rsc.z' added to design 'HSVRGB' for component 'b:rsc:mgc_in_wire' (LIB-3)
# Global signal 'H_OUT:rsc.z' added to design 'HSVRGB' for component 'H_OUT:rsc:mgc_out_stdreg' (LIB-3)
# Global signal 'S_OUT:rsc.z' added to design 'HSVRGB' for component 'S_OUT:rsc:mgc_out_stdreg' (LIB-3)
# Global signal 'V_OUT:rsc.z' added to design 'HSVRGB' for component 'V_OUT:rsc:mgc_out_stdreg' (LIB-3)
# Info: Optimizing partition '/HSVRGB': (Total ops = 416, Real ops = 55, Vars = 188) (SOL-10)
# Info: Optimizing partition '/HSVRGB/HSVRGB:core': (Total ops = 347, Real ops = 54, Vars = 149) (SOL-10)
# Info: Optimizing partition '/HSVRGB/HSVRGB:core/core': (Total ops = 315, Real ops = 54, Vars = 117) (SOL-10)
# Info: Optimizing partition '/HSVRGB/HSVRGB:core/core': (Total ops = 298, Real ops = 54, Vars = 107) (SOL-10)
# Info: Optimizing partition '/HSVRGB/HSVRGB:core/core': (Total ops = 296, Real ops = 54, Vars = 105) (SOL-10)
# Info: Optimizing partition '/HSVRGB': (Total ops = 396, Real ops = 54, Vars = 175) (SOL-10)
# Info: Optimizing partition '/HSVRGB/HSVRGB:core': (Total ops = 328, Real ops = 54, Vars = 137) (SOL-10)
# Info: Optimizing partition '/HSVRGB/HSVRGB:core/core': (Total ops = 284, Real ops = 54, Vars = 117) (SOL-10)
# Info: Optimizing partition '/HSVRGB/HSVRGB:core/core': (Total ops = 284, Real ops = 54, Vars = 105) (SOL-10)
# Info: Optimizing partition '/HSVRGB': (Total ops = 384, Real ops = 54, Vars = 175) (SOL-10)
# Info: Optimizing partition '/HSVRGB/HSVRGB:core': (Total ops = 316, Real ops = 54, Vars = 137) (SOL-10)
# Info: Optimizing partition '/HSVRGB/HSVRGB:core/core': (Total ops = 284, Real ops = 54, Vars = 105) (SOL-10)
# Info: Optimizing partition '/HSVRGB': (Total ops = 384, Real ops = 54, Vars = 175) (SOL-10)
# Info: Optimizing partition '/HSVRGB/HSVRGB:core': (Total ops = 316, Real ops = 54, Vars = 137) (SOL-10)
# Report written to file 'cycle.rpt'
# Netlist written to file 'cycle.v' (NET-4)
# Info: Completed transformation 'schedule' on solution 'HSVRGB.v6': elapsed time 1.48 seconds, memory usage 228512kB, peak memory usage 276432kB (SOL-9)
# Info: Starting transformation 'dpfsm' on solution 'HSVRGB.v6' (SOL-8)
# Performing FSM extraction... (FSM-1)
# Info: Optimizing partition '/HSVRGB': (Total ops = 1357, Real ops = 771, Vars = 1442) (SOL-10)
# Info: Optimizing partition '/HSVRGB/HSVRGB:core': (Total ops = 1289, Real ops = 771, Vars = 1404) (SOL-10)
# Info: Optimizing partition '/HSVRGB': (Total ops = 863, Real ops = 335, Vars = 207) (SOL-10)
# Info: Optimizing partition '/HSVRGB/HSVRGB:core': (Total ops = 795, Real ops = 335, Vars = 169) (SOL-10)
# Info: Optimizing partition '/HSVRGB': (Total ops = 631, Real ops = 292, Vars = 212) (SOL-10)
# Info: Optimizing partition '/HSVRGB/HSVRGB:core': (Total ops = 563, Real ops = 292, Vars = 174) (SOL-10)
# Info: Optimizing partition '/HSVRGB': (Total ops = 599, Real ops = 263, Vars = 201) (SOL-10)
# Info: Optimizing partition '/HSVRGB/HSVRGB:core': (Total ops = 531, Real ops = 263, Vars = 163) (SOL-10)
# Info: Optimizing partition '/HSVRGB': (Total ops = 599, Real ops = 263, Vars = 201) (SOL-10)
# Info: Optimizing partition '/HSVRGB/HSVRGB:core': (Total ops = 531, Real ops = 263, Vars = 163) (SOL-10)
# Info: Optimizing partition '/HSVRGB/HSVRGB:core': (Total ops = 531, Real ops = 263, Vars = 163) (SOL-10)
# Info: Optimizing partition '/HSVRGB': (Total ops = 599, Real ops = 263, Vars = 201) (SOL-10)
# Info: Optimizing partition '/HSVRGB': (Total ops = 599, Real ops = 263, Vars = 201) (SOL-10)
# Info: Optimizing partition '/HSVRGB/HSVRGB:core': (Total ops = 531, Real ops = 263, Vars = 163) (SOL-10)
# Info: Optimizing partition '/HSVRGB': (Total ops = 597, Real ops = 263, Vars = 205) (SOL-10)
# Info: Optimizing partition '/HSVRGB/HSVRGB:core': (Total ops = 529, Real ops = 263, Vars = 167) (SOL-10)
# Info: Optimizing partition '/HSVRGB': (Total ops = 599, Real ops = 263, Vars = 201) (SOL-10)
# Info: Optimizing partition '/HSVRGB/HSVRGB:core': (Total ops = 531, Real ops = 263, Vars = 163) (SOL-10)
# Info: Completed transformation 'dpfsm' on solution 'HSVRGB.v6': elapsed time 1.47 seconds, memory usage 229016kB, peak memory usage 276432kB (SOL-9)
# Info: Starting transformation 'extract' on solution 'HSVRGB.v6' (SOL-8)
# Info: Optimizing partition '/HSVRGB': (Total ops = 749, Real ops = 377, Vars = 700) (SOL-10)
# Info: Optimizing partition '/HSVRGB/HSVRGB:core': (Total ops = 681, Real ops = 377, Vars = 662) (SOL-10)
# Info: Optimizing partition '/HSVRGB': (Total ops = 481, Real ops = 216, Vars = 186) (SOL-10)
# Info: Optimizing partition '/HSVRGB/HSVRGB:core': (Total ops = 413, Real ops = 216, Vars = 148) (SOL-10)
# Info: Optimizing partition '/HSVRGB': (Total ops = 470, Real ops = 215, Vars = 187) (SOL-10)
# Info: Optimizing partition '/HSVRGB/HSVRGB:core': (Total ops = 402, Real ops = 215, Vars = 149) (SOL-10)
# Info: Optimizing partition '/HSVRGB/HSVRGB:core': (Total ops = 402, Real ops = 215, Vars = 155) (SOL-10)
# Info: Optimizing partition '/HSVRGB/HSVRGB:core': (Total ops = 402, Real ops = 215, Vars = 149) (SOL-10)
# Info: Optimizing partition '/HSVRGB': (Total ops = 470, Real ops = 215, Vars = 187) (SOL-10)
# Info: Optimizing partition '/HSVRGB': (Total ops = 470, Real ops = 215, Vars = 187) (SOL-10)
# Info: Optimizing partition '/HSVRGB/HSVRGB:core': (Total ops = 402, Real ops = 215, Vars = 149) (SOL-10)
# Info: Optimizing partition '/HSVRGB': (Total ops = 470, Real ops = 215, Vars = 187) (SOL-10)
# Info: Optimizing partition '/HSVRGB/HSVRGB:core': (Total ops = 402, Real ops = 215, Vars = 149) (SOL-10)
# Warning: Reassigned operation and:mgc_Altera-Cyclone-III-6_beh_psr.mgc_and(8,2) to mgc_Altera-Cyclone-III-6_beh_psr.mgc_and(8,3) (ASG-1)
# Info: Optimizing partition '/HSVRGB': (Total ops = 599, Real ops = 292, Vars = 550) (SOL-10)
# Info: Optimizing partition '/HSVRGB/HSVRGB:core': (Total ops = 531, Real ops = 292, Vars = 512) (SOL-10)
# Netlist written to file 'schematic.nlv' (NET-4)
# Info: Optimizing partition '/HSVRGB': (Total ops = 599, Real ops = 292, Vars = 550) (SOL-10)
# Info: Optimizing partition '/HSVRGB/HSVRGB:core': (Total ops = 531, Real ops = 292, Vars = 512) (SOL-10)
# Info: Optimizing partition '/HSVRGB': (Total ops = 460, Real ops = 215, Vars = 187) (SOL-10)
# Info: Optimizing partition '/HSVRGB/HSVRGB:core': (Total ops = 392, Real ops = 215, Vars = 149) (SOL-10)
# Info: Optimizing partition '/HSVRGB': (Total ops = 460, Real ops = 215, Vars = 187) (SOL-10)
# Info: Optimizing partition '/HSVRGB/HSVRGB:core': (Total ops = 392, Real ops = 215, Vars = 149) (SOL-10)
# Report written to file 'rtl.rpt'
# Netlist written to file 'rtl.v' (NET-4)
# generate concat
# order file name is: rtl.v_order.txt
# Add dependent file: ./rtl_mgc_ioport.v
# Add dependent file: ./rtl_mgc_ioport_v2001.v
# Add dependent file: C:/PROGRA~1/CALYPT~1/CATAPU~1.126/Mgc_home/pkgs/hls_pkgs/mgc_comps_src/mgc_div_beh.v
# Add dependent file: ./rtl.v
# Finished writing concatenated file: //icnas3.cc.ic.ac.uk/oh1015/MUSCA/Input Engine/RGBHSV/RGBHSV/HSVRGB.v6/concat_rtl.v
# Synthesis timing script written to file './rtl.v.psr_timing'
# IO timing constraints written to synthesis script file
# Synthesis script written to file 'rtl.v.psr'
# Info: Completed transformation 'extract' on solution 'HSVRGB.v6': elapsed time 6.50 seconds, memory usage 229016kB, peak memory usage 276432kB (SOL-9)
project save
# Saving project file '//icnas3.cc.ic.ac.uk/oh1015/MUSCA/Input Engine/RGBHSV/RGBHSV.ccs'. (PRJ-5)
quit -f
