-- Catapult University Version: Report                                              
-- ---------------------------- ---------------------------------------------------
-- Version:                     2011a.126 Production Release                        
-- Build Date:                  Wed Aug  8 00:52:07 PDT 2012                        
                                                                                    
-- Generated by:                oh1015@EEWS104A-005                                 
-- Generated date:              Tue Apr 26 15:37:17 +0100 2016                      

Solution Settings: RGB_HSV.v8
  Current state: schedule
  Project: RGBHSV
  
  Design Input Files Specified
    $PROJECT_HOME/RGBHSV.cpp
      $MGC_HOME/shared/include/ac_fixed.h
        $MGC_HOME/shared/include/ac_int.h
  
  Processes/Blocks in Design
    Process       Real Operation(s) count Latency Throughput Reset Length II Comments 
    ------------- ----------------------- ------- ---------- ------------ -- --------
    /RGB_HSV/core                      41       3          1            0  1          
    Design Total:                      41       3          1            0  1          
    
  Clock Information
    Clock Signal Edge   Period Sharing Alloc (%) Uncertainty Used by Processes/Blocks 
    ------------ ------ ------ ----------------- ----------- ------------------------
    clk          rising 20.000             20.00    0.000000 /RGB_HSV/core            
    
  I/O Data Ranges
    Port        Mode DeclType DeclWidth DeclRange ActType ActWidth ActRange 
    ----------- ---- -------- --------- --------- ------- -------- --------
    R_IN:rsc.z  IN   Unsigned        10                                     
    G_IN:rsc.z  IN   Unsigned        10                                     
    B_IN:rsc.z  IN   Unsigned        10                                     
    clk         IN   Unsigned         1                                     
    rst         IN   Unsigned         1                                     
    H_OUT:rsc.z OUT  Unsigned        10                                     
    S_OUT:rsc.z OUT  Unsigned        10                                     
    V_OUT:rsc.z OUT  Unsigned        10                                     
    
  Memory Resources
    Resource Name: /RGB_HSV/R_IN:rsc
      Memory Component: mgc_in_wire                  Size:         1 x 10
      External:         true                         Packing Mode: sidebyside
      Memory Map:
      Variable      Indices Phys Memory Address     
      ------------- ------- -----------------------
      /RGB_HSV/R_IN     0:9 00000000-00000000 (0-0) 
      
    Resource Name: /RGB_HSV/G_IN:rsc
      Memory Component: mgc_in_wire                  Size:         1 x 10
      External:         true                         Packing Mode: sidebyside
      Memory Map:
      Variable      Indices Phys Memory Address     
      ------------- ------- -----------------------
      /RGB_HSV/G_IN     0:9 00000000-00000000 (0-0) 
      
    Resource Name: /RGB_HSV/B_IN:rsc
      Memory Component: mgc_in_wire                  Size:         1 x 10
      External:         true                         Packing Mode: sidebyside
      Memory Map:
      Variable      Indices Phys Memory Address     
      ------------- ------- -----------------------
      /RGB_HSV/B_IN     0:9 00000000-00000000 (0-0) 
      
    Resource Name: /RGB_HSV/H_OUT:rsc
      Memory Component: mgc_out_stdreg               Size:         1 x 10
      External:         true                         Packing Mode: sidebyside
      Memory Map:
      Variable       Indices Phys Memory Address     
      -------------- ------- -----------------------
      /RGB_HSV/H_OUT     0:9 00000000-00000000 (0-0) 
      
    Resource Name: /RGB_HSV/S_OUT:rsc
      Memory Component: mgc_out_stdreg               Size:         1 x 10
      External:         true                         Packing Mode: sidebyside
      Memory Map:
      Variable       Indices Phys Memory Address     
      -------------- ------- -----------------------
      /RGB_HSV/S_OUT     0:9 00000000-00000000 (0-0) 
      
    Resource Name: /RGB_HSV/V_OUT:rsc
      Memory Component: mgc_out_stdreg               Size:         1 x 10
      External:         true                         Packing Mode: sidebyside
      Memory Map:
      Variable       Indices Phys Memory Address     
      -------------- ------- -----------------------
      /RGB_HSV/V_OUT     0:9 00000000-00000000 (0-0) 
      
  Multi-Cycle (Combinational) Component Usage
    Instance Component Name Delay 
    -------- -------------- -----
    
  Loops
    Process       Loop             Iterations C-Steps Total Cycles  Duration  Unroll Init Comments 
    ------------- ---------------- ---------- ------- ------------- --------- ------ ---- --------
    /RGB_HSV/core main               Infinite       4            3  60.00 ns            1          
    
  Loop Execution Profile
    Process       Loop             Total Cycles % of Overall Design Cycles Throughput Cycles Comments 
    ------------- ---------------- ------------ -------------------------- ----------------- --------
    /RGB_HSV/core main                       3                      100.00                1           
    
  End of Report
