-- Catapult University Version: Report                                              
-- ---------------------------- ---------------------------------------------------
-- Version:                     2011a.126 Production Release                        
-- Build Date:                  Wed Aug  8 00:52:07 PDT 2012                        
                                                                                    
-- Generated by:                oh1015@EEWS104A-005                                 
-- Generated date:              Tue Apr 26 15:37:28 +0100 2016                      

Solution Settings: RGB_HSV.v8
  Current state: extract
  Project: RGBHSV
  
  Design Input Files Specified
    $PROJECT_HOME/RGBHSV.cpp
      $MGC_HOME/shared/include/ac_fixed.h
        $MGC_HOME/shared/include/ac_int.h
  
  Processes/Blocks in Design
    Process       Real Operation(s) count Latency Throughput Reset Length II Comments 
    ------------- ----------------------- ------- ---------- ------------ -- --------
    /RGB_HSV/core                      41       3          1            0  1          
    Design Total:                      41       3          1            0  1          
    
  Bill Of Materials (Datapath)
    Component Name                          Area Score Area(LCs) Area(LUTs)  Delay Post Alloc Post Assign 
    --------------------------------------- ---------- --------- ---------- ------ ---------- -----------
    [Lib: mgc_Altera-Cyclone-III-6_beh_psr]                                                               
    mgc_add(11,0,11,0,11)                       12.233     0.000     12.233  1.368          1           1 
    mgc_add(12,0,11,0,12)                       13.228     0.000     13.228  1.436          7           6 
    mgc_and(1,2)                                 0.730     0.000      0.730  0.263          0           7 
    mgc_and(1,4)                                 1.379     0.000      1.379  0.525          0           4 
    mgc_and(10,2)                                7.298     0.000      7.298  0.263          1           1 
    mgc_div(10,10,1)                           198.271     0.000    198.271 23.225          2           2 
    mgc_mux(1,1,2)                               0.919     0.000      0.919  0.369          0           4 
    mgc_mux(10,1,2)                              9.194     0.000      9.194  0.369          0          11 
    mgc_mux1hot(10,3)                           21.896     0.000     21.896  0.773          2           4 
    mgc_nand(1,2)                                0.730     0.000      0.730  0.268          0           1 
    mgc_nand(1,3)                                1.054     0.000      1.054  0.425          0           1 
    mgc_nor(1,2)                                 0.730     0.000      0.730  0.263          0           7 
    mgc_nor(1,3)                                 1.054     0.000      1.054  0.416          0           5 
    mgc_nor(1,4)                                 1.379     0.000      1.379  0.525          0           1 
    mgc_not(1)                                   0.000     0.000      0.000  0.000          0           9 
    mgc_not(10)                                  0.000     0.000      0.000  0.000          0           7 
    mgc_or(1,10)                                 3.327     0.000      3.327  0.890          0           1 
    mgc_or(1,2)                                  0.730     0.000      0.730  0.268          0           6 
    mgc_or(1,3)                                  1.054     0.000      1.054  0.425          0           4 
    mgc_or(1,4)                                  1.379     0.000      1.379  0.536          0           1 
    mgc_reg_pos(1,0,0,1,1,0,0)                   0.000     0.000      0.000  0.000          0          12 
    mgc_reg_pos(10,0,0,1,1,0,0)                  0.000     0.000      0.000  0.000          0          14 
    [Lib: mgc_ioport]                                                                                     
    mgc_in_wire(1,10)                            0.000     0.000      0.000  0.000          1           1 
    mgc_in_wire(2,10)                            0.000     0.000      0.000  0.000          1           1 
    mgc_in_wire(3,10)                            0.000     0.000      0.000  0.000          1           1 
    mgc_out_stdreg(4,10)                         0.000     0.000      0.000  0.000          1           1 
    mgc_out_stdreg(5,10)                         0.000     0.000      0.000  0.000          1           1 
    mgc_out_stdreg(6,10)                         0.000     0.000      0.000  0.000          1           1 
                                                                                                          
    TOTAL AREA (After Assignment):             725.310     0.000    725.000                               
    
  Area Scores
                      Post-Scheduling  Post-DP & FSM Post-Assignment 
    ----------------- --------------- -------------- ---------------
    Total Area Score:    552.5          814.5           725.3        
    Total Reg:             0.0            0.0             0.0        
                                                                     
    DataPath:            552.5 (100%)   814.5 (100%)    725.3 (100%) 
      MUX:                43.8   (8%)   262.5  (32%)    192.4  (27%) 
      FUNC:              501.4  (91%)   488.1  (60%)    488.1  (67%) 
      LOGIC:               7.3   (1%)    63.9   (8%)     44.8   (6%) 
      BUFFER:              0.0            0.0             0.0        
      MEM:                 0.0            0.0             0.0        
      ROM:                 0.0            0.0             0.0        
      REG:                 0.0            0.0             0.0        
                                                                     
    
    FSM:                   0.0            0.0             0.0        
      FSM-REG:             0.0            0.0             0.0        
      FSM-COMB:            0.0            0.0             0.0        
                                                                     
    
  Register-to-Variable Mappings
    Register                   Size(bits) Gated Register CG Opt Done Variables                                             
    -------------------------- ---------- -------------- ----------- -----------------------------------------------------
    H_OUT:rsc:mgc_out_stdreg.d         10                            H_OUT:rsc:mgc_out_stdreg.d                            
    S_OUT:rsc:mgc_out_stdreg.d         10                            S_OUT:rsc:mgc_out_stdreg.d                            
    V_OUT:rsc:mgc_out_stdreg.d         10                            V_OUT:rsc:mgc_out_stdreg.d                            
    div:mgc_div#1.a                    10                            div:mgc_div#1.a                                       
    div:mgc_div#1.b                    10                            div:mgc_div#1.b                                       
    div:mgc_div.a                      10                            div:mgc_div.a                                         
    div:mgc_div.b                      10                            div:mgc_div.b                                         
    if:if#1:slc#1.tmp.mut              10                            if:if#1:slc#1.tmp.mut                                 
    if:if#1:slc#1.tmp.mut#1            10                            if:if#1:slc#1.tmp.mut#1                               
    max.lpi.dfm#5.mut                  10                            max.lpi.dfm#5.mut                                     
    max.lpi.dfm#5.mut#1                10                            max.lpi.dfm#5.mut#1                                   
    max.lpi.dfm#5.st#1                 10                            max.lpi.dfm#5.st#1                                    
    max.lpi.dfm#9                      10                            max.lpi.dfm#9                                         
    s.sva#1.duc                        10                            s.sva#1.duc                                           
    if:else:slc.svs                     1                            if:else:slc.svs                                       
    if:if#1:if#1:div.2cyc               1                            if:if#1:if#1:div.2cyc                                 
    if:if#1:if#1:div.2cyc.st#1          1                            if:if#1:if#1:div.2cyc.st#1                            
    if:if#1:if#1:div.2cyc.st#2          1                            if:if#1:if#1:div.2cyc.st#2                            
    if:if#1:or#1.itm#1                  1                            if:if#1:or#1.itm#1                                    
    if:if#1:or#1.itm#2                  1                            if:if#1:or#1.itm#2                                    
    if:slc#1.itm#1                      1                            if:slc#1.itm#1                                        
    if:slc#1.itm#2                      1                            if:slc#1.itm#2                                        
    main.stage_0#2                      1                            main.stage_0#2                                        
    main.stage_0#3                      1                            main.stage_0#3                                        
    slc.itm#1                           1                            slc.itm#1                                             
    slc.itm#2                           1                            slc.itm#2                                             
                                                                                                                           
    Total:                            152              0           0 (Total Gating Ratio: 0.00, CG Opt Gating Ratio: 0.00) 
    
  Timing Report
    Critical Path
      Max Delay:  5.1554649999999995
      Slack:      14.844535
      
      Path                                        Startpoint                          Endpoint                                  Delay  Slack   
      ------------------------------------------- ----------------------------------- ----------------------------------------- ------ -------
      1                                           RGB_HSV:core/G_IN:rsc:mgc_in_wire.d RGB_HSV:core/reg(div:mgc_div.a)           5.1555 14.8445 
                                                                                                                                               
        Instance                                  Component                                                                     Delta  Delay   
        --------                                  ---------                                                                     -----  -----   
        RGB_HSV:core/G_IN:rsc:mgc_in_wire.d                                                                                     0.0000 0.0000  
        RGB_HSV:core/conc#26                                                                                                    0.0000 0.0000  
        RGB_HSV:core/conc#26.itm                                                                                                0.0000 0.0000  
        RGB_HSV:core/if:if#1:else:else:if:acc     mgc_add_12_0_11_0_12                                                          1.4360 1.4360  
        RGB_HSV:core/if:if#1:else:else:if:acc.itm                                                                               0.0000 1.4360  
        RGB_HSV:core/if:if#1:else:else:if:slc                                                                                   0.0000 1.4360  
        RGB_HSV:core/if:if#1:else:else:if:slc.itm                                                                               0.0000 1.4360  
        RGB_HSV:core/if:if#1:nor                  mgc_nor_1_3                                                                   0.4161 1.8520  
        RGB_HSV:core/if:if#1:nor.tmp                                                                                            0.0000 1.8520  
        RGB_HSV:core/if:if#1:nor#1                mgc_nor_1_2                                                                   0.2625 2.1145  
        RGB_HSV:core/if:if#1:nor#1.m1c                                                                                          0.0000 2.1145  
        RGB_HSV:core/if:if#1:and                  mgc_and_1_2                                                                   0.2625 2.3770  
        RGB_HSV:core/if:if#1:and.itm                                                                                            0.0000 2.3770  
        RGB_HSV:core/if:if#1:or#2                 mgc_or_1_2                                                                    0.2679 2.6449  
        RGB_HSV:core/if:if#1:or#2.itm                                                                                           0.0000 2.6449  
        RGB_HSV:core/if:if#1:mux1h                mgc_mux1hot_10_3                                                              0.7732 3.4181  
        RGB_HSV:core/if:if#1:mux1h.tmp                                                                                          0.0000 3.4181  
        RGB_HSV:core/conc#22                                                                                                    0.0000 3.4181  
        RGB_HSV:core/conc#22.itm                                                                                                0.0000 3.4181  
        RGB_HSV:core/if:if#1:acc                  mgc_add_11_0_11_0_11                                                          1.3684 4.7865  
        RGB_HSV:core/if:if#1:acc.itm                                                                                            0.0000 4.7865  
        RGB_HSV:core/if:if#1:slc#1                                                                                              0.0000 4.7865  
        RGB_HSV:core/if:if#1:slc#1.tmp                                                                                          0.0000 4.7865  
        RGB_HSV:core/mux#6                        mgc_mux_10_1_2                                                                0.3690 5.1555  
        RGB_HSV:core/mux#6.itm                                                                                                  0.0000 5.1555  
        RGB_HSV:core/reg(div:mgc_div.a)           mgc_reg_pos_10_0_0_1_1_0_0                                                    0.0000 5.1555  
                                                                                                                                               
      2                                           RGB_HSV:core/G_IN:rsc:mgc_in_wire.d RGB_HSV:core/reg(div:mgc_div#1.a)         5.1555 14.8445 
                                                                                                                                               
        Instance                                  Component                                                                     Delta  Delay   
        --------                                  ---------                                                                     -----  -----   
        RGB_HSV:core/G_IN:rsc:mgc_in_wire.d                                                                                     0.0000 0.0000  
        RGB_HSV:core/conc#26                                                                                                    0.0000 0.0000  
        RGB_HSV:core/conc#26.itm                                                                                                0.0000 0.0000  
        RGB_HSV:core/if:if#1:else:else:if:acc     mgc_add_12_0_11_0_12                                                          1.4360 1.4360  
        RGB_HSV:core/if:if#1:else:else:if:acc.itm                                                                               0.0000 1.4360  
        RGB_HSV:core/if:if#1:else:else:if:slc                                                                                   0.0000 1.4360  
        RGB_HSV:core/if:if#1:else:else:if:slc.itm                                                                               0.0000 1.4360  
        RGB_HSV:core/if:if#1:nor                  mgc_nor_1_3                                                                   0.4161 1.8520  
        RGB_HSV:core/if:if#1:nor.tmp                                                                                            0.0000 1.8520  
        RGB_HSV:core/if:if#1:nor#1                mgc_nor_1_2                                                                   0.2625 2.1145  
        RGB_HSV:core/if:if#1:nor#1.m1c                                                                                          0.0000 2.1145  
        RGB_HSV:core/if:if#1:and                  mgc_and_1_2                                                                   0.2625 2.3770  
        RGB_HSV:core/if:if#1:and.itm                                                                                            0.0000 2.3770  
        RGB_HSV:core/if:if#1:or#2                 mgc_or_1_2                                                                    0.2679 2.6449  
        RGB_HSV:core/if:if#1:or#2.itm                                                                                           0.0000 2.6449  
        RGB_HSV:core/if:if#1:mux1h                mgc_mux1hot_10_3                                                              0.7732 3.4181  
        RGB_HSV:core/if:if#1:mux1h.tmp                                                                                          0.0000 3.4181  
        RGB_HSV:core/conc#22                                                                                                    0.0000 3.4181  
        RGB_HSV:core/conc#22.itm                                                                                                0.0000 3.4181  
        RGB_HSV:core/if:if#1:acc                  mgc_add_11_0_11_0_11                                                          1.3684 4.7865  
        RGB_HSV:core/if:if#1:acc.itm                                                                                            0.0000 4.7865  
        RGB_HSV:core/if:if#1:slc#1                                                                                              0.0000 4.7865  
        RGB_HSV:core/if:if#1:slc#1.tmp                                                                                          0.0000 4.7865  
        RGB_HSV:core/mux#4                        mgc_mux_10_1_2                                                                0.3690 5.1555  
        RGB_HSV:core/mux#4.itm                                                                                                  0.0000 5.1555  
        RGB_HSV:core/reg(div:mgc_div#1.a)         mgc_reg_pos_10_0_0_1_1_0_0                                                    0.0000 5.1555  
                                                                                                                                               
      3                                           RGB_HSV:core/B_IN:rsc:mgc_in_wire.d RGB_HSV:core/reg(div:mgc_div#1.a)         5.1555 14.8445 
                                                                                                                                               
        Instance                                  Component                                                                     Delta  Delay   
        --------                                  ---------                                                                     -----  -----   
        RGB_HSV:core/B_IN:rsc:mgc_in_wire.d                                                                                     0.0000 0.0000  
        RGB_HSV:core/conc#20                                                                                                    0.0000 0.0000  
        RGB_HSV:core/conc#20.itm                                                                                                0.0000 0.0000  
        RGB_HSV:core/if:if:acc                    mgc_add_12_0_11_0_12                                                          1.4360 1.4360  
        RGB_HSV:core/if:if:acc.itm                                                                                              0.0000 1.4360  
        RGB_HSV:core/if:if:slc#1                                                                                                0.0000 1.4360  
        RGB_HSV:core/if:if:slc#1.itm                                                                                            0.0000 1.4360  
        RGB_HSV:core/if:if#1:nor                  mgc_nor_1_3                                                                   0.4161 1.8520  
        RGB_HSV:core/if:if#1:nor.tmp                                                                                            0.0000 1.8520  
        RGB_HSV:core/if:if#1:nor#1                mgc_nor_1_2                                                                   0.2625 2.1145  
        RGB_HSV:core/if:if#1:nor#1.m1c                                                                                          0.0000 2.1145  
        RGB_HSV:core/if:if#1:and                  mgc_and_1_2                                                                   0.2625 2.3770  
        RGB_HSV:core/if:if#1:and.itm                                                                                            0.0000 2.3770  
        RGB_HSV:core/if:if#1:or#2                 mgc_or_1_2                                                                    0.2679 2.6449  
        RGB_HSV:core/if:if#1:or#2.itm                                                                                           0.0000 2.6449  
        RGB_HSV:core/if:if#1:mux1h                mgc_mux1hot_10_3                                                              0.7732 3.4181  
        RGB_HSV:core/if:if#1:mux1h.tmp                                                                                          0.0000 3.4181  
        RGB_HSV:core/conc#22                                                                                                    0.0000 3.4181  
        RGB_HSV:core/conc#22.itm                                                                                                0.0000 3.4181  
        RGB_HSV:core/if:if#1:acc                  mgc_add_11_0_11_0_11                                                          1.3684 4.7865  
        RGB_HSV:core/if:if#1:acc.itm                                                                                            0.0000 4.7865  
        RGB_HSV:core/if:if#1:slc#1                                                                                              0.0000 4.7865  
        RGB_HSV:core/if:if#1:slc#1.tmp                                                                                          0.0000 4.7865  
        RGB_HSV:core/mux#4                        mgc_mux_10_1_2                                                                0.3690 5.1555  
        RGB_HSV:core/mux#4.itm                                                                                                  0.0000 5.1555  
        RGB_HSV:core/reg(div:mgc_div#1.a)         mgc_reg_pos_10_0_0_1_1_0_0                                                    0.0000 5.1555  
                                                                                                                                               
      4                                           RGB_HSV:core/G_IN:rsc:mgc_in_wire.d RGB_HSV:core/reg(if:if#1:slc#1.tmp.mut#1) 5.1555 14.8445 
                                                                                                                                               
        Instance                                  Component                                                                     Delta  Delay   
        --------                                  ---------                                                                     -----  -----   
        RGB_HSV:core/G_IN:rsc:mgc_in_wire.d                                                                                     0.0000 0.0000  
        RGB_HSV:core/conc#26                                                                                                    0.0000 0.0000  
        RGB_HSV:core/conc#26.itm                                                                                                0.0000 0.0000  
        RGB_HSV:core/if:if#1:else:else:if:acc     mgc_add_12_0_11_0_12                                                          1.4360 1.4360  
        RGB_HSV:core/if:if#1:else:else:if:acc.itm                                                                               0.0000 1.4360  
        RGB_HSV:core/if:if#1:else:else:if:slc                                                                                   0.0000 1.4360  
        RGB_HSV:core/if:if#1:else:else:if:slc.itm                                                                               0.0000 1.4360  
        RGB_HSV:core/if:if#1:nor                  mgc_nor_1_3                                                                   0.4161 1.8520  
        RGB_HSV:core/if:if#1:nor.tmp                                                                                            0.0000 1.8520  
        RGB_HSV:core/if:if#1:nor#1                mgc_nor_1_2                                                                   0.2625 2.1145  
        RGB_HSV:core/if:if#1:nor#1.m1c                                                                                          0.0000 2.1145  
        RGB_HSV:core/if:if#1:and                  mgc_and_1_2                                                                   0.2625 2.3770  
        RGB_HSV:core/if:if#1:and.itm                                                                                            0.0000 2.3770  
        RGB_HSV:core/if:if#1:or#2                 mgc_or_1_2                                                                    0.2679 2.6449  
        RGB_HSV:core/if:if#1:or#2.itm                                                                                           0.0000 2.6449  
        RGB_HSV:core/if:if#1:mux1h                mgc_mux1hot_10_3                                                              0.7732 3.4181  
        RGB_HSV:core/if:if#1:mux1h.tmp                                                                                          0.0000 3.4181  
        RGB_HSV:core/conc#22                                                                                                    0.0000 3.4181  
        RGB_HSV:core/conc#22.itm                                                                                                0.0000 3.4181  
        RGB_HSV:core/if:if#1:acc                  mgc_add_11_0_11_0_11                                                          1.3684 4.7865  
        RGB_HSV:core/if:if#1:acc.itm                                                                                            0.0000 4.7865  
        RGB_HSV:core/if:if#1:slc#1                                                                                              0.0000 4.7865  
        RGB_HSV:core/if:if#1:slc#1.tmp                                                                                          0.0000 4.7865  
        RGB_HSV:core/mux#12                       mgc_mux_10_1_2                                                                0.3690 5.1555  
        RGB_HSV:core/mux#12.itm                                                                                                 0.0000 5.1555  
        RGB_HSV:core/reg(if:if#1:slc#1.tmp.mut#1) mgc_reg_pos_10_0_0_1_1_0_0                                                    0.0000 5.1555  
                                                                                                                                               
      5                                           RGB_HSV:core/G_IN:rsc:mgc_in_wire.d RGB_HSV:core/reg(if:if#1:slc#1.tmp.mut)   5.1555 14.8445 
                                                                                                                                               
        Instance                                  Component                                                                     Delta  Delay   
        --------                                  ---------                                                                     -----  -----   
        RGB_HSV:core/G_IN:rsc:mgc_in_wire.d                                                                                     0.0000 0.0000  
        RGB_HSV:core/conc#26                                                                                                    0.0000 0.0000  
        RGB_HSV:core/conc#26.itm                                                                                                0.0000 0.0000  
        RGB_HSV:core/if:if#1:else:else:if:acc     mgc_add_12_0_11_0_12                                                          1.4360 1.4360  
        RGB_HSV:core/if:if#1:else:else:if:acc.itm                                                                               0.0000 1.4360  
        RGB_HSV:core/if:if#1:else:else:if:slc                                                                                   0.0000 1.4360  
        RGB_HSV:core/if:if#1:else:else:if:slc.itm                                                                               0.0000 1.4360  
        RGB_HSV:core/if:if#1:nor                  mgc_nor_1_3                                                                   0.4161 1.8520  
        RGB_HSV:core/if:if#1:nor.tmp                                                                                            0.0000 1.8520  
        RGB_HSV:core/if:if#1:nor#1                mgc_nor_1_2                                                                   0.2625 2.1145  
        RGB_HSV:core/if:if#1:nor#1.m1c                                                                                          0.0000 2.1145  
        RGB_HSV:core/if:if#1:and                  mgc_and_1_2                                                                   0.2625 2.3770  
        RGB_HSV:core/if:if#1:and.itm                                                                                            0.0000 2.3770  
        RGB_HSV:core/if:if#1:or#2                 mgc_or_1_2                                                                    0.2679 2.6449  
        RGB_HSV:core/if:if#1:or#2.itm                                                                                           0.0000 2.6449  
        RGB_HSV:core/if:if#1:mux1h                mgc_mux1hot_10_3                                                              0.7732 3.4181  
        RGB_HSV:core/if:if#1:mux1h.tmp                                                                                          0.0000 3.4181  
        RGB_HSV:core/conc#22                                                                                                    0.0000 3.4181  
        RGB_HSV:core/conc#22.itm                                                                                                0.0000 3.4181  
        RGB_HSV:core/if:if#1:acc                  mgc_add_11_0_11_0_11                                                          1.3684 4.7865  
        RGB_HSV:core/if:if#1:acc.itm                                                                                            0.0000 4.7865  
        RGB_HSV:core/if:if#1:slc#1                                                                                              0.0000 4.7865  
        RGB_HSV:core/if:if#1:slc#1.tmp                                                                                          0.0000 4.7865  
        RGB_HSV:core/mux#14                       mgc_mux_10_1_2                                                                0.3690 5.1555  
        RGB_HSV:core/mux#14.itm                                                                                                 0.0000 5.1555  
        RGB_HSV:core/reg(if:if#1:slc#1.tmp.mut)   mgc_reg_pos_10_0_0_1_1_0_0                                                    0.0000 5.1555  
                                                                                                                                               
      6                                           RGB_HSV:core/B_IN:rsc:mgc_in_wire.d RGB_HSV:core/reg(if:if#1:slc#1.tmp.mut)   5.1555 14.8445 
                                                                                                                                               
        Instance                                  Component                                                                     Delta  Delay   
        --------                                  ---------                                                                     -----  -----   
        RGB_HSV:core/B_IN:rsc:mgc_in_wire.d                                                                                     0.0000 0.0000  
        RGB_HSV:core/conc#20                                                                                                    0.0000 0.0000  
        RGB_HSV:core/conc#20.itm                                                                                                0.0000 0.0000  
        RGB_HSV:core/if:if:acc                    mgc_add_12_0_11_0_12                                                          1.4360 1.4360  
        RGB_HSV:core/if:if:acc.itm                                                                                              0.0000 1.4360  
        RGB_HSV:core/if:if:slc#1                                                                                                0.0000 1.4360  
        RGB_HSV:core/if:if:slc#1.itm                                                                                            0.0000 1.4360  
        RGB_HSV:core/if:if#1:nor                  mgc_nor_1_3                                                                   0.4161 1.8520  
        RGB_HSV:core/if:if#1:nor.tmp                                                                                            0.0000 1.8520  
        RGB_HSV:core/if:if#1:nor#1                mgc_nor_1_2                                                                   0.2625 2.1145  
        RGB_HSV:core/if:if#1:nor#1.m1c                                                                                          0.0000 2.1145  
        RGB_HSV:core/if:if#1:and                  mgc_and_1_2                                                                   0.2625 2.3770  
        RGB_HSV:core/if:if#1:and.itm                                                                                            0.0000 2.3770  
        RGB_HSV:core/if:if#1:or#2                 mgc_or_1_2                                                                    0.2679 2.6449  
        RGB_HSV:core/if:if#1:or#2.itm                                                                                           0.0000 2.6449  
        RGB_HSV:core/if:if#1:mux1h                mgc_mux1hot_10_3                                                              0.7732 3.4181  
        RGB_HSV:core/if:if#1:mux1h.tmp                                                                                          0.0000 3.4181  
        RGB_HSV:core/conc#22                                                                                                    0.0000 3.4181  
        RGB_HSV:core/conc#22.itm                                                                                                0.0000 3.4181  
        RGB_HSV:core/if:if#1:acc                  mgc_add_11_0_11_0_11                                                          1.3684 4.7865  
        RGB_HSV:core/if:if#1:acc.itm                                                                                            0.0000 4.7865  
        RGB_HSV:core/if:if#1:slc#1                                                                                              0.0000 4.7865  
        RGB_HSV:core/if:if#1:slc#1.tmp                                                                                          0.0000 4.7865  
        RGB_HSV:core/mux#14                       mgc_mux_10_1_2                                                                0.3690 5.1555  
        RGB_HSV:core/mux#14.itm                                                                                                 0.0000 5.1555  
        RGB_HSV:core/reg(if:if#1:slc#1.tmp.mut)   mgc_reg_pos_10_0_0_1_1_0_0                                                    0.0000 5.1555  
                                                                                                                                               
      7                                           RGB_HSV:core/R_IN:rsc:mgc_in_wire.d RGB_HSV:core/reg(if:if#1:slc#1.tmp.mut)   5.1555 14.8445 
                                                                                                                                               
        Instance                                  Component                                                                     Delta  Delay   
        --------                                  ---------                                                                     -----  -----   
        RGB_HSV:core/R_IN:rsc:mgc_in_wire.d                                                                                     0.0000 0.0000  
        RGB_HSV:core/conc#18                                                                                                    0.0000 0.0000  
        RGB_HSV:core/conc#18.itm                                                                                                0.0000 0.0000  
        RGB_HSV:core/if:else:if:acc#1             mgc_add_12_0_11_0_12                                                          1.4360 1.4360  
        RGB_HSV:core/if:else:if:acc#1.itm                                                                                       0.0000 1.4360  
        RGB_HSV:core/if:else:if:slc                                                                                             0.0000 1.4360  
        RGB_HSV:core/if:else:slc.svs:mx0w0                                                                                      0.0000 1.4360  
        RGB_HSV:core/if:if#1:nor                  mgc_nor_1_3                                                                   0.4161 1.8520  
        RGB_HSV:core/if:if#1:nor.tmp                                                                                            0.0000 1.8520  
        RGB_HSV:core/if:if#1:nor#1                mgc_nor_1_2                                                                   0.2625 2.1145  
        RGB_HSV:core/if:if#1:nor#1.m1c                                                                                          0.0000 2.1145  
        RGB_HSV:core/if:if#1:and                  mgc_and_1_2                                                                   0.2625 2.3770  
        RGB_HSV:core/if:if#1:and.itm                                                                                            0.0000 2.3770  
        RGB_HSV:core/if:if#1:or#2                 mgc_or_1_2                                                                    0.2679 2.6449  
        RGB_HSV:core/if:if#1:or#2.itm                                                                                           0.0000 2.6449  
        RGB_HSV:core/if:if#1:mux1h                mgc_mux1hot_10_3                                                              0.7732 3.4181  
        RGB_HSV:core/if:if#1:mux1h.tmp                                                                                          0.0000 3.4181  
        RGB_HSV:core/conc#22                                                                                                    0.0000 3.4181  
        RGB_HSV:core/conc#22.itm                                                                                                0.0000 3.4181  
        RGB_HSV:core/if:if#1:acc                  mgc_add_11_0_11_0_11                                                          1.3684 4.7865  
        RGB_HSV:core/if:if#1:acc.itm                                                                                            0.0000 4.7865  
        RGB_HSV:core/if:if#1:slc#1                                                                                              0.0000 4.7865  
        RGB_HSV:core/if:if#1:slc#1.tmp                                                                                          0.0000 4.7865  
        RGB_HSV:core/mux#14                       mgc_mux_10_1_2                                                                0.3690 5.1555  
        RGB_HSV:core/mux#14.itm                                                                                                 0.0000 5.1555  
        RGB_HSV:core/reg(if:if#1:slc#1.tmp.mut)   mgc_reg_pos_10_0_0_1_1_0_0                                                    0.0000 5.1555  
                                                                                                                                               
      8                                           RGB_HSV:core/B_IN:rsc:mgc_in_wire.d RGB_HSV:core/reg(if:if#1:slc#1.tmp.mut)   5.1555 14.8445 
                                                                                                                                               
        Instance                                  Component                                                                     Delta  Delay   
        --------                                  ---------                                                                     -----  -----   
        RGB_HSV:core/B_IN:rsc:mgc_in_wire.d                                                                                     0.0000 0.0000  
        RGB_HSV:core/if:else:not#3                mgc_not_10                                                                    0.0000 0.0000  
        RGB_HSV:core/if:else:not#3.itm                                                                                          0.0000 0.0000  
        RGB_HSV:core/conc#27                                                                                                    0.0000 0.0000  
        RGB_HSV:core/conc#27.itm                                                                                                0.0000 0.0000  
        RGB_HSV:core/if:if#1:else:else:if:acc     mgc_add_12_0_11_0_12                                                          1.4360 1.4360  
        RGB_HSV:core/if:if#1:else:else:if:acc.itm                                                                               0.0000 1.4360  
        RGB_HSV:core/if:if#1:else:else:if:slc                                                                                   0.0000 1.4360  
        RGB_HSV:core/if:if#1:else:else:if:slc.itm                                                                               0.0000 1.4360  
        RGB_HSV:core/if:if#1:nor                  mgc_nor_1_3                                                                   0.4161 1.8520  
        RGB_HSV:core/if:if#1:nor.tmp                                                                                            0.0000 1.8520  
        RGB_HSV:core/if:if#1:nor#1                mgc_nor_1_2                                                                   0.2625 2.1145  
        RGB_HSV:core/if:if#1:nor#1.m1c                                                                                          0.0000 2.1145  
        RGB_HSV:core/if:if#1:and                  mgc_and_1_2                                                                   0.2625 2.3770  
        RGB_HSV:core/if:if#1:and.itm                                                                                            0.0000 2.3770  
        RGB_HSV:core/if:if#1:or#2                 mgc_or_1_2                                                                    0.2679 2.6449  
        RGB_HSV:core/if:if#1:or#2.itm                                                                                           0.0000 2.6449  
        RGB_HSV:core/if:if#1:mux1h                mgc_mux1hot_10_3                                                              0.7732 3.4181  
        RGB_HSV:core/if:if#1:mux1h.tmp                                                                                          0.0000 3.4181  
        RGB_HSV:core/conc#22                                                                                                    0.0000 3.4181  
        RGB_HSV:core/conc#22.itm                                                                                                0.0000 3.4181  
        RGB_HSV:core/if:if#1:acc                  mgc_add_11_0_11_0_11                                                          1.3684 4.7865  
        RGB_HSV:core/if:if#1:acc.itm                                                                                            0.0000 4.7865  
        RGB_HSV:core/if:if#1:slc#1                                                                                              0.0000 4.7865  
        RGB_HSV:core/if:if#1:slc#1.tmp                                                                                          0.0000 4.7865  
        RGB_HSV:core/mux#14                       mgc_mux_10_1_2                                                                0.3690 5.1555  
        RGB_HSV:core/mux#14.itm                                                                                                 0.0000 5.1555  
        RGB_HSV:core/reg(if:if#1:slc#1.tmp.mut)   mgc_reg_pos_10_0_0_1_1_0_0                                                    0.0000 5.1555  
                                                                                                                                               
      9                                           RGB_HSV:core/R_IN:rsc:mgc_in_wire.d RGB_HSV:core/reg(if:if#1:slc#1.tmp.mut)   5.1555 14.8445 
                                                                                                                                               
        Instance                                  Component                                                                     Delta  Delay   
        --------                                  ---------                                                                     -----  -----   
        RGB_HSV:core/R_IN:rsc:mgc_in_wire.d                                                                                     0.0000 0.0000  
        RGB_HSV:core/if:not#4                     mgc_not_10                                                                    0.0000 0.0000  
        RGB_HSV:core/if:not#4.itm                                                                                               0.0000 0.0000  
        RGB_HSV:core/conc#21                                                                                                    0.0000 0.0000  
        RGB_HSV:core/conc#21.itm                                                                                                0.0000 0.0000  
        RGB_HSV:core/if:if:acc                    mgc_add_12_0_11_0_12                                                          1.4360 1.4360  
        RGB_HSV:core/if:if:acc.itm                                                                                              0.0000 1.4360  
        RGB_HSV:core/if:if:slc#1                                                                                                0.0000 1.4360  
        RGB_HSV:core/if:if:slc#1.itm                                                                                            0.0000 1.4360  
        RGB_HSV:core/if:if#1:nor                  mgc_nor_1_3                                                                   0.4161 1.8520  
        RGB_HSV:core/if:if#1:nor.tmp                                                                                            0.0000 1.8520  
        RGB_HSV:core/if:if#1:nor#1                mgc_nor_1_2                                                                   0.2625 2.1145  
        RGB_HSV:core/if:if#1:nor#1.m1c                                                                                          0.0000 2.1145  
        RGB_HSV:core/if:if#1:and                  mgc_and_1_2                                                                   0.2625 2.3770  
        RGB_HSV:core/if:if#1:and.itm                                                                                            0.0000 2.3770  
        RGB_HSV:core/if:if#1:or#2                 mgc_or_1_2                                                                    0.2679 2.6449  
        RGB_HSV:core/if:if#1:or#2.itm                                                                                           0.0000 2.6449  
        RGB_HSV:core/if:if#1:mux1h                mgc_mux1hot_10_3                                                              0.7732 3.4181  
        RGB_HSV:core/if:if#1:mux1h.tmp                                                                                          0.0000 3.4181  
        RGB_HSV:core/conc#22                                                                                                    0.0000 3.4181  
        RGB_HSV:core/conc#22.itm                                                                                                0.0000 3.4181  
        RGB_HSV:core/if:if#1:acc                  mgc_add_11_0_11_0_11                                                          1.3684 4.7865  
        RGB_HSV:core/if:if#1:acc.itm                                                                                            0.0000 4.7865  
        RGB_HSV:core/if:if#1:slc#1                                                                                              0.0000 4.7865  
        RGB_HSV:core/if:if#1:slc#1.tmp                                                                                          0.0000 4.7865  
        RGB_HSV:core/mux#14                       mgc_mux_10_1_2                                                                0.3690 5.1555  
        RGB_HSV:core/mux#14.itm                                                                                                 0.0000 5.1555  
        RGB_HSV:core/reg(if:if#1:slc#1.tmp.mut)   mgc_reg_pos_10_0_0_1_1_0_0                                                    0.0000 5.1555  
                                                                                                                                               
      10                                          RGB_HSV:core/B_IN:rsc:mgc_in_wire.d RGB_HSV:core/reg(if:if#1:slc#1.tmp.mut)   5.1555 14.8445 
                                                                                                                                               
        Instance                                  Component                                                                     Delta  Delay   
        --------                                  ---------                                                                     -----  -----   
        RGB_HSV:core/B_IN:rsc:mgc_in_wire.d                                                                                     0.0000 0.0000  
        RGB_HSV:core/if:else:not#1                mgc_not_10                                                                    0.0000 0.0000  
        RGB_HSV:core/if:else:not#1.itm                                                                                          0.0000 0.0000  
        RGB_HSV:core/conc#19                                                                                                    0.0000 0.0000  
        RGB_HSV:core/conc#19.itm                                                                                                0.0000 0.0000  
        RGB_HSV:core/if:else:if:acc#1             mgc_add_12_0_11_0_12                                                          1.4360 1.4360  
        RGB_HSV:core/if:else:if:acc#1.itm                                                                                       0.0000 1.4360  
        RGB_HSV:core/if:else:if:slc                                                                                             0.0000 1.4360  
        RGB_HSV:core/if:else:slc.svs:mx0w0                                                                                      0.0000 1.4360  
        RGB_HSV:core/if:if#1:nor                  mgc_nor_1_3                                                                   0.4161 1.8520  
        RGB_HSV:core/if:if#1:nor.tmp                                                                                            0.0000 1.8520  
        RGB_HSV:core/if:if#1:nor#1                mgc_nor_1_2                                                                   0.2625 2.1145  
        RGB_HSV:core/if:if#1:nor#1.m1c                                                                                          0.0000 2.1145  
        RGB_HSV:core/if:if#1:and                  mgc_and_1_2                                                                   0.2625 2.3770  
        RGB_HSV:core/if:if#1:and.itm                                                                                            0.0000 2.3770  
        RGB_HSV:core/if:if#1:or#2                 mgc_or_1_2                                                                    0.2679 2.6449  
        RGB_HSV:core/if:if#1:or#2.itm                                                                                           0.0000 2.6449  
        RGB_HSV:core/if:if#1:mux1h                mgc_mux1hot_10_3                                                              0.7732 3.4181  
        RGB_HSV:core/if:if#1:mux1h.tmp                                                                                          0.0000 3.4181  
        RGB_HSV:core/conc#22                                                                                                    0.0000 3.4181  
        RGB_HSV:core/conc#22.itm                                                                                                0.0000 3.4181  
        RGB_HSV:core/if:if#1:acc                  mgc_add_11_0_11_0_11                                                          1.3684 4.7865  
        RGB_HSV:core/if:if#1:acc.itm                                                                                            0.0000 4.7865  
        RGB_HSV:core/if:if#1:slc#1                                                                                              0.0000 4.7865  
        RGB_HSV:core/if:if#1:slc#1.tmp                                                                                          0.0000 4.7865  
        RGB_HSV:core/mux#14                       mgc_mux_10_1_2                                                                0.3690 5.1555  
        RGB_HSV:core/mux#14.itm                                                                                                 0.0000 5.1555  
        RGB_HSV:core/reg(if:if#1:slc#1.tmp.mut)   mgc_reg_pos_10_0_0_1_1_0_0                                                    0.0000 5.1555  
                                                                                                                                               
      
    Register Input and Register-to-Output Slack
      Clock period or pin-to-reg delay constraint (clk): 20.0
      Clock uncertainty constraint (clk)               : 0.0
      
      Instance                                     Port                         Slack (Delay) Messages 
      -------------------------------------------- -------------------------- ------- ------- --------
      RGB_HSV:core/reg(V_OUT:rsc:mgc_out_stdreg.d) mux.itm                    19.2065  0.7935          
      RGB_HSV:core/reg(S_OUT:rsc:mgc_out_stdreg.d) mux#1.itm                  15.3700  4.6300          
      RGB_HSV:core/reg(H_OUT:rsc:mgc_out_stdreg.d) mux#2.itm                  19.2065  0.7935          
      RGB_HSV:core/reg(s.sva#1.duc)                mux1h#1.itm                16.0014  3.9986          
      RGB_HSV:core/reg(if:if#1:if#1:div.2cyc.st#2) if:if#1:if#1:div.2cyc.st#1 19.6310  0.3690          
      RGB_HSV:core/reg(max.lpi.dfm#9)              max.lpi.dfm#5.st#1         20.0000  0.0000          
      RGB_HSV:core/reg(if:if#1:or#1.itm#2)         if:if#1:or#1.itm#1         20.0000  0.0000          
      RGB_HSV:core/reg(if:slc#1.itm#2)             if:slc#1.itm#1             20.0000  0.0000          
      RGB_HSV:core/reg(slc.itm#2)                  slc.itm#1                  20.0000  0.0000          
      RGB_HSV:core/reg(div:mgc_div#1.b)            mux#3.itm                  14.8473  5.1527          
      RGB_HSV:core/reg(div:mgc_div#1.a)            mux#4.itm                  14.8445  5.1555          
      RGB_HSV:core/reg(div:mgc_div.b)              mux#5.itm                  14.8473  5.1527          
      RGB_HSV:core/reg(div:mgc_div.a)              mux#6.itm                  14.8445  5.1555          
      RGB_HSV:core/reg(if:if#1:if#1:div.2cyc.st#1) mux#7.itm                  15.0040  4.9960          
      RGB_HSV:core/reg(max.lpi.dfm#5.st#1)         if:if#1:mux1h.tmp          14.8445  5.1555          
      RGB_HSV:core/reg(if:slc#1.itm#1)             if:if#1:slc#2.itm          18.5641  1.4359          
      RGB_HSV:core/reg(slc.itm#1)                  if:slc.itm                 18.5641  1.4359          
      RGB_HSV:core/reg(if:else:slc.svs)            mux#9.itm                  17.9272  2.0728          
      RGB_HSV:core/reg(if:if#1:if#1:div.2cyc)      mux#10.itm                 15.0040  4.9960          
      RGB_HSV:core/reg(main.stage_0#2)             C1_1                       20.0000  0.0000          
      RGB_HSV:core/reg(main.stage_0#3)             main.stage_0#2             20.0000  0.0000          
      RGB_HSV:core/reg(max.lpi.dfm#5.mut#1)        mux#11.itm                 15.0040  4.9960          
      RGB_HSV:core/reg(if:if#1:slc#1.tmp.mut#1)    mux#12.itm                 14.8445  5.1555          
      RGB_HSV:core/reg(max.lpi.dfm#5.mut)          mux#13.itm                 15.0040  4.9960          
      RGB_HSV:core/reg(if:if#1:slc#1.tmp.mut)      mux#14.itm                 14.8445  5.1555          
      RGB_HSV:core/reg(if:if#1:or#1.itm#1)         if:if#1:or.itm             15.6920  4.3080          
      RGB_HSV                                      H_OUT:rsc.z                20.0000  0.0000          
      RGB_HSV                                      S_OUT:rsc.z                20.0000  0.0000          
      RGB_HSV                                      V_OUT:rsc.z                20.0000  0.0000          
      
  Operator Bitwidth Summary
    Operation  Size (bits) Count 
    ---------- ----------- -----
    add                          
    -                   12     6 
    -                   11     1 
    and                          
    -                    4     4 
    -                    2     8 
    div                          
    -           2002774468     2 
    mux                          
    -                    1    15 
    mux1h                        
    -                    3     4 
    nand                         
    -                    3     1 
    -                    2     1 
    nor                          
    -                    4     1 
    -                    3     5 
    -                    2     7 
    not                          
    -                   10     7 
    -                    1     9 
    or                           
    -                   10     1 
    -                    4     1 
    -                    3     4 
    -                    2     6 
    read_port                    
    -                   10     3 
    reg                          
    -                   10    14 
    -                    1    12 
    write_port                   
    -                   10     3 
    
  End of Report
